[  0] Utilization = 0.17 | pJ/MACC =   22.592 | L5[WIO] Q8 M8 C16 - L4[IO] P16 Q2X - L3[] Q1 M6Y - L2[I] Q1 - L1[W] C4 - L0[O] M8 
[  5] Utilization = 0.17 | pJ/MACC =   83.699 | L5[WIO] Q8 M8 C16 - L4[IO] P16 C4 Q2X - L3[] Q1 M6Y - L2[I] Q1 - L1[W] Q1 - L0[O] M8 
[  1] Utilization = 0.11 | pJ/MACC =   34.065 | L5[WIO] Q16 M32 C8 - L4[IO] M2 P16 - L3[] Q1 C8Y - L2[I] Q1 - L1[W] Q1 - L0[O] M6 
[  6] Utilization = 0.17 | pJ/MACC =   18.163 | L5[WIO] Q8 M8 C8 - L4[IO] P16 Q2X - L3[] Q1 M6Y - L2[I] Q1 - L1[W] C8 - L0[O] M8 
[  3] Utilization = 0.17 | pJ/MACC =   83.699 | L5[WIO] Q8 M8 C16 - L4[IO] P16 C2 Q2X - L3[] Q1 M6Y - L2[I] Q1 - L1[W] C2 - L0[O] M8 
[  0] Utilization = 0.67 | pJ/MACC =   15.912 | L5[WIO] Q16 C2 - L4[IO] M2 P16 M6X - L3[] Q1 M2Y C4Y - L2[I] Q1 - L1[W] C8 - L0[O] M16 
[  4] Utilization = 0.33 | pJ/MACC =  137.009 | L5[WIO] Q16 C2 - L4[IO] M2 P16 C2 M6X - L3[] Q1 M2Y C2Y - L2[I] Q1 - L1[W] C8 - L0[O] M16 
[  5] Utilization = 0.67 | pJ/MACC =  137.018 | L5[WIO] Q16 C2 - L4[IO] M2 P16 C2 M6X - L3[] Q1 M2Y C4Y - L2[I] Q1 - L1[W] C4 - L0[O] M16 
[  2] Utilization = 0.44 | pJ/MACC =   12.093 | L5[WIO] Q4 M4 C2 - L4[IO] M6 P16 M2X Q4X - L3[] Q1 M2Y C2Y - L2[I] Q1 - L1[W] C16 - L0[O] M4 
[  3] Utilization = 0.44 | pJ/MACC =   41.457 | L5[WIO] Q4 M3 - L4[IO] M8 P16 C8 Q4X - L3[] Q1 C8Y - L2[I] Q1 - L1[W] Q1 - L0[O] M16 
[  1] Utilization = 0.33 | pJ/MACC =   41.106 | L5[WIO] Q4 M4 - L4[IO] M4 P16 C4 Q4X - L3[] Q1 M3Y C2Y - L2[I] Q1 - L1[W] C8 - L0[O] M8 
[  6] Utilization = 0.89 | pJ/MACC =   11.817 | L5[WIO] Q8 M2 - L4[IO] M6 P16 M4X Q2X - L3[] Q1 C8Y - L2[I] Q1 - L1[W] C8 - L0[O] M8 
[  7] Utilization = 0.22 | pJ/MACC =   43.195 | L5[WIO] Q4 M4 C2 - L4[IO] M6 P16 C2 M2X Q4X - L3[] Q1 M2Y - L2[I] Q1 - L1[W] C16 - L0[O] M4 
[  4] Utilization = 0.89 | pJ/MACC =   12.102 | L5[WIO] Q4 M4 C2 - L4[IO] M6 P16 M2X Q4X - L3[] Q1 M2Y C4Y - L2[I] Q1 - L1[W] C8 - L0[O] M4 
[  7] Utilization = 0.33 | pJ/MACC =   73.106 | L5[WIO] Q8 M8 - L4[IO] M2 P16 C16 M3X Q2X - L3[] Q1 C4Y - L2[I] Q1 - L1[W] Q1 - L0[O] M8 
[  1] Utilization = 0.44 | pJ/MACC =   29.539 | L5[WIO] Q2 C2 - L4[IO] M96 P16 C4 Q8X - L3[] Q1 M4Y - L2[I] Q1 - L1[W] C8 - L0[O] Q1 
[  7] Utilization = 0.44 | pJ/MACC =   29.539 | L5[WIO] Q2 C2 - L4[IO] M96 P16 C8 Q8X - L3[] Q1 M4Y - L2[I] Q1 - L1[W] C4 - L0[O] Q1 
[  2] Utilization = 0.89 | pJ/MACC =   29.544 | L5[WIO] Q2 C2 - L4[IO] M96 P16 C4 Q8X - L3[] Q1 M4Y C2Y - L2[I] Q1 - L1[W] C4 - L0[O] Q1 
[  5] Utilization = 0.89 | pJ/MACC =   21.199 | L5[WIO] Q8 M4 C16 - L4[IO] M2 P16 M4X Q2X - L3[] Q1 M4Y C2Y - L2[I] Q1 - L1[W] C2 - L0[O] M3 
[  3] Utilization = 0.89 | pJ/MACC =   75.605 | L5[WIO] Q8 M4 C4 - L4[IO] M2 P16 C8 M4X Q2X - L3[] Q1 M4Y C2Y - L2[I] Q1 - L1[W] Q1 - L0[O] M3 
[  5] Utilization = 0.89 | pJ/MACC =   13.103 | L5[WIO] Q2 M3 C4 - L4[IO] M16 P16 Q8X - L3[] Q1 M8Y - L2[I] Q1 - L1[W] C16 - L0[O] Q1 
[  7] Utilization = 0.44 | pJ/MACC =   11.317 | L5[WIO] Q4 C4 - L4[IO] M8 P16 Q4X - L3[] Q1 M2Y C4Y - L2[I] Q1 - L1[W] C4 - L0[O] M24 
[  7] Utilization = 0.89 | pJ/MACC =   28.321 | L5[WIO] Q2 C8 - L4[IO] M2 P16 C8 Q8X - L3[] Q1 M8Y - L2[I] Q1 - L1[W] Q1 - L0[O] M24 
[  1] Utilization = 0.44 | pJ/MACC =   25.096 | L5[WIO] Q2 M2 - L4[IO] M8 P16 C8 Q8X - L3[] Q1 M2Y C2Y - L2[I] Q1 - L1[W] C4 - L0[O] M12 
[  2] Utilization = 0.89 | pJ/MACC =   28.321 | L5[WIO] Q2 C8 - L4[IO] M2 P16 C2 Q8X - L3[] Q1 M8Y - L2[I] Q1 - L1[W] C4 - L0[O] M24 
[  1] Utilization = 0.89 | pJ/MACC =   51.218 | L5[WIO] Q4 M6 C16 - L4[IO] M2 P16 C4 M2X Q4X - L3[] Q1 M8Y - L2[I] Q1 - L1[W] Q1 - L0[O] M2 
[  5] Utilization = 0.89 | pJ/MACC =   11.726 | L5[WIO] Q4 M2 C4 - L4[IO] M4 P16 M2X Q4X - L3[] Q1 M8Y - L2[I] Q1 - L1[W] C16 - L0[O] M3 
[  2] Utilization = 0.89 | pJ/MACC =   25.096 | L5[WIO] Q2 M2 - L4[IO] M8 P16 C8 Q8X - L3[] Q1 M2Y C4Y - L2[I] Q1 - L1[W] C2 - L0[O] M12 
[  3] Utilization = 0.89 | pJ/MACC =   41.117 | L5[WIO] Q4 M16 - L4[IO] P16 C2 M2X Q4X - L3[] Q1 M2Y C4Y - L2[I] Q1 - L1[W] C8 - L0[O] M6 
[  2] Utilization = 0.89 | pJ/MACC =   15.682 | L5[WIO] Q4 M6 C8 - L4[IO] M2 P16 M2X Q4X - L3[] Q1 M8Y - L2[I] Q1 - L1[W] C8 - L0[O] M2 
[  0] Utilization = 0.89 | pJ/MACC =  136.547 | L5[WIO] Q16 - L4[IO] M4 P16 C4 M8X - L3[] Q1 C8Y - L2[I] Q1 - L1[W] C2 - L0[O] M12 
[  2] Utilization = 0.89 | pJ/MACC =   10.742 | L5[WIO] Q4 - L4[IO] M32 P16 M2X Q4X - L3[] Q1 C8Y - L2[I] Q1 - L1[W] C8 - L0[O] M6 
[  1] Utilization = 0.89 | pJ/MACC =   13.763 | L5[WIO] Q8 M2 C4 - L4[IO] M4 P16 M4X Q2X - L3[] Q1 C8Y - L2[I] Q1 - L1[W] C2 - L0[O] M12 
[  0] Utilization = 0.89 | pJ/MACC =   72.958 | L5[WIO] Q8 C2 - L4[IO] P16 C8 M4X Q2X - L3[] Q1 M4Y C2Y - L2[I] Q1 - L1[W] C2 - L0[O] M24 
[  1] Utilization = 0.89 | pJ/MACC =   12.224 | L5[WIO] Q2 C4 - L4[IO] M48 P16 Q8X - L3[] Q1 C8Y - L2[I] Q1 - L1[W] C2 - L0[O] M8 
[  3] Utilization = 0.89 | pJ/MACC =   19.345 | L5[WIO] Q16 C8 - L4[IO] M3 P16 M8X - L3[] Q1 M4Y C2Y - L2[I] Q1 - L1[W] C4 - L0[O] M4 
[  0] Utilization = 0.89 | pJ/MACC =   26.794 | L5[WIO] Q2 M2 C2 - L4[IO] M16 P16 C4 Q8X - L3[] Q1 C8Y - L2[I] Q1 - L1[W] Q1 - L0[O] M12 
[  7] Utilization = 0.89 | pJ/MACC =   26.790 | L5[WIO] Q2 M4 - L4[IO] M12 P16 C64 Q8X - L3[] Q1 M8Y - L2[I] Q1 - L1[W] Q1 - L0[O] Q1 
[  7] Utilization = 0.89 | pJ/MACC =   19.945 | L5[WIO] Q16 C8 - L4[IO] M12 P16 M8X - L3[] Q1 M4Y C2Y - L2[I] Q1 - L1[W] C4 - L0[O] Q1 
[  0] Utilization = 0.89 | pJ/MACC =   15.911 | L5[WIO] Q16 M4 - L4[IO] M3 P16 M8X - L3[] Q1 M2Y C4Y - L2[I] Q1 - L1[W] C16 - L0[O] M2 
[  7] Utilization = 0.89 | pJ/MACC =   14.922 | L5[WIO] Q8 M3 C4 - L4[IO] M8 P16 M4X Q2X - L3[] Q1 M2Y C4Y - L2[I] Q1 - L1[W] C4 - L0[O] M2 
[  4] Utilization = 0.89 | pJ/MACC =    9.742 | L5[WIO] Q2 M16 - L4[IO] M2 P16 Q8X - L3[] Q1 M2Y C4Y - L2[I] Q1 - L1[W] C16 - L0[O] M6 
[  7] Utilization = 0.89 | pJ/MACC =   11.446 | L5[WIO] Q2 C4 - L4[IO] M32 P16 Q8X - L3[] Q1 M2Y C4Y - L2[I] Q1 - L1[W] C4 - L0[O] M6 
[  6] Utilization = 0.89 | pJ/MACC =   11.527 | L5[WIO] Q8 M6 - L4[IO] P16 M4X Q2X - L3[] Q1 C8Y - L2[I] Q1 - L1[W] C8 - L0[O] M16 
[  6] Utilization = 0.89 | pJ/MACC =    9.990 | L5[WIO] Q4 M8 - L4[IO] M2 P16 M2X Q4X - L3[] Q1 C8Y - L2[I] Q1 - L1[W] C8 - L0[O] M12 
[  3] Utilization = 0.89 | pJ/MACC =   12.101 | L5[WIO] Q4 C4 - L4[IO] M24 P16 M2X Q4X - L3[] Q1 M2Y C4Y - L2[I] Q1 - L1[W] C4 - L0[O] M4 
[  2] Utilization = 0.89 | pJ/MACC =    9.801 | L5[WIO] Q4 M2 - L4[IO] M6 P16 M2X Q4X - L3[] Q1 C8Y - L2[I] Q1 - L1[W] C8 - L0[O] M16 
[  0] Utilization = 0.89 | pJ/MACC =   15.686 | L5[WIO] Q16 - L4[IO] M8 P16 M8X - L3[] Q1 M2Y C4Y - L2[I] Q1 - L1[W] C16 - L0[O] M3 
[  6] Utilization = 0.89 | pJ/MACC =    9.350 | L5[WIO] Q2 M8 - L4[IO] M3 P16 Q8X - L3[] Q1 C8Y - L2[I] Q1 - L1[W] C8 - L0[O] M16 
[  0] Utilization = 0.89 | pJ/MACC =    9.557 | L5[WIO] Q2 C2 - L4[IO] M16 P16 Q8X - L3[] Q1 M2Y C4Y - L2[I] Q1 - L1[W] C8 - L0[O] M12 
[  2] Utilization = 0.89 | pJ/MACC =    8.979 | L5[WIO] Q2 M2 - L4[IO] M8 P16 Q8X - L3[] Q1 C8Y - L2[I] Q1 - L1[W] C8 - L0[O] M24 
[  5] STATEMENT: 1000 suboptimal mappings found since the last upgrade, terminating search.
[  1] STATEMENT: 1000 suboptimal mappings found since the last upgrade, terminating search.
[  4] STATEMENT: 1000 suboptimal mappings found since the last upgrade, terminating search.
[  7] STATEMENT: 1000 suboptimal mappings found since the last upgrade, terminating search.
[  3] STATEMENT: 1000 suboptimal mappings found since the last upgrade, terminating search.
[  6] STATEMENT: 1000 suboptimal mappings found since the last upgrade, terminating search.
[  2] STATEMENT: 1000 suboptimal mappings found since the last upgrade, terminating search.
[  0] STATEMENT: 1000 suboptimal mappings found since the last upgrade, terminating search.
