[  5] Utilization = 1.00 | pJ/MACC =   24.309 | L5[WIO] M40 P16 - L4[IO] C4 Q8X - L3[] Q1 M8Y - L2[I] C8 - L1[W] Q1 - L0[O] Q2 M3 
[  6] Utilization = 1.00 | pJ/MACC =   24.309 | L5[WIO] M40 P16 C2 - L4[IO] C2 Q8X - L3[] Q1 M8Y - L2[I] C8 - L1[W] Q1 - L0[O] Q2 M3 
[  7] Utilization = 1.00 | pJ/MACC =   24.309 | L5[WIO] M40 P16 C4 - L4[IO] Q1 Q8X - L3[] Q1 M8Y - L2[I] C8 - L1[W] Q1 - L0[O] Q2 M3 
[  4] Utilization = 1.00 | pJ/MACC =   24.114 | L5[WIO] M20 P16 C4 - L4[IO] M2 Q8X - L3[] Q1 M8Y - L2[I] C8 - L1[W] Q1 - L0[O] Q2 M3 
[  2] Utilization = 1.00 | pJ/MACC =   21.241 | L5[WIO] P16 M20 - L4[IO] C4 M2 Q8X - L3[] Q1 M8Y - L2[I] C8 - L1[W] Q1 - L0[O] Q2 M3 
[  1] Utilization = 1.00 | pJ/MACC =   22.395 | L5[WIO] M10 P16 C4 - L4[IO] M4 Q8X - L3[] Q1 M8Y - L2[I] C8 - L1[W] Q1 - L0[O] Q2 M3 
[  0] Utilization = 1.00 | pJ/MACC =   22.395 | L5[WIO] P16 M10 C2 - L4[IO] C2 M4 Q8X - L3[] Q1 M8Y - L2[I] C8 - L1[W] Q1 - L0[O] Q2 M3 
[  3] Utilization = 1.00 | pJ/MACC =   24.114 | L5[WIO] P16 M20 C2 - L4[IO] C2 M2 Q8X - L3[] Q1 M8Y - L2[I] C8 - L1[W] Q1 - L0[O] Q2 M3 
[  2] Utilization = 1.00 | pJ/MACC =   18.410 | L5[WIO] P16 M20 - L4[IO] M2 C4 Q8X - L3[] Q1 M8Y - L2[I] C8 - L1[W] Q1 - L0[O] Q2 M3 
[  3] Utilization = 1.00 | pJ/MACC =   22.365 | L5[WIO] P16 M20 C2 - L4[IO] M2 C2 Q8X - L3[] Q1 M8Y - L2[I] C8 - L1[W] Q1 - L0[O] Q2 M3 
[  0] Utilization = 1.00 | pJ/MACC =   20.853 | L5[WIO] P16 M10 C2 - L4[IO] M4 C2 Q8X - L3[] Q1 M8Y - L2[I] C8 - L1[W] Q1 - L0[O] Q2 M3 
[  6] Utilization = 1.00 | pJ/MACC =   22.714 | L5[WIO] M8 C4 - L4[IO] M5 P16 Q8X - L3[] Q1 M8Y - L2[I] C8 - L1[W] Q1 - L0[O] Q2 M3 
[  4] Utilization = 1.00 | pJ/MACC =   18.410 | L5[WIO] M8 - L4[IO] M5 P16 C4 Q8X - L3[] Q1 M8Y - L2[I] C8 - L1[W] Q1 - L0[O] Q2 M3 
[  7] Utilization = 1.00 | pJ/MACC =   18.410 | L5[WIO] M10 - L4[IO] M4 P16 C4 Q8X - L3[] Q1 M8Y - L2[I] C8 - L1[W] Q1 - L0[O] Q2 M3 
[  5] Utilization = 1.00 | pJ/MACC =   22.051 | L5[WIO] M8 C2 - L4[IO] P16 C2 M5 Q8X - L3[] Q1 M8Y - L2[I] C8 - L1[W] Q1 - L0[O] Q2 M3 
[  5] Utilization = 1.00 | pJ/MACC =   20.551 | L5[WIO] M8 C2 - L4[IO] P16 M5 C2 Q8X - L3[] Q1 M8Y - L2[I] C8 - L1[W] Q1 - L0[O] Q2 M3 
[  3] Utilization = 1.00 | pJ/MACC =   21.535 | L5[WIO] M5 C4 - L4[IO] P16 M8 Q8X - L3[] Q1 M8Y - L2[I] C8 - L1[W] Q1 - L0[O] Q2 M3 
[  5] Utilization = 1.00 | pJ/MACC =   18.410 | L5[WIO] P8 M40 - L4[IO] P2 C4 Q8X - L3[] Q1 M8Y - L2[I] C8 - L1[W] Q1 - L0[O] Q2 M3 
[  1] Utilization = 1.00 | pJ/MACC =   19.492 | L5[WIO] P8 C2 - L4[IO] P2 M40 C2 Q8X - L3[] Q1 M8Y - L2[I] C8 - L1[W] Q1 - L0[O] Q2 M3 
[  6] Utilization = 1.00 | pJ/MACC =   18.410 | L5[WIO] P8 M4 - L4[IO] M10 P2 C4 Q8X - L3[] Q1 M8Y - L2[I] C8 - L1[W] Q1 - L0[O] Q2 M3 
[  1] Utilization = 1.00 | pJ/MACC =   19.015 | L5[WIO] M5 P4 - L4[IO] P4 M8 C4 Q8X - L3[] Q1 M8Y - L2[I] C8 - L1[W] Q1 - L0[O] Q2 M3 
[  1] Utilization = 1.00 | pJ/MACC =   18.410 | L5[WIO] P4 M5 - L4[IO] M8 P4 C4 Q8X - L3[] Q1 M8Y - L2[I] C8 - L1[W] Q1 - L0[O] Q2 M3 
[  3] Utilization = 1.00 | pJ/MACC =   20.868 | L5[WIO] P8 M2 - L4[IO] P2 C4 M20 Q8X - L3[] Q1 M8Y - L2[I] C8 - L1[W] Q1 - L0[O] Q2 M3 
[  3] Utilization = 1.00 | pJ/MACC =   18.410 | L5[WIO] P8 M2 - L4[IO] P2 M20 C4 Q8X - L3[] Q1 M8Y - L2[I] C8 - L1[W] Q1 - L0[O] Q2 M3 
[  4] STATEMENT: 1000 suboptimal mappings found since the last upgrade, terminating search.
[  6] STATEMENT: 1000 suboptimal mappings found since the last upgrade, terminating search.
[  7] STATEMENT: 1000 suboptimal mappings found since the last upgrade, terminating search.
[  1] STATEMENT: 1000 suboptimal mappings found since the last upgrade, terminating search.
[  2] STATEMENT: 1000 suboptimal mappings found since the last upgrade, terminating search.
[  0] STATEMENT: 1000 suboptimal mappings found since the last upgrade, terminating search.
[  5] STATEMENT: 1000 suboptimal mappings found since the last upgrade, terminating search.
[  3] STATEMENT: 1000 suboptimal mappings found since the last upgrade, terminating search.
