[  6] Utilization = 0.46 | pJ/MACC =   54.946 | L5[WIO] M40 P4 - L4[IO] P2 Q4 C3 Q8X - L3[] Q1 M8Y - L2[I] C8 - L1[W] P4 - L0[O] M3 
[  3] Utilization = 0.48 | pJ/MACC =   49.788 | L5[WIO] M10 P4 C3 - L4[IO] P2 Q4 M4 Q8X - L3[] Q1 M8Y - L2[I] C8 - L1[W] P4 - L0[O] M3 
[  4] Utilization = 0.48 | pJ/MACC =   48.634 | L5[WIO] P4 M20 - L4[IO] P2 Q4 C3 M2 Q8X - L3[] Q1 M8Y - L2[I] C8 - L1[W] P4 - L0[O] M3 
[  5] Utilization = 0.47 | pJ/MACC =   51.507 | L5[WIO] M20 P4 C3 - L4[IO] P2 Q4 M2 Q8X - L3[] Q1 M8Y - L2[I] C8 - L1[W] P4 - L0[O] M3 
[  2] Utilization = 0.48 | pJ/MACC =   48.426 | L5[WIO] P4 M10 - L4[IO] P2 Q4 C3 M4 Q8X - L3[] Q1 M8Y - L2[I] C8 - L1[W] P4 - L0[O] M3 
[  0] Utilization = 0.48 | pJ/MACC =   48.385 | L5[WIO] P4 M8 - L4[IO] P2 Q4 C3 M5 Q8X - L3[] Q1 M8Y - L2[I] C8 - L1[W] P4 - L0[O] M3 
[  6] Utilization = 0.48 | pJ/MACC =   49.048 | L5[WIO] P4 M40 - L4[IO] Q4 P2 C3 Q8X - L3[] Q1 M8Y - L2[I] C8 - L1[W] P4 - L0[O] M3 
[  1] Utilization = 0.48 | pJ/MACC =   49.444 | L5[WIO] M8 P4 C3 - L4[IO] P2 Q4 M5 Q8X - L3[] Q1 M8Y - L2[I] C8 - L1[W] P4 - L0[O] M3 
[  7] Utilization = 0.48 | pJ/MACC =   53.152 | L5[WIO] P2 M5 Q2 C3 - L4[IO] P8 Q2 M8 Q8X - L3[] Q1 M8Y - L2[I] C8 - L1[W] P2 - L0[O] M3 
[  6] Utilization = 1.00 | pJ/MACC =   26.000 | L5[WIO] M40 P32 - L4[IO] Q2 C3 Q8X - L3[] Q1 M8Y - L2[I] C8 - L1[W] Q1 - L0[O] Q2 M3 
[  6] Utilization = 1.00 | pJ/MACC =   20.102 | L5[WIO] P32 M40 - L4[IO] Q2 C3 Q8X - L3[] Q1 M8Y - L2[I] C8 - L1[W] Q1 - L0[O] Q2 M3 
[  3] Utilization = 1.00 | pJ/MACC =   24.347 | L5[WIO] P32 M10 C3 - L4[IO] M4 Q2 Q8X - L3[] Q1 M8Y - L2[I] C8 - L1[W] Q1 - L0[O] Q2 M3 
[  4] Utilization = 1.00 | pJ/MACC =   20.102 | L5[WIO] P32 M20 - L4[IO] M2 Q2 C3 Q8X - L3[] Q1 M8Y - L2[I] C8 - L1[W] Q1 - L0[O] Q2 M3 
[  5] Utilization = 1.00 | pJ/MACC =   25.860 | L5[WIO] P32 M20 C3 - L4[IO] M2 Q2 Q8X - L3[] Q1 M8Y - L2[I] C8 - L1[W] Q1 - L0[O] Q2 M3 
[  2] Utilization = 1.00 | pJ/MACC =   20.102 | L5[WIO] P32 M10 - L4[IO] M4 Q2 C3 Q8X - L3[] Q1 M8Y - L2[I] C8 - L1[W] Q1 - L0[O] Q2 M3 
[  0] Utilization = 1.00 | pJ/MACC =   20.102 | L5[WIO] P32 M8 - L4[IO] M5 Q2 C3 Q8X - L3[] Q1 M8Y - L2[I] C8 - L1[W] Q1 - L0[O] Q2 M3 
[  1] Utilization = 1.00 | pJ/MACC =   24.045 | L5[WIO] P32 M8 C3 - L4[IO] M5 Q2 Q8X - L3[] Q1 M8Y - L2[I] C8 - L1[W] Q1 - L0[O] Q2 M3 
[  3] Utilization = 1.00 | pJ/MACC =   23.726 | L5[WIO] P32 M10 C3 - L4[IO] Q2 M4 Q8X - L3[] Q1 M8Y - L2[I] C8 - L1[W] Q1 - L0[O] Q2 M3 
[  5] Utilization = 1.00 | pJ/MACC =   25.445 | L5[WIO] P32 M20 C3 - L4[IO] Q2 M2 Q8X - L3[] Q1 M8Y - L2[I] C8 - L1[W] Q1 - L0[O] Q2 M3 
[  1] Utilization = 1.00 | pJ/MACC =   23.382 | L5[WIO] P32 M8 C3 - L4[IO] Q2 M5 Q8X - L3[] Q1 M8Y - L2[I] C8 - L1[W] Q1 - L0[O] Q2 M3 
[  7] Utilization = 1.00 | pJ/MACC =   28.884 | L5[WIO] M40 P32 C3 - L4[IO] Q2 Q8X - L3[] Q1 M8Y - L2[I] C8 - L1[W] Q1 - L0[O] Q2 M3 
[  0] Utilization = 1.00 | pJ/MACC =   19.158 | L5[WIO] M8 P32 - L4[IO] C3 M5 Q8X - L3[] Q1 M8Y - L2[I] C8 - L1[W] Q1 - L0[O] Q4 M3 
[  0] Utilization = 1.00 | pJ/MACC =   15.878 | L5[WIO] P32 M8 - L4[IO] M5 C3 Q8X - L3[] Q1 M8Y - L2[I] C8 - L1[W] Q1 - L0[O] Q4 M3 
[  3] Utilization = 1.00 | pJ/MACC =   19.502 | L5[WIO] M10 P32 C3 - L4[IO] M4 Q8X - L3[] Q1 M8Y - L2[I] C8 - L1[W] Q1 - L0[O] Q4 M3 
[  2] Utilization = 1.00 | pJ/MACC =   19.502 | L5[WIO] M10 P32 - L4[IO] C3 M4 Q8X - L3[] Q1 M8Y - L2[I] C8 - L1[W] Q1 - L0[O] Q4 M3 
[  2] Utilization = 1.00 | pJ/MACC =   18.140 | L5[WIO] P32 M10 - L4[IO] C3 M4 Q8X - L3[] Q1 M8Y - L2[I] C8 - L1[W] Q1 - L0[O] Q4 M3 
[  1] Utilization = 1.00 | pJ/MACC =   19.158 | L5[WIO] M8 P32 C3 - L4[IO] M5 Q8X - L3[] Q1 M8Y - L2[I] C8 - L1[W] Q1 - L0[O] Q4 M3 
[  7] Utilization = 1.00 | pJ/MACC =   21.776 | L5[WIO] M40 P32 C3 - L4[IO] Q1 Q8X - L3[] Q1 M8Y - L2[I] C8 - L1[W] Q1 - L0[O] Q4 M3 
[  4] Utilization = 1.00 | pJ/MACC =   18.751 | L5[WIO] M20 P32 - L4[IO] M2 C3 Q8X - L3[] Q1 M8Y - L2[I] C8 - L1[W] Q1 - L0[O] Q4 M3 
[  4] Utilization = 1.00 | pJ/MACC =   18.348 | L5[WIO] P32 M20 - L4[IO] C3 M2 Q8X - L3[] Q1 M8Y - L2[I] C8 - L1[W] Q1 - L0[O] Q4 M3 
[  5] Utilization = 1.00 | pJ/MACC =   21.221 | L5[WIO] P32 M20 C3 - L4[IO] M2 Q8X - L3[] Q1 M8Y - L2[I] C8 - L1[W] Q1 - L0[O] Q4 M3 
[  6] Utilization = 1.00 | pJ/MACC =   15.878 | L5[WIO] P8 M40 - L4[IO] P4 C3 Q8X - L3[] Q1 M8Y - L2[I] C8 - L1[W] Q1 - L0[O] Q4 M3 
[  1] Utilization = 1.00 | pJ/MACC =   17.954 | L5[WIO] P32 C3 - L4[IO] M40 Q8X - L3[] Q1 M8Y - L2[I] C8 - L1[W] Q1 - L0[O] Q4 M3 
[  2] Utilization = 1.00 | pJ/MACC =   15.878 | L5[WIO] P8 M10 - L4[IO] M4 P4 C3 Q8X - L3[] Q1 M8Y - L2[I] C8 - L1[W] Q1 - L0[O] Q4 M3 
[  4] Utilization = 1.00 | pJ/MACC =   15.878 | L5[WIO] P8 M20 - L4[IO] P4 M2 C3 Q8X - L3[] Q1 M8Y - L2[I] C8 - L1[W] Q1 - L0[O] Q4 M3 
[  7] Utilization = 1.00 | pJ/MACC =   18.642 | L5[WIO] P32 M5 C3 - L4[IO] M8 Q8X - L3[] Q1 M8Y - L2[I] C8 - L1[W] Q1 - L0[O] Q4 M3 
[  5] Utilization = 1.00 | pJ/MACC =   18.470 | L5[WIO] M4 P32 C3 - L4[IO] M10 Q8X - L3[] Q1 M8Y - L2[I] C8 - L1[W] Q1 - L0[O] Q4 M3 
[  0] STATEMENT: 1000 suboptimal mappings found since the last upgrade, terminating search.
[  3] STATEMENT: 1000 suboptimal mappings found since the last upgrade, terminating search.
[  6] STATEMENT: 1000 suboptimal mappings found since the last upgrade, terminating search.
[  1] STATEMENT: 1000 suboptimal mappings found since the last upgrade, terminating search.
[  2] STATEMENT: 1000 suboptimal mappings found since the last upgrade, terminating search.
[  7] STATEMENT: 1000 suboptimal mappings found since the last upgrade, terminating search.
[  4] STATEMENT: 1000 suboptimal mappings found since the last upgrade, terminating search.
[  5] STATEMENT: 1000 suboptimal mappings found since the last upgrade, terminating search.
