[  3] Utilization = 0.45 | pJ/MACC =   60.295 | L5[WIO] P8 M9 - L4[IO] P2 M2X Q4X - L3[] Q1 M8Y - L2[I] Q1 - L1[W] R3 S3 M6 - L0[O] Q4 
[  2] Utilization = 0.45 | pJ/MACC =   60.295 | L5[WIO] P8 M9 - L4[IO] P2 M2X Q4X - L3[] Q1 M8Y - L2[I] Q1 - L1[W] R3 S3 M3 - L0[O] Q4 M2 
[  4] Utilization = 1.00 | pJ/MACC =   30.740 | L5[WIO] P8 M9 - L4[IO] P2 M2 M2X Q4X - L3[] Q1 M8Y - L2[I] Q1 - L1[W] R3 S3 - L0[O] Q4 M3 
[  6] Utilization = 1.00 | pJ/MACC =   30.740 | L5[WIO] P8 M9 - L4[IO] P2 M3 M2X Q4X - L3[] Q1 M8Y - L2[I] Q1 - L1[W] R3 S3 - L0[O] Q4 M2 
[  5] Utilization = 0.45 | pJ/MACC =   64.379 | L5[WIO] P8 M9 - L4[IO] P2 M2 M2X Q4X - L3[] Q1 M8Y - L2[I] Q1 - L1[W] R3 S3 M3 - L0[O] Q4 
[  0] Utilization = 0.45 | pJ/MACC =   72.686 | L5[WIO] M3 Q2 - L4[IO] P16 M9 M2X Q4X - L3[] Q1 M8Y - L2[I] Q1 - L1[W] S3 R3 M2 - L0[O] Q2 
[  1] Utilization = 0.45 | pJ/MACC =   60.295 | L5[WIO] P8 M9 - L4[IO] P2 M2X Q4X - L3[] Q1 M8Y - L2[I] Q1 - L1[W] R3 S3 M2 - L0[O] Q4 M3 
[  7] Utilization = 0.45 | pJ/MACC =   64.379 | L5[WIO] P8 M9 - L4[IO] P2 M3 M2X Q4X - L3[] Q1 M8Y - L2[I] Q1 - L1[W] R3 S3 M2 - L0[O] Q4 
[  4] Utilization = 1.00 | pJ/MACC =   27.432 | L5[WIO] M9 P8 - L4[IO] M2 P2 M2X Q4X - L3[] Q1 M8Y - L2[I] Q1 - L1[W] R3 S3 - L0[O] Q4 M3 
[  6] Utilization = 1.00 | pJ/MACC =   27.589 | L5[WIO] M9 P8 - L4[IO] M3 P2 M2X Q4X - L3[] Q1 M8Y - L2[I] Q1 - L1[W] R3 S3 - L0[O] Q4 M2 
[  0] Utilization = 0.45 | pJ/MACC =   72.524 | L5[WIO] Q2 M3 - L4[IO] P16 M9 M2X Q4X - L3[] Q1 M8Y - L2[I] Q1 - L1[W] S3 R3 M2 - L0[O] Q2 
[  0] Utilization = 0.45 | pJ/MACC =   57.490 | L5[WIO] Q2 M3 - L4[IO] M9 P16 M2X Q4X - L3[] Q1 M8Y - L2[I] Q1 - L1[W] R3 S3 M2 - L0[O] Q2 
[  2] Utilization = 1.00 | pJ/MACC =   55.309 | L5[WIO] P8 - L4[IO] Q4 P2 M6 M2X Q4X - L3[] Q1 M8Y - L2[I] Q1 - L1[W] R3 S3 - L0[O] M9 
[  2] Utilization = 1.00 | pJ/MACC =   26.670 | L5[WIO] P8 - L4[IO] M6 P2 Q4 M2X Q4X - L3[] Q1 M8Y - L2[I] Q1 - L1[W] S3 R3 - L0[O] M9 
[  1] Utilization = 1.00 | pJ/MACC =   38.885 | L5[WIO] Q2 M3 - L4[IO] P16 M18 M2X Q4X - L3[] Q1 M8Y - L2[I] Q1 - L1[W] S3 R3 - L0[O] Q2 
[  1] Utilization = 1.00 | pJ/MACC =   24.445 | L5[WIO] M3 Q2 - L4[IO] M18 P16 M2X Q4X - L3[] Q1 M8Y - L2[I] Q1 - L1[W] R3 S3 - L0[O] Q2 
[  2] Utilization = 1.00 | pJ/MACC =   26.641 | L5[WIO] P8 - L4[IO] M6 Q4 P2 M2X Q4X - L3[] Q1 M8Y - L2[I] Q1 - L1[W] S3 R3 - L0[O] M9 
[  1] Utilization = 1.00 | pJ/MACC =   24.284 | L5[WIO] Q2 M3 - L4[IO] M18 P16 M2X Q4X - L3[] Q1 M8Y - L2[I] Q1 - L1[W] S3 R3 - L0[O] Q2 
[  5] Utilization = 1.00 | pJ/MACC =   26.712 | L5[WIO] P8 - L4[IO] M9 Q4 P2 M2X Q4X - L3[] Q1 M8Y - L2[I] Q1 - L1[W] S3 R3 - L0[O] M6 
[  7] Utilization = 0.45 | pJ/MACC =   60.351 | L5[WIO] P8 - L4[IO] M9 Q4 P2 M2X Q4X - L3[] Q1 M8Y - L2[I] Q1 - L1[W] S3 R3 M3 - L0[O] M2 
[  2] Utilization = 1.00 | pJ/MACC =   23.487 | L5[WIO] M6 Q2 P4 - L4[IO] P4 Q2 M2X Q4X - L3[] Q1 M8Y - L2[I] Q1 - L1[W] R3 S3 - L0[O] M9 
[  2] Utilization = 1.00 | pJ/MACC =   23.445 | L5[WIO] M6 Q2 P4 - L4[IO] Q2 P4 M2X Q4X - L3[] Q1 M8Y - L2[I] Q1 - L1[W] S3 R3 - L0[O] M9 
[  5] Utilization = 1.00 | pJ/MACC =   24.108 | L5[WIO] M6 Q2 - L4[IO] M3 P16 M2X Q4X - L3[] Q1 M8Y - L2[I] Q1 - L1[W] S3 R3 - L0[O] Q2 M3 
[  7] Utilization = 1.00 | pJ/MACC =   39.335 | L5[WIO] M6 Q2 - L4[IO] P16 M9 M2X Q4X - L3[] Q1 M8Y - L2[I] Q1 - L1[W] S3 R3 - L0[O] Q2 
[  7] Utilization = 1.00 | pJ/MACC =   38.931 | L5[WIO] Q2 M6 - L4[IO] P16 M9 M2X Q4X - L3[] Q1 M8Y - L2[I] Q1 - L1[W] R3 S3 - L0[O] Q2 
[  7] Utilization = 1.00 | pJ/MACC =   24.686 | L5[WIO] M6 Q2 - L4[IO] M9 P16 M2X Q4X - L3[] Q1 M8Y - L2[I] Q1 - L1[W] S3 R3 - L0[O] Q2 
[  3] Utilization = 0.45 | pJ/MACC =   57.230 | L5[WIO] Q2 M9 - L4[IO] Q2 P16 M2X Q4X - L3[] Q1 M8Y - L2[I] Q1 - L1[W] R3 S3 M6 - L0[O] Q1 
[  4] Utilization = 1.00 | pJ/MACC =   24.407 | L5[WIO] M9 Q2 - L4[IO] M2 Q2 P16 M2X Q4X - L3[] Q1 M8Y - L2[I] Q1 - L1[W] S3 R3 - L0[O] M3 
[  4] Utilization = 1.00 | pJ/MACC =   23.764 | L5[WIO] Q2 M9 - L4[IO] M2 Q2 P16 M2X Q4X - L3[] Q1 M8Y - L2[I] Q1 - L1[W] R3 S3 - L0[O] M3 
[  0] Utilization = 1.00 | pJ/MACC =   23.719 | L5[WIO] M9 Q2 - L4[IO] Q2 P16 M2X Q4X - L3[] Q1 M8Y - L2[I] Q1 - L1[W] R3 S3 - L0[O] M6 
[  0] Utilization = 1.00 | pJ/MACC =   23.670 | L5[WIO] Q2 M9 - L4[IO] P16 Q2 M2X Q4X - L3[] Q1 M8Y - L2[I] Q1 - L1[W] R3 S3 - L0[O] M6 
[  0] Utilization = 1.00 | pJ/MACC =   23.591 | L5[WIO] Q2 M9 - L4[IO] Q2 P16 M2X Q4X - L3[] Q1 M8Y - L2[I] Q1 - L1[W] S3 R3 - L0[O] M6 
[  6] Utilization = 1.00 | pJ/MACC =   24.816 | L5[WIO] M9 Q2 - L4[IO] M3 P16 Q2 M2X Q4X - L3[] Q1 M8Y - L2[I] Q1 - L1[W] S3 R3 - L0[O] M2 
[  6] Utilization = 1.00 | pJ/MACC =   24.580 | L5[WIO] M9 Q2 - L4[IO] M3 Q2 P16 M2X Q4X - L3[] Q1 M8Y - L2[I] Q1 - L1[W] R3 S3 - L0[O] M2 
[  1] Utilization = 1.00 | pJ/MACC =   23.566 | L5[WIO] P2 M3 - L4[IO] M3 Q2 P8 M2X Q4X - L3[] Q1 M8Y - L2[I] Q1 - L1[W] R3 S3 - L0[O] Q2 M6 
[  6] Utilization = 1.00 | pJ/MACC =   23.938 | L5[WIO] Q2 M9 - L4[IO] M3 Q2 P16 M2X Q4X - L3[] Q1 M8Y - L2[I] Q1 - L1[W] R3 S3 - L0[O] M2 
[  5] Utilization = 1.00 | pJ/MACC =   23.715 | L5[WIO] P2 M3 - L4[IO] M6 Q2 P8 M2X Q4X - L3[] Q1 M8Y - L2[I] Q1 - L1[W] R3 S3 - L0[O] Q2 M3 
[  7] Utilization = 1.00 | pJ/MACC =   24.024 | L5[WIO] M3 P2 - L4[IO] M9 Q2 P8 M2X Q4X - L3[] Q1 M8Y - L2[I] Q1 - L1[W] R3 S3 - L0[O] Q2 M2 
[  7] Utilization = 1.00 | pJ/MACC =   23.864 | L5[WIO] P2 M3 - L4[IO] M9 Q2 P8 M2X Q4X - L3[] Q1 M8Y - L2[I] Q1 - L1[W] R3 S3 - L0[O] Q2 M2 
[  3] Utilization = 0.45 | pJ/MACC =   57.156 | L5[WIO] P2 M6 - L4[IO] Q2 P4 M2X Q4X - L3[] Q1 M8Y - L2[I] Q1 - L1[W] S3 R3 M3 P2 - L0[O] Q2 M3 
[  1] STATEMENT: 300 suboptimal mappings found since the last upgrade, terminating search.
[  2] STATEMENT: 300 suboptimal mappings found since the last upgrade, terminating search.
[  4] STATEMENT: 300 suboptimal mappings found since the last upgrade, terminating search.
[  0] STATEMENT: 300 suboptimal mappings found since the last upgrade, terminating search.
[  5] STATEMENT: 300 suboptimal mappings found since the last upgrade, terminating search.
[  6] STATEMENT: 300 suboptimal mappings found since the last upgrade, terminating search.
[  7] STATEMENT: 300 suboptimal mappings found since the last upgrade, terminating search.
[  3] STATEMENT: 300 suboptimal mappings found since the last upgrade, terminating search.
