[  4] Utilization = 1.00 | pJ/MACC =   14.742 | L5[WIO] P8 - L4[IO] M12 Q4 P2 M2X Q4X - L3[] Q1 M8Y - L2[I] Q1 - L1[W] R5 S5 - L0[O] M5 
[  6] Utilization = 1.00 | pJ/MACC =   14.791 | L5[WIO] P8 - L4[IO] M15 Q4 P2 M2X Q4X - L3[] Q1 M8Y - L2[I] Q1 - L1[W] R5 S5 - L0[O] M4 
[  7] Utilization = 0.48 | pJ/MACC =   48.019 | L5[WIO] P8 - L4[IO] M15 Q4 P2 M2X Q4X - L3[] Q1 M8Y - L2[I] Q1 - L1[W] R5 S5 M2 - L0[O] M2 
[  5] Utilization = 0.48 | pJ/MACC =   47.970 | L5[WIO] P8 - L4[IO] M12 Q4 P2 M2X Q4X - L3[] Q1 M8Y - L2[I] Q1 - L1[W] R5 S5 M5 - L0[O] Q1 
[  3] Utilization = 1.00 | pJ/MACC =   27.714 | L5[WIO] Q2 M5 P4 - L4[IO] P4 M6 Q2 M2X Q4X - L3[] Q1 M8Y - L2[I] Q1 - L1[W] S5 R5 - L0[O] M2 
[  1] Utilization = 1.00 | pJ/MACC =   27.479 | L5[WIO] Q2 M5 P4 - L4[IO] P4 M4 Q2 M2X Q4X - L3[] Q1 M8Y - L2[I] Q1 - L1[W] S5 R5 - L0[O] M3 
[  2] Utilization = 0.48 | pJ/MACC =   60.707 | L5[WIO] Q2 M5 P4 - L4[IO] P4 M4 Q2 M2X Q4X - L3[] Q1 M8Y - L2[I] Q1 - L1[W] S5 R5 M3 - L0[O] Q1 
[  0] Utilization = 0.48 | pJ/MACC =   60.589 | L5[WIO] Q2 M5 P4 - L4[IO] P4 M3 Q2 M2X Q4X - L3[] Q1 M8Y - L2[I] Q1 - L1[W] S5 R5 M4 - L0[O] Q1 
[  1] Utilization = 1.00 | pJ/MACC =   15.143 | L5[WIO] Q2 M5 P4 - L4[IO] M4 P4 Q2 M2X Q4X - L3[] Q1 M8Y - L2[I] Q1 - L1[W] R5 S5 - L0[O] M3 
[  3] Utilization = 1.00 | pJ/MACC =   15.378 | L5[WIO] Q2 M5 P4 - L4[IO] M6 P4 Q2 M2X Q4X - L3[] Q1 M8Y - L2[I] Q1 - L1[W] R5 S5 - L0[O] M2 
[  2] Utilization = 0.48 | pJ/MACC =   48.371 | L5[WIO] Q2 M5 P4 - L4[IO] M4 P4 Q2 M2X Q4X - L3[] Q1 M8Y - L2[I] Q1 - L1[W] R5 S5 M3 - L0[O] Q1 
[  6] Utilization = 1.00 | pJ/MACC =   12.078 | L5[WIO] Q2 M6 - L4[IO] M10 Q2 P16 M2X Q4X - L3[] Q1 M8Y - L2[I] Q1 - L1[W] S5 R5 - L0[O] Q1 
[  1] Utilization = 1.00 | pJ/MACC =   14.956 | L5[WIO] P4 M5 Q2 - L4[IO] M4 Q2 P4 M2X Q4X - L3[] Q1 M8Y - L2[I] Q1 - L1[W] R5 S5 - L0[O] M3 
[  3] Utilization = 1.00 | pJ/MACC =   15.085 | L5[WIO] P4 M5 Q2 - L4[IO] M6 Q2 P4 M2X Q4X - L3[] Q1 M8Y - L2[I] Q1 - L1[W] R5 S5 - L0[O] M2 
[  0] Utilization = 0.48 | pJ/MACC =   48.253 | L5[WIO] Q2 M5 P4 - L4[IO] M3 P4 Q2 M2X Q4X - L3[] Q1 M8Y - L2[I] Q1 - L1[W] R5 S5 M4 - L0[O] Q1 
[  5] Utilization = 1.00 | pJ/MACC =   15.449 | L5[WIO] Q2 M5 P4 - L4[IO] M12 Q2 P4 M2X Q4X - L3[] Q1 M8Y - L2[I] Q1 - L1[W] S5 R5 - L0[O] Q1 
[  2] Utilization = 0.48 | pJ/MACC =   48.184 | L5[WIO] P4 M5 Q2 - L4[IO] M4 Q2 P4 M2X Q4X - L3[] Q1 M8Y - L2[I] Q1 - L1[W] R5 S5 M3 - L0[O] Q1 
[  7] Utilization = 0.48 | pJ/MACC =   47.942 | L5[WIO] P2 Q4 M5 - L4[IO] M3 P8 M2X Q4X - L3[] Q1 M8Y - L2[I] Q1 - L1[W] S5 R5 M2 - L0[O] M2 
[  0] Utilization = 0.48 | pJ/MACC =   48.119 | L5[WIO] P4 M5 Q2 - L4[IO] M3 Q2 P4 M2X Q4X - L3[] Q1 M8Y - L2[I] Q1 - L1[W] R5 S5 M4 - L0[O] Q1 
[  3] Utilization = 1.00 | pJ/MACC =   15.061 | L5[WIO] Q2 M5 P4 - L4[IO] M6 Q2 P4 M2X Q4X - L3[] Q1 M8Y - L2[I] Q1 - L1[W] S5 R5 - L0[O] M2 
[  1] Utilization = 1.00 | pJ/MACC =   14.931 | L5[WIO] Q2 M5 P4 - L4[IO] M4 Q2 P4 M2X Q4X - L3[] Q1 M8Y - L2[I] Q1 - L1[W] S5 R5 - L0[O] M3 
[  1] Utilization = 1.00 | pJ/MACC =   13.474 | L5[WIO] M60 P2 Q2 - L4[IO] Q2 P8 M2X Q4X - L3[] Q1 M8Y - L2[I] Q1 - L1[W] R5 S5 - L0[O] Q1 
[  5] Utilization = 1.00 | pJ/MACC =   15.323 | L5[WIO] Q2 P4 M5 - L4[IO] M12 Q2 P4 M2X Q4X - L3[] Q1 M8Y - L2[I] Q1 - L1[W] S5 R5 - L0[O] Q1 
[  1] Utilization = 1.00 | pJ/MACC =   13.161 | L5[WIO] P2 Q2 M60 - L4[IO] Q2 P8 M2X Q4X - L3[] Q1 M8Y - L2[I] Q1 - L1[W] S5 R5 - L0[O] Q1 
[  0] Utilization = 0.48 | pJ/MACC =   48.128 | L5[WIO] Q2 P4 M5 - L4[IO] M3 P4 Q2 M2X Q4X - L3[] Q1 M8Y - L2[I] Q1 - L1[W] S5 R5 M4 - L0[O] Q1 
[  2] Utilization = 0.48 | pJ/MACC =   48.159 | L5[WIO] Q2 M5 P4 - L4[IO] M4 Q2 P4 M2X Q4X - L3[] Q1 M8Y - L2[I] Q1 - L1[W] S5 R5 M3 - L0[O] Q1 
[  7] Utilization = 0.48 | pJ/MACC =   45.949 | L5[WIO] M3 Q2 P2 - L4[IO] M5 Q2 P8 M2X Q4X - L3[] Q1 M8Y - L2[I] Q1 - L1[W] S5 R5 M4 - L0[O] Q1 
[  7] Utilization = 0.48 | pJ/MACC =   45.886 | L5[WIO] Q2 P2 M3 - L4[IO] M5 Q2 P8 M2X Q4X - L3[] Q1 M8Y - L2[I] Q1 - L1[W] R5 S5 M4 - L0[O] Q1 
[  2] Utilization = 1.00 | pJ/MACC =   43.390 | L5[WIO] Q2 M6 - L4[IO] Q2 P16 M2 M2X Q4X - L3[] Q1 M8Y - L2[I] Q1 - L1[W] S5 R5 - L0[O] M5 
[  2] Utilization = 1.00 | pJ/MACC =   27.162 | L5[WIO] Q2 M6 - L4[IO] P16 M2 Q2 M2X Q4X - L3[] Q1 M8Y - L2[I] Q1 - L1[W] R5 S5 - L0[O] M5 
[  2] Utilization = 1.00 | pJ/MACC =   11.887 | L5[WIO] M6 Q2 - L4[IO] M2 P16 Q2 M2X Q4X - L3[] Q1 M8Y - L2[I] Q1 - L1[W] R5 S5 - L0[O] M5 
[  1] Utilization = 1.00 | pJ/MACC =   12.078 | L5[WIO] Q2 M60 - L4[IO] Q2 P16 M2X Q4X - L3[] Q1 M8Y - L2[I] Q1 - L1[W] S5 R5 - L0[O] Q1 
[  2] Utilization = 1.00 | pJ/MACC =   11.584 | L5[WIO] Q2 M6 - L4[IO] M2 Q2 P16 M2X Q4X - L3[] Q1 M8Y - L2[I] Q1 - L1[W] S5 R5 - L0[O] M5 
[  0] Utilization = 1.00 | pJ/MACC =   28.735 | L5[WIO] M15 Q2 P2 - L4[IO] P8 M4 Q2 M2X Q4X - L3[] Q1 M8Y - L2[I] Q1 - L1[W] R5 S5 - L0[O] Q1 
[  3] Utilization = 1.00 | pJ/MACC =   12.836 | L5[WIO] Q2 M3 P2 - L4[IO] M4 P8 Q2 M2X Q4X - L3[] Q1 M8Y - L2[I] Q1 - L1[W] R5 S5 - L0[O] M5 
[  4] Utilization = 1.00 | pJ/MACC =   12.311 | L5[WIO] M6 Q2 - L4[IO] M5 P16 Q2 M2X Q4X - L3[] Q1 M8Y - L2[I] Q1 - L1[W] R5 S5 - L0[O] M2 
[  0] Utilization = 1.00 | pJ/MACC =   15.657 | L5[WIO] Q2 M15 P2 - L4[IO] Q2 M4 P8 M2X Q4X - L3[] Q1 M8Y - L2[I] Q1 - L1[W] S5 R5 - L0[O] Q1 
[  3] Utilization = 1.00 | pJ/MACC =   12.625 | L5[WIO] Q2 P2 M3 - L4[IO] M4 Q2 P8 M2X Q4X - L3[] Q1 M8Y - L2[I] Q1 - L1[W] S5 R5 - L0[O] M5 
[  4] Utilization = 1.00 | pJ/MACC =   11.914 | L5[WIO] M6 Q2 - L4[IO] M5 Q2 P16 M2X Q4X - L3[] Q1 M8Y - L2[I] Q1 - L1[W] R5 S5 - L0[O] M2 
[  0] Utilization = 1.00 | pJ/MACC =   13.601 | L5[WIO] P2 M15 Q2 - L4[IO] M4 Q2 P8 M2X Q4X - L3[] Q1 M8Y - L2[I] Q1 - L1[W] R5 S5 - L0[O] Q1 
[  4] Utilization = 1.00 | pJ/MACC =   11.769 | L5[WIO] Q2 M6 - L4[IO] M5 Q2 P16 M2X Q4X - L3[] Q1 M8Y - L2[I] Q1 - L1[W] R5 S5 - L0[O] M2 
[  5] Utilization = 1.00 | pJ/MACC =   12.906 | L5[WIO] M3 Q2 P2 - L4[IO] M5 P8 Q2 M2X Q4X - L3[] Q1 M8Y - L2[I] Q1 - L1[W] S5 R5 - L0[O] M4 
[  5] Utilization = 1.00 | pJ/MACC =   12.721 | L5[WIO] M3 P2 Q2 - L4[IO] M5 Q2 P8 M2X Q4X - L3[] Q1 M8Y - L2[I] Q1 - L1[W] R5 S5 - L0[O] M4 
[  0] Utilization = 1.00 | pJ/MACC =   13.161 | L5[WIO] P2 Q2 M15 - L4[IO] M4 Q2 P8 M2X Q4X - L3[] Q1 M8Y - L2[I] Q1 - L1[W] R5 S5 - L0[O] Q1 
[  5] Utilization = 1.00 | pJ/MACC =   12.658 | L5[WIO] P2 Q2 M3 - L4[IO] M5 Q2 P8 M2X Q4X - L3[] Q1 M8Y - L2[I] Q1 - L1[W] R5 S5 - L0[O] M4 
[  7] Utilization = 1.00 | pJ/MACC =   44.948 | L5[WIO] Q2 M30 P2 - L4[IO] P8 Q2 M2 M2X Q4X - L3[] Q1 M8Y - L2[I] Q1 - L1[W] S5 R5 - L0[O] Q1 
[  7] Utilization = 1.00 | pJ/MACC =   44.577 | L5[WIO] P2 M30 Q2 - L4[IO] Q2 P8 M2 M2X Q4X - L3[] Q1 M8Y - L2[I] Q1 - L1[W] S5 R5 - L0[O] Q1 
[  7] Utilization = 1.00 | pJ/MACC =   29.206 | L5[WIO] M30 P2 Q2 - L4[IO] P8 M2 Q2 M2X Q4X - L3[] Q1 M8Y - L2[I] Q1 - L1[W] R5 S5 - L0[O] Q1 
[  7] Utilization = 1.00 | pJ/MACC =   14.073 | L5[WIO] P2 M30 Q2 - L4[IO] M2 Q2 P8 M2X Q4X - L3[] Q1 M8Y - L2[I] Q1 - L1[W] R5 S5 - L0[O] Q1 
[  5] Utilization = 1.00 | pJ/MACC =   12.195 | L5[WIO] M30 P2 Q2 - L4[IO] Q2 P8 M2X Q4X - L3[] Q1 M8Y - L2[I] Q1 - L1[W] S5 R5 - L0[O] M2 
[  7] Utilization = 1.00 | pJ/MACC =   13.161 | L5[WIO] Q2 P2 M30 - L4[IO] M2 Q2 P8 M2X Q4X - L3[] Q1 M8Y - L2[I] Q1 - L1[W] S5 R5 - L0[O] Q1 
[  7] Utilization = 1.00 | pJ/MACC =   12.078 | L5[WIO] Q2 M30 - L4[IO] M2 Q2 P16 M2X Q4X - L3[] Q1 M8Y - L2[I] Q1 - L1[W] R5 S5 - L0[O] Q1 
[  0] Utilization = 1.00 | pJ/MACC =   12.078 | L5[WIO] Q2 M15 - L4[IO] M4 Q2 P16 M2X Q4X - L3[] Q1 M8Y - L2[I] Q1 - L1[W] R5 S5 - L0[O] Q1 
[  5] Utilization = 1.00 | pJ/MACC =   12.166 | L5[WIO] Q2 M30 - L4[IO] P16 Q2 M2X Q4X - L3[] Q1 M8Y - L2[I] Q1 - L1[W] R5 S5 - L0[O] M2 
[  5] Utilization = 1.00 | pJ/MACC =   11.769 | L5[WIO] Q2 M30 - L4[IO] Q2 P16 M2X Q4X - L3[] Q1 M8Y - L2[I] Q1 - L1[W] S5 R5 - L0[O] M2 
[  1] Utilization = 1.00 | pJ/MACC =   12.047 | L5[WIO] M5 P2 - L4[IO] M4 P8 Q4 M2X Q4X - L3[] Q1 M8Y - L2[I] Q1 - L1[W] S5 R5 - L0[O] M3 
[  1] Utilization = 1.00 | pJ/MACC =   11.931 | L5[WIO] P2 M5 - L4[IO] M4 P8 Q4 M2X Q4X - L3[] Q1 M8Y - L2[I] Q1 - L1[W] R5 S5 - L0[O] M3 
[  3] Utilization = 1.00 | pJ/MACC =   11.657 | L5[WIO] M15 P4 Q4 - L4[IO] P4 M2X Q4X - L3[] Q1 M8Y - L2[I] Q1 - L1[W] S5 R5 - L0[O] M4 
[  0] Utilization = 1.00 | pJ/MACC =   11.509 | L5[WIO] M12 P4 Q4 - L4[IO] P4 M2X Q4X - L3[] Q1 M8Y - L2[I] Q1 - L1[W] R5 S5 - L0[O] M5 
[  2] STATEMENT: 300 suboptimal mappings found since the last upgrade, terminating search.
[  6] Utilization = 1.00 | pJ/MACC =   11.615 | L5[WIO] Q2 M5 - L4[IO] M3 Q2 P16 M2X Q4X - L3[] Q1 M8Y - L2[I] Q1 - L1[W] R5 S5 - L0[O] M4 
[  1] Utilization = 1.00 | pJ/MACC =   11.684 | L5[WIO] P2 M5 - L4[IO] M4 Q4 P8 M2X Q4X - L3[] Q1 M8Y - L2[I] Q1 - L1[W] S5 R5 - L0[O] M3 
[  4] STATEMENT: 300 suboptimal mappings found since the last upgrade, terminating search.
[  5] STATEMENT: 300 suboptimal mappings found since the last upgrade, terminating search.
[  7] STATEMENT: 300 suboptimal mappings found since the last upgrade, terminating search.
[  3] STATEMENT: 300 suboptimal mappings found since the last upgrade, terminating search.
[  0] STATEMENT: 300 suboptimal mappings found since the last upgrade, terminating search.
[  1] STATEMENT: 300 suboptimal mappings found since the last upgrade, terminating search.
[  6] STATEMENT: 300 suboptimal mappings found since the last upgrade, terminating search.
