[  1] Utilization = 0.33 | pJ/MACC =   25.997 | L5[WIO] Q4 M96 - L4[IO] P32 Q8X - L3[] Q1 S3Y - L2[I] Q1 - L1[W] R3 - L0[O] M2 
[  0] Utilization = 0.25 | pJ/MACC =   26.960 | L5[WIO] Q32 - L4[IO] M16 P32 M2X - L3[] Q1 M3Y S3Y - L2[I] Q1 - L1[W] R3 - L0[O] M2 
[  7] Utilization = 0.25 | pJ/MACC =   26.960 | L5[WIO] Q32 - L4[IO] M16 P32 M6X - L3[] Q1 S3Y - L2[I] Q1 - L1[W] R3 - L0[O] M2 
[  3] Utilization = 0.33 | pJ/MACC =   24.543 | L5[WIO] Q16 - L4[IO] M4 P32 M4X Q2X - L3[] Q1 S3Y - L2[I] Q1 - L1[W] R3 - L0[O] M12 
[  6] Utilization = 0.50 | pJ/MACC =   27.005 | L5[WIO] Q32 - L4[IO] M16 P32 M4X - L3[] Q1 M3Y S3Y - L2[I] Q1 - L1[W] R3 - L0[O] Q1 
[  2] Utilization = 0.67 | pJ/MACC =   26.041 | L5[WIO] Q4 M96 - L4[IO] P32 Q8X - L3[] Q1 M2Y S3Y - L2[I] Q1 - L1[W] R3 - L0[O] Q1 
[  4] Utilization = 0.67 | pJ/MACC =   24.550 | L5[WIO] Q16 - L4[IO] M4 P32 M4X Q2X - L3[] Q1 M2Y S3Y - L2[I] Q1 - L1[W] R3 - L0[O] M6 
[  5] Utilization = 1.00 | pJ/MACC =   24.557 | L5[WIO] Q16 - L4[IO] M4 P32 M4X Q2X - L3[] Q1 M3Y S3Y - L2[I] Q1 - L1[W] R3 - L0[O] M4 
[  6] Utilization = 1.00 | pJ/MACC =   23.967 | L5[WIO] Q4 M16 - L4[IO] M2 P32 Q8X - L3[] Q1 M3Y S3Y - L2[I] Q1 - L1[W] R3 - L0[O] M2 
[  0] Utilization = 0.67 | pJ/MACC =   24.214 | L5[WIO] Q8 M3 - L4[IO] M8 P32 M2X Q4X - L3[] Q1 M2Y S3Y - L2[I] Q1 - L1[W] R3 - L0[O] M2 
[  7] Utilization = 0.33 | pJ/MACC =   24.192 | L5[WIO] Q8 M3 - L4[IO] M8 P32 M2X Q4X - L3[] Q1 S3Y - L2[I] Q1 - L1[W] R3 - L0[O] M4 
[  1] Utilization = 0.33 | pJ/MACC =   24.192 | L5[WIO] Q8 M12 - L4[IO] M2 P32 Q4X - L3[] Q1 M2Y S3Y - L2[I] Q1 - L1[W] R3 - L0[O] M4 
[  1] Utilization = 0.33 | pJ/MACC =   23.604 | L5[WIO] Q8 M2 - L4[IO] M3 P32 Q4X - L3[] Q1 M2Y S3Y - L2[I] Q1 - L1[W] R3 - L0[O] M16 
[  4] Utilization = 0.67 | pJ/MACC =   24.515 | L5[WIO] Q16 - L4[IO] M3 P32 M4X Q2X - L3[] Q1 M2Y S3Y - L2[I] Q1 - L1[W] R3 - L0[O] M8 
[  1] Utilization = 0.50 | pJ/MACC =   24.477 | L5[WIO] Q16 - L4[IO] M2 P32 M2X Q2X - L3[] Q1 M3Y S3Y - L2[I] Q1 - L1[W] R3 - L0[O] M16 
[  3] Utilization = 0.67 | pJ/MACC =   25.019 | L5[WIO] Q8 M24 - L4[IO] M2 P32 M2X Q4X - L3[] Q1 M2Y S3Y - L2[I] Q1 - L1[W] R3 - L0[O] Q1 
[  1] Utilization = 1.00 | pJ/MACC =   23.477 | L5[WIO] Q8 M2 - L4[IO] P32 M2X Q4X - L3[] Q1 M3Y S3Y - L2[I] Q1 - L1[W] R3 - L0[O] M16 
[  0] Utilization = 1.00 | pJ/MACC =   23.960 | L5[WIO] Q8 - L4[IO] M16 P32 M2X Q4X - L3[] Q1 M3Y S3Y - L2[I] Q1 - L1[W] R3 - L0[O] M2 
[  7] Utilization = 0.67 | pJ/MACC =   23.692 | L5[WIO] Q4 M2 - L4[IO] M12 P32 Q8X - L3[] Q1 M2Y S3Y - L2[I] Q1 - L1[W] R3 - L0[O] M4 
[  2] Utilization = 1.00 | pJ/MACC =   25.026 | L5[WIO] Q4 M64 - L4[IO] P32 Q8X - L3[] Q1 M3Y S3Y - L2[I] Q1 - L1[W] R3 - L0[O] Q1 
[  4] Utilization = 1.00 | pJ/MACC =   24.512 | L5[WIO] Q8 M8 - L4[IO] M4 P32 M2X Q4X - L3[] Q1 M3Y S3Y - L2[I] Q1 - L1[W] R3 - L0[O] Q1 
[  3] Utilization = 1.00 | pJ/MACC =   26.751 | L5[WIO] Q32 - L4[IO] M8 P32 M8X - L3[] Q1 M3Y S3Y - L2[I] Q1 - L1[W] R3 - L0[O] Q1 
[  3] Utilization = 1.00 | pJ/MACC =   23.546 | L5[WIO] Q8 M4 - L4[IO] P32 M2X Q4X - L3[] Q1 M3Y S3Y - L2[I] Q1 - L1[W] R3 - L0[O] M8 
[  7] Utilization = 1.00 | pJ/MACC =   23.684 | L5[WIO] Q8 M2 - L4[IO] M4 P32 M2X Q4X - L3[] Q1 M3Y S3Y - L2[I] Q1 - L1[W] R3 - L0[O] M4 
[  7] Utilization = 1.00 | pJ/MACC =   23.041 | L5[WIO] Q4 M4 - L4[IO] P32 Q8X - L3[] Q1 M3Y S3Y - L2[I] Q1 - L1[W] R3 - L0[O] M16 
[  4] Utilization = 1.00 | pJ/MACC =   23.438 | L5[WIO] Q4 M16 - L4[IO] P32 Q8X - L3[] Q1 M3Y S3Y - L2[I] Q1 - L1[W] R3 - L0[O] M4 
[  5] Utilization = 1.00 | pJ/MACC =   23.967 | L5[WIO] Q4 M32 - L4[IO] P32 Q8X - L3[] Q1 M3Y S3Y - L2[I] Q1 - L1[W] R3 - L0[O] M2 
[  6] Utilization = 1.00 | pJ/MACC =   22.536 | L5[WIO] Q16 - L4[IO] P32 M4X Q2X - L3[] Q1 M3Y S3Y - L2[I] Q1 - L1[W] R3 - L0[O] M16 
[  2] Utilization = 1.00 | pJ/MACC =   23.041 | L5[WIO] Q4 M2 - L4[IO] M2 P32 Q8X - L3[] Q1 M3Y S3Y - L2[I] Q1 - L1[W] R3 - L0[O] M16 
[  5] Utilization = 1.00 | pJ/MACC =   23.173 | L5[WIO] Q4 M2 - L4[IO] M4 P32 Q8X - L3[] Q1 M3Y S3Y - L2[I] Q1 - L1[W] R3 - L0[O] M8 
[  1] Utilization = 1.00 | pJ/MACC =   23.173 | L5[WIO] Q4 - L4[IO] M8 P32 Q8X - L3[] Q1 M3Y S3Y - L2[I] Q1 - L1[W] R3 - L0[O] M8 
[  1] Utilization = 1.00 | pJ/MACC =   22.541 | L5[WIO] Q32 - L4[IO] P32 M8X - L3[] Q1 M3Y S3Y - L2[I] Q1 - L1[W] R3 - L0[O] M8 
[  0] Utilization = 1.00 | pJ/MACC =   23.041 | L5[WIO] Q4 - L4[IO] M4 P32 Q8X - L3[] Q1 M3Y S3Y - L2[I] Q1 - L1[W] R3 - L0[O] M16 
[  2] STATEMENT: 300 suboptimal mappings found since the last upgrade, terminating search.
[  6] STATEMENT: 300 suboptimal mappings found since the last upgrade, terminating search.
[  5] STATEMENT: 300 suboptimal mappings found since the last upgrade, terminating search.
[  3] STATEMENT: 300 suboptimal mappings found since the last upgrade, terminating search.
[  7] STATEMENT: 300 suboptimal mappings found since the last upgrade, terminating search.
[  1] STATEMENT: 300 suboptimal mappings found since the last upgrade, terminating search.
[  4] STATEMENT: 300 suboptimal mappings found since the last upgrade, terminating search.
[  0] STATEMENT: 300 suboptimal mappings found since the last upgrade, terminating search.
