[  6] Utilization = 1.00 | pJ/MACC =   44.264 | L5[WIO] P8 M15 Q2 - L4[IO] M2 M2X Q4X - L3[] Q1 M8Y - L2[I] Q1 - L1[W] S5 R5 - L0[O] M2 
[  1] Utilization = 0.48 | pJ/MACC =   45.842 | L5[WIO] M5 - L4[IO] M4 Q2 P4 M2X Q4X - L3[] Q1 M8Y - L2[I] Q1 - L1[W] R5 S5 P2 - L0[O] M3 
[  3] Utilization = 0.48 | pJ/MACC =   45.912 | L5[WIO] M5 - L4[IO] M6 Q2 P4 M2X Q4X - L3[] Q1 M8Y - L2[I] Q1 - L1[W] R5 S5 P2 - L0[O] M2 
[  5] Utilization = 0.48 | pJ/MACC =   46.124 | L5[WIO] M5 - L4[IO] M12 Q2 P4 M2X Q4X - L3[] Q1 M8Y - L2[I] Q1 - L1[W] R5 S5 P2 - L0[O] Q1 
[  7] Utilization = 0.48 | pJ/MACC =   77.492 | L5[WIO] P8 M15 Q2 - L4[IO] M2 M2X Q4X - L3[] Q1 M8Y - L2[I] Q1 - L1[W] S5 R5 M2 - L0[O] Q1 
[  6] Utilization = 1.00 | pJ/MACC =   43.324 | L5[WIO] Q2 P8 M15 - L4[IO] M2 M2X Q4X - L3[] Q1 M8Y - L2[I] Q1 - L1[W] S5 R5 - L0[O] M2 
[  4] Utilization = 0.48 | pJ/MACC =   45.912 | L5[WIO] M5 - L4[IO] M6 Q2 P4 M2X Q4X - L3[] Q1 M8Y - L2[I] Q1 - L1[W] R5 S5 M2 P2 - L0[O] Q1 
[  0] Utilization = 0.48 | pJ/MACC =   45.807 | L5[WIO] M5 - L4[IO] M3 Q2 P4 M2X Q4X - L3[] Q1 M8Y - L2[I] Q1 - L1[W] R5 S5 M4 P2 - L0[O] Q1 
[  2] Utilization = 0.48 | pJ/MACC =   45.842 | L5[WIO] M5 - L4[IO] M4 Q2 P4 M2X Q4X - L3[] Q1 M8Y - L2[I] Q1 - L1[W] R5 S5 M3 P2 - L0[O] Q1 
[  7] Utilization = 0.48 | pJ/MACC =   76.552 | L5[WIO] Q2 P8 M15 - L4[IO] M2 M2X Q4X - L3[] Q1 M8Y - L2[I] Q1 - L1[W] S5 R5 M2 - L0[O] Q1 
[  6] Utilization = 1.00 | pJ/MACC =   18.928 | L5[WIO] P2 Q2 M15 - L4[IO] M2 P4 M2X Q4X - L3[] Q1 M8Y - L2[I] Q1 - L1[W] S5 R5 - L0[O] M2 
[  3] Utilization = 1.00 | pJ/MACC =   12.837 | L5[WIO] M15 Q2 P8 - L4[IO] Q1 M2X Q4X - L3[] Q1 M8Y - L2[I] Q1 - L1[W] S5 R5 - L0[O] M4 
[  7] Utilization = 1.00 | pJ/MACC =   12.523 | L5[WIO] M4 - L4[IO] M3 P8 M2X Q4X - L3[] Q1 M8Y - L2[I] Q1 - L1[W] S5 R5 - L0[O] Q2 M5 
[  1] Utilization = 1.00 | pJ/MACC =   27.329 | L5[WIO] M4 P2 - L4[IO] P4 M5 Q2 M2X Q4X - L3[] Q1 M8Y - L2[I] Q1 - L1[W] S5 R5 - L0[O] M3 
[  1] Utilization = 1.00 | pJ/MACC =   14.993 | L5[WIO] M4 P2 - L4[IO] M5 P4 Q2 M2X Q4X - L3[] Q1 M8Y - L2[I] Q1 - L1[W] R5 S5 - L0[O] M3 
[  0] Utilization = 1.00 | pJ/MACC =   13.744 | L5[WIO] M2 - L4[IO] M30 P8 Q2 M2X Q4X - L3[] Q1 M8Y - L2[I] Q1 - L1[W] R5 S5 - L0[O] Q1 
[  1] Utilization = 1.00 | pJ/MACC =   14.758 | L5[WIO] M4 P2 - L4[IO] M5 Q2 P4 M2X Q4X - L3[] Q1 M8Y - L2[I] Q1 - L1[W] R5 S5 - L0[O] M3 
[  2] Utilization = 1.00 | pJ/MACC =   43.602 | L5[WIO] M12 Q2 P8 - L4[IO] M5 M2X Q4X - L3[] Q1 M8Y - L2[I] Q1 - L1[W] S5 R5 - L0[O] Q1 
[  0] Utilization = 1.00 | pJ/MACC =   12.896 | L5[WIO] M2 - L4[IO] M30 Q2 P8 M2X Q4X - L3[] Q1 M8Y - L2[I] Q1 - L1[W] S5 R5 - L0[O] Q1 
[  2] Utilization = 1.00 | pJ/MACC =   43.366 | L5[WIO] P8 Q2 M12 - L4[IO] M5 M2X Q4X - L3[] Q1 M8Y - L2[I] Q1 - L1[W] R5 S5 - L0[O] Q1 
[  0] Utilization = 1.00 | pJ/MACC =   12.762 | L5[WIO] M12 Q2 P8 - L4[IO] Q1 M2X Q4X - L3[] Q1 M8Y - L2[I] Q1 - L1[W] S5 R5 - L0[O] M5 
[  2] Utilization = 1.00 | pJ/MACC =   26.875 | L5[WIO] M3 - L4[IO] P8 M20 M2X Q4X - L3[] Q1 M8Y - L2[I] Q1 - L1[W] S5 R5 - L0[O] Q2 
[  1] Utilization = 1.00 | pJ/MACC =   14.717 | L5[WIO] P2 M4 - L4[IO] M5 Q2 P4 M2X Q4X - L3[] Q1 M8Y - L2[I] Q1 - L1[W] R5 S5 - L0[O] M3 
[  2] Utilization = 1.00 | pJ/MACC =   12.727 | L5[WIO] M3 - L4[IO] M20 P8 M2X Q4X - L3[] Q1 M8Y - L2[I] Q1 - L1[W] R5 S5 - L0[O] Q2 
[  0] Utilization = 1.00 | pJ/MACC =   12.600 | L5[WIO] M3 - L4[IO] M10 P8 M2X Q4X - L3[] Q1 M8Y - L2[I] Q1 - L1[W] R5 S5 - L0[O] Q2 M2 
[  5] Utilization = 1.00 | pJ/MACC =   27.037 | L5[WIO] M10 P2 - L4[IO] P4 M3 M2X Q4X - L3[] Q1 M8Y - L2[I] Q1 - L1[W] S5 R5 - L0[O] Q2 M2 
[  5] Utilization = 1.00 | pJ/MACC =   14.697 | L5[WIO] P2 M10 - L4[IO] M3 P4 M2X Q4X - L3[] Q1 M8Y - L2[I] Q1 - L1[W] S5 R5 - L0[O] Q2 M2 
[  4] Utilization = 1.00 | pJ/MACC =   18.926 | L5[WIO] Q2 P2 - L4[IO] M30 P4 M2X Q4X - L3[] Q1 M8Y - L2[I] Q1 - L1[W] R5 S5 - L0[O] M2 
[  4] Utilization = 1.00 | pJ/MACC =   18.891 | L5[WIO] P4 M6 - L4[IO] M5 P2 M2X Q4X - L3[] Q1 M8Y - L2[I] Q1 - L1[W] R5 S5 - L0[O] Q2 M2 
[  1] Utilization = 1.00 | pJ/MACC =   14.670 | L5[WIO] Q2 M4 - L4[IO] M5 P8 M2X Q4X - L3[] Q1 M8Y - L2[I] Q1 - L1[W] S5 R5 - L0[O] M3 
[  5] Utilization = 1.00 | pJ/MACC =   12.994 | L5[WIO] M30 P8 - L4[IO] Q1 M2X Q4X - L3[] Q1 M8Y - L2[I] Q1 - L1[W] S5 R5 - L0[O] Q2 M2 
[  1] Utilization = 1.00 | pJ/MACC =   13.530 | L5[WIO] M60 P8 - L4[IO] Q1 M2X Q4X - L3[] Q1 M8Y - L2[I] Q1 - L1[W] S5 R5 - L0[O] Q2 
[  6] Utilization = 1.00 | pJ/MACC =   18.786 | L5[WIO] P2 Q2 - L4[IO] M15 P4 M2X Q4X - L3[] Q1 M8Y - L2[I] Q1 - L1[W] S5 R5 - L0[O] M4 
[  4] Utilization = 1.00 | pJ/MACC =   18.758 | L5[WIO] P2 Q2 - L4[IO] M12 P4 M2X Q4X - L3[] Q1 M8Y - L2[I] Q1 - L1[W] S5 R5 - L0[O] M5 
[  6] Utilization = 1.00 | pJ/MACC =   12.727 | L5[WIO] M6 - L4[IO] M10 P8 M2X Q4X - L3[] Q1 M8Y - L2[I] Q1 - L1[W] R5 S5 - L0[O] Q2 
[  4] Utilization = 1.00 | pJ/MACC =   14.867 | L5[WIO] P2 M20 - L4[IO] M3 P4 M2X Q4X - L3[] Q1 M8Y - L2[I] Q1 - L1[W] R5 S5 - L0[O] Q2 
[  2] Utilization = 1.00 | pJ/MACC =   12.523 | L5[WIO] M6 - L4[IO] M2 P8 M2X Q4X - L3[] Q1 M8Y - L2[I] Q1 - L1[W] R5 S5 - L0[O] Q2 M5 
[  5] Utilization = 1.00 | pJ/MACC =   12.579 | L5[WIO] M3 - L4[IO] M5 Q2 P8 M2X Q4X - L3[] Q1 M8Y - L2[I] Q1 - L1[W] R5 S5 - L0[O] M4 
[  4] Utilization = 1.00 | pJ/MACC =   14.613 | L5[WIO] Q2 - L4[IO] M12 P8 M2X Q4X - L3[] Q1 M8Y - L2[I] Q1 - L1[W] S5 R5 - L0[O] M5 
[  3] Utilization = 1.00 | pJ/MACC =   12.557 | L5[WIO] M3 - L4[IO] M4 Q2 P8 M2X Q4X - L3[] Q1 M8Y - L2[I] Q1 - L1[W] S5 R5 - L0[O] M5 
[  0] STATEMENT: 300 suboptimal mappings found since the last upgrade, terminating search.
[  1] Utilization = 1.00 | pJ/MACC =   12.614 | L5[WIO] M4 - L4[IO] M5 Q2 P8 M2X Q4X - L3[] Q1 M8Y - L2[I] Q1 - L1[W] R5 S5 - L0[O] M3 
[  7] STATEMENT: 300 suboptimal mappings found since the last upgrade, terminating search.
[  6] STATEMENT: 300 suboptimal mappings found since the last upgrade, terminating search.
[  5] STATEMENT: 300 suboptimal mappings found since the last upgrade, terminating search.
[  1] Utilization = 1.00 | pJ/MACC =   12.557 | L5[WIO] M4 - L4[IO] M5 P8 M2X Q4X - L3[] Q1 M8Y - L2[I] Q1 - L1[W] S5 R5 - L0[O] Q2 M3 
[  2] STATEMENT: 300 suboptimal mappings found since the last upgrade, terminating search.
[  4] Utilization = 1.00 | pJ/MACC =   12.727 | L5[WIO] M20 - L4[IO] M3 P8 M2X Q4X - L3[] Q1 M8Y - L2[I] Q1 - L1[W] S5 R5 - L0[O] Q2 
[  3] STATEMENT: 300 suboptimal mappings found since the last upgrade, terminating search.
[  4] STATEMENT: 300 suboptimal mappings found since the last upgrade, terminating search.
[  1] STATEMENT: 300 suboptimal mappings found since the last upgrade, terminating search.
