[  5] Utilization = 0.06 | pJ/MACC =  115.668 | L5[WIO] Q8 M20 C2 - L4[IO] M2 P16 C40 Q2X - L3[] Q1 M2Y - L2[I] Q1 - L1[W] C3 - L0[O] Q1 
[  3] Utilization = 0.22 | pJ/MACC =   17.536 | L5[WIO] Q8 C30 - L4[IO] M10 P16 M4X Q2X - L3[] Q1 M2Y - L2[I] Q1 - L1[W] C8 - L0[O] Q1 
[  0] Utilization = 0.11 | pJ/MACC =  115.669 | L5[WIO] Q8 M20 C2 - L4[IO] M2 P16 C6 Q2X - L3[] Q1 M2Y C2Y - L2[I] Q1 - L1[W] C10 - L0[O] Q1 
[  4] Utilization = 0.44 | pJ/MACC =   17.573 | L5[WIO] Q8 C30 - L4[IO] M10 P16 M4X Q2X - L3[] Q1 M2Y C2Y - L2[I] Q1 - L1[W] C4 - L0[O] Q1 
[  7] Utilization = 0.06 | pJ/MACC =  115.668 | L5[WIO] Q8 M20 C2 - L4[IO] M2 P16 C8 Q2X - L3[] Q1 M2Y - L2[I] Q1 - L1[W] C15 - L0[O] Q1 
[  6] Utilization = 0.17 | pJ/MACC =  115.670 | L5[WIO] Q8 M20 C2 - L4[IO] M2 P16 C40 Q2X - L3[] Q1 M2Y C3Y - L2[I] Q1 - L1[W] Q1 - L0[O] Q1 
[  3] Utilization = 0.22 | pJ/MACC =   16.513 | L5[WIO] Q8 M2 C24 - L4[IO] P16 M2X Q2X - L3[] Q1 M4Y - L2[I] Q1 - L1[W] C10 - L0[O] M5 
[  2] Utilization = 0.44 | pJ/MACC =   75.403 | L5[WIO] Q8 C8 - L4[IO] M10 P16 C15 M4X Q2X - L3[] Q1 M2Y C2Y - L2[I] Q1 - L1[W] Q1 - L0[O] Q1 
[  6] Utilization = 0.21 | pJ/MACC =  152.786 | L5[WIO] Q16 M8 C16 - L4[IO] P16 C5 M5X - L3[] Q1 C3Y - L2[I] Q1 - L1[W] Q1 - L0[O] M2 
[  5] Utilization = 0.89 | pJ/MACC =   17.646 | L5[WIO] Q8 C30 - L4[IO] M10 P16 M4X Q2X - L3[] Q1 M2Y C4Y - L2[I] Q1 - L1[W] C2 - L0[O] Q1 
[  3] Utilization = 0.44 | pJ/MACC =   22.831 | L5[WIO] Q8 M5 C24 - L4[IO] P16 M2X Q2X - L3[] Q1 M8Y - L2[I] Q1 - L1[W] C10 - L0[O] Q1 
[  6] Utilization = 0.22 | pJ/MACC =   43.262 | L5[WIO] Q2 M10 C6 - L4[IO] P16 C20 Q8X - L3[] Q1 C2Y - L2[I] Q1 - L1[W] Q1 - L0[O] M8 
[  1] Utilization = 0.22 | pJ/MACC =  115.672 | L5[WIO] Q8 M20 C2 - L4[IO] M2 P16 C6 Q2X - L3[] Q1 M2Y C4Y - L2[I] Q1 - L1[W] C5 - L0[O] Q1 
[  7] Utilization = 0.22 | pJ/MACC =   78.643 | L5[WIO] Q8 C30 - L4[IO] M10 P16 C2 M4X Q2X - L3[] Q1 M2Y - L2[I] Q1 - L1[W] C4 - L0[O] Q1 
[  6] Utilization = 0.22 | pJ/MACC =   42.158 | L5[WIO] Q4 C10 - L4[IO] M4 P16 C2 Q4X - L3[] Q1 M2Y C2Y - L2[I] Q1 - L1[W] C6 - L0[O] M10 
[  4] Utilization = 0.44 | pJ/MACC =   16.542 | L5[WIO] Q8 M2 C24 - L4[IO] P16 M2X Q2X - L3[] Q1 M4Y C2Y - L2[I] Q1 - L1[W] C5 - L0[O] M5 
[  0] Utilization = 0.67 | pJ/MACC =   75.412 | L5[WIO] Q8 C8 - L4[IO] M10 P16 C10 M4X Q2X - L3[] Q1 M2Y C3Y - L2[I] Q1 - L1[W] Q1 - L0[O] Q1 
[  6] Utilization = 0.22 | pJ/MACC =   32.948 | L5[WIO] Q2 M40 - L4[IO] P16 C40 Q8X - L3[] Q1 M2Y - L2[I] Q1 - L1[W] C6 - L0[O] Q1 
[  7] Utilization = 0.28 | pJ/MACC =  137.922 | L5[WIO] Q16 M8 - L4[IO] P16 C40 M5X - L3[] Q1 M2Y C2Y - L2[I] Q1 - L1[W] C3 - L0[O] Q1 
[  1] Utilization = 0.22 | pJ/MACC =   75.395 | L5[WIO] Q8 C8 - L4[IO] M10 P16 C15 M4X Q2X - L3[] Q1 M2Y - L2[I] Q1 - L1[W] C2 - L0[O] Q1 
[  1] Utilization = 0.89 | pJ/MACC =   40.366 | L5[WIO] Q4 - L4[IO] M2 P16 C15 M2X Q4X - L3[] Q1 C8Y - L2[I] Q1 - L1[W] C2 - L0[O] M20 
[  7] Utilization = 0.33 | pJ/MACC =   42.169 | L5[WIO] Q4 C10 - L4[IO] M4 P16 C2 Q4X - L3[] Q1 M2Y C3Y - L2[I] Q1 - L1[W] C4 - L0[O] M10 
[  7] Utilization = 0.44 | pJ/MACC =   32.948 | L5[WIO] Q2 M40 - L4[IO] P16 C40 Q8X - L3[] Q1 M2Y C2Y - L2[I] Q1 - L1[W] C3 - L0[O] Q1 
[  6] Utilization = 0.56 | pJ/MACC =   73.044 | L5[WIO] Q8 - L4[IO] M4 P16 C24 M4X Q2X - L3[] Q1 M5Y - L2[I] Q1 - L1[W] C10 - L0[O] Q1 
[  2] Utilization = 0.44 | pJ/MACC =   28.439 | L5[WIO] Q2 M2 C4 - L4[IO] M5 P16 C3 Q8X - L3[] Q1 M2Y C2Y - L2[I] Q1 - L1[W] C10 - L0[O] M4 
[  0] Utilization = 0.89 | pJ/MACC =   32.948 | L5[WIO] Q2 M40 - L4[IO] P16 C6 Q8X - L3[] Q1 M2Y C4Y - L2[I] Q1 - L1[W] C10 - L0[O] Q1 
[  3] Utilization = 0.89 | pJ/MACC =   28.447 | L5[WIO] Q2 M2 C4 - L4[IO] M5 P16 C3 Q8X - L3[] Q1 M2Y C4Y - L2[I] Q1 - L1[W] C5 - L0[O] M4 
[  3] Utilization = 0.89 | pJ/MACC =   19.853 | L5[WIO] Q2 M5 C3 - L4[IO] M4 P16 Q8X - L3[] Q1 C8Y - L2[I] Q1 - L1[W] C10 - L0[O] M4 
[  2] Utilization = 0.89 | pJ/MACC =   19.367 | L5[WIO] Q4 M5 C15 - L4[IO] P16 M2X Q4X - L3[] Q1 M2Y C4Y - L2[I] Q1 - L1[W] C4 - L0[O] M4 
[  7] Utilization = 0.56 | pJ/MACC =   22.087 | L5[WIO] Q8 M5 C12 - L4[IO] M2 P16 M4X Q2X - L3[] Q1 C5Y - L2[I] Q1 - L1[W] C4 - L0[O] M2 
[  6] Utilization = 0.89 | pJ/MACC =   73.625 | L5[WIO] Q8 C6 - L4[IO] M4 P16 C5 M4X Q2X - L3[] Q1 C8Y - L2[I] Q1 - L1[W] Q1 - L0[O] M5 
[  4] Utilization = 0.56 | pJ/MACC =  137.819 | L5[WIO] Q16 C10 - L4[IO] M2 P16 C3 M5X - L3[] Q1 M4Y C2Y - L2[I] Q1 - L1[W] C4 - L0[O] M2 
[  4] Utilization = 0.86 | pJ/MACC =   30.185 | L5[WIO] Q2 M8 C5 - L4[IO] M5 P16 Q8X - L3[] Q1 M2Y C4Y - L2[I] Q1 - L1[W] C12 - L0[O] Q1 
[  4] Utilization = 0.89 | pJ/MACC =   43.356 | L5[WIO] Q2 M10 C6 - L4[IO] P16 C5 Q8X - L3[] Q1 M4Y C2Y - L2[I] Q1 - L1[W] C4 - L0[O] M2 
[  4] Utilization = 0.89 | pJ/MACC =   27.395 | L5[WIO] Q2 C8 - L4[IO] M10 P16 C3 Q8X - L3[] Q1 M8Y - L2[I] Q1 - L1[W] C10 - L0[O] Q1 
[  7] Utilization = 0.89 | pJ/MACC =   50.473 | L5[WIO] Q4 M5 C15 - L4[IO] P16 C2 M2X Q4X - L3[] Q1 M2Y C4Y - L2[I] Q1 - L1[W] C2 - L0[O] M4 
[  0] Utilization = 0.89 | pJ/MACC =   27.395 | L5[WIO] Q2 C8 - L4[IO] M10 P16 C2 Q8X - L3[] Q1 M8Y - L2[I] Q1 - L1[W] C15 - L0[O] Q1 
[  6] Utilization = 0.89 | pJ/MACC =   27.576 | L5[WIO] Q2 C10 - L4[IO] M10 P16 C2 Q8X - L3[] Q1 M4Y C2Y - L2[I] Q1 - L1[W] C6 - L0[O] M2 
[  4] Utilization = 0.89 | pJ/MACC =   26.361 | L5[WIO] Q2 M2 - L4[IO] M5 P16 C240 Q8X - L3[] Q1 M8Y - L2[I] Q1 - L1[W] Q1 - L0[O] Q1 
[  2] Utilization = 0.89 | pJ/MACC =   12.023 | L5[WIO] Q4 C10 - L4[IO] M8 P16 M2X Q4X - L3[] Q1 C8Y - L2[I] Q1 - L1[W] C3 - L0[O] M5 
[  7] Utilization = 0.89 | pJ/MACC =   24.992 | L5[WIO] Q2 C2 - L4[IO] M4 P16 C12 Q8X - L3[] Q1 M4Y C2Y - L2[I] Q1 - L1[W] C5 - L0[O] M5 
[  4] Utilization = 0.89 | pJ/MACC =    9.543 | L5[WIO] Q2 C5 - L4[IO] M5 P16 Q8X - L3[] Q1 M2Y C4Y - L2[I] Q1 - L1[W] C12 - L0[O] M8 
[  6] Utilization = 0.89 | pJ/MACC =   27.243 | L5[WIO] Q2 M2 C5 - L4[IO] M2 P16 C2 Q8X - L3[] Q1 M2Y C4Y - L2[I] Q1 - L1[W] C6 - L0[O] M10 
[  1] Utilization = 0.89 | pJ/MACC =   30.345 | L5[WIO] Q2 M2 C2 - L4[IO] M10 P16 C15 Q8X - L3[] Q1 C8Y - L2[I] Q1 - L1[W] Q1 - L0[O] M4 
[  1] Utilization = 0.89 | pJ/MACC =    9.868 | L5[WIO] Q4 C2 - L4[IO] M4 P16 M2X Q4X - L3[] Q1 C8Y - L2[I] Q1 - L1[W] C15 - L0[O] M10 
[  0] Utilization = 0.89 | pJ/MACC =   26.897 | L5[WIO] Q2 M10 C4 - L4[IO] P16 Q8X - L3[] Q1 M2Y C4Y - L2[I] Q1 - L1[W] C15 - L0[O] M4 
[  6] Utilization = 0.89 | pJ/MACC =   24.307 | L5[WIO] Q2 C2 - L4[IO] P16 C10 Q8X - L3[] Q1 M8Y - L2[I] Q1 - L1[W] C12 - L0[O] M10 
[  7] Utilization = 0.89 | pJ/MACC =   23.978 | L5[WIO] Q4 M8 C5 - L4[IO] P16 M2X Q4X - L3[] Q1 C8Y - L2[I] Q1 - L1[W] C6 - L0[O] M5 
[  5] Utilization = 0.89 | pJ/MACC =    9.678 | L5[WIO] Q2 C12 - L4[IO] P16 Q8X - L3[] Q1 M4Y C2Y - L2[I] Q1 - L1[W] C10 - L0[O] M20 
[  0] Utilization = 0.89 | pJ/MACC =   12.455 | L5[WIO] Q4 M2 C10 - L4[IO] P16 M2X Q4X - L3[] Q1 M2Y C4Y - L2[I] Q1 - L1[W] C6 - L0[O] M10 
[  7] Utilization = 0.89 | pJ/MACC =   16.076 | L5[WIO] Q8 C5 - L4[IO] M20 P16 M4X Q2X - L3[] Q1 C8Y - L2[I] Q1 - L1[W] C6 - L0[O] Q1 
[  7] Utilization = 0.89 | pJ/MACC =   12.861 | L5[WIO] Q4 C20 - L4[IO] M5 P16 M2X Q4X - L3[] Q1 M4Y C2Y - L2[I] Q1 - L1[W] C6 - L0[O] M2 
[  6] Utilization = 0.89 | pJ/MACC =   11.397 | L5[WIO] Q4 C6 - L4[IO] M8 P16 M2X Q4X - L3[] Q1 C8Y - L2[I] Q1 - L1[W] C5 - L0[O] M5 
[  3] Utilization = 0.89 | pJ/MACC =   11.450 | L5[WIO] Q4 C15 - L4[IO] M2 P16 M2X Q4X - L3[] Q1 C8Y - L2[I] Q1 - L1[W] C2 - L0[O] M20 
[  6] Utilization = 0.89 | pJ/MACC =   10.637 | L5[WIO] Q4 C10 - L4[IO] M2 P16 M2X Q4X - L3[] Q1 M4Y C2Y - L2[I] Q1 - L1[W] C12 - L0[O] M5 
[  4] STATEMENT: 1000 suboptimal mappings found since the last upgrade, terminating search.
[  2] STATEMENT: 1000 suboptimal mappings found since the last upgrade, terminating search.
[  6] Utilization = 0.89 | pJ/MACC =    9.704 | L5[WIO] Q2 C6 - L4[IO] M5 P16 Q8X - L3[] Q1 C8Y - L2[I] Q1 - L1[W] C5 - L0[O] M16 
[  7] Utilization = 0.89 | pJ/MACC =   12.362 | L5[WIO] Q8 C5 - L4[IO] M4 P16 M4X Q2X - L3[] Q1 C8Y - L2[I] Q1 - L1[W] C6 - L0[O] M5 
[  5] STATEMENT: 1000 suboptimal mappings found since the last upgrade, terminating search.
[  1] STATEMENT: 1000 suboptimal mappings found since the last upgrade, terminating search.
[  0] STATEMENT: 1000 suboptimal mappings found since the last upgrade, terminating search.
[  3] Utilization = 0.89 | pJ/MACC =   10.831 | L5[WIO] Q2 M2 C3 - L4[IO] M2 P16 Q8X - L3[] Q1 C8Y - L2[I] Q1 - L1[W] C10 - L0[O] M20 
[  7] Utilization = 0.89 | pJ/MACC =    9.325 | L5[WIO] Q2 C5 - L4[IO] M4 P16 Q8X - L3[] Q1 C8Y - L2[I] Q1 - L1[W] C6 - L0[O] M20 
[  3] Utilization = 0.89 | pJ/MACC =    9.469 | L5[WIO] Q2 C6 - L4[IO] M4 P16 Q8X - L3[] Q1 M2Y C4Y - L2[I] Q1 - L1[W] C10 - L0[O] M10 
[  6] STATEMENT: 1000 suboptimal mappings found since the last upgrade, terminating search.
[  7] STATEMENT: 1000 suboptimal mappings found since the last upgrade, terminating search.
[  3] STATEMENT: 1000 suboptimal mappings found since the last upgrade, terminating search.
