[  4] Utilization = 0.22 | pJ/MACC =   30.931 | L5[WIO] Q2 M2 - L4[IO] M5 P16 C24 Q8X - L3[] Q1 M2Y - L2[I] Q1 - L1[W] C5 - L0[O] M2 
[  2] Utilization = 0.11 | pJ/MACC =   77.030 | L5[WIO] Q8 C2 - L4[IO] M5 P16 C30 Q2X - L3[] Q1 M4Y - L2[I] Q1 - L1[W] C2 - L0[O] M2 
[  3] Utilization = 0.22 | pJ/MACC =   77.033 | L5[WIO] Q8 C2 - L4[IO] M5 P16 C30 Q2X - L3[] Q1 M4Y C2Y - L2[I] Q1 - L1[W] Q1 - L0[O] M2 
[  5] Utilization = 0.22 | pJ/MACC =   77.033 | L5[WIO] Q8 C2 - L4[IO] M5 P16 C5 Q2X - L3[] Q1 M4Y C2Y - L2[I] Q1 - L1[W] C6 - L0[O] M2 
[  3] Utilization = 0.33 | pJ/MACC =   46.023 | L5[WIO] Q16 M5 C40 - L4[IO] P16 M8X - L3[] Q1 C3Y - L2[I] Q1 - L1[W] Q1 - L0[O] Q1 
[  2] Utilization = 0.22 | pJ/MACC =   21.656 | L5[WIO] Q4 M2 C8 - L4[IO] M5 P16 Q4X - L3[] Q1 M4Y - L2[I] Q1 - L1[W] C15 - L0[O] Q1 
[  6] Utilization = 0.22 | pJ/MACC =   52.762 | L5[WIO] Q4 M2 C8 - L4[IO] M5 P16 C3 Q4X - L3[] Q1 M4Y - L2[I] Q1 - L1[W] C5 - L0[O] Q1 
[  7] Utilization = 0.44 | pJ/MACC =   30.931 | L5[WIO] Q2 M2 - L4[IO] M5 P16 C6 Q8X - L3[] Q1 M2Y C2Y - L2[I] Q1 - L1[W] C10 - L0[O] M2 
[  6] Utilization = 0.22 | pJ/MACC =   35.204 | L5[WIO] Q16 M5 C4 - L4[IO] P16 M8X - L3[] Q1 C2Y - L2[I] Q1 - L1[W] C15 - L0[O] Q1 
[  1] Utilization = 0.22 | pJ/MACC =   56.306 | L5[WIO] Q4 M2 C20 - L4[IO] M5 P16 C6 Q4X - L3[] Q1 M4Y - L2[I] Q1 - L1[W] Q1 - L0[O] Q1 
[  2] Utilization = 0.89 | pJ/MACC =   34.936 | L5[WIO] Q16 M5 C3 - L4[IO] P16 M8X - L3[] Q1 C8Y - L2[I] Q1 - L1[W] C5 - L0[O] Q1 
[  0] Utilization = 0.44 | pJ/MACC =   56.353 | L5[WIO] Q4 M2 C20 - L4[IO] M5 P16 C3 Q4X - L3[] Q1 M4Y C2Y - L2[I] Q1 - L1[W] Q1 - L0[O] Q1 
[  5] Utilization = 0.44 | pJ/MACC =   39.682 | L5[WIO] Q2 M2 C3 - L4[IO] M10 P16 C2 Q8X - L3[] Q1 M2Y C2Y - L2[I] Q1 - L1[W] C10 - L0[O] Q1 
[  1] Utilization = 0.44 | pJ/MACC =  156.023 | L5[WIO] Q16 M5 C3 - L4[IO] P16 C10 M8X - L3[] Q1 C4Y - L2[I] Q1 - L1[W] Q1 - L0[O] Q1 
[  4] Utilization = 0.44 | pJ/MACC =   79.541 | L5[WIO] Q8 C10 - L4[IO] M5 P16 C2 M4X Q2X - L3[] Q1 M2Y C2Y - L2[I] Q1 - L1[W] C3 - L0[O] Q1 
[  0] Utilization = 0.56 | pJ/MACC =   34.921 | L5[WIO] Q16 M5 C3 - L4[IO] P16 M8X - L3[] Q1 C5Y - L2[I] Q1 - L1[W] C8 - L0[O] Q1 
[  7] Utilization = 0.56 | pJ/MACC =  156.028 | L5[WIO] Q16 M5 C3 - L4[IO] P16 C2 M8X - L3[] Q1 C5Y - L2[I] Q1 - L1[W] C4 - L0[O] Q1 
[  6] Utilization = 0.86 | pJ/MACC =   39.692 | L5[WIO] Q2 M2 C3 - L4[IO] M10 P16 C2 Q8X - L3[] Q1 M2Y C4Y - L2[I] Q1 - L1[W] C5 - L0[O] Q1 
[  1] Utilization = 0.44 | pJ/MACC =   79.587 | L5[WIO] Q8 M2 C3 - L4[IO] P16 C5 M2X Q2X - L3[] Q1 M2Y C4Y - L2[I] Q1 - L1[W] C2 - L0[O] M5 
[  0] Utilization = 0.89 | pJ/MACC =   18.480 | L5[WIO] Q8 C10 - L4[IO] M5 P16 M4X Q2X - L3[] Q1 M2Y C4Y - L2[I] Q1 - L1[W] C3 - L0[O] Q1 
[  4] Utilization = 0.56 | pJ/MACC =   13.336 | L5[WIO] Q2 C8 - L4[IO] M2 P16 Q8X - L3[] Q1 C5Y - L2[I] Q1 - L1[W] C3 - L0[O] M20 
[  3] Utilization = 0.33 | pJ/MACC =   13.300 | L5[WIO] Q2 C8 - L4[IO] M2 P16 Q8X - L3[] Q1 C3Y - L2[I] Q1 - L1[W] C5 - L0[O] M20 
[  5] Utilization = 0.67 | pJ/MACC =   79.563 | L5[WIO] Q8 C10 - L4[IO] M5 P16 C2 M4X Q2X - L3[] Q1 M2Y C3Y - L2[I] Q1 - L1[W] C2 - L0[O] Q1 
[  1] Utilization = 0.44 | pJ/MACC =   51.914 | L5[WIO] Q8 M10 C5 - L4[IO] P16 M2X Q2X - L3[] Q1 M2Y C4Y - L2[I] Q1 - L1[W] C6 - L0[O] Q1 
[  7] Utilization = 0.56 | pJ/MACC =   29.442 | L5[WIO] Q2 C8 - L4[IO] M2 P16 C3 Q8X - L3[] Q1 C5Y - L2[I] Q1 - L1[W] Q1 - L0[O] M20 
[  3] Utilization = 0.56 | pJ/MACC =  120.897 | L5[WIO] Q4 M20 C2 - L4[IO] P16 C3 M2X Q4X - L3[] Q1 C5Y - L2[I] Q1 - L1[W] C4 - L0[O] Q1 
[  1] Utilization = 0.67 | pJ/MACC =   27.317 | L5[WIO] Q2 M2 - L4[IO] P16 C8 Q8X - L3[] Q1 M2Y C3Y - L2[I] Q1 - L1[W] C5 - L0[O] M10 
[  6] Utilization = 0.89 | pJ/MACC =   27.317 | L5[WIO] Q2 M2 - L4[IO] P16 C15 Q8X - L3[] Q1 M2Y C4Y - L2[I] Q1 - L1[W] C2 - L0[O] M10 
[  3] Utilization = 0.56 | pJ/MACC =   28.195 | L5[WIO] Q2 M2 - L4[IO] M2 P16 C3 Q8X - L3[] Q1 C5Y - L2[I] Q1 - L1[W] C8 - L0[O] M10 
[  1] Utilization = 0.86 | pJ/MACC =   39.692 | L5[WIO] Q2 M2 C3 - L4[IO] M10 P16 C5 Q8X - L3[] Q1 M2Y C4Y - L2[I] Q1 - L1[W] C2 - L0[O] Q1 
[  5] Utilization = 0.89 | pJ/MACC =   28.195 | L5[WIO] Q2 M2 - L4[IO] M2 P16 C3 Q8X - L3[] Q1 C8Y - L2[I] Q1 - L1[W] C5 - L0[O] M10 
[  3] Utilization = 0.89 | pJ/MACC =   35.466 | L5[WIO] Q2 C30 - L4[IO] P16 C2 Q8X - L3[] Q1 M8Y - L2[I] Q1 - L1[W] C2 - L0[O] M5 
[  7] Utilization = 0.89 | pJ/MACC =   35.322 | L5[WIO] Q2 M5 - L4[IO] M4 P16 C15 Q8X - L3[] Q1 C8Y - L2[I] Q1 - L1[W] Q1 - L0[O] M2 
[  4] Utilization = 0.89 | pJ/MACC =   44.303 | L5[WIO] Q2 M5 C4 - L4[IO] P16 C15 Q8X - L3[] Q1 M8Y - L2[I] Q1 - L1[W] C2 - L0[O] Q1 
[  0] Utilization = 0.89 | pJ/MACC =   16.522 | L5[WIO] Q8 C10 - L4[IO] P16 M4X Q2X - L3[] Q1 M2Y C4Y - L2[I] Q1 - L1[W] C3 - L0[O] M5 
[  2] Utilization = 0.89 | pJ/MACC =   31.233 | L5[WIO] Q2 C2 - L4[IO] M10 P16 C3 Q8X - L3[] Q1 M2Y C4Y - L2[I] Q1 - L1[W] C5 - L0[O] M2 
[  1] Utilization = 0.89 | pJ/MACC =   49.707 | L5[WIO] Q4 M2 C10 - L4[IO] P16 C3 M2X Q4X - L3[] Q1 M2Y C4Y - L2[I] Q1 - L1[W] Q1 - L0[O] M5 
[  3] Utilization = 0.89 | pJ/MACC =   27.640 | L5[WIO] Q2 C2 - L4[IO] M2 P16 C6 Q8X - L3[] Q1 M4Y C2Y - L2[I] Q1 - L1[W] C5 - L0[O] M5 
[  4] Utilization = 0.89 | pJ/MACC =   26.040 | L5[WIO] Q2 M4 C5 - L4[IO] M2 P16 Q8X - L3[] Q1 C8Y - L2[I] Q1 - L1[W] C3 - L0[O] M5 
[  4] Utilization = 0.89 | pJ/MACC =   16.980 | L5[WIO] Q2 M2 C5 - L4[IO] M2 P16 Q8X - L3[] Q1 C8Y - L2[I] Q1 - L1[W] C3 - L0[O] M10 
[  2] Utilization = 0.89 | pJ/MACC =   28.220 | L5[WIO] Q2 - L4[IO] M4 P16 C3 Q8X - L3[] Q1 M2Y C4Y - L2[I] Q1 - L1[W] C10 - L0[O] M5 
[  6] Utilization = 0.89 | pJ/MACC =   16.470 | L5[WIO] Q2 C15 - L4[IO] M4 P16 Q8X - L3[] Q1 C8Y - L2[I] Q1 - L1[W] Q1 - L0[O] M10 
[  4] Utilization = 0.89 | pJ/MACC =   13.566 | L5[WIO] Q4 M5 - L4[IO] P16 M2X Q4X - L3[] Q1 C8Y - L2[I] Q1 - L1[W] C15 - L0[O] M4 
[  6] Utilization = 0.89 | pJ/MACC =   15.579 | L5[WIO] Q2 C15 - L4[IO] M2 P16 Q8X - L3[] Q1 C8Y - L2[I] Q1 - L1[W] Q1 - L0[O] M20 
[  5] Utilization = 0.89 | pJ/MACC =   27.317 | L5[WIO] Q2 - L4[IO] M2 P16 C2 Q8X - L3[] Q1 M2Y C4Y - L2[I] Q1 - L1[W] C15 - L0[O] M10 
[  1] Utilization = 0.89 | pJ/MACC =   28.860 | L5[WIO] Q2 M5 - L4[IO] P16 C30 Q8X - L3[] Q1 M8Y - L2[I] Q1 - L1[W] C4 - L0[O] Q1 
[  7] Utilization = 0.89 | pJ/MACC =   15.456 | L5[WIO] Q2 M2 C3 - L4[IO] P16 Q8X - L3[] Q1 M2Y C4Y - L2[I] Q1 - L1[W] C10 - L0[O] M10 
[  1] Utilization = 0.89 | pJ/MACC =   26.903 | L5[WIO] Q2 - L4[IO] P16 C30 Q8X - L3[] Q1 M8Y - L2[I] Q1 - L1[W] C4 - L0[O] M5 
[  2] Utilization = 0.89 | pJ/MACC =   26.878 | L5[WIO] Q2 - L4[IO] P16 C30 Q8X - L3[] Q1 M4Y C2Y - L2[I] Q1 - L1[W] C2 - L0[O] M10 
[  5] Utilization = 0.89 | pJ/MACC =   26.878 | L5[WIO] Q2 - L4[IO] P16 C5 Q8X - L3[] Q1 M4Y C2Y - L2[I] Q1 - L1[W] C12 - L0[O] M10 
[  2] Utilization = 0.89 | pJ/MACC =   22.313 | L5[WIO] Q2 C40 - L4[IO] P16 Q8X - L3[] Q1 M8Y - L2[I] Q1 - L1[W] C3 - L0[O] M5 
[  1] Utilization = 0.89 | pJ/MACC =   13.447 | L5[WIO] Q4 C5 - L4[IO] M2 P16 M2X Q4X - L3[] Q1 M2Y C4Y - L2[I] Q1 - L1[W] C6 - L0[O] M5 
[  5] Utilization = 0.89 | pJ/MACC =   19.064 | L5[WIO] Q2 C15 - L4[IO] M10 P16 Q8X - L3[] Q1 M2Y C4Y - L2[I] Q1 - L1[W] C2 - L0[O] M2 
[  2] Utilization = 0.89 | pJ/MACC =   12.837 | L5[WIO] Q4 C3 - L4[IO] M2 P16 M2X Q4X - L3[] Q1 C8Y - L2[I] Q1 - L1[W] C5 - L0[O] M10 
[  4] STATEMENT: 1000 suboptimal mappings found since the last upgrade, terminating search.
[  3] STATEMENT: 1000 suboptimal mappings found since the last upgrade, terminating search.
[  0] STATEMENT: 1000 suboptimal mappings found since the last upgrade, terminating search.
[  6] STATEMENT: 1000 suboptimal mappings found since the last upgrade, terminating search.
[  7] STATEMENT: 1000 suboptimal mappings found since the last upgrade, terminating search.
[  1] Utilization = 0.89 | pJ/MACC =   11.970 | L5[WIO] Q2 C5 - L4[IO] P16 Q8X - L3[] Q1 M2Y C4Y - L2[I] Q1 - L1[W] C6 - L0[O] M20 
[  5] STATEMENT: 1000 suboptimal mappings found since the last upgrade, terminating search.
[  2] STATEMENT: 1000 suboptimal mappings found since the last upgrade, terminating search.
[  1] STATEMENT: 1000 suboptimal mappings found since the last upgrade, terminating search.
