[  3] Utilization = 0.04 | pJ/MACC =   39.480 | L5[WIO] Q8 M9 - L4[IO] M8 P8 - L3[] Q1 S3Y - L2[I] Q1 - L1[W] R3 - L0[O] M8 
[  4] Utilization = 0.08 | pJ/MACC =   39.493 | L5[WIO] Q8 M9 - L4[IO] M8 P8 - L3[] Q1 M2Y S3Y - L2[I] Q1 - L1[W] R3 - L0[O] M4 
[  6] Utilization = 0.08 | pJ/MACC =   39.023 | L5[WIO] Q8 M3 - L4[IO] M12 P8 M2X - L3[] Q1 S3Y - L2[I] Q1 - L1[W] R3 - L0[O] M8 
[  3] Utilization = 0.08 | pJ/MACC =   31.789 | L5[WIO] Q4 M96 - L4[IO] P8 Q2X - L3[] Q1 S3Y - L2[I] Q1 - L1[W] R3 - L0[O] M6 
[  0] Utilization = 0.33 | pJ/MACC =   39.062 | L5[WIO] Q8 M9 - L4[IO] M4 P8 M8X - L3[] Q1 S3Y - L2[I] Q1 - L1[W] R3 - L0[O] M2 
[  5] Utilization = 0.25 | pJ/MACC =   31.824 | L5[WIO] Q4 M96 - L4[IO] P8 Q2X - L3[] Q1 M3Y S3Y - L2[I] Q1 - L1[W] R3 - L0[O] M2 
[  7] Utilization = 0.08 | pJ/MACC =   39.493 | L5[WIO] Q8 M9 - L4[IO] M8 P8 M2X - L3[] Q1 S3Y - L2[I] Q1 - L1[W] R3 - L0[O] M4 
[  4] Utilization = 0.17 | pJ/MACC =   31.807 | L5[WIO] Q4 M96 - L4[IO] P8 Q2X - L3[] Q1 M2Y S3Y - L2[I] Q1 - L1[W] R3 - L0[O] M3 
[  2] Utilization = 0.33 | pJ/MACC =   32.487 | L5[WIO] Q4 M6 - L4[IO] M24 P8 M4X Q2X - L3[] Q1 S3Y - L2[I] Q1 - L1[W] R3 - L0[O] Q1 
[  7] Utilization = 0.17 | pJ/MACC =   31.807 | L5[WIO] Q4 M96 - L4[IO] P8 M2X Q2X - L3[] Q1 S3Y - L2[I] Q1 - L1[W] R3 - L0[O] M3 
[  1] Utilization = 0.67 | pJ/MACC =   39.114 | L5[WIO] Q8 M9 - L4[IO] M4 P8 M8X - L3[] Q1 M2Y S3Y - L2[I] Q1 - L1[W] R3 - L0[O] Q1 
[  5] Utilization = 0.33 | pJ/MACC =   28.434 | L5[WIO] Q2 M8 - L4[IO] M18 P8 Q4X - L3[] Q1 M2Y S3Y - L2[I] Q1 - L1[W] R3 - L0[O] M2 
[  3] Utilization = 0.33 | pJ/MACC =   31.036 | L5[WIO] Q4 M6 - L4[IO] M6 P8 M4X Q2X - L3[] Q1 S3Y - L2[I] Q1 - L1[W] R3 - L0[O] M4 
[  6] Utilization = 0.25 | pJ/MACC =   38.607 | L5[WIO] Q8 M2 - L4[IO] M2 P8 M2X - L3[] Q1 M3Y S3Y - L2[I] Q1 - L1[W] R3 - L0[O] M24 
[  0] Utilization = 0.33 | pJ/MACC =   31.976 | L5[WIO] M576 - L4[IO] P8 Q8X - L3[] Q1 S3Y - L2[I] Q1 - L1[W] R3 - L0[O] Q1 
[  6] Utilization = 0.33 | pJ/MACC =   25.480 | L5[WIO] M24 - L4[IO] M3 P8 Q8X - L3[] Q1 S3Y - L2[I] Q1 - L1[W] R3 - L0[O] M8 
[  2] Utilization = 1.00 | pJ/MACC =   38.962 | L5[WIO] Q8 M3 - L4[IO] M8 P8 M8X - L3[] Q1 M3Y S3Y - L2[I] Q1 - L1[W] R3 - L0[O] Q1 
[  0] Utilization = 0.33 | pJ/MACC =   31.036 | L5[WIO] Q4 M6 - L4[IO] M6 P8 M2X Q2X - L3[] Q1 M2Y S3Y - L2[I] Q1 - L1[W] R3 - L0[O] M4 
[  4] Utilization = 0.67 | pJ/MACC =   31.062 | L5[WIO] Q4 M6 - L4[IO] M6 P8 M4X Q2X - L3[] Q1 M2Y S3Y - L2[I] Q1 - L1[W] R3 - L0[O] M2 
[  6] Utilization = 0.67 | pJ/MACC =   28.316 | L5[WIO] M144 - L4[IO] M2 P8 Q8X - L3[] Q1 M2Y S3Y - L2[I] Q1 - L1[W] R3 - L0[O] Q1 
[  5] Utilization = 0.67 | pJ/MACC =   39.114 | L5[WIO] Q8 M2 - L4[IO] M18 P8 M8X - L3[] Q1 M2Y S3Y - L2[I] Q1 - L1[W] R3 - L0[O] Q1 
[  0] Utilization = 0.50 | pJ/MACC =   30.994 | L5[WIO] Q4 M4 - L4[IO] M8 P8 M2X Q2X - L3[] Q1 M3Y S3Y - L2[I] Q1 - L1[W] R3 - L0[O] M3 
[  3] Utilization = 1.00 | pJ/MACC =   30.731 | L5[WIO] Q4 M2 - L4[IO] M6 P8 M4X Q2X - L3[] Q1 M3Y S3Y - L2[I] Q1 - L1[W] R3 - L0[O] M4 
[  7] Utilization = 0.50 | pJ/MACC =   26.658 | L5[WIO] Q2 M2 - L4[IO] M4 P8 Q4X - L3[] Q1 M3Y S3Y - L2[I] Q1 - L1[W] R3 - L0[O] M24 
[  4] Utilization = 0.75 | pJ/MACC =   31.011 | L5[WIO] Q4 M4 - L4[IO] M8 P8 M3X Q2X - L3[] Q1 M3Y S3Y - L2[I] Q1 - L1[W] R3 - L0[O] M2 
[  6] Utilization = 0.75 | pJ/MACC =   31.470 | L5[WIO] Q4 M4 - L4[IO] M16 P8 M3X Q2X - L3[] Q1 M3Y S3Y - L2[I] Q1 - L1[W] R3 - L0[O] Q1 
[  0] Utilization = 0.50 | pJ/MACC =   26.870 | L5[WIO] Q2 M3 - L4[IO] M8 P8 Q4X - L3[] Q1 M3Y S3Y - L2[I] Q1 - L1[W] R3 - L0[O] M8 
[  0] Utilization = 0.67 | pJ/MACC =   26.434 | L5[WIO] M144 - L4[IO] P8 Q8X - L3[] Q1 M2Y S3Y - L2[I] Q1 - L1[W] R3 - L0[O] M2 
[  7] Utilization = 0.67 | pJ/MACC =   25.493 | L5[WIO] M24 - L4[IO] M3 P8 Q8X - L3[] Q1 M2Y S3Y - L2[I] Q1 - L1[W] R3 - L0[O] M4 
[  5] Utilization = 0.67 | pJ/MACC =   26.794 | L5[WIO] Q2 M3 - L4[IO] M6 P8 M2X Q4X - L3[] Q1 M2Y S3Y - L2[I] Q1 - L1[W] R3 - L0[O] M8 
[  3] Utilization = 1.00 | pJ/MACC =   27.214 | L5[WIO] Q2 M48 - L4[IO] P8 M2X Q4X - L3[] Q1 M3Y S3Y - L2[I] Q1 - L1[W] R3 - L0[O] M2 
[  4] Utilization = 0.75 | pJ/MACC =   30.667 | L5[WIO] Q4 M4 - L4[IO] M2 P8 M3X Q2X - L3[] Q1 M3Y S3Y - L2[I] Q1 - L1[W] R3 - L0[O] M8 
[  5] Utilization = 0.67 | pJ/MACC =   24.761 | L5[WIO] M4 - L4[IO] M4 P8 Q8X - L3[] Q1 M2Y S3Y - L2[I] Q1 - L1[W] R3 - L0[O] M18 
[  6] Utilization = 1.00 | pJ/MACC =   24.764 | L5[WIO] M4 - L4[IO] M4 P8 Q8X - L3[] Q1 M3Y S3Y - L2[I] Q1 - L1[W] R3 - L0[O] M12 
[  7] Utilization = 1.00 | pJ/MACC =   24.711 | L5[WIO] M3 - L4[IO] M4 P8 Q8X - L3[] Q1 M3Y S3Y - L2[I] Q1 - L1[W] R3 - L0[O] M16 
[  1] Utilization = 0.67 | pJ/MACC =   28.316 | L5[WIO] M16 - L4[IO] M18 P8 Q8X - L3[] Q1 M2Y S3Y - L2[I] Q1 - L1[W] R3 - L0[O] Q1 
[  0] Utilization = 0.67 | pJ/MACC =   24.970 | L5[WIO] M4 - L4[IO] M8 P8 Q8X - L3[] Q1 M2Y S3Y - L2[I] Q1 - L1[W] R3 - L0[O] M9 
[  4] Utilization = 1.00 | pJ/MACC =   27.214 | L5[WIO] Q2 M6 - L4[IO] M8 P8 M2X Q4X - L3[] Q1 M3Y S3Y - L2[I] Q1 - L1[W] R3 - L0[O] M2 
[  2] Utilization = 1.00 | pJ/MACC =   30.671 | L5[WIO] Q4 M2 - L4[IO] M4 P8 M4X Q2X - L3[] Q1 M3Y S3Y - L2[I] Q1 - L1[W] R3 - L0[O] M6 
[  1] Utilization = 1.00 | pJ/MACC =   38.586 | L5[WIO] Q8 - L4[IO] M2 P8 M8X - L3[] Q1 M3Y S3Y - L2[I] Q1 - L1[W] R3 - L0[O] M12 
[  1] Utilization = 1.00 | pJ/MACC =   24.976 | L5[WIO] M4 - L4[IO] M8 P8 Q8X - L3[] Q1 M3Y S3Y - L2[I] Q1 - L1[W] R3 - L0[O] M6 
[  5] Utilization = 1.00 | pJ/MACC =   25.188 | L5[WIO] M4 - L4[IO] M12 P8 Q8X - L3[] Q1 M3Y S3Y - L2[I] Q1 - L1[W] R3 - L0[O] M4 
[  0] Utilization = 0.75 | pJ/MACC =   30.610 | L5[WIO] Q4 - L4[IO] M4 P8 M3X Q2X - L3[] Q1 M3Y S3Y - L2[I] Q1 - L1[W] R3 - L0[O] M16 
[  3] Utilization = 1.00 | pJ/MACC =   26.663 | L5[WIO] Q2 M2 - L4[IO] M4 P8 M2X Q4X - L3[] Q1 M3Y S3Y - L2[I] Q1 - L1[W] R3 - L0[O] M12 
[  4] Utilization = 1.00 | pJ/MACC =   24.870 | L5[WIO] M3 - L4[IO] M8 P8 Q8X - L3[] Q1 M3Y S3Y - L2[I] Q1 - L1[W] R3 - L0[O] M8 
[  0] Utilization = 1.00 | pJ/MACC =   30.790 | L5[WIO] Q4 - L4[IO] M16 P8 M4X Q2X - L3[] Q1 M3Y S3Y - L2[I] Q1 - L1[W] R3 - L0[O] M3 
[  0] Utilization = 1.00 | pJ/MACC =   27.096 | L5[WIO] M24 - L4[IO] M8 P8 Q8X - L3[] Q1 M3Y S3Y - L2[I] Q1 - L1[W] R3 - L0[O] Q1 
[  1] Utilization = 1.00 | pJ/MACC =   24.870 | L5[WIO] M2 - L4[IO] M12 P8 Q8X - L3[] Q1 M3Y S3Y - L2[I] Q1 - L1[W] R3 - L0[O] M8 
[  0] Utilization = 1.00 | pJ/MACC =   24.870 | L5[WIO] M24 - L4[IO] P8 Q8X - L3[] Q1 M3Y S3Y - L2[I] Q1 - L1[W] R3 - L0[O] M8 
[  4] Utilization = 1.00 | pJ/MACC =   24.440 | L5[WIO] Q8 - L4[IO] P8 M8X - L3[] Q1 M3Y S3Y - L2[I] Q1 - L1[W] R3 - L0[O] M24 
[  2] Utilization = 1.00 | pJ/MACC =   24.711 | L5[WIO] M2 - L4[IO] M6 P8 Q8X - L3[] Q1 M3Y S3Y - L2[I] Q1 - L1[W] R3 - L0[O] M16 
[  3] Utilization = 1.00 | pJ/MACC =   24.870 | L5[WIO] M8 - L4[IO] M3 P8 Q8X - L3[] Q1 M3Y S3Y - L2[I] Q1 - L1[W] R3 - L0[O] M8 
[  3] Utilization = 1.00 | pJ/MACC =   24.658 | L5[WIO] M2 - L4[IO] M4 P8 Q8X - L3[] Q1 M3Y S3Y - L2[I] Q1 - L1[W] R3 - L0[O] M24 
[  5] Utilization = 1.00 | pJ/MACC =   24.658 | L5[WIO] M4 - L4[IO] M2 P8 Q8X - L3[] Q1 M3Y S3Y - L2[I] Q1 - L1[W] R3 - L0[O] M24 
[  6] STATEMENT: 300 suboptimal mappings found since the last upgrade, terminating search.
[  7] STATEMENT: 300 suboptimal mappings found since the last upgrade, terminating search.
[  1] STATEMENT: 300 suboptimal mappings found since the last upgrade, terminating search.
[  4] STATEMENT: 300 suboptimal mappings found since the last upgrade, terminating search.
[  0] STATEMENT: 300 suboptimal mappings found since the last upgrade, terminating search.
[  2] STATEMENT: 300 suboptimal mappings found since the last upgrade, terminating search.
[  3] STATEMENT: 300 suboptimal mappings found since the last upgrade, terminating search.
[  5] STATEMENT: 300 suboptimal mappings found since the last upgrade, terminating search.
