[  3] Utilization = 0.04 | pJ/MACC =   31.601 | L5[WIO] Q16 M32 - L4[IO] M2 P16 - L3[] Q1 S3Y - L2[I] Q1 - L1[W] R3 - L0[O] M6 
[  4] Utilization = 0.33 | pJ/MACC =   30.169 | L5[WIO] Q2 M384 - L4[IO] P16 Q8X - L3[] Q1 S3Y - L2[I] Q1 - L1[W] R3 - L0[O] Q1 
[  5] Utilization = 0.12 | pJ/MACC =   31.633 | L5[WIO] Q16 M32 - L4[IO] M2 P16 - L3[] Q1 M3Y S3Y - L2[I] Q1 - L1[W] R3 - L0[O] M2 
[  6] Utilization = 0.50 | pJ/MACC =   30.528 | L5[WIO] Q16 - L4[IO] M2 P16 M6X - L3[] Q1 M2Y S3Y - L2[I] Q1 - L1[W] R3 - L0[O] M16 
[  7] Utilization = 0.17 | pJ/MACC =   26.629 | L5[WIO] Q8 M8 - L4[IO] P16 M2X Q2X - L3[] Q1 S3Y - L2[I] Q1 - L1[W] R3 - L0[O] M24 
[  0] Utilization = 0.17 | pJ/MACC =   26.629 | L5[WIO] Q8 M2 - L4[IO] M4 P16 Q2X - L3[] Q1 M2Y S3Y - L2[I] Q1 - L1[W] R3 - L0[O] M24 
[  2] Utilization = 0.33 | pJ/MACC =   24.911 | L5[WIO] Q4 M4 - L4[IO] M6 P16 Q4X - L3[] Q1 M2Y S3Y - L2[I] Q1 - L1[W] R3 - L0[O] M8 
[  0] Utilization = 0.25 | pJ/MACC =   31.084 | L5[WIO] Q16 M32 - L4[IO] P16 M6X - L3[] Q1 S3Y - L2[I] Q1 - L1[W] R3 - L0[O] M2 
[  1] Utilization = 0.25 | pJ/MACC =   26.631 | L5[WIO] Q8 M2 - L4[IO] M4 P16 Q2X - L3[] Q1 M3Y S3Y - L2[I] Q1 - L1[W] R3 - L0[O] M16 
[  5] Utilization = 0.33 | pJ/MACC =   27.876 | L5[WIO] Q4 M3 - L4[IO] M64 P16 M2X Q4X - L3[] Q1 S3Y - L2[I] Q1 - L1[W] R3 - L0[O] Q1 
[  0] Utilization = 0.25 | pJ/MACC =   26.774 | L5[WIO] Q8 M8 - L4[IO] M2 P16 M3X Q2X - L3[] Q1 S3Y - L2[I] Q1 - L1[W] R3 - L0[O] M8 
[  1] Utilization = 0.50 | pJ/MACC =   31.131 | L5[WIO] Q16 M32 - L4[IO] P16 M6X - L3[] Q1 M2Y S3Y - L2[I] Q1 - L1[W] R3 - L0[O] Q1 
[  3] Utilization = 0.67 | pJ/MACC =   26.717 | L5[WIO] Q8 M2 - L4[IO] M6 P16 M4X Q2X - L3[] Q1 M2Y S3Y - L2[I] Q1 - L1[W] R3 - L0[O] M4 
[  4] Utilization = 0.50 | pJ/MACC =   24.774 | L5[WIO] Q4 M4 - L4[IO] M4 P16 Q4X - L3[] Q1 M3Y S3Y - L2[I] Q1 - L1[W] R3 - L0[O] M8 
[  7] Utilization = 0.67 | pJ/MACC =   24.923 | L5[WIO] Q4 M4 - L4[IO] M6 P16 M2X Q4X - L3[] Q1 M2Y S3Y - L2[I] Q1 - L1[W] R3 - L0[O] M4 
[  0] Utilization = 0.33 | pJ/MACC =   26.633 | L5[WIO] Q8 M8 - L4[IO] P16 M2X Q2X - L3[] Q1 M2Y S3Y - L2[I] Q1 - L1[W] R3 - L0[O] M12 
[  5] Utilization = 1.00 | pJ/MACC =   25.084 | L5[WIO] Q4 M16 - L4[IO] M2 P16 M2X Q4X - L3[] Q1 M3Y S3Y - L2[I] Q1 - L1[W] R3 - L0[O] M2 
[  7] Utilization = 0.67 | pJ/MACC =   23.770 | L5[WIO] Q2 M4 - L4[IO] M4 P16 Q8X - L3[] Q1 M2Y S3Y - L2[I] Q1 - L1[W] R3 - L0[O] M12 
[  1] Utilization = 0.50 | pJ/MACC =   26.786 | L5[WIO] Q8 M8 - L4[IO] M2 P16 M3X Q2X - L3[] Q1 M2Y S3Y - L2[I] Q1 - L1[W] R3 - L0[O] M4 
[  0] Utilization = 0.50 | pJ/MACC =   26.562 | L5[WIO] Q8 - L4[IO] M4 P16 M3X Q2X - L3[] Q1 M2Y S3Y - L2[I] Q1 - L1[W] R3 - L0[O] M16 
[  1] Utilization = 0.50 | pJ/MACC =   26.637 | L5[WIO] Q8 M8 - L4[IO] P16 M2X Q2X - L3[] Q1 M3Y S3Y - L2[I] Q1 - L1[W] R3 - L0[O] M8 
[  1] Utilization = 0.67 | pJ/MACC =   30.994 | L5[WIO] Q16 M8 - L4[IO] M3 P16 M8X - L3[] Q1 M2Y S3Y - L2[I] Q1 - L1[W] R3 - L0[O] Q1 
[  4] Utilization = 0.67 | pJ/MACC =   25.068 | L5[WIO] Q4 M16 - L4[IO] M2 P16 M2X Q4X - L3[] Q1 M2Y S3Y - L2[I] Q1 - L1[W] R3 - L0[O] M3 
[  6] Utilization = 0.67 | pJ/MACC =   26.564 | L5[WIO] Q8 - L4[IO] M4 P16 M4X Q2X - L3[] Q1 M2Y S3Y - L2[I] Q1 - L1[W] R3 - L0[O] M12 
[  2] Utilization = 0.50 | pJ/MACC =   27.680 | L5[WIO] Q8 M8 - L4[IO] M8 P16 M3X Q2X - L3[] Q1 M2Y S3Y - L2[I] Q1 - L1[W] R3 - L0[O] Q1 
[  0] Utilization = 0.67 | pJ/MACC =   24.778 | L5[WIO] Q4 M16 - L4[IO] P16 M2X Q4X - L3[] Q1 M2Y S3Y - L2[I] Q1 - L1[W] R3 - L0[O] M6 
[  4] Utilization = 1.00 | pJ/MACC =   30.672 | L5[WIO] Q16 M8 - L4[IO] P16 M8X - L3[] Q1 M3Y S3Y - L2[I] Q1 - L1[W] R3 - L0[O] M2 
[  1] Utilization = 0.67 | pJ/MACC =   24.597 | L5[WIO] Q4 M3 - L4[IO] M2 P16 M2X Q4X - L3[] Q1 M2Y S3Y - L2[I] Q1 - L1[W] R3 - L0[O] M16 
[  2] Utilization = 1.00 | pJ/MACC =   25.778 | L5[WIO] Q2 M8 - L4[IO] M16 P16 Q8X - L3[] Q1 M3Y S3Y - L2[I] Q1 - L1[W] R3 - L0[O] Q1 
[  1] Utilization = 1.00 | pJ/MACC =   24.786 | L5[WIO] Q4 M16 - L4[IO] P16 M2X Q4X - L3[] Q1 M3Y S3Y - L2[I] Q1 - L1[W] R3 - L0[O] M4 
[  7] Utilization = 1.00 | pJ/MACC =   26.568 | L5[WIO] Q8 - L4[IO] M4 P16 M4X Q2X - L3[] Q1 M3Y S3Y - L2[I] Q1 - L1[W] R3 - L0[O] M8 
[  0] Utilization = 0.67 | pJ/MACC =   24.335 | L5[WIO] Q2 M3 - L4[IO] M16 P16 Q8X - L3[] Q1 M2Y S3Y - L2[I] Q1 - L1[W] R3 - L0[O] M4 
[  3] Utilization = 1.00 | pJ/MACC =   24.060 | L5[WIO] Q2 M16 - L4[IO] M2 P16 Q8X - L3[] Q1 M3Y S3Y - L2[I] Q1 - L1[W] R3 - L0[O] M4 
[  6] Utilization = 0.67 | pJ/MACC =   23.770 | L5[WIO] Q2 M2 - L4[IO] M8 P16 Q8X - L3[] Q1 M2Y S3Y - L2[I] Q1 - L1[W] R3 - L0[O] M12 
[  4] Utilization = 1.00 | pJ/MACC =   24.786 | L5[WIO] Q4 M4 - L4[IO] M4 P16 M2X Q4X - L3[] Q1 M3Y S3Y - L2[I] Q1 - L1[W] R3 - L0[O] M4 
[  7] Utilization = 1.00 | pJ/MACC =   23.774 | L5[WIO] Q2 M2 - L4[IO] M8 P16 Q8X - L3[] Q1 M3Y S3Y - L2[I] Q1 - L1[W] R3 - L0[O] M8 
[  5] Utilization = 1.00 | pJ/MACC =   24.637 | L5[WIO] Q4 M2 - L4[IO] M4 P16 M2X Q4X - L3[] Q1 M3Y S3Y - L2[I] Q1 - L1[W] R3 - L0[O] M8 
[  0] Utilization = 1.00 | pJ/MACC =   26.649 | L5[WIO] Q8 M2 - L4[IO] M4 P16 M4X Q2X - L3[] Q1 M3Y S3Y - L2[I] Q1 - L1[W] R3 - L0[O] M4 
[  6] Utilization = 1.00 | pJ/MACC =   30.672 | L5[WIO] Q16 M2 - L4[IO] M4 P16 M8X - L3[] Q1 M3Y S3Y - L2[I] Q1 - L1[W] R3 - L0[O] M2 
[  2] Utilization = 1.00 | pJ/MACC =   25.680 | L5[WIO] Q4 M8 - L4[IO] M8 P16 M2X Q4X - L3[] Q1 M3Y S3Y - L2[I] Q1 - L1[W] R3 - L0[O] Q1 
[  6] Utilization = 1.00 | pJ/MACC =   26.809 | L5[WIO] Q8 M8 - L4[IO] M2 P16 M4X Q2X - L3[] Q1 M3Y S3Y - L2[I] Q1 - L1[W] R3 - L0[O] M2 
[  6] Utilization = 1.00 | pJ/MACC =   24.060 | L5[WIO] Q2 M4 - L4[IO] M8 P16 Q8X - L3[] Q1 M3Y S3Y - L2[I] Q1 - L1[W] R3 - L0[O] M4 
[  3] Utilization = 1.00 | pJ/MACC =   23.631 | L5[WIO] Q2 - L4[IO] M8 P16 Q8X - L3[] Q1 M3Y S3Y - L2[I] Q1 - L1[W] R3 - L0[O] M16 
[  2] Utilization = 1.00 | pJ/MACC =   23.774 | L5[WIO] Q2 M8 - L4[IO] M2 P16 Q8X - L3[] Q1 M3Y S3Y - L2[I] Q1 - L1[W] R3 - L0[O] M8 
[  5] Utilization = 1.00 | pJ/MACC =   23.774 | L5[WIO] Q2 M16 - L4[IO] P16 Q8X - L3[] Q1 M3Y S3Y - L2[I] Q1 - L1[W] R3 - L0[O] M8 
[  6] Utilization = 1.00 | pJ/MACC =   23.631 | L5[WIO] Q2 M4 - L4[IO] M2 P16 Q8X - L3[] Q1 M3Y S3Y - L2[I] Q1 - L1[W] R3 - L0[O] M16 
[  0] Utilization = 1.00 | pJ/MACC =   23.774 | L5[WIO] Q2 M4 - L4[IO] M4 P16 Q8X - L3[] Q1 M3Y S3Y - L2[I] Q1 - L1[W] R3 - L0[O] M8 
[  7] Utilization = 1.00 | pJ/MACC =   23.631 | L5[WIO] Q2 M2 - L4[IO] M4 P16 Q8X - L3[] Q1 M3Y S3Y - L2[I] Q1 - L1[W] R3 - L0[O] M16 
[  5] Utilization = 1.00 | pJ/MACC =   23.631 | L5[WIO] Q2 M8 - L4[IO] P16 Q8X - L3[] Q1 M3Y S3Y - L2[I] Q1 - L1[W] R3 - L0[O] M16 
[  1] Utilization = 1.00 | pJ/MACC =   24.562 | L5[WIO] Q4 - L4[IO] M4 P16 M2X Q4X - L3[] Q1 M3Y S3Y - L2[I] Q1 - L1[W] R3 - L0[O] M16 
[  4] STATEMENT: 300 suboptimal mappings found since the last upgrade, terminating search.
[  1] Utilization = 1.00 | pJ/MACC =   23.774 | L5[WIO] Q2 - L4[IO] M16 P16 Q8X - L3[] Q1 M3Y S3Y - L2[I] Q1 - L1[W] R3 - L0[O] M8 
[  2] STATEMENT: 300 suboptimal mappings found since the last upgrade, terminating search.
[  3] STATEMENT: 300 suboptimal mappings found since the last upgrade, terminating search.
[  1] Utilization = 1.00 | pJ/MACC =   22.942 | L5[WIO] Q16 - L4[IO] P16 M8X - L3[] Q1 M3Y S3Y - L2[I] Q1 - L1[W] R3 - L0[O] M16 
[  0] STATEMENT: 300 suboptimal mappings found since the last upgrade, terminating search.
[  7] STATEMENT: 300 suboptimal mappings found since the last upgrade, terminating search.
[  6] STATEMENT: 300 suboptimal mappings found since the last upgrade, terminating search.
[  5] STATEMENT: 300 suboptimal mappings found since the last upgrade, terminating search.
[  1] STATEMENT: 300 suboptimal mappings found since the last upgrade, terminating search.
