[  3] Utilization = 0.25 | pJ/MACC =   80.618 | L5[WIO] Q4 C286 - L4[IO] M8 P2 C3 Q4X - L3[] Q1 P8Y - L2[I] Q1 - L1[W] P2 - L0[O] Q2 
[  5] Utilization = 0.25 | pJ/MACC =   81.607 | L5[WIO] C6 Q4 - L4[IO] C143 M8 P2 Q4X - L3[] Q1 P8Y - L2[I] Q1 - L1[W] P2 - L0[O] Q2 
[  4] Utilization = 0.27 | pJ/MACC =  216.767 | L5[WIO] M4 Q2 C286 P2 - L4[IO] C3 Q4X - L3[] Q1 P8Y - L2[I] Q1 - L1[W] P2 - L0[O] Q4 M2 
[  6] Utilization = 0.33 | pJ/MACC =  125.486 | L5[WIO] Q2 P2 M4 C6 - L4[IO] C143 Q4X - L3[] Q1 P8Y - L2[I] Q1 - L1[W] P2 - L0[O] Q4 M2 
[  5] Utilization = 0.25 | pJ/MACC =   80.618 | L5[WIO] Q4 C6 - L4[IO] P2 M8 C143 Q4X - L3[] Q1 P8Y - L2[I] Q1 - L1[W] P2 - L0[O] Q2 
[  1] Utilization = 0.37 | pJ/MACC =  184.999 | L5[WIO] M8 Q16 - L4[IO] C286 Q2X C3X - L3[] Q1 P8Y - L2[I] Q1 - L1[W] P4 - L0[O] Q1 
[  7] Utilization = 0.50 | pJ/MACC =   46.065 | L5[WIO] Q16 C13 - L4[IO] C33 M8 Q2X C2X - L3[] Q1 P8Y - L2[I] Q1 - L1[W] P4 - L0[O] Q1 
[  6] Utilization = 0.33 | pJ/MACC =   72.036 | L5[WIO] P2 Q2 C6 M4 - L4[IO] C143 Q4X - L3[] Q1 P8Y - L2[I] Q1 - L1[W] P2 - L0[O] Q4 M2 
[  0] Utilization = 0.33 | pJ/MACC =   74.278 | L5[WIO] C13 Q2 M4 - L4[IO] Q2 C66 Q4X - L3[] Q1 P8Y - L2[I] Q1 - L1[W] P4 - L0[O] Q2 M2 
[  4] Utilization = 0.33 | pJ/MACC =  125.486 | L5[WIO] Q2 P2 M4 C286 - L4[IO] C3 Q4X - L3[] Q1 P8Y - L2[I] Q1 - L1[W] P2 - L0[O] Q4 M2 
[  2] Utilization = 0.80 | pJ/MACC =   46.289 | L5[WIO] Q2 P2 C143 - L4[IO] P2 C3 Q2 M4 Q4X C2X - L3[] Q1 P8Y - L2[I] Q1 - L1[W] Q1 - L0[O] Q2 M2 
[  5] Utilization = 0.44 | pJ/MACC =   63.869 | L5[WIO] Q4 C6 - L4[IO] P2 C143 M8 Q4X - L3[] Q1 P8Y - L2[I] Q1 - L1[W] P2 - L0[O] Q2 
[  3] Utilization = 0.34 | pJ/MACC =  155.150 | L5[WIO] C286 Q4 - L4[IO] C3 P2 M8 Q4X - L3[] Q1 P8Y - L2[I] Q1 - L1[W] P2 - L0[O] Q2 
[  1] Utilization = 0.50 | pJ/MACC =   49.489 | L5[WIO] Q4 C286 - L4[IO] Q2 P4 M4 C3 Q4X - L3[] Q1 P8Y - L2[I] Q1 - L1[W] Q1 - L0[O] M2 
[  4] Utilization = 0.33 | pJ/MACC =  161.716 | L5[WIO] Q2 C286 P2 M4 - L4[IO] C3 Q4X - L3[] Q1 P8Y - L2[I] Q1 - L1[W] P2 - L0[O] Q4 M2 
[  0] Utilization = 0.33 | pJ/MACC =   73.972 | L5[WIO] C13 Q2 M4 - L4[IO] C66 Q2 Q4X - L3[] Q1 P8Y - L2[I] Q1 - L1[W] P4 - L0[O] Q2 M2 
[  3] Utilization = 0.39 | pJ/MACC =  110.573 | L5[WIO] P2 C143 Q2 - L4[IO] C6 Q2 P2 M4 Q4X - L3[] Q1 P8Y - L2[I] Q1 - L1[W] Q1 - L0[O] Q2 M2 
[  7] Utilization = 0.75 | pJ/MACC =   70.414 | L5[WIO] M2 C11 Q32 - L4[IO] P2 C26 M4 C3X P2X - L3[] Q1 P8Y - L2[I] Q1 - L1[W] Q1 - L0[O] Q1 
[  3] Utilization = 0.50 | pJ/MACC =   86.214 | L5[WIO] P2 C143 Q2 - L4[IO] P2 Q2 M4 C6 Q4X - L3[] Q1 P8Y - L2[I] Q1 - L1[W] Q1 - L0[O] Q2 M2 
[  0] Utilization = 0.40 | pJ/MACC =   84.612 | L5[WIO] P2 M2 Q2 C429 - L4[IO] C2 Q2 M2 Q4X - L3[] Q1 P8Y - L2[I] Q1 - L1[W] P2 - L0[O] Q2 M2 
[  6] Utilization = 0.75 | pJ/MACC =   39.796 | L5[WIO] Q16 C13 - L4[IO] C22 M8 Q2X C3X - L3[] Q1 P8Y - L2[I] Q1 - L1[W] P4 - L0[O] Q1 
[  7] Utilization = 0.75 | pJ/MACC =   52.064 | L5[WIO] C11 Q32 M2 - L4[IO] P2 C26 M4 C3X P2X - L3[] Q1 P8Y - L2[I] Q1 - L1[W] Q1 - L0[O] Q1 
[  5] Utilization = 0.50 | pJ/MACC =   43.793 | L5[WIO] C33 Q16 M2 - L4[IO] P2 C26 Q2X P2X - L3[] Q1 P8Y - L2[I] Q1 - L1[W] Q1 - L0[O] M4 
[  3] Utilization = 0.50 | pJ/MACC =   40.734 | L5[WIO] P2 Q2 C143 - L4[IO] Q2 P2 M4 C6 Q4X - L3[] Q1 P8Y - L2[I] Q1 - L1[W] Q1 - L0[O] Q2 M2 
[  4] Utilization = 0.33 | pJ/MACC =   90.947 | L5[WIO] C66 Q2 M4 - L4[IO] C13 Q2 Q4X - L3[] Q1 P8Y - L2[I] Q1 - L1[W] P4 - L0[O] Q2 M2 
[  1] Utilization = 0.50 | pJ/MACC =   41.243 | L5[WIO] C26 Q16 M2 - L4[IO] P2 C33 Q2X P2X - L3[] Q1 P8Y - L2[I] Q1 - L1[W] Q1 - L0[O] M4 
[  4] Utilization = 0.38 | pJ/MACC =   80.957 | L5[WIO] M2 C26 Q2 - L4[IO] C11 M4 P2 Q2X C3X - L3[] Q1 P8Y - L2[I] Q1 - L1[W] P2 - L0[O] Q8 
[  4] Utilization = 0.38 | pJ/MACC =   62.885 | L5[WIO] C26 Q2 M2 - L4[IO] P2 M4 C11 Q2X C3X - L3[] Q1 P8Y - L2[I] Q1 - L1[W] P2 - L0[O] Q8 
[  3] Utilization = 0.50 | pJ/MACC =   37.139 | L5[WIO] Q4 C6 - L4[IO] M4 P4 Q2 C143 Q4X - L3[] Q1 P8Y - L2[I] Q1 - L1[W] Q1 - L0[O] M2 
[  4] Utilization = 0.75 | pJ/MACC =   58.872 | L5[WIO] M2 Q2 C26 - L4[IO] P2 C11 M4 Q2X C3X - L3[] Q1 P8Y - L2[I] Q1 - L1[W] P2 - L0[O] Q8 
[  0] Utilization = 0.50 | pJ/MACC =   68.840 | L5[WIO] M2 Q32 - L4[IO] P2 M4 C286 C3X P2X - L3[] Q1 P8Y - L2[I] Q1 - L1[W] Q1 - L0[O] Q1 
[  0] Utilization = 0.75 | pJ/MACC =   67.212 | L5[WIO] M2 Q32 - L4[IO] P2 C286 M4 C3X P2X - L3[] Q1 P8Y - L2[I] Q1 - L1[W] Q1 - L0[O] Q1 
[  0] Utilization = 0.75 | pJ/MACC =   48.861 | L5[WIO] Q32 M2 - L4[IO] P2 C286 M4 C3X P2X - L3[] Q1 P8Y - L2[I] Q1 - L1[W] Q1 - L0[O] Q1 
[  4] Utilization = 0.75 | pJ/MACC =   48.528 | L5[WIO] C26 Q2 M2 - L4[IO] C11 P2 M4 Q2X C3X - L3[] Q1 P8Y - L2[I] Q1 - L1[W] P2 - L0[O] Q8 
[  4] Utilization = 1.00 | pJ/MACC =   62.153 | L5[WIO] M2 C33 Q16 - L4[IO] P2 C13 Q2X C2X P2X - L3[] Q1 P8Y - L2[I] Q1 - L1[W] Q1 - L0[O] M4 
[  1] Utilization = 0.75 | pJ/MACC =   48.915 | L5[WIO] C22 Q2 - L4[IO] C13 Q8 M2 P2 C3X P2X - L3[] Q1 P8Y - L2[I] Q1 - L1[W] Q1 - L0[O] Q2 M4 
[  1] Utilization = 0.75 | pJ/MACC =   42.020 | L5[WIO] Q2 C22 - L4[IO] P2 Q8 C13 M2 C3X P2X - L3[] Q1 P8Y - L2[I] Q1 - L1[W] Q1 - L0[O] Q2 M4 
[  4] Utilization = 1.00 | pJ/MACC =   51.904 | L5[WIO] Q16 M2 C33 - L4[IO] P2 C13 Q2X C2X P2X - L3[] Q1 P8Y - L2[I] Q1 - L1[W] Q1 - L0[O] M4 
[  1] Utilization = 0.75 | pJ/MACC =   40.521 | L5[WIO] Q2 C22 - L4[IO] C13 P2 M2 Q8 C3X P2X - L3[] Q1 P8Y - L2[I] Q1 - L1[W] Q1 - L0[O] Q2 M4 
[  5] Utilization = 0.50 | pJ/MACC =   33.372 | L5[WIO] Q2 C39 - L4[IO] Q8 P2 M2 C11 C2X P2X - L3[] Q1 P8Y - L2[I] Q1 - L1[W] Q1 - L0[O] Q2 M4 
[  1] Utilization = 0.75 | pJ/MACC =   39.349 | L5[WIO] C22 Q2 - L4[IO] P2 Q8 M2 C13 C3X P2X - L3[] Q1 P8Y - L2[I] Q1 - L1[W] Q1 - L0[O] Q2 M4 
[  0] Utilization = 0.75 | pJ/MACC =   42.020 | L5[WIO] Q2 P2 C26 - L4[IO] Q8 C11 M8 Q2X C3X - L3[] Q1 P8Y - L2[I] Q1 - L1[W] P2 - L0[O] Q1 
[  1] Utilization = 0.75 | pJ/MACC =   32.623 | L5[WIO] Q2 C22 - L4[IO] Q8 P2 M2 C13 C3X P2X - L3[] Q1 P8Y - L2[I] Q1 - L1[W] Q1 - L0[O] Q2 M4 
[  5] Utilization = 1.00 | pJ/MACC =   50.159 | L5[WIO] M2 C39 - L4[IO] P2 Q8 C22 Q4X P2X - L3[] Q1 P8Y - L2[I] Q1 - L1[W] Q1 - L0[O] M4 
[  3] Utilization = 0.60 | pJ/MACC =  143.753 | L5[WIO] C143 M4 Q2 - L4[IO] P2 Q8 C3 Q2X C2X P2X - L3[] Q1 P8Y - L2[I] Q1 - L1[W] Q1 - L0[O] M2 
[  5] Utilization = 1.00 | pJ/MACC =   43.980 | L5[WIO] C39 M2 - L4[IO] P2 Q8 C22 Q4X P2X - L3[] Q1 P8Y - L2[I] Q1 - L1[W] Q1 - L0[O] M4 
[  3] Utilization = 0.75 | pJ/MACC =   88.701 | L5[WIO] Q2 C143 M4 - L4[IO] P2 Q8 C3 Q2X C2X P2X - L3[] Q1 P8Y - L2[I] Q1 - L1[W] Q1 - L0[O] M2 
[  1] Utilization = 1.00 | pJ/MACC =   49.410 | L5[WIO] M2 C22 - L4[IO] P2 Q8 C39 Q4X P2X - L3[] Q1 P8Y - L2[I] Q1 - L1[W] Q1 - L0[O] M4 
[  1] Utilization = 1.00 | pJ/MACC =   37.785 | L5[WIO] C22 M2 - L4[IO] P2 Q8 C39 Q4X P2X - L3[] Q1 P8Y - L2[I] Q1 - L1[W] Q1 - L0[O] M4 
[  3] Utilization = 0.98 | pJ/MACC =   53.710 | L5[WIO] M2 P2 C11 - L4[IO] P2 Q4 M2 C78 Q8X - L3[] Q1 P8Y - L2[I] Q1 - L1[W] Q1 - L0[O] M2 
[  3] Utilization = 0.98 | pJ/MACC =   38.562 | L5[WIO] P2 C11 M2 - L4[IO] M2 P2 Q4 C78 Q8X - L3[] Q1 P8Y - L2[I] Q1 - L1[W] Q1 - L0[O] M2 
[  7] Utilization = 0.75 | pJ/MACC =   56.538 | L5[WIO] Q2 C33 P4 - L4[IO] C13 Q2 M2 Q4X C2X - L3[] Q1 P8Y - L2[I] Q1 - L1[W] Q1 - L0[O] Q2 M4 
[  7] Utilization = 1.00 | pJ/MACC =   41.354 | L5[WIO] C33 P4 Q2 - L4[IO] M2 Q2 C13 Q4X C2X - L3[] Q1 P8Y - L2[I] Q1 - L1[W] Q1 - L0[O] Q2 M4 
[  7] Utilization = 1.00 | pJ/MACC =   31.105 | L5[WIO] P4 Q2 C33 - L4[IO] Q2 M2 C13 Q4X C2X - L3[] Q1 P8Y - L2[I] Q1 - L1[W] Q1 - L0[O] Q2 M4 
[  6] Utilization = 0.75 | pJ/MACC =   35.528 | L5[WIO] P4 Q4 C143 - L4[IO] Q2 M4 C6X - L3[] Q1 P8Y - L2[I] Q1 - L1[W] Q1 - L0[O] Q4 M2 
[  2] Utilization = 1.00 | pJ/MACC =   30.414 | L5[WIO] P4 C3 Q4 - L4[IO] M2 C143 Q4X C2X - L3[] Q1 P8Y - L2[I] Q1 - L1[W] Q1 - L0[O] Q2 M4 
[  2] Utilization = 1.00 | pJ/MACC =   29.774 | L5[WIO] Q4 P4 C3 - L4[IO] M2 C143 Q4X C2X - L3[] Q1 P8Y - L2[I] Q1 - L1[W] Q1 - L0[O] Q2 M4 
[  0] Utilization = 0.75 | pJ/MACC =   33.416 | L5[WIO] Q2 P4 C143 - L4[IO] Q2 M8 C6X - L3[] Q1 P8Y - L2[I] Q1 - L1[W] Q1 - L0[O] Q8 
[  0] Utilization = 0.80 | pJ/MACC =   44.453 | L5[WIO] C39 - L4[IO] P2 Q2 C11 M8 Q2X C2X P2X - L3[] Q1 P8Y - L2[I] Q1 - L1[W] Q1 - L0[O] Q8 
[  6] Utilization = 0.78 | pJ/MACC =   48.908 | L5[WIO] C13 Q4 - L4[IO] C33 P2 M2 Q4X C2X - L3[] Q1 P8Y - L2[I] Q1 - L1[W] P2 - L0[O] Q2 M4 
[  6] Utilization = 0.80 | pJ/MACC =   45.065 | L5[WIO] Q4 C13 - L4[IO] P2 C33 M2 Q4X C2X - L3[] Q1 P8Y - L2[I] Q1 - L1[W] P2 - L0[O] Q2 M4 
[  0] Utilization = 1.00 | pJ/MACC =   28.666 | L5[WIO] Q4 C22 - L4[IO] Q4 C39 Q2X P4X - L3[] Q1 P8Y - L2[I] Q1 - L1[W] Q1 - L0[O] M8 
[  5] Utilization = 1.00 | pJ/MACC =   34.506 | L5[WIO] C13 P2 Q4 M2 - L4[IO] P2 C66 Q8X - L3[] Q1 P8Y - L2[I] Q1 - L1[W] Q1 - L0[O] M4 
[  4] Utilization = 1.00 | pJ/MACC =   29.416 | L5[WIO] Q4 C39 - L4[IO] Q4 C22 Q2X P4X - L3[] Q1 P8Y - L2[I] Q1 - L1[W] Q1 - L0[O] M8 
[  4] Utilization = 1.00 | pJ/MACC =   28.666 | L5[WIO] Q4 C22 - L4[IO] P2 Q2 C39 Q4X P2X - L3[] Q1 P8Y - L2[I] Q1 - L1[W] Q1 - L0[O] M8 
[  3] Utilization = 1.00 | pJ/MACC =   60.882 | L5[WIO] C39 M2 P4 - L4[IO] Q2 C22 Q8X - L3[] Q1 P8Y - L2[I] Q1 - L1[W] Q1 - L0[O] Q2 M4 
[  3] Utilization = 1.00 | pJ/MACC =   48.711 | L5[WIO] M2 P4 C39 - L4[IO] Q2 C22 Q8X - L3[] Q1 P8Y - L2[I] Q1 - L1[W] Q1 - L0[O] Q2 M4 
[  3] Utilization = 1.00 | pJ/MACC =   42.532 | L5[WIO] C39 P4 M2 - L4[IO] Q2 C22 Q8X - L3[] Q1 P8Y - L2[I] Q1 - L1[W] Q1 - L0[O] Q2 M4 
[  7] Utilization = 1.00 | pJ/MACC =   28.181 | L5[WIO] P2 C11 - L4[IO] Q8 C78 Q4X P2X - L3[] Q1 P8Y - L2[I] Q1 - L1[W] Q1 - L0[O] M8 
[  6] Utilization = 1.00 | pJ/MACC =   87.798 | L5[WIO] P2 M4 Q2 C286 - L4[IO] C3 Q4X P2X - L3[] Q1 P8Y - L2[I] Q1 - L1[W] Q1 - L0[O] Q4 M2 
[  6] Utilization = 1.00 | pJ/MACC =   43.542 | L5[WIO] Q4 P2 C39 M2 - L4[IO] Q2 C11 Q2X C2X P2X - L3[] Q1 P8Y - L2[I] Q1 - L1[W] Q1 - L0[O] Q2 M4 
[  1] STATEMENT: 1000 suboptimal mappings found since the last upgrade, terminating search.
[  2] STATEMENT: 1000 suboptimal mappings found since the last upgrade, terminating search.
[  0] STATEMENT: 1000 suboptimal mappings found since the last upgrade, terminating search.
[  5] Utilization = 1.00 | pJ/MACC =   30.221 | L5[WIO] Q4 P2 C3 - L4[IO] Q2 M2 C286 Q4X P2X - L3[] Q1 P8Y - L2[I] Q1 - L1[W] Q1 - L0[O] M4 
[  6] Utilization = 1.00 | pJ/MACC =   30.273 | L5[WIO] Q2 C13 - L4[IO] Q8 P2 C33 Q2X C2X P2X - L3[] Q1 P8Y - L2[I] Q1 - L1[W] Q1 - L0[O] M8 
[  4] STATEMENT: 1000 suboptimal mappings found since the last upgrade, terminating search.
[  3] STATEMENT: 1000 suboptimal mappings found since the last upgrade, terminating search.
[  7] STATEMENT: 1000 suboptimal mappings found since the last upgrade, terminating search.
[  5] STATEMENT: 1000 suboptimal mappings found since the last upgrade, terminating search.
[  6] STATEMENT: 1000 suboptimal mappings found since the last upgrade, terminating search.
