[  5] Utilization = 0.06 | pJ/MACC =  145.003 | L5[WIO] Q8 M6 C18 - L4[IO] P8 C16 M2X - L3[] Q1 M2Y - L2[I] Q1 - L1[W] C2 - L0[O] M4 
[  7] Utilization = 0.11 | pJ/MACC =   32.031 | L5[WIO] Q4 C288 - L4[IO] P8 M2X Q2X - L3[] Q1 M2Y - L2[I] Q1 - L1[W] C2 - L0[O] M24 
[  1] Utilization = 0.44 | pJ/MACC =   27.637 | L5[WIO] M6 C48 - L4[IO] M8 P8 Q8X - L3[] Q1 C4Y - L2[I] Q1 - L1[W] C3 - L0[O] M2 
[  2] Utilization = 0.22 | pJ/MACC =   71.470 | L5[WIO] Q4 C2 - L4[IO] P8 C24 M2X Q2X - L3[] Q1 M2Y C2Y - L2[I] Q1 - L1[W] C6 - L0[O] M24 
[  6] Utilization = 0.11 | pJ/MACC =  145.011 | L5[WIO] Q8 M6 C18 - L4[IO] P8 C16 M2X - L3[] Q1 M2Y C2Y - L2[I] Q1 - L1[W] Q1 - L0[O] M4 
[  0] Utilization = 0.22 | pJ/MACC =  145.029 | L5[WIO] Q8 M6 C18 - L4[IO] P8 C4 M2X - L3[] Q1 M2Y C4Y - L2[I] Q1 - L1[W] C2 - L0[O] M4 
[  4] Utilization = 0.44 | pJ/MACC =   71.471 | L5[WIO] Q4 C2 - L4[IO] P8 C24 M2X Q2X - L3[] Q1 M2Y C4Y - L2[I] Q1 - L1[W] C3 - L0[O] M24 
[  5] Utilization = 0.22 | pJ/MACC =   42.621 | L5[WIO] M6 C48 - L4[IO] M8 P8 C2 Q8X - L3[] Q1 C2Y - L2[I] Q1 - L1[W] C3 - L0[O] M2 
[  0] Utilization = 0.33 | pJ/MACC =   27.613 | L5[WIO] M6 C48 - L4[IO] M8 P8 Q8X - L3[] Q1 C3Y - L2[I] Q1 - L1[W] C4 - L0[O] M2 
[  2] Utilization = 0.67 | pJ/MACC =   27.687 | L5[WIO] M6 C48 - L4[IO] M8 P8 Q8X - L3[] Q1 C6Y - L2[I] Q1 - L1[W] C2 - L0[O] M2 
[  6] Utilization = 0.33 | pJ/MACC =   42.645 | L5[WIO] M6 C48 - L4[IO] M8 P8 C2 Q8X - L3[] Q1 C3Y - L2[I] Q1 - L1[W] C2 - L0[O] M2 
[  3] Utilization = 0.33 | pJ/MACC =   71.471 | L5[WIO] Q4 C2 - L4[IO] P8 C24 M2X Q2X - L3[] Q1 M2Y C3Y - L2[I] Q1 - L1[W] C4 - L0[O] M24 
[  1] Utilization = 0.67 | pJ/MACC =   25.620 | L5[WIO] M2 C9 - L4[IO] P8 C32 Q8X - L3[] Q1 M6Y - L2[I] Q1 - L1[W] C2 - L0[O] M8 
[  7] Utilization = 0.67 | pJ/MACC =   42.719 | L5[WIO] M6 C48 - L4[IO] M8 P8 C2 Q8X - L3[] Q1 C6Y - L2[I] Q1 - L1[W] Q1 - L0[O] M2 
[  5] Utilization = 0.67 | pJ/MACC =   33.726 | L5[WIO] C72 - L4[IO] M32 P8 C4 Q8X - L3[] Q1 M3Y C2Y - L2[I] Q1 - L1[W] Q1 - L0[O] Q1 
[  6] Utilization = 0.33 | pJ/MACC =   33.689 | L5[WIO] C72 - L4[IO] M32 P8 C8 Q8X - L3[] Q1 M3Y - L2[I] Q1 - L1[W] Q1 - L0[O] Q1 
[  4] Utilization = 0.50 | pJ/MACC =   77.729 | L5[WIO] Q4 M4 C8 - L4[IO] M2 P8 C8 M2X Q2X - L3[] Q1 C9Y - L2[I] Q1 - L1[W] Q1 - L0[O] M6 
[  0] Utilization = 0.44 | pJ/MACC =   39.607 | L5[WIO] C192 - L4[IO] M24 P8 C3 Q8X - L3[] Q1 M4Y - L2[I] Q1 - L1[W] Q1 - L0[O] Q1 
[  6] Utilization = 0.67 | pJ/MACC =   29.004 | L5[WIO] M2 C64 - L4[IO] P8 C3 Q8X - L3[] Q1 M6Y - L2[I] Q1 - L1[W] C3 - L0[O] M8 
[  3] Utilization = 0.67 | pJ/MACC =   13.971 | L5[WIO] M2 C64 - L4[IO] P8 Q8X - L3[] Q1 M6Y - L2[I] Q1 - L1[W] C9 - L0[O] M8 
[  6] Utilization = 0.89 | pJ/MACC =   44.847 | L5[WIO] M12 C6 - L4[IO] M2 P8 C6 Q8X - L3[] Q1 M4Y C2Y - L2[I] Q1 - L1[W] C8 - L0[O] Q1 
[  4] Utilization = 0.67 | pJ/MACC =  136.015 | L5[WIO] Q8 C9 - L4[IO] P8 C4 M6X - L3[] Q1 M8Y - L2[I] Q1 - L1[W] C16 - L0[O] M2 
[  7] Utilization = 1.00 | pJ/MACC =   25.550 | L5[WIO] M2 C8 - L4[IO] P8 C2 Q8X - L3[] Q1 M3Y C3Y - L2[I] Q1 - L1[W] C12 - L0[O] M16 
[  3] Utilization = 0.75 | pJ/MACC =  138.393 | L5[WIO] Q8 M8 - L4[IO] M2 P8 C16 M6X - L3[] Q1 C9Y - L2[I] Q1 - L1[W] C4 - L0[O] Q1 
[  5] Utilization = 0.67 | pJ/MACC =   28.001 | L5[WIO] C72 - L4[IO] M2 P8 C4 Q8X - L3[] Q1 M3Y C2Y - L2[I] Q1 - L1[W] Q1 - L0[O] M16 
[  4] Utilization = 0.89 | pJ/MACC =   44.931 | L5[WIO] Q2 C72 - L4[IO] M6 P8 C4 M2X Q4X - L3[] Q1 M8Y - L2[I] Q1 - L1[W] C2 - L0[O] Q1 
[  1] Utilization = 0.89 | pJ/MACC =   71.058 | L5[WIO] Q2 M16 C2 - L4[IO] M3 P8 C3 M2X Q4X - L3[] Q1 C8Y - L2[I] Q1 - L1[W] C12 - L0[O] Q1 
[  5] Utilization = 0.89 | pJ/MACC =   33.833 | L5[WIO] M4 C3 - L4[IO] M8 P8 C24 Q8X - L3[] Q1 C8Y - L2[I] Q1 - L1[W] Q1 - L0[O] M3 
[  0] Utilization = 0.67 | pJ/MACC =   40.245 | L5[WIO] M8 C6 - L4[IO] M4 P8 C16 Q8X - L3[] Q1 M3Y C2Y - L2[I] Q1 - L1[W] C3 - L0[O] Q1 
[  4] Utilization = 0.89 | pJ/MACC =   25.180 | L5[WIO] M2 C2 - L4[IO] P8 C48 Q8X - L3[] Q1 M4Y C2Y - L2[I] Q1 - L1[W] C3 - L0[O] M12 
[  1] Utilization = 0.89 | pJ/MACC =   44.931 | L5[WIO] Q2 C72 - L4[IO] M6 P8 C2 M2X Q4X - L3[] Q1 M8Y - L2[I] Q1 - L1[W] C4 - L0[O] Q1 
[  1] Utilization = 0.89 | pJ/MACC =   25.536 | L5[WIO] M6 - L4[IO] M2 P8 C24 Q8X - L3[] Q1 M4Y C2Y - L2[I] Q1 - L1[W] C12 - L0[O] M2 
[  4] Utilization = 1.00 | pJ/MACC =   40.248 | L5[WIO] M8 C6 - L4[IO] M4 P8 C32 Q8X - L3[] Q1 M3Y C3Y - L2[I] Q1 - L1[W] Q1 - L0[O] Q1 
[  2] Utilization = 1.00 | pJ/MACC =   42.320 | L5[WIO] Q2 M2 C8 - L4[IO] M3 P8 C4 M2X Q4X - L3[] Q1 C9Y - L2[I] Q1 - L1[W] C2 - L0[O] M8 
[  1] Utilization = 1.00 | pJ/MACC =   40.248 | L5[WIO] M8 C6 - L4[IO] M4 P8 C16 Q8X - L3[] Q1 M3Y C3Y - L2[I] Q1 - L1[W] C2 - L0[O] Q1 
[  0] Utilization = 0.76 | pJ/MACC =   29.052 | L5[WIO] M2 C288 - L4[IO] M4 P8 Q8X - L3[] Q1 M4Y C2Y - L2[I] Q1 - L1[W] Q1 - L0[O] M3 
[  3] Utilization = 1.00 | pJ/MACC =   21.134 | L5[WIO] Q4 M4 C12 - L4[IO] M2 P8 M4X Q2X - L3[] Q1 M3Y C3Y - L2[I] Q1 - L1[W] C16 - L0[O] Q1 
[  6] Utilization = 0.89 | pJ/MACC =   42.482 | L5[WIO] Q2 C16 - L4[IO] M12 P8 C9 M2X Q4X - L3[] Q1 M2Y C4Y - L2[I] Q1 - L1[W] Q1 - L0[O] M2 
[  0] Utilization = 0.89 | pJ/MACC =   75.975 | L5[WIO] Q4 M3 C9 - L4[IO] M2 P8 C2 M4X Q2X - L3[] Q1 M2Y C4Y - L2[I] Q1 - L1[W] C8 - L0[O] M2 
[  5] Utilization = 1.00 | pJ/MACC =   28.532 | L5[WIO] Q8 M4 C16 - L4[IO] P8 M8X - L3[] Q1 C9Y - L2[I] Q1 - L1[W] C4 - L0[O] M3 
[  0] Utilization = 0.89 | pJ/MACC =   26.394 | L5[WIO] M8 C72 - L4[IO] M2 P8 Q8X - L3[] Q1 C8Y - L2[I] Q1 - L1[W] Q1 - L0[O] M6 
[  0] Utilization = 1.00 | pJ/MACC =   28.652 | L5[WIO] M4 C3 - L4[IO] P8 C8 Q8X - L3[] Q1 M3Y C3Y - L2[I] Q1 - L1[W] C8 - L0[O] M8 
[  2] Utilization = 1.00 | pJ/MACC =   26.268 | L5[WIO] M16 - L4[IO] P8 C24 Q8X - L3[] Q1 M3Y C3Y - L2[I] Q1 - L1[W] C8 - L0[O] M2 
[  6] Utilization = 0.89 | pJ/MACC =   23.849 | L5[WIO] C8 - L4[IO] P8 C36 Q8X - L3[] Q1 M8Y - L2[I] Q1 - L1[W] C2 - L0[O] M12 
[  6] Utilization = 1.00 | pJ/MACC =  154.406 | L5[WIO] Q8 M12 C2 - L4[IO] P8 C8 M8X - L3[] Q1 C9Y - L2[I] Q1 - L1[W] C4 - L0[O] Q1 
[  4] Utilization = 1.00 | pJ/MACC =   40.009 | L5[WIO] Q2 M2 - L4[IO] M2 P8 C32 M2X Q4X - L3[] Q1 M3Y C3Y - L2[I] Q1 - L1[W] C6 - L0[O] M4 
[  6] Utilization = 1.00 | pJ/MACC =  140.645 | L5[WIO] Q8 M4 C2 - L4[IO] P8 C8 M8X - L3[] Q1 C9Y - L2[I] Q1 - L1[W] C4 - L0[O] M3 
[  4] Utilization = 1.00 | pJ/MACC =   17.302 | L5[WIO] Q2 C64 - L4[IO] M16 P8 M2X Q4X - L3[] Q1 M3Y C3Y - L2[I] Q1 - L1[W] C3 - L0[O] Q1 
[  5] Utilization = 1.00 | pJ/MACC =   25.557 | L5[WIO] M2 C2 - L4[IO] M2 P8 C48 Q8X - L3[] Q1 M3Y C3Y - L2[I] Q1 - L1[W] C2 - L0[O] M8 
[  4] Utilization = 1.00 | pJ/MACC =   14.933 | L5[WIO] M4 C24 - L4[IO] P8 Q8X - L3[] Q1 M3Y C3Y - L2[I] Q1 - L1[W] C8 - L0[O] M8 
[  1] Utilization = 1.00 | pJ/MACC =   39.726 | L5[WIO] Q2 C6 - L4[IO] P8 C16 M2X Q4X - L3[] Q1 M3Y C3Y - L2[I] Q1 - L1[W] C2 - L0[O] M16 
[  6] Utilization = 1.00 | pJ/MACC =   28.714 | L5[WIO] M4 C4 - L4[IO] P8 C16 Q8X - L3[] Q1 M3Y C3Y - L2[I] Q1 - L1[W] C3 - L0[O] M8 
[  2] Utilization = 1.00 | pJ/MACC =   23.366 | L5[WIO] Q8 C16 - L4[IO] P8 M8X - L3[] Q1 M3Y C3Y - L2[I] Q1 - L1[W] C12 - L0[O] M4 
[  0] Utilization = 1.00 | pJ/MACC =   17.645 | L5[WIO] M4 C8 - L4[IO] M6 P8 Q8X - L3[] Q1 C9Y - L2[I] Q1 - L1[W] C8 - L0[O] M4 
[  4] Utilization = 1.00 | pJ/MACC =   13.963 | L5[WIO] M2 C32 - L4[IO] M6 P8 Q8X - L3[] Q1 C9Y - L2[I] Q1 - L1[W] C2 - L0[O] M8 
[  5] Utilization = 1.00 | pJ/MACC =   19.361 | L5[WIO] Q4 M3 C16 - L4[IO] M2 P8 M4X Q2X - L3[] Q1 C9Y - L2[I] Q1 - L1[W] C4 - L0[O] M4 
[  6] Utilization = 1.00 | pJ/MACC =   26.681 | L5[WIO] C32 - L4[IO] M8 P8 C6 Q8X - L3[] Q1 M3Y C3Y - L2[I] Q1 - L1[W] Q1 - L0[O] M4 
[  1] Utilization = 1.00 | pJ/MACC =   19.022 | L5[WIO] Q4 C4 - L4[IO] M24 P8 M4X Q2X - L3[] Q1 C9Y - L2[I] Q1 - L1[W] C16 - L0[O] Q1 
[  1] Utilization = 1.00 | pJ/MACC =   11.885 | L5[WIO] Q2 C4 - L4[IO] M8 P8 M2X Q4X - L3[] Q1 C9Y - L2[I] Q1 - L1[W] C16 - L0[O] M6 
[  5] Utilization = 1.00 | pJ/MACC =   11.395 | L5[WIO] C16 - L4[IO] M12 P8 Q8X - L3[] Q1 C9Y - L2[I] Q1 - L1[W] C4 - L0[O] M8 
[  3] STATEMENT: 1000 suboptimal mappings found since the last upgrade, terminating search.
[  7] STATEMENT: 1000 suboptimal mappings found since the last upgrade, terminating search.
[  0] STATEMENT: 1000 suboptimal mappings found since the last upgrade, terminating search.
[  2] STATEMENT: 1000 suboptimal mappings found since the last upgrade, terminating search.
[  4] STATEMENT: 1000 suboptimal mappings found since the last upgrade, terminating search.
[  6] STATEMENT: 1000 suboptimal mappings found since the last upgrade, terminating search.
[  1] STATEMENT: 1000 suboptimal mappings found since the last upgrade, terminating search.
[  5] STATEMENT: 1000 suboptimal mappings found since the last upgrade, terminating search.
