[  2] Utilization = 0.33 | pJ/MACC =    9.301 | L5[WIO] Q4 C16 - L4[IO] M4 P16 Q4X - L3[] Q1 M2Y C3Y - L2[I] Q1 - L1[W] C14 - L0[O] M14 
[  1] Utilization = 0.22 | pJ/MACC =   74.769 | L5[WIO] Q8 M2 C42 - L4[IO] P16 C16 M2X Q2X - L3[] Q1 M4Y - L2[I] Q1 - L1[W] Q1 - L0[O] M7 
[  7] Utilization = 0.22 | pJ/MACC =   71.603 | L5[WIO] Q8 M2 - L4[IO] M2 P16 C56 M2X Q2X - L3[] Q1 C4Y - L2[I] Q1 - L1[W] C3 - L0[O] M14 
[  3] Utilization = 0.44 | pJ/MACC =   12.564 | L5[WIO] Q8 M2 C21 - L4[IO] P16 M2X Q2X - L3[] Q1 M4Y C2Y - L2[I] Q1 - L1[W] C16 - L0[O] M7 
[  4] Utilization = 0.22 | pJ/MACC =   74.090 | L5[WIO] Q8 C14 - L4[IO] M14 P16 C3 M4X Q2X - L3[] Q1 M2Y - L2[I] Q1 - L1[W] C16 - L0[O] Q1 
[  1] Utilization = 0.44 | pJ/MACC =   82.266 | L5[WIO] Q8 M7 C42 - L4[IO] P16 C16 M2X Q2X - L3[] Q1 M8Y - L2[I] Q1 - L1[W] Q1 - L0[O] Q1 
[  0] Utilization = 0.44 | pJ/MACC =   74.787 | L5[WIO] Q8 M2 C42 - L4[IO] P16 C8 M2X Q2X - L3[] Q1 M4Y C2Y - L2[I] Q1 - L1[W] Q1 - L0[O] M7 
[  5] Utilization = 0.44 | pJ/MACC =   74.096 | L5[WIO] Q8 C14 - L4[IO] M14 P16 C3 M4X Q2X - L3[] Q1 M2Y C2Y - L2[I] Q1 - L1[W] C8 - L0[O] Q1 
[  4] Utilization = 0.44 | pJ/MACC =   42.675 | L5[WIO] Q2 M14 C12 - L4[IO] P16 C2 Q8X - L3[] Q1 C4Y - L2[I] Q1 - L1[W] C7 - L0[O] M8 
[  0] Utilization = 0.44 | pJ/MACC =   71.603 | L5[WIO] Q8 M2 - L4[IO] M2 P16 C12 M2X Q2X - L3[] Q1 C8Y - L2[I] Q1 - L1[W] C7 - L0[O] M14 
[  6] Utilization = 0.89 | pJ/MACC =   74.107 | L5[WIO] Q8 C14 - L4[IO] M14 P16 C3 M4X Q2X - L3[] Q1 M2Y C4Y - L2[I] Q1 - L1[W] C4 - L0[O] Q1 
[  5] Utilization = 0.78 | pJ/MACC =   42.690 | L5[WIO] Q2 M14 C12 - L4[IO] P16 C2 Q8X - L3[] Q1 C7Y - L2[I] Q1 - L1[W] C4 - L0[O] M8 
[  7] Utilization = 0.44 | pJ/MACC =   71.397 | L5[WIO] Q8 C3 - L4[IO] M2 P16 C56 M2X Q2X - L3[] Q1 M2Y C4Y - L2[I] Q1 - L1[W] Q1 - L0[O] M14 
[  1] Utilization = 0.78 | pJ/MACC =   58.367 | L5[WIO] Q4 M8 C168 - L4[IO] P16 C4 M2X Q4X - L3[] Q1 M7Y - L2[I] Q1 - L1[W] Q1 - L0[O] Q1 
[  4] Utilization = 0.89 | pJ/MACC =   58.224 | L5[WIO] Q4 M14 C3 - L4[IO] P16 C7 M2X Q4X - L3[] Q1 C8Y - L2[I] Q1 - L1[W] C4 - L0[O] M4 
[  0] Utilization = 0.78 | pJ/MACC =  136.394 | L5[WIO] Q16 C2 - L4[IO] M8 P16 C3 M7X - L3[] Q1 C8Y - L2[I] Q1 - L1[W] C14 - L0[O] M2 
[  2] Utilization = 0.44 | pJ/MACC =   82.158 | L5[WIO] Q8 M7 C21 - L4[IO] M2 P16 C2 M4X Q2X - L3[] Q1 C4Y - L2[I] Q1 - L1[W] C4 - L0[O] M2 
[  6] Utilization = 0.89 | pJ/MACC =   26.786 | L5[WIO] Q2 M2 C6 - L4[IO] M7 P16 C2 Q8X - L3[] Q1 M2Y C4Y - L2[I] Q1 - L1[W] C14 - L0[O] M4 
[  3] Utilization = 0.89 | pJ/MACC =   82.194 | L5[WIO] Q8 M7 C21 - L4[IO] M2 P16 C2 M4X Q2X - L3[] Q1 C8Y - L2[I] Q1 - L1[W] C2 - L0[O] M2 
[  7] Utilization = 0.44 | pJ/MACC =   53.360 | L5[WIO] Q4 M28 C28 - L4[IO] M2 P16 Q4X - L3[] Q1 C8Y - L2[I] Q1 - L1[W] C3 - L0[O] M2 
[  2] Utilization = 0.78 | pJ/MACC =  137.718 | L5[WIO] Q16 M8 - L4[IO] M2 P16 C28 M7X - L3[] Q1 C8Y - L2[I] Q1 - L1[W] C3 - L0[O] Q1 
[  7] Utilization = 0.44 | pJ/MACC =   41.408 | L5[WIO] Q2 M8 C7 - L4[IO] M7 P16 C3 Q8X - L3[] Q1 M2Y C2Y - L2[I] Q1 - L1[W] C16 - L0[O] Q1 
[  2] Utilization = 0.89 | pJ/MACC =   28.304 | L5[WIO] Q2 C56 - L4[IO] M14 P16 C3 Q8X - L3[] Q1 M8Y - L2[I] Q1 - L1[W] C4 - L0[O] Q1 
[  6] Utilization = 0.89 | pJ/MACC =   11.687 | L5[WIO] Q2 C42 - L4[IO] M16 P16 Q8X - L3[] Q1 C8Y - L2[I] Q1 - L1[W] C2 - L0[O] M7 
[  7] Utilization = 0.89 | pJ/MACC =   28.304 | L5[WIO] Q2 C56 - L4[IO] M14 P16 C6 Q8X - L3[] Q1 M8Y - L2[I] Q1 - L1[W] C2 - L0[O] Q1 
[  0] Utilization = 0.78 | pJ/MACC =   16.790 | L5[WIO] Q16 C48 - L4[IO] M2 P16 M7X - L3[] Q1 M4Y C2Y - L2[I] Q1 - L1[W] C7 - L0[O] M2 
[  5] Utilization = 0.89 | pJ/MACC =   46.589 | L5[WIO] Q2 M14 C84 - L4[IO] P16 C2 Q8X - L3[] Q1 M4Y C2Y - L2[I] Q1 - L1[W] C2 - L0[O] M2 
[  6] Utilization = 0.89 | pJ/MACC =   11.129 | L5[WIO] Q8 C12 - L4[IO] M4 P16 M4X Q2X - L3[] Q1 C8Y - L2[I] Q1 - L1[W] C7 - L0[O] M7 
[  1] Utilization = 0.89 | pJ/MACC =   30.482 | L5[WIO] Q2 M14 C84 - L4[IO] P16 Q8X - L3[] Q1 M4Y C2Y - L2[I] Q1 - L1[W] C4 - L0[O] M2 
[  5] Utilization = 0.89 | pJ/MACC =   28.304 | L5[WIO] Q2 C56 - L4[IO] M14 P16 C4 Q8X - L3[] Q1 M8Y - L2[I] Q1 - L1[W] C3 - L0[O] Q1 
[  5] Utilization = 0.89 | pJ/MACC =   23.873 | L5[WIO] Q2 C6 - L4[IO] M4 P16 C7 Q8X - L3[] Q1 M2Y C4Y - L2[I] Q1 - L1[W] C4 - L0[O] M14 
[  3] Utilization = 0.89 | pJ/MACC =   27.043 | L5[WIO] Q2 C56 - L4[IO] M7 P16 C3 Q8X - L3[] Q1 M4Y C2Y - L2[I] Q1 - L1[W] C2 - L0[O] M4 
[  0] Utilization = 0.84 | pJ/MACC =   49.880 | L5[WIO] Q2 M14 C21 - L4[IO] M4 P16 C4 Q8X - L3[] Q1 C8Y - L2[I] Q1 - L1[W] Q1 - L0[O] M2 
[  0] Utilization = 0.89 | pJ/MACC =   80.196 | L5[WIO] Q8 M7 C6 - L4[IO] P16 C2 M4X Q2X - L3[] Q1 C8Y - L2[I] Q1 - L1[W] C7 - L0[O] M4 
[  0] Utilization = 0.89 | pJ/MACC =   11.672 | L5[WIO] Q2 C48 - L4[IO] M14 P16 Q8X - L3[] Q1 M4Y C2Y - L2[I] Q1 - L1[W] C7 - L0[O] M2 
[  3] Utilization = 0.89 | pJ/MACC =   24.565 | L5[WIO] Q2 C7 - L4[IO] M8 P16 C12 Q8X - L3[] Q1 C8Y - L2[I] Q1 - L1[W] Q1 - L0[O] M14 
[  2] Utilization = 0.89 | pJ/MACC =   10.685 | L5[WIO] Q2 M2 C24 - L4[IO] M4 P16 Q8X - L3[] Q1 M2Y C4Y - L2[I] Q1 - L1[W] C7 - L0[O] M7 
[  3] Utilization = 0.89 | pJ/MACC =   11.362 | L5[WIO] Q4 C21 - L4[IO] M14 P16 M2X Q4X - L3[] Q1 M4Y C2Y - L2[I] Q1 - L1[W] C16 - L0[O] Q1 
[  1] Utilization = 0.89 | pJ/MACC =   23.711 | L5[WIO] Q2 C3 - L4[IO] M4 P16 C8 Q8X - L3[] Q1 M2Y C4Y - L2[I] Q1 - L1[W] C7 - L0[O] M14 
[  7] Utilization = 0.89 | pJ/MACC =   23.711 | L5[WIO] Q2 C3 - L4[IO] M4 P16 C56 Q8X - L3[] Q1 M2Y C4Y - L2[I] Q1 - L1[W] Q1 - L0[O] M14 
[  5] Utilization = 0.89 | pJ/MACC =   15.143 | L5[WIO] Q16 C21 - L4[IO] P16 M8X - L3[] Q1 C8Y - L2[I] Q1 - L1[W] C4 - L0[O] M14 
[  1] Utilization = 0.89 | pJ/MACC =   16.011 | L5[WIO] Q4 M2 C84 - L4[IO] M7 P16 M2X Q4X - L3[] Q1 M4Y C2Y - L2[I] Q1 - L1[W] C4 - L0[O] Q1 
[  7] Utilization = 0.89 | pJ/MACC =   17.948 | L5[WIO] Q2 M8 C14 - L4[IO] P16 Q8X - L3[] Q1 C8Y - L2[I] Q1 - L1[W] C6 - L0[O] M14 
[  4] Utilization = 0.89 | pJ/MACC =   42.274 | L5[WIO] Q2 M14 C4 - L4[IO] P16 C21 Q8X - L3[] Q1 M2Y C4Y - L2[I] Q1 - L1[W] C2 - L0[O] M4 
[  4] Utilization = 0.89 | pJ/MACC =   41.298 | L5[WIO] Q4 M2 C14 - L4[IO] P16 C8 M2X Q4X - L3[] Q1 M4Y C2Y - L2[I] Q1 - L1[W] C3 - L0[O] M7 
[  4] Utilization = 0.89 | pJ/MACC =   27.866 | L5[WIO] Q2 C6 - L4[IO] M28 P16 C7 Q8X - L3[] Q1 M4Y C2Y - L2[I] Q1 - L1[W] C8 - L0[O] Q1 
[  4] Utilization = 0.89 | pJ/MACC =   17.405 | L5[WIO] Q4 M7 C12 - L4[IO] P16 M2X Q4X - L3[] Q1 M2Y C4Y - L2[I] Q1 - L1[W] C14 - L0[O] M4 
[  5] Utilization = 0.89 | pJ/MACC =   11.327 | L5[WIO] Q2 C42 - L4[IO] M14 P16 Q8X - L3[] Q1 M2Y C4Y - L2[I] Q1 - L1[W] C4 - L0[O] M4 
[  7] Utilization = 0.89 | pJ/MACC =   12.540 | L5[WIO] Q8 M2 C14 - L4[IO] M2 P16 M4X Q2X - L3[] Q1 C8Y - L2[I] Q1 - L1[W] C6 - L0[O] M7 
[  7] Utilization = 0.89 | pJ/MACC =   10.932 | L5[WIO] Q2 M2 C28 - L4[IO] M4 P16 Q8X - L3[] Q1 C8Y - L2[I] Q1 - L1[W] C3 - L0[O] M14 
[  7] Utilization = 0.89 | pJ/MACC =   10.005 | L5[WIO] Q4 C28 - L4[IO] M4 P16 M2X Q4X - L3[] Q1 C8Y - L2[I] Q1 - L1[W] C3 - L0[O] M14 
[  1] Utilization = 0.89 | pJ/MACC =    9.706 | L5[WIO] Q2 M2 C24 - L4[IO] P16 Q8X - L3[] Q1 M4Y C2Y - L2[I] Q1 - L1[W] C14 - L0[O] M14 
[  4] Utilization = 0.89 | pJ/MACC =   10.381 | L5[WIO] Q4 C42 - L4[IO] M2 P16 M2X Q4X - L3[] Q1 M4Y C2Y - L2[I] Q1 - L1[W] C8 - L0[O] M7 
[  0] STATEMENT: 1000 suboptimal mappings found since the last upgrade, terminating search.
[  3] STATEMENT: 1000 suboptimal mappings found since the last upgrade, terminating search.
[  6] STATEMENT: 1000 suboptimal mappings found since the last upgrade, terminating search.
[  5] Utilization = 0.89 | pJ/MACC =   10.570 | L5[WIO] Q2 C28 - L4[IO] M14 P16 Q8X - L3[] Q1 M2Y C4Y - L2[I] Q1 - L1[W] C6 - L0[O] M4 
[  2] STATEMENT: 1000 suboptimal mappings found since the last upgrade, terminating search.
[  4] Utilization = 0.89 | pJ/MACC =    9.391 | L5[WIO] Q2 M2 C12 - L4[IO] M2 P16 Q8X - L3[] Q1 M2Y C4Y - L2[I] Q1 - L1[W] C14 - L0[O] M14 
[  7] STATEMENT: 1000 suboptimal mappings found since the last upgrade, terminating search.
[  1] STATEMENT: 1000 suboptimal mappings found since the last upgrade, terminating search.
[  5] STATEMENT: 1000 suboptimal mappings found since the last upgrade, terminating search.
[  4] STATEMENT: 1000 suboptimal mappings found since the last upgrade, terminating search.
