[  4] Utilization = 0.12 | pJ/MACC =   27.033 | L5[WIO] Q32 - L4[IO] M8 P32 - L3[] Q1 M3Y S3Y - L2[I] Q1 - L1[W] R3 - L0[O] M4 
[  3] Utilization = 0.08 | pJ/MACC =   27.025 | L5[WIO] Q32 - L4[IO] M8 P32 - L3[] Q1 M2Y S3Y - L2[I] Q1 - L1[W] R3 - L0[O] M6 
[  4] Utilization = 0.17 | pJ/MACC =   24.634 | L5[WIO] Q16 - L4[IO] M2 P32 M2X Q2X - L3[] Q1 S3Y - L2[I] Q1 - L1[W] R3 - L0[O] M24 
[  0] Utilization = 0.17 | pJ/MACC =   24.699 | L5[WIO] Q16 - L4[IO] M3 P32 M2X Q2X - L3[] Q1 S3Y - L2[I] Q1 - L1[W] R3 - L0[O] M16 
[  5] Utilization = 0.33 | pJ/MACC =   24.638 | L5[WIO] Q16 - L4[IO] M2 P32 M2X Q2X - L3[] Q1 M2Y S3Y - L2[I] Q1 - L1[W] R3 - L0[O] M12 
[  6] Utilization = 0.33 | pJ/MACC =   26.091 | L5[WIO] Q4 M2 - L4[IO] M24 P32 Q8X - L3[] Q1 S3Y - L2[I] Q1 - L1[W] R3 - L0[O] M2 
[  1] Utilization = 0.33 | pJ/MACC =   23.775 | L5[WIO] Q4 M2 - L4[IO] M6 P32 Q8X - L3[] Q1 S3Y - L2[I] Q1 - L1[W] R3 - L0[O] M8 
[  4] Utilization = 0.33 | pJ/MACC =   24.547 | L5[WIO] Q4 M12 - L4[IO] M2 P32 Q8X - L3[] Q1 S3Y - L2[I] Q1 - L1[W] R3 - L0[O] M4 
[  0] Utilization = 0.25 | pJ/MACC =   27.607 | L5[WIO] Q32 - L4[IO] M16 P32 M3X - L3[] Q1 M2Y S3Y - L2[I] Q1 - L1[W] R3 - L0[O] Q1 
[  2] Utilization = 0.67 | pJ/MACC =   23.786 | L5[WIO] Q4 M2 - L4[IO] M6 P32 Q8X - L3[] Q1 M2Y S3Y - L2[I] Q1 - L1[W] R3 - L0[O] M4 
[  5] Utilization = 0.67 | pJ/MACC =   24.570 | L5[WIO] Q4 M12 - L4[IO] M2 P32 Q8X - L3[] Q1 M2Y S3Y - L2[I] Q1 - L1[W] R3 - L0[O] M2 
[  7] Utilization = 0.67 | pJ/MACC =   26.136 | L5[WIO] Q4 M2 - L4[IO] M24 P32 Q8X - L3[] Q1 M2Y S3Y - L2[I] Q1 - L1[W] R3 - L0[O] Q1 
[  3] Utilization = 0.67 | pJ/MACC =   26.136 | L5[WIO] Q4 M12 - L4[IO] M4 P32 Q8X - L3[] Q1 M2Y S3Y - L2[I] Q1 - L1[W] R3 - L0[O] Q1 
[  6] Utilization = 0.33 | pJ/MACC =   24.705 | L5[WIO] Q16 - L4[IO] M3 P32 M4X Q2X - L3[] Q1 S3Y - L2[I] Q1 - L1[W] R3 - L0[O] M8 
[  0] Utilization = 0.33 | pJ/MACC =   23.699 | L5[WIO] Q8 M3 - L4[IO] P32 Q4X - L3[] Q1 M2Y S3Y - L2[I] Q1 - L1[W] R3 - L0[O] M16 
[  7] Utilization = 0.67 | pJ/MACC =   24.716 | L5[WIO] Q16 - L4[IO] M3 P32 M4X Q2X - L3[] Q1 M2Y S3Y - L2[I] Q1 - L1[W] R3 - L0[O] M4 
[  6] Utilization = 0.50 | pJ/MACC =   24.641 | L5[WIO] Q16 - L4[IO] M2 P32 M2X Q2X - L3[] Q1 M3Y S3Y - L2[I] Q1 - L1[W] R3 - L0[O] M8 
[  5] Utilization = 1.00 | pJ/MACC =   24.607 | L5[WIO] Q8 M16 - L4[IO] P32 M2X Q4X - L3[] Q1 M3Y S3Y - L2[I] Q1 - L1[W] R3 - L0[O] Q1 
[  4] Utilization = 1.00 | pJ/MACC =   25.099 | L5[WIO] Q16 M2 - L4[IO] M4 P32 M4X Q2X - L3[] Q1 M3Y S3Y - L2[I] Q1 - L1[W] R3 - L0[O] Q1 
[  0] Utilization = 0.67 | pJ/MACC =   24.570 | L5[WIO] Q4 M2 - L4[IO] M12 P32 Q8X - L3[] Q1 M2Y S3Y - L2[I] Q1 - L1[W] R3 - L0[O] M2 
[  2] Utilization = 1.00 | pJ/MACC =   25.099 | L5[WIO] Q16 M8 - L4[IO] P32 M4X Q2X - L3[] Q1 M3Y S3Y - L2[I] Q1 - L1[W] R3 - L0[O] Q1 
[  3] Utilization = 0.67 | pJ/MACC =   23.786 | L5[WIO] Q4 M12 - L4[IO] P32 Q8X - L3[] Q1 M2Y S3Y - L2[I] Q1 - L1[W] R3 - L0[O] M4 
[  7] Utilization = 1.00 | pJ/MACC =   24.607 | L5[WIO] Q8 M8 - L4[IO] M2 P32 M2X Q4X - L3[] Q1 M3Y S3Y - L2[I] Q1 - L1[W] R3 - L0[O] Q1 
[  6] Utilization = 1.00 | pJ/MACC =   24.607 | L5[WIO] Q8 - L4[IO] M16 P32 M2X Q4X - L3[] Q1 M3Y S3Y - L2[I] Q1 - L1[W] R3 - L0[O] Q1 
[  0] Utilization = 1.00 | pJ/MACC =   24.055 | L5[WIO] Q8 M8 - L4[IO] P32 M2X Q4X - L3[] Q1 M3Y S3Y - L2[I] Q1 - L1[W] R3 - L0[O] M2 
[  1] Utilization = 0.67 | pJ/MACC =   23.906 | L5[WIO] Q8 M2 - L4[IO] M3 P32 M2X Q4X - L3[] Q1 M2Y S3Y - L2[I] Q1 - L1[W] R3 - L0[O] M4 
[  5] Utilization = 1.00 | pJ/MACC =   22.678 | L5[WIO] Q32 - L4[IO] P32 M8X - L3[] Q1 M3Y S3Y - L2[I] Q1 - L1[W] R3 - L0[O] M4 
[  3] Utilization = 1.00 | pJ/MACC =   25.099 | L5[WIO] Q16 M4 - L4[IO] M2 P32 M4X Q2X - L3[] Q1 M3Y S3Y - L2[I] Q1 - L1[W] R3 - L0[O] Q1 
[  4] Utilization = 1.00 | pJ/MACC =   24.801 | L5[WIO] Q16 M2 - L4[IO] M2 P32 M4X Q2X - L3[] Q1 M3Y S3Y - L2[I] Q1 - L1[W] R3 - L0[O] M2 
[  2] Utilization = 1.00 | pJ/MACC =   24.055 | L5[WIO] Q8 - L4[IO] M8 P32 M2X Q4X - L3[] Q1 M3Y S3Y - L2[I] Q1 - L1[W] R3 - L0[O] M2 
[  4] Utilization = 1.00 | pJ/MACC =   24.652 | L5[WIO] Q16 - L4[IO] M2 P32 M4X Q2X - L3[] Q1 M3Y S3Y - L2[I] Q1 - L1[W] R3 - L0[O] M4 
[  4] Utilization = 1.00 | pJ/MACC =   23.136 | L5[WIO] Q4 M2 - L4[IO] P32 Q8X - L3[] Q1 M3Y S3Y - L2[I] Q1 - L1[W] R3 - L0[O] M16 
[  2] Utilization = 1.00 | pJ/MACC =   23.268 | L5[WIO] Q4 - L4[IO] M4 P32 Q8X - L3[] Q1 M3Y S3Y - L2[I] Q1 - L1[W] R3 - L0[O] M8 
[  1] Utilization = 0.67 | pJ/MACC =   23.264 | L5[WIO] Q4 - L4[IO] M4 P32 Q8X - L3[] Q1 M2Y S3Y - L2[I] Q1 - L1[W] R3 - L0[O] M12 
[  6] Utilization = 1.00 | pJ/MACC =   23.533 | L5[WIO] Q4 M2 - L4[IO] M4 P32 Q8X - L3[] Q1 M3Y S3Y - L2[I] Q1 - L1[W] R3 - L0[O] M4 
[  1] Utilization = 0.67 | pJ/MACC =   23.199 | L5[WIO] Q4 - L4[IO] M3 P32 Q8X - L3[] Q1 M2Y S3Y - L2[I] Q1 - L1[W] R3 - L0[O] M16 
[  0] Utilization = 1.00 | pJ/MACC =   23.268 | L5[WIO] Q4 M2 - L4[IO] M2 P32 Q8X - L3[] Q1 M3Y S3Y - L2[I] Q1 - L1[W] R3 - L0[O] M8 
[  6] Utilization = 1.00 | pJ/MACC =   22.665 | L5[WIO] Q8 - L4[IO] P32 M2X Q4X - L3[] Q1 M3Y S3Y - L2[I] Q1 - L1[W] R3 - L0[O] M16 
[  1] Utilization = 1.00 | pJ/MACC =   26.846 | L5[WIO] Q32 - L4[IO] M4 P32 M8X - L3[] Q1 M3Y S3Y - L2[I] Q1 - L1[W] R3 - L0[O] Q1 
[  1] Utilization = 1.00 | pJ/MACC =   24.062 | L5[WIO] Q4 M4 - L4[IO] M4 P32 Q8X - L3[] Q1 M3Y S3Y - L2[I] Q1 - L1[W] R3 - L0[O] M2 
[  3] Utilization = 1.00 | pJ/MACC =   23.641 | L5[WIO] Q8 M2 - L4[IO] P32 M2X Q4X - L3[] Q1 M3Y S3Y - L2[I] Q1 - L1[W] R3 - L0[O] M8 
[  3] Utilization = 1.00 | pJ/MACC =   23.136 | L5[WIO] Q4 - L4[IO] M2 P32 Q8X - L3[] Q1 M3Y S3Y - L2[I] Q1 - L1[W] R3 - L0[O] M16 
[  5] STATEMENT: 300 suboptimal mappings found since the last upgrade, terminating search.
[  7] STATEMENT: 300 suboptimal mappings found since the last upgrade, terminating search.
[  4] STATEMENT: 300 suboptimal mappings found since the last upgrade, terminating search.
[  2] STATEMENT: 300 suboptimal mappings found since the last upgrade, terminating search.
[  6] STATEMENT: 300 suboptimal mappings found since the last upgrade, terminating search.
[  0] STATEMENT: 300 suboptimal mappings found since the last upgrade, terminating search.
[  1] STATEMENT: 300 suboptimal mappings found since the last upgrade, terminating search.
[  3] STATEMENT: 300 suboptimal mappings found since the last upgrade, terminating search.
