[  3] Utilization = 0.12 | pJ/MACC =  112.612 | L5[WIO] M2 C4 Q16 - L4[IO] P16 Q2 M2 C8X - L3[] Q1 - L2[I] Q1 - L1[W] P2 - L0[O] M8 
[  1] Utilization = 0.12 | pJ/MACC =   57.010 | L5[WIO] P2 C4 - L4[IO] M16 P4 C8 - L3[] Q1 M2Y Q4Y - L2[I] Q4 - L1[W] P4 - L0[O] Q2 
[  2] Utilization = 0.06 | pJ/MACC =  116.938 | L5[WIO] M2 C4 Q16 - L4[IO] P16 Q2 M2 C4X - L3[] Q1 - L2[I] C2 - L1[W] P2 - L0[O] M8 
[  5] Utilization = 0.03 | pJ/MACC =  101.031 | L5[WIO] M2 Q16 C4 - L4[IO] P16 Q2 M2 C2 C2X - L3[] Q1 - L2[I] C2 - L1[W] P2 - L0[O] M8 
[  3] Utilization = 0.12 | pJ/MACC =   87.000 | L5[WIO] M2 Q16 C4 - L4[IO] P16 Q2 M2 C8X - L3[] Q1 - L2[I] Q1 - L1[W] P2 - L0[O] M8 
[  7] Utilization = 0.12 | pJ/MACC =   57.010 | L5[WIO] P2 C8 - L4[IO] M16 P4 C4 - L3[] Q1 M2Y Q4Y - L2[I] Q4 - L1[W] P4 - L0[O] Q2 
[  0] Utilization = 0.25 | pJ/MACC =   39.815 | L5[WIO] P2 C4 - L4[IO] M16 P4 C4 C2X - L3[] Q1 M2Y Q4Y - L2[I] Q4 - L1[W] P4 - L0[O] Q2 
[  6] Utilization = 0.25 | pJ/MACC =   39.815 | L5[WIO] P2 C8 - L4[IO] M16 P4 C2 C2X - L3[] Q1 M2Y Q4Y - L2[I] Q4 - L1[W] P4 - L0[O] Q2 
[  2] Utilization = 0.06 | pJ/MACC =   91.327 | L5[WIO] M2 Q16 C4 - L4[IO] P16 Q2 M2 C4X - L3[] Q1 - L2[I] C2 - L1[W] P2 - L0[O] M8 
[  4] Utilization = 0.50 | pJ/MACC =   30.435 | L5[WIO] P2 C8 - L4[IO] M16 P4 C4X - L3[] Q1 M2Y Q4Y - L2[I] Q4 - L1[W] P4 - L0[O] Q2 
[  5] Utilization = 0.03 | pJ/MACC =   99.936 | L5[WIO] Q16 M2 C4 - L4[IO] P16 Q2 C2 M2 C2X - L3[] Q1 - L2[I] C2 - L1[W] P2 - L0[O] M8 
[  3] Utilization = 0.12 | pJ/MACC =   81.483 | L5[WIO] C4 M2 Q16 - L4[IO] P16 M2 Q2 C8X - L3[] Q1 - L2[I] Q1 - L1[W] P2 - L0[O] M8 
[  3] Utilization = 0.12 | pJ/MACC =   55.872 | L5[WIO] M2 Q16 C4 - L4[IO] P16 M2 Q2 C8X - L3[] Q1 - L2[I] Q1 - L1[W] P2 - L0[O] M8 
[  3] Utilization = 0.12 | pJ/MACC =   25.662 | L5[WIO] M2 Q16 C4 - L4[IO] M2 Q2 P16 C8X - L3[] Q1 - L2[I] Q1 - L1[W] P2 - L0[O] M8 
[  4] Utilization = 0.50 | pJ/MACC =   22.833 | L5[WIO] P2 C8 - L4[IO] P4 M16 C4X - L3[] Q1 M2Y Q4Y - L2[I] Q4 - L1[W] P4 - L0[O] Q2 
[  1] Utilization = 0.12 | pJ/MACC =   56.239 | L5[WIO] P2 C4 - L4[IO] M16 C8 P4 - L3[] Q1 M2Y Q4Y - L2[I] Q4 - L1[W] P4 - L0[O] Q2 
[  7] Utilization = 0.12 | pJ/MACC =   56.239 | L5[WIO] P2 C8 - L4[IO] M16 C4 P4 - L3[] Q1 M2Y Q4Y - L2[I] Q4 - L1[W] P4 - L0[O] Q2 
[  0] Utilization = 0.25 | pJ/MACC =   39.044 | L5[WIO] P2 C4 - L4[IO] M16 C4 P4 C2X - L3[] Q1 M2Y Q4Y - L2[I] Q4 - L1[W] P4 - L0[O] Q2 
[  6] Utilization = 0.25 | pJ/MACC =   39.044 | L5[WIO] P2 C8 - L4[IO] M16 C2 P4 C2X - L3[] Q1 M2Y Q4Y - L2[I] Q4 - L1[W] P4 - L0[O] Q2 
[  2] Utilization = 0.46 | pJ/MACC =   57.761 | L5[WIO] P2 C8 - L4[IO] Q8 M4 P4 P4X - L3[] Q1 M8Y - L2[I] C4 Q4 - L1[W] Q1 - L0[O] Q1 
[  3] Utilization = 0.43 | pJ/MACC =   65.343 | L5[WIO] M4 C2 - L4[IO] C8 P4 Q4 M4 P8X - L3[] Q1 M2Y Q4Y - L2[I] C2 Q2 - L1[W] Q1 - L0[O] Q1 
[  2] Utilization = 0.47 | pJ/MACC =   55.896 | L5[WIO] P2 C8 - L4[IO] P4 Q8 M4 P4X - L3[] Q1 M8Y - L2[I] C4 Q4 - L1[W] Q1 - L0[O] Q1 
[  1] Utilization = 0.50 | pJ/MACC =   64.270 | L5[WIO] C4 P2 Q2 - L4[IO] Q4 P4 C2X P4X - L3[] Q1 M4Y - L2[I] C4 Q4 - L1[W] Q1 - L0[O] M8 
[  5] Utilization = 0.50 | pJ/MACC =   38.658 | L5[WIO] P2 Q2 C4 - L4[IO] P4 C2 Q4 C2X P4X - L3[] Q1 M4Y - L2[I] C2 Q4 - L1[W] Q1 - L0[O] M8 
[  7] Utilization = 0.47 | pJ/MACC =   50.518 | L5[WIO] P2 C2 - L4[IO] P4 Q2 M2 C16 M4X P2X - L3[] Q1 M4Y Q2Y - L2[I] Q1 - L1[W] P2 - L0[O] Q8 
[  3] Utilization = 0.46 | pJ/MACC =   60.268 | L5[WIO] C2 M4 - L4[IO] Q4 P4 C8 M4 P8X - L3[] Q1 M2Y Q4Y - L2[I] C2 Q2 - L1[W] Q1 - L0[O] Q1 
[  1] Utilization = 0.50 | pJ/MACC =   38.658 | L5[WIO] Q2 P2 C4 - L4[IO] P4 Q4 C2X P4X - L3[] Q1 M4Y - L2[I] C4 Q4 - L1[W] Q1 - L0[O] M8 
[  2] Utilization = 0.50 | pJ/MACC =   69.908 | L5[WIO] M8 P2 C2 Q2 - L4[IO] Q16 C8X - L3[] Q1 M4Y - L2[I] C2 - L1[W] P16 - L0[O] Q1 
[  2] Utilization = 0.50 | pJ/MACC =   61.371 | L5[WIO] Q2 P2 M8 C2 - L4[IO] Q16 C8X - L3[] Q1 M4Y - L2[I] C2 - L1[W] P16 - L0[O] Q1 
[  6] Utilization = 0.89 | pJ/MACC =   38.701 | L5[WIO] P2 C8 - L4[IO] C2 Q8 P4 M4 C2X P4X - L3[] Q1 M8Y - L2[I] Q4 - L1[W] Q1 - L0[O] Q1 
[  2] Utilization = 0.50 | pJ/MACC =   38.148 | L5[WIO] Q2 P2 C2 M8 - L4[IO] Q16 C8X - L3[] Q1 M4Y - L2[I] C2 - L1[W] P16 - L0[O] Q1 
[  0] Utilization = 0.34 | pJ/MACC =   72.041 | L5[WIO] M4 C2 - L4[IO] P4 M4 C4 Q4 P8X - L3[] Q1 M2Y Q4Y - L2[I] C4 Q2 - L1[W] Q1 - L0[O] Q1 
[  7] Utilization = 0.47 | pJ/MACC =   48.719 | L5[WIO] P2 C2 - L4[IO] C16 M2 Q2 P4 M4X P2X - L3[] Q1 M4Y Q2Y - L2[I] Q1 - L1[W] P2 - L0[O] Q8 
[  0] Utilization = 0.34 | pJ/MACC =   66.967 | L5[WIO] C2 M4 - L4[IO] M4 Q4 C4 P4 P8X - L3[] Q1 M2Y Q4Y - L2[I] C4 Q2 - L1[W] Q1 - L0[O] Q1 
[  0] Utilization = 0.43 | pJ/MACC =   65.343 | L5[WIO] M4 C2 - L4[IO] C4 P4 Q4 M4 P8X - L3[] Q1 M2Y Q4Y - L2[I] C4 Q2 - L1[W] Q1 - L0[O] Q1 
[  0] Utilization = 0.46 | pJ/MACC =   60.268 | L5[WIO] C2 M4 - L4[IO] Q4 P4 C4 M4 P8X - L3[] Q1 M2Y Q4Y - L2[I] C4 Q2 - L1[W] Q1 - L0[O] Q1 
[  3] Utilization = 0.84 | pJ/MACC =   40.566 | L5[WIO] P2 C8 - L4[IO] P4 M4 Q8 C2X P4X - L3[] Q1 M8Y - L2[I] C2 Q4 - L1[W] Q1 - L0[O] Q1 
[  3] Utilization = 0.89 | pJ/MACC =   38.701 | L5[WIO] P2 C8 - L4[IO] Q8 P4 M4 C2X P4X - L3[] Q1 M8Y - L2[I] C2 Q4 - L1[W] Q1 - L0[O] Q1 
[  0] Utilization = 0.76 | pJ/MACC =   60.009 | L5[WIO] C4 P2 - L4[IO] M4 Q8 C4 P4 C2X P4X - L3[] Q1 M8Y - L2[I] Q4 - L1[W] Q1 - L0[O] Q1 
[  0] Utilization = 0.89 | pJ/MACC =   38.701 | L5[WIO] P2 C4 - L4[IO] Q8 C4 P4 M4 C2X P4X - L3[] Q1 M8Y - L2[I] Q4 - L1[W] Q1 - L0[O] Q1 
[  2] Utilization = 1.00 | pJ/MACC =   31.124 | L5[WIO] Q2 P2 M2 C4 - L4[IO] P4 Q2 M4 C4X P2X - L3[] Q1 M2Y Q4Y - L2[I] C2 - L1[W] P2 - L0[O] Q2 M2 
[  1] Utilization = 0.50 | pJ/MACC =   27.739 | L5[WIO] P4 Q2 M16 - L4[IO] Q2 C4 M2 C8X - L3[] Q1 Q4Y - L2[I] Q1 - L1[W] P8 - L0[O] Q2 
[  7] Utilization = 0.89 | pJ/MACC =   46.925 | L5[WIO] Q8 P4 C2 - L4[IO] P2 Q2 M2 C2X P4X - L3[] Q1 M8Y - L2[I] C8 Q2 - L1[W] Q1 - L0[O] M2 
[  6] Utilization = 1.00 | pJ/MACC =   56.735 | L5[WIO] M2 C4 Q2 P2 - L4[IO] C2 P4 Q2 M4 C4X P2X - L3[] Q1 M2Y Q4Y - L2[I] Q1 - L1[W] P2 - L0[O] Q2 M2 
[  5] Utilization = 0.50 | pJ/MACC =   26.148 | L5[WIO] P4 Q4 M2 - L4[IO] Q4 C8X - L3[] Q1 M2Y Q2Y - L2[I] C4 - L1[W] P8 - L0[O] M8 
[  6] Utilization = 1.00 | pJ/MACC =   52.380 | L5[WIO] P2 C4 Q2 M2 - L4[IO] C2 Q2 M4 P4 C4X P2X - L3[] Q1 M2Y Q4Y - L2[I] Q1 - L1[W] P2 - L0[O] Q2 M2 
[  6] Utilization = 1.00 | pJ/MACC =   31.124 | L5[WIO] M2 P2 Q2 C4 - L4[IO] C2 Q2 P4 M4 C4X P2X - L3[] Q1 M2Y Q4Y - L2[I] Q1 - L1[W] P2 - L0[O] Q2 M2 
[  0] Utilization = 0.89 | pJ/MACC =   32.533 | L5[WIO] Q8 C4 - L4[IO] Q2 C4 P8 M2X C2X P2X - L3[] Q1 M4Y Q2Y - L2[I] Q1 - L1[W] P2 - L0[O] M4 
[  0] Utilization = 0.89 | pJ/MACC =   31.505 | L5[WIO] Q8 C4 - L4[IO] C4 P8 Q2 M2X C2X P2X - L3[] Q1 M4Y Q2Y - L2[I] Q1 - L1[W] P2 - L0[O] M4 
[  4] Utilization = 0.50 | pJ/MACC =   22.371 | L5[WIO] Q4 - L4[IO] C8 Q4 P2 M2X C4X - L3[] Q1 M4Y - L2[I] Q2 - L1[W] P16 - L0[O] M4 
[  2] Utilization = 1.00 | pJ/MACC =   31.054 | L5[WIO] Q4 M2 P2 C2 - L4[IO] P2 C4 Q2 M4 M2X C4X - L3[] Q1 M2Y Q4Y - L2[I] Q1 - L1[W] P8 - L0[O] Q1 
[  7] Utilization = 0.89 | pJ/MACC =   35.238 | L5[WIO] P4 Q2 M2 - L4[IO] Q4 C4 M4 C2X P4X - L3[] Q1 M4Y Q2Y - L2[I] C4 - L1[W] P2 - L0[O] Q2 
[  2] Utilization = 1.00 | pJ/MACC =   27.956 | L5[WIO] M2 P8 C2 - L4[IO] C4 Q2 C4X P2X - L3[] Q1 M2Y Q4Y - L2[I] Q4 - L1[W] P2 - L0[O] M8 
[  7] Utilization = 0.89 | pJ/MACC =   33.196 | L5[WIO] P8 M2 - L4[IO] C4 Q2 M4 C2X P4X - L3[] Q1 M2Y Q4Y - L2[I] C4 Q2 - L1[W] Q1 - L0[O] Q2 M2 
[  4] Utilization = 1.00 | pJ/MACC =   38.203 | L5[WIO] Q2 P4 M4 C8 - L4[IO] Q2 C4X P2X - L3[] Q1 M4Y Q2Y - L2[I] Q4 - L1[W] P4 - L0[O] M2 
[  5] Utilization = 0.89 | pJ/MACC =   35.238 | L5[WIO] Q2 P4 M2 - L4[IO] Q4 C16 M4 C2X P4X - L3[] Q1 M4Y Q2Y - L2[I] Q1 - L1[W] P2 - L0[O] Q2 
[  5] Utilization = 0.89 | pJ/MACC =   33.196 | L5[WIO] P8 M2 - L4[IO] Q2 C16 M4 C2X P4X - L3[] Q1 M2Y Q4Y - L2[I] Q2 - L1[W] Q1 - L0[O] Q2 M2 
[  3] Utilization = 0.89 | pJ/MACC =   32.084 | L5[WIO] Q2 P2 M2 - L4[IO] Q2 C8 M2 C2X P4X - L3[] Q1 M2Y Q4Y - L2[I] C2 - L1[W] P4 - L0[O] Q2 M4 
[  5] Utilization = 1.00 | pJ/MACC =   40.988 | L5[WIO] M4 Q2 P4 - L4[IO] P8 M4 C8X - L3[] Q1 M2Y Q4Y - L2[I] C4 Q4 - L1[W] Q1 - L0[O] Q1 
[  5] Utilization = 1.00 | pJ/MACC =   27.377 | L5[WIO] P4 Q2 M4 - L4[IO] P8 M4 C8X - L3[] Q1 M2Y Q4Y - L2[I] C4 Q4 - L1[W] Q1 - L0[O] Q1 
[  6] Utilization = 1.00 | pJ/MACC =   29.270 | L5[WIO] P2 M2 Q4 - L4[IO] M2 Q4 P2 C32 P8X - L3[] Q1 M4Y Q2Y - L2[I] Q1 - L1[W] Q1 - L0[O] M2 
[  6] Utilization = 1.00 | pJ/MACC =   24.733 | L5[WIO] P2 Q4 M2 - L4[IO] Q4 M2 P2 C32 P8X - L3[] Q1 M4Y Q2Y - L2[I] Q1 - L1[W] Q1 - L0[O] M2 
[  0] Utilization = 1.00 | pJ/MACC =   29.270 | L5[WIO] M2 P2 Q4 - L4[IO] M2 P2 Q4 P8X - L3[] Q1 M4Y Q2Y - L2[I] C32 - L1[W] Q1 - L0[O] M2 
[  0] Utilization = 1.00 | pJ/MACC =   28.111 | L5[WIO] M2 Q4 P2 - L4[IO] Q4 P2 M2 P8X - L3[] Q1 M4Y Q2Y - L2[I] C32 - L1[W] Q1 - L0[O] M2 
[  7] Utilization = 1.00 | pJ/MACC =   29.193 | L5[WIO] M2 Q4 P2 - L4[IO] C2 P2 Q4 M2 P8X - L3[] Q1 M4Y Q2Y - L2[I] C16 - L1[W] Q1 - L0[O] M2 
[  7] Utilization = 1.00 | pJ/MACC =   24.733 | L5[WIO] P2 Q4 M2 - L4[IO] M2 Q4 P2 C2 P8X - L3[] Q1 M4Y Q2Y - L2[I] C16 - L1[W] Q1 - L0[O] M2 
[  0] Utilization = 1.00 | pJ/MACC =   24.733 | L5[WIO] Q4 P2 M2 - L4[IO] P2 M2 Q4 P8X - L3[] Q1 M4Y Q2Y - L2[I] C32 - L1[W] Q1 - L0[O] M2 
[  7] Utilization = 1.00 | pJ/MACC =   24.656 | L5[WIO] Q4 P2 M2 - L4[IO] Q4 P2 C2 M2 P8X - L3[] Q1 M4Y Q2Y - L2[I] C16 - L1[W] Q1 - L0[O] M2 
[  6] Utilization = 1.00 | pJ/MACC =   22.997 | L5[WIO] P4 C4 - L4[IO] M2 C2 Q16 P2 M2X C4X - L3[] Q1 M4Y Q2Y - L2[I] Q1 - L1[W] P4 - L0[O] M2 
[  1] Utilization = 1.00 | pJ/MACC =   20.167 | L5[WIO] Q4 P2 M4 - L4[IO] C4 M8 C8X - L3[] Q1 Q8Y - L2[I] Q1 - L1[W] P16 - L0[O] Q1 
[  4] Utilization = 1.00 | pJ/MACC =   29.980 | L5[WIO] P8 Q8 C8 - L4[IO] Q2 C4X P2X - L3[] Q1 M8Y - L2[I] Q2 - L1[W] P2 - L0[O] M4 
[  3] Utilization = 1.00 | pJ/MACC =   29.610 | L5[WIO] P4 M8 - L4[IO] C2 P2 Q8 C8X - L3[] Q1 M2Y Q4Y - L2[I] C2 - L1[W] P4 - L0[O] M2 
[  3] Utilization = 1.00 | pJ/MACC =   22.191 | L5[WIO] Q16 P2 C4 - L4[IO] M2 Q2 P16 C8X - L3[] Q1 M8Y - L2[I] Q1 - L1[W] Q1 - L0[O] M2 
[  2] Utilization = 1.00 | pJ/MACC =   24.737 | L5[WIO] Q2 M2 P2 - L4[IO] M2 Q2 P4 C2X P4X - L3[] Q1 M2Y Q4Y - L2[I] C16 - L1[W] Q1 - L0[O] Q2 M4 
[  2] Utilization = 1.00 | pJ/MACC =   19.084 | L5[WIO] P2 Q2 M2 - L4[IO] P4 Q2 M2 C2X P4X - L3[] Q1 M2Y Q4Y - L2[I] C16 - L1[W] Q1 - L0[O] Q2 M4 
[  7] STATEMENT: 1500 suboptimal mappings found since the last upgrade, terminating search.
[  6] STATEMENT: 1500 suboptimal mappings found since the last upgrade, terminating search.
[  0] STATEMENT: 1500 suboptimal mappings found since the last upgrade, terminating search.
[  5] Utilization = 1.00 | pJ/MACC =   26.546 | L5[WIO] C2 - L4[IO] M2 P8 C2 Q4 M2X C4X - L3[] Q1 M4Y Q2Y - L2[I] C2 Q2 - L1[W] P4 - L0[O] Q2 M2 
[  5] Utilization = 1.00 | pJ/MACC =   25.924 | L5[WIO] C2 - L4[IO] P8 Q4 C2 M2 M2X C4X - L3[] Q1 M4Y Q2Y - L2[I] C2 Q2 - L1[W] P4 - L0[O] Q2 M2 
[  4] STATEMENT: 1500 suboptimal mappings found since the last upgrade, terminating search.
[  1] STATEMENT: 1500 suboptimal mappings found since the last upgrade, terminating search.
[  3] STATEMENT: 1500 suboptimal mappings found since the last upgrade, terminating search.
[  2] STATEMENT: 1500 suboptimal mappings found since the last upgrade, terminating search.
[  5] STATEMENT: 1500 suboptimal mappings found since the last upgrade, terminating search.
