[  2] Utilization = 0.08 | pJ/MACC =   31.197 | L5[WIO] Q16 M24 - L4[IO] P16 - L3[] Q1 M2Y S3Y - L2[I] Q1 - L1[W] R3 - L0[O] M5 
[  4] Utilization = 0.25 | pJ/MACC =   30.579 | L5[WIO] Q16 - L4[IO] M2 P16 M3X - L3[] Q1 M2Y S3Y - L2[I] Q1 - L1[W] R3 - L0[O] M20 
[  2] Utilization = 0.17 | pJ/MACC =   26.747 | L5[WIO] Q4 - L4[IO] M80 P16 Q4X - L3[] Q1 S3Y - L2[I] Q1 - L1[W] R3 - L0[O] M3 
[  7] Utilization = 0.33 | pJ/MACC =   26.694 | L5[WIO] Q8 M6 - L4[IO] P16 M4X Q2X - L3[] Q1 S3Y - L2[I] Q1 - L1[W] R3 - L0[O] M10 
[  3] Utilization = 0.50 | pJ/MACC =   26.810 | L5[WIO] Q4 - L4[IO] M80 P16 Q4X - L3[] Q1 M3Y S3Y - L2[I] Q1 - L1[W] R3 - L0[O] Q1 
[  1] Utilization = 0.67 | pJ/MACC =   24.197 | L5[WIO] Q2 M4 - L4[IO] M6 P16 Q8X - L3[] Q1 M2Y S3Y - L2[I] Q1 - L1[W] R3 - L0[O] M5 
[  6] Utilization = 0.67 | pJ/MACC =   25.214 | L5[WIO] Q2 M12 - L4[IO] M5 P16 Q8X - L3[] Q1 M2Y S3Y - L2[I] Q1 - L1[W] R3 - L0[O] M2 
[  0] Utilization = 0.67 | pJ/MACC =   26.703 | L5[WIO] Q8 M6 - L4[IO] P16 M4X Q2X - L3[] Q1 M2Y S3Y - L2[I] Q1 - L1[W] R3 - L0[O] M5 
[  5] Utilization = 0.50 | pJ/MACC =   26.810 | L5[WIO] Q4 M4 - L4[IO] M20 P16 Q4X - L3[] Q1 M3Y S3Y - L2[I] Q1 - L1[W] R3 - L0[O] Q1 
[  2] Utilization = 0.17 | pJ/MACC =   25.077 | L5[WIO] Q4 M4 - L4[IO] M5 P16 Q4X - L3[] Q1 S3Y - L2[I] Q1 - L1[W] R3 - L0[O] M12 
[  2] Utilization = 0.33 | pJ/MACC =   23.854 | L5[WIO] Q2 M4 - L4[IO] M3 P16 Q8X - L3[] Q1 S3Y - L2[I] Q1 - L1[W] R3 - L0[O] M20 
[  4] Utilization = 0.67 | pJ/MACC =   26.908 | L5[WIO] Q2 M12 - L4[IO] M10 P16 Q8X - L3[] Q1 M2Y S3Y - L2[I] Q1 - L1[W] R3 - L0[O] Q1 
[  3] Utilization = 0.67 | pJ/MACC =   23.859 | L5[WIO] Q2 M4 - L4[IO] M3 P16 Q8X - L3[] Q1 M2Y S3Y - L2[I] Q1 - L1[W] R3 - L0[O] M10 
[  7] Utilization = 0.33 | pJ/MACC =   26.214 | L5[WIO] Q4 M10 - L4[IO] M6 P16 Q4X - L3[] Q1 M2Y S3Y - L2[I] Q1 - L1[W] R3 - L0[O] M2 
[  7] Utilization = 0.67 | pJ/MACC =   24.084 | L5[WIO] Q2 M4 - L4[IO] M5 P16 Q8X - L3[] Q1 M2Y S3Y - L2[I] Q1 - L1[W] R3 - L0[O] M6 
[  2] Utilization = 0.67 | pJ/MACC =   26.261 | L5[WIO] Q4 M10 - L4[IO] M6 P16 M2X Q4X - L3[] Q1 M2Y S3Y - L2[I] Q1 - L1[W] R3 - L0[O] Q1 
[  5] Utilization = 0.50 | pJ/MACC =   26.639 | L5[WIO] Q8 - L4[IO] M4 P16 M2X Q2X - L3[] Q1 M3Y S3Y - L2[I] Q1 - L1[W] R3 - L0[O] M10 
[  0] Utilization = 0.67 | pJ/MACC =   24.607 | L5[WIO] Q4 - L4[IO] M3 P16 M2X Q4X - L3[] Q1 M2Y S3Y - L2[I] Q1 - L1[W] R3 - L0[O] M20 
[  6] Utilization = 1.00 | pJ/MACC =   23.978 | L5[WIO] Q2 M2 - L4[IO] M8 P16 Q8X - L3[] Q1 M3Y S3Y - L2[I] Q1 - L1[W] R3 - L0[O] M5 
[  5] Utilization = 0.67 | pJ/MACC =   25.214 | L5[WIO] Q2 M3 - L4[IO] M20 P16 Q8X - L3[] Q1 M2Y S3Y - L2[I] Q1 - L1[W] R3 - L0[O] M2 
[  0] Utilization = 1.00 | pJ/MACC =   24.818 | L5[WIO] Q4 M2 - L4[IO] M5 P16 M2X Q4X - L3[] Q1 M3Y S3Y - L2[I] Q1 - L1[W] R3 - L0[O] M4 
[  4] Utilization = 0.67 | pJ/MACC =   23.661 | L5[WIO] Q2 M5 - L4[IO] P16 Q8X - L3[] Q1 M2Y S3Y - L2[I] Q1 - L1[W] R3 - L0[O] M24 
[  7] Utilization = 0.67 | pJ/MACC =   23.689 | L5[WIO] Q2 M3 - L4[IO] M2 P16 Q8X - L3[] Q1 M2Y S3Y - L2[I] Q1 - L1[W] R3 - L0[O] M20 
[  5] Utilization = 1.00 | pJ/MACC =   23.663 | L5[WIO] Q2 M5 - L4[IO] P16 Q8X - L3[] Q1 M3Y S3Y - L2[I] Q1 - L1[W] R3 - L0[O] M16 
[  4] Utilization = 1.00 | pJ/MACC =   24.665 | L5[WIO] Q2 M2 - L4[IO] M20 P16 Q8X - L3[] Q1 M3Y S3Y - L2[I] Q1 - L1[W] R3 - L0[O] M2 
[  2] Utilization = 0.67 | pJ/MACC =   24.665 | L5[WIO] Q4 M5 - L4[IO] P16 M2X Q4X - L3[] Q1 M2Y S3Y - L2[I] Q1 - L1[W] R3 - L0[O] M12 
[  1] Utilization = 1.00 | pJ/MACC =   24.092 | L5[WIO] Q2 M20 - L4[IO] P16 Q8X - L3[] Q1 M3Y S3Y - L2[I] Q1 - L1[W] R3 - L0[O] M4 
[  3] Utilization = 1.00 | pJ/MACC =   24.669 | L5[WIO] Q4 M5 - L4[IO] P16 M2X Q4X - L3[] Q1 M3Y S3Y - L2[I] Q1 - L1[W] R3 - L0[O] M8 
[  2] Utilization = 0.67 | pJ/MACC =   24.197 | L5[WIO] Q2 M12 - L4[IO] M2 P16 Q8X - L3[] Q1 M2Y S3Y - L2[I] Q1 - L1[W] R3 - L0[O] M5 
[  2] Utilization = 1.00 | pJ/MACC =   24.579 | L5[WIO] Q4 - L4[IO] M2 P16 M2X Q4X - L3[] Q1 M3Y S3Y - L2[I] Q1 - L1[W] R3 - L0[O] M20 
[  4] Utilization = 1.00 | pJ/MACC =   23.978 | L5[WIO] Q2 - L4[IO] M16 P16 Q8X - L3[] Q1 M3Y S3Y - L2[I] Q1 - L1[W] R3 - L0[O] M5 
[  3] Utilization = 1.00 | pJ/MACC =   24.579 | L5[WIO] Q4 M2 - L4[IO] P16 M2X Q4X - L3[] Q1 M3Y S3Y - L2[I] Q1 - L1[W] R3 - L0[O] M20 
[  7] Utilization = 1.00 | pJ/MACC =   24.092 | L5[WIO] Q2 M10 - L4[IO] M2 P16 Q8X - L3[] Q1 M3Y S3Y - L2[I] Q1 - L1[W] R3 - L0[O] M4 
[  3] Utilization = 1.00 | pJ/MACC =   23.978 | L5[WIO] Q2 M16 - L4[IO] P16 Q8X - L3[] Q1 M3Y S3Y - L2[I] Q1 - L1[W] R3 - L0[O] M5 
[  3] Utilization = 1.00 | pJ/MACC =   23.634 | L5[WIO] Q2 M4 - L4[IO] P16 Q8X - L3[] Q1 M3Y S3Y - L2[I] Q1 - L1[W] R3 - L0[O] M20 
[  2] Utilization = 1.00 | pJ/MACC =   23.806 | L5[WIO] Q2 M5 - L4[IO] M2 P16 Q8X - L3[] Q1 M3Y S3Y - L2[I] Q1 - L1[W] R3 - L0[O] M8 
[  6] Utilization = 1.00 | pJ/MACC =   23.749 | L5[WIO] Q2 M2 - L4[IO] M4 P16 Q8X - L3[] Q1 M3Y S3Y - L2[I] Q1 - L1[W] R3 - L0[O] M10 
[  7] Utilization = 1.00 | pJ/MACC =   22.987 | L5[WIO] Q8 - L4[IO] P16 M4X Q2X - L3[] Q1 M3Y S3Y - L2[I] Q1 - L1[W] R3 - L0[O] M20 
[  0] Utilization = 1.00 | pJ/MACC =   24.092 | L5[WIO] Q2 M4 - L4[IO] M5 P16 Q8X - L3[] Q1 M3Y S3Y - L2[I] Q1 - L1[W] R3 - L0[O] M4 
[  1] Utilization = 1.00 | pJ/MACC =   23.749 | L5[WIO] Q2 M4 - L4[IO] M2 P16 Q8X - L3[] Q1 M3Y S3Y - L2[I] Q1 - L1[W] R3 - L0[O] M10 
[  4] Utilization = 1.00 | pJ/MACC =   23.806 | L5[WIO] Q2 M2 - L4[IO] M5 P16 Q8X - L3[] Q1 M3Y S3Y - L2[I] Q1 - L1[W] R3 - L0[O] M8 
[  5] STATEMENT: 300 suboptimal mappings found since the last upgrade, terminating search.
[  1] Utilization = 1.00 | pJ/MACC =   23.634 | L5[WIO] Q2 M2 - L4[IO] M2 P16 Q8X - L3[] Q1 M3Y S3Y - L2[I] Q1 - L1[W] R3 - L0[O] M20 
[  3] STATEMENT: 300 suboptimal mappings found since the last upgrade, terminating search.
[  6] STATEMENT: 300 suboptimal mappings found since the last upgrade, terminating search.
[  7] STATEMENT: 300 suboptimal mappings found since the last upgrade, terminating search.
[  2] STATEMENT: 300 suboptimal mappings found since the last upgrade, terminating search.
[  0] STATEMENT: 300 suboptimal mappings found since the last upgrade, terminating search.
[  4] STATEMENT: 300 suboptimal mappings found since the last upgrade, terminating search.
[  1] STATEMENT: 300 suboptimal mappings found since the last upgrade, terminating search.
