[  3] Utilization = 0.03 | pJ/MACC =   36.992 | L5[WIO] Q32 C8 - L4[IO] M8 P32 - L3[] Q1 M2Y - L2[I] Q1 - L1[W] C2 - L0[O] M6 
[  5] Utilization = 0.03 | pJ/MACC =  148.847 | L5[WIO] Q32 C2 - L4[IO] M8 P32 C2 - L3[] Q1 M2Y - L2[I] Q1 - L1[W] C4 - L0[O] M6 
[  0] Utilization = 0.03 | pJ/MACC =  148.847 | L5[WIO] Q32 C2 - L4[IO] M8 P32 C8 - L3[] Q1 M2Y - L2[I] Q1 - L1[W] Q1 - L0[O] M6 
[  1] Utilization = 0.03 | pJ/MACC =  148.847 | L5[WIO] Q32 C2 - L4[IO] M8 P32 C4 - L3[] Q1 M2Y - L2[I] Q1 - L1[W] C2 - L0[O] M6 
[  2] Utilization = 0.06 | pJ/MACC =  148.866 | L5[WIO] Q32 C2 - L4[IO] M8 P32 C4 - L3[] Q1 M2Y C2Y - L2[I] Q1 - L1[W] Q1 - L0[O] M6 
[  4] Utilization = 0.11 | pJ/MACC =   23.761 | L5[WIO] Q32 C2 - L4[IO] M8 P32 - L3[] Q1 M2Y C4Y - L2[I] Q1 - L1[W] C2 - L0[O] M6 
[  7] Utilization = 0.11 | pJ/MACC =  148.904 | L5[WIO] Q32 C2 - L4[IO] M8 P32 C2 - L3[] Q1 M2Y C4Y - L2[I] Q1 - L1[W] Q1 - L0[O] M6 
[  6] Utilization = 0.06 | pJ/MACC =  148.866 | L5[WIO] Q32 C2 - L4[IO] M8 P32 C2 - L3[] Q1 M2Y C2Y - L2[I] Q1 - L1[W] C2 - L0[O] M6 
[  7] Utilization = 0.22 | pJ/MACC =   21.001 | L5[WIO] Q4 M12 - L4[IO] M2 P32 Q8X - L3[] Q1 M2Y - L2[I] Q1 - L1[W] C16 - L0[O] M2 
[  2] Utilization = 0.06 | pJ/MACC =   90.161 | L5[WIO] Q16 M2 - L4[IO] M24 P32 C4 M2X Q2X - L3[] Q1 - L2[I] Q1 - L1[W] C4 - L0[O] Q1 
[  0] Utilization = 0.06 | pJ/MACC =   90.161 | L5[WIO] Q16 M2 - L4[IO] M24 P32 C8 M2X Q2X - L3[] Q1 - L2[I] Q1 - L1[W] C2 - L0[O] Q1 
[  1] Utilization = 0.44 | pJ/MACC =   21.001 | L5[WIO] Q4 M12 - L4[IO] M2 P32 Q8X - L3[] Q1 M2Y C2Y - L2[I] Q1 - L1[W] C8 - L0[O] M2 
[  3] Utilization = 0.89 | pJ/MACC =   21.001 | L5[WIO] Q4 M12 - L4[IO] M2 P32 Q8X - L3[] Q1 M2Y C4Y - L2[I] Q1 - L1[W] C4 - L0[O] M2 
[  6] Utilization = 0.11 | pJ/MACC =   60.905 | L5[WIO] Q4 M12 C4 - L4[IO] M2 P32 C4 Q8X - L3[] Q1 - L2[I] Q1 - L1[W] Q1 - L0[O] M4 
[  2] Utilization = 0.89 | pJ/MACC =   26.018 | L5[WIO] Q8 M48 - L4[IO] P32 M2X Q4X - L3[] Q1 C8Y - L2[I] Q1 - L1[W] C2 - L0[O] Q1 
[  5] Utilization = 0.22 | pJ/MACC =   60.961 | L5[WIO] Q4 M12 C4 - L4[IO] M2 P32 C2 Q8X - L3[] Q1 C2Y - L2[I] Q1 - L1[W] Q1 - L0[O] M4 
[  0] Utilization = 0.33 | pJ/MACC =   45.822 | L5[WIO] Q16 M8 C8 - L4[IO] P32 M3X Q2X - L3[] Q1 M2Y C2Y - L2[I] Q1 - L1[W] Q1 - L0[O] M2 
[  6] Utilization = 0.44 | pJ/MACC =   90.161 | L5[WIO] Q16 M2 - L4[IO] M24 P32 C2 M2X Q2X - L3[] Q1 C8Y - L2[I] Q1 - L1[W] Q1 - L0[O] Q1 
[  0] Utilization = 0.44 | pJ/MACC =   37.770 | L5[WIO] Q4 M2 - L4[IO] M12 P32 C16 Q8X - L3[] Q1 M4Y - L2[I] Q1 - L1[W] Q1 - L0[O] Q1 
[  4] Utilization = 0.17 | pJ/MACC =   95.545 | L5[WIO] Q16 M8 C2 - L4[IO] P32 C8 M3X Q2X - L3[] Q1 M2Y - L2[I] Q1 - L1[W] Q1 - L0[O] M2 
[  7] Utilization = 0.44 | pJ/MACC =   35.448 | L5[WIO] Q4 M2 - L4[IO] M6 P32 C2 Q8X - L3[] Q1 M4Y - L2[I] Q1 - L1[W] C8 - L0[O] M2 
[  4] Utilization = 0.22 | pJ/MACC =   85.770 | L5[WIO] Q16 M4 - L4[IO] M6 P32 C2 M2X Q2X - L3[] Q1 M2Y C2Y - L2[I] Q1 - L1[W] C4 - L0[O] Q1 
[  5] Utilization = 0.89 | pJ/MACC =   21.126 | L5[WIO] Q4 M2 - L4[IO] M12 P32 Q8X - L3[] Q1 M4Y C2Y - L2[I] Q1 - L1[W] C8 - L0[O] Q1 
[  0] Utilization = 0.89 | pJ/MACC =   35.448 | L5[WIO] Q4 M2 - L4[IO] M6 P32 C2 Q8X - L3[] Q1 M4Y C2Y - L2[I] Q1 - L1[W] C4 - L0[O] M2 
[  6] Utilization = 0.44 | pJ/MACC =   85.770 | L5[WIO] Q16 M4 - L4[IO] M6 P32 C2 M2X Q2X - L3[] Q1 M2Y C4Y - L2[I] Q1 - L1[W] C2 - L0[O] Q1 
[  6] Utilization = 0.44 | pJ/MACC =   35.448 | L5[WIO] Q4 M2 - L4[IO] M6 P32 C16 Q8X - L3[] Q1 M4Y - L2[I] Q1 - L1[W] Q1 - L0[O] M2 
[  7] Utilization = 0.67 | pJ/MACC =   63.671 | L5[WIO] Q8 M8 C2 - L4[IO] P32 C2 M2X Q4X - L3[] Q1 M6Y - L2[I] Q1 - L1[W] C4 - L0[O] Q1 
[  4] Utilization = 0.44 | pJ/MACC =   34.256 | L5[WIO] Q4 M3 - L4[IO] M2 P32 C2 Q8X - L3[] Q1 M2Y C2Y - L2[I] Q1 - L1[W] C4 - L0[O] M8 
[  1] Utilization = 0.89 | pJ/MACC =   26.018 | L5[WIO] Q8 M12 - L4[IO] M4 P32 M2X Q4X - L3[] Q1 C8Y - L2[I] Q1 - L1[W] C2 - L0[O] Q1 
[  6] Utilization = 0.89 | pJ/MACC =   34.256 | L5[WIO] Q4 M3 - L4[IO] M2 P32 C2 Q8X - L3[] Q1 M2Y C4Y - L2[I] Q1 - L1[W] C2 - L0[O] M8 
[  4] Utilization = 0.67 | pJ/MACC =   94.091 | L5[WIO] Q16 M4 C4 - L4[IO] M2 P32 C2 M3X Q2X - L3[] Q1 M4Y C2Y - L2[I] Q1 - L1[W] Q1 - L0[O] Q1 
[  7] Utilization = 0.89 | pJ/MACC =   30.668 | L5[WIO] Q8 M4 C4 - L4[IO] M3 P32 M2X Q4X - L3[] Q1 M2Y C4Y - L2[I] Q1 - L1[W] Q1 - L0[O] M2 
[  0] Utilization = 0.89 | pJ/MACC =   33.156 | L5[WIO] Q4 M6 C4 - L4[IO] M2 P32 Q8X - L3[] Q1 M8Y - L2[I] Q1 - L1[W] C4 - L0[O] Q1 
[  6] Utilization = 0.89 | pJ/MACC =   25.120 | L5[WIO] Q32 M2 C2 - L4[IO] M3 P32 M8X - L3[] Q1 M2Y C4Y - L2[I] Q1 - L1[W] C2 - L0[O] Q1 
[  0] Utilization = 0.89 | pJ/MACC =   27.130 | L5[WIO] Q16 M2 C4 - L4[IO] M2 P32 M4X Q2X - L3[] Q1 M2Y C4Y - L2[I] Q1 - L1[W] Q1 - L0[O] M3 
[  6] Utilization = 0.89 | pJ/MACC =   18.711 | L5[WIO] Q4 M2 - L4[IO] M6 P32 Q8X - L3[] Q1 C8Y - L2[I] Q1 - L1[W] C2 - L0[O] M8 
[  5] Utilization = 0.89 | pJ/MACC =   18.742 | L5[WIO] Q4 M12 - L4[IO] P32 Q8X - L3[] Q1 M2Y C4Y - L2[I] Q1 - L1[W] C4 - L0[O] M4 
[  4] Utilization = 0.89 | pJ/MACC =   36.565 | L5[WIO] Q4 C2 - L4[IO] M6 P32 C2 Q8X - L3[] Q1 M8Y - L2[I] Q1 - L1[W] C4 - L0[O] M2 
[  3] Utilization = 0.89 | pJ/MACC =   20.434 | L5[WIO] Q32 - L4[IO] M2 P32 M8X - L3[] Q1 M2Y C4Y - L2[I] Q1 - L1[W] C4 - L0[O] M3 
[  1] Utilization = 0.89 | pJ/MACC =   19.453 | L5[WIO] Q4 M16 - L4[IO] P32 Q8X - L3[] Q1 C8Y - L2[I] Q1 - L1[W] C2 - L0[O] M6 
[  4] Utilization = 0.89 | pJ/MACC =   33.880 | L5[WIO] Q4 - L4[IO] M4 P32 C2 Q8X - L3[] Q1 M2Y C4Y - L2[I] Q1 - L1[W] C2 - L0[O] M12 
[  4] Utilization = 0.89 | pJ/MACC =   22.662 | L5[WIO] Q4 M2 C2 - L4[IO] M6 P32 Q8X - L3[] Q1 M8Y - L2[I] Q1 - L1[W] C8 - L0[O] Q1 
[  0] Utilization = 0.89 | pJ/MACC =   25.205 | L5[WIO] Q16 C4 - L4[IO] M2 P32 M4X Q2X - L3[] Q1 M2Y C4Y - L2[I] Q1 - L1[W] Q1 - L0[O] M6 
[  2] Utilization = 0.89 | pJ/MACC =   18.805 | L5[WIO] Q4 - L4[IO] M12 P32 Q8X - L3[] Q1 M4Y C2Y - L2[I] Q1 - L1[W] C8 - L0[O] M2 
[  4] Utilization = 0.89 | pJ/MACC =   21.126 | L5[WIO] Q4 M12 - L4[IO] M2 P32 Q8X - L3[] Q1 M4Y C2Y - L2[I] Q1 - L1[W] C8 - L0[O] Q1 
[  7] Utilization = 0.89 | pJ/MACC =   23.848 | L5[WIO] Q8 C2 - L4[IO] M24 P32 M2X Q4X - L3[] Q1 C8Y - L2[I] Q1 - L1[W] Q1 - L0[O] M2 
[  6] Utilization = 0.89 | pJ/MACC =   17.564 | L5[WIO] Q8 M3 - L4[IO] P32 M2X Q4X - L3[] Q1 M2Y C4Y - L2[I] Q1 - L1[W] C4 - L0[O] M8 
[  7] Utilization = 0.89 | pJ/MACC =   18.805 | L5[WIO] Q4 M4 - L4[IO] M3 P32 Q8X - L3[] Q1 M4Y C2Y - L2[I] Q1 - L1[W] C8 - L0[O] M2 
[  0] Utilization = 0.89 | pJ/MACC =   18.392 | L5[WIO] Q16 M2 - L4[IO] P32 M4X Q2X - L3[] Q1 M2Y C4Y - L2[I] Q1 - L1[W] C4 - L0[O] M6 
[  0] Utilization = 0.89 | pJ/MACC =   16.270 | L5[WIO] Q8 - L4[IO] P32 M2X Q4X - L3[] Q1 M2Y C4Y - L2[I] Q1 - L1[W] C4 - L0[O] M24 
[  3] Utilization = 0.89 | pJ/MACC =   16.892 | L5[WIO] Q4 M2 - L4[IO] P32 Q8X - L3[] Q1 M8Y - L2[I] Q1 - L1[W] C16 - L0[O] M6 
[  4] Utilization = 0.89 | pJ/MACC =   16.275 | L5[WIO] Q4 - L4[IO] P32 Q8X - L3[] Q1 M4Y C2Y - L2[I] Q1 - L1[W] C8 - L0[O] M24 
[  2] Utilization = 0.89 | pJ/MACC =   17.598 | L5[WIO] Q4 M2 - L4[IO] M3 P32 Q8X - L3[] Q1 C8Y - L2[I] Q1 - L1[W] C2 - L0[O] M16 
[  7] Utilization = 0.89 | pJ/MACC =   16.860 | L5[WIO] Q4 - L4[IO] M2 P32 Q8X - L3[] Q1 M2Y C4Y - L2[I] Q1 - L1[W] C4 - L0[O] M24 
[  1] Utilization = 0.89 | pJ/MACC =   18.113 | L5[WIO] Q8 M6 - L4[IO] P32 M2X Q4X - L3[] Q1 C8Y - L2[I] Q1 - L1[W] C2 - L0[O] M8 
[  6] Utilization = 0.89 | pJ/MACC =   17.237 | L5[WIO] Q4 M4 - L4[IO] P32 Q8X - L3[] Q1 M2Y C4Y - L2[I] Q1 - L1[W] C4 - L0[O] M12 
[  1] Utilization = 0.89 | pJ/MACC =   17.613 | L5[WIO] Q4 M3 - L4[IO] M2 P32 Q8X - L3[] Q1 M2Y C4Y - L2[I] Q1 - L1[W] C4 - L0[O] M8 
[  6] Utilization = 0.89 | pJ/MACC =   16.871 | L5[WIO] Q4 - L4[IO] M2 P32 Q8X - L3[] Q1 M4Y C2Y - L2[I] Q1 - L1[W] C8 - L0[O] M12 
[  5] STATEMENT: 1000 suboptimal mappings found since the last upgrade, terminating search.
[  0] STATEMENT: 1000 suboptimal mappings found since the last upgrade, terminating search.
[  3] STATEMENT: 1000 suboptimal mappings found since the last upgrade, terminating search.
[  1] Utilization = 0.89 | pJ/MACC =   16.301 | L5[WIO] Q8 - L4[IO] P32 M2X Q4X - L3[] Q1 M8Y - L2[I] Q1 - L1[W] C16 - L0[O] M6 
[  4] STATEMENT: 1000 suboptimal mappings found since the last upgrade, terminating search.
[  2] STATEMENT: 1000 suboptimal mappings found since the last upgrade, terminating search.
[  7] STATEMENT: 1000 suboptimal mappings found since the last upgrade, terminating search.
[  6] STATEMENT: 1000 suboptimal mappings found since the last upgrade, terminating search.
[  1] STATEMENT: 1000 suboptimal mappings found since the last upgrade, terminating search.
