[  1] Utilization = 0.06 | pJ/MACC =  148.215 | L5[WIO] Q16 M8 C16 - L4[IO] P16 C36 M2X - L3[] Q1 M2Y - L2[I] Q1 - L1[W] Q1 - L0[O] M3 
[  2] Utilization = 0.06 | pJ/MACC =  148.215 | L5[WIO] Q16 M8 C16 - L4[IO] P16 C18 M2X - L3[] Q1 M2Y - L2[I] Q1 - L1[W] C2 - L0[O] M3 
[  5] Utilization = 0.17 | pJ/MACC =  136.767 | L5[WIO] Q16 M8 - L4[IO] P16 C18 M2X - L3[] Q1 M3Y C2Y - L2[I] Q1 - L1[W] C16 - L0[O] M2 
[  6] Utilization = 0.17 | pJ/MACC =   78.982 | L5[WIO] Q8 M4 C3 - L4[IO] M4 P16 C32 Q2X - L3[] Q1 M6Y - L2[I] Q1 - L1[W] C6 - L0[O] Q1 
[  3] Utilization = 0.11 | pJ/MACC =  148.223 | L5[WIO] Q16 M8 C16 - L4[IO] P16 C18 M2X - L3[] Q1 M2Y C2Y - L2[I] Q1 - L1[W] Q1 - L0[O] M3 
[  7] Utilization = 0.06 | pJ/MACC =   49.364 | L5[WIO] Q4 M2 C48 - L4[IO] M16 P16 C12 Q4X - L3[] Q1 - L2[I] Q1 - L1[W] Q1 - L0[O] M3 
[  6] Utilization = 0.22 | pJ/MACC =   28.368 | L5[WIO] Q16 M8 C36 - L4[IO] P16 M2X - L3[] Q1 M2Y C4Y - L2[I] Q1 - L1[W] C4 - L0[O] M3 
[  0] Utilization = 0.17 | pJ/MACC =   78.982 | L5[WIO] Q8 M4 C3 - L4[IO] M4 P16 C16 Q2X - L3[] Q1 M6Y - L2[I] Q1 - L1[W] C12 - L0[O] Q1 
[  1] Utilization = 0.22 | pJ/MACC =   44.242 | L5[WIO] Q4 C72 - L4[IO] M4 P16 C2 M2X Q4X - L3[] Q1 M2Y - L2[I] Q1 - L1[W] C4 - L0[O] M6 
[  4] Utilization = 0.44 | pJ/MACC =   28.990 | L5[WIO] Q2 M3 C9 - L4[IO] M4 P16 C4 Q8X - L3[] Q1 M4Y - L2[I] Q1 - L1[W] C16 - L0[O] M2 
[  2] Utilization = 0.44 | pJ/MACC =   44.279 | L5[WIO] Q4 C72 - L4[IO] M4 P16 C2 M2X Q4X - L3[] Q1 M2Y C2Y - L2[I] Q1 - L1[W] C2 - L0[O] M6 
[  3] Utilization = 0.89 | pJ/MACC =   44.353 | L5[WIO] Q4 C72 - L4[IO] M4 P16 C2 M2X Q4X - L3[] Q1 M2Y C4Y - L2[I] Q1 - L1[W] Q1 - L0[O] M6 
[  7] Utilization = 0.22 | pJ/MACC =   34.318 | L5[WIO] Q8 M4 C288 - L4[IO] M3 P16 M2X Q2X - L3[] Q1 M4Y - L2[I] Q1 - L1[W] C2 - L0[O] Q1 
[  6] Utilization = 0.33 | pJ/MACC =   25.891 | L5[WIO] Q2 M2 C8 - L4[IO] M2 P16 C9 Q8X - L3[] Q1 M3Y - L2[I] Q1 - L1[W] C8 - L0[O] M8 
[  5] Utilization = 0.89 | pJ/MACC =   28.994 | L5[WIO] Q2 M3 C9 - L4[IO] M4 P16 C4 Q8X - L3[] Q1 M4Y C2Y - L2[I] Q1 - L1[W] C8 - L0[O] M2 
[  0] Utilization = 0.67 | pJ/MACC =  103.319 | L5[WIO] Q2 M48 C4 - L4[IO] P16 C4 Q8X - L3[] Q1 M2Y C3Y - L2[I] Q1 - L1[W] C12 - L0[O] Q1 
[  6] Utilization = 0.67 | pJ/MACC =   43.757 | L5[WIO] Q4 M2 C32 - L4[IO] M3 P16 C6 M2X Q4X - L3[] Q1 M2Y C3Y - L2[I] Q1 - L1[W] Q1 - L0[O] M4 
[  1] Utilization = 0.22 | pJ/MACC =   19.265 | L5[WIO] Q8 M6 C9 - L4[IO] P16 M2X Q2X - L3[] Q1 C4Y - L2[I] Q1 - L1[W] C16 - L0[O] M8 
[  7] Utilization = 0.67 | pJ/MACC =   25.894 | L5[WIO] Q2 M2 C8 - L4[IO] M2 P16 C9 Q8X - L3[] Q1 M3Y C2Y - L2[I] Q1 - L1[W] C4 - L0[O] M8 
[  1] Utilization = 0.87 | pJ/MACC =  103.321 | L5[WIO] Q2 M48 C4 - L4[IO] P16 C4 Q8X - L3[] Q1 M2Y C4Y - L2[I] Q1 - L1[W] C9 - L0[O] Q1 
[  2] Utilization = 0.44 | pJ/MACC =   19.281 | L5[WIO] Q8 M6 C9 - L4[IO] P16 M2X Q2X - L3[] Q1 C8Y - L2[I] Q1 - L1[W] C8 - L0[O] M8 
[  4] Utilization = 0.50 | pJ/MACC =   80.271 | L5[WIO] Q8 M4 C24 - L4[IO] M4 P16 C2 M2X Q2X - L3[] Q1 M3Y C3Y - L2[I] Q1 - L1[W] C4 - L0[O] Q1 
[  0] Utilization = 0.89 | pJ/MACC =   26.319 | L5[WIO] Q2 M2 C3 - L4[IO] M4 P16 C6 Q8X - L3[] Q1 M2Y C4Y - L2[I] Q1 - L1[W] C8 - L0[O] M6 
[  6] Utilization = 0.87 | pJ/MACC =   34.031 | L5[WIO] Q4 M12 C8 - L4[IO] M4 P16 M2X Q4X - L3[] Q1 C8Y - L2[I] Q1 - L1[W] C9 - L0[O] Q1 
[  3] Utilization = 1.00 | pJ/MACC =   25.898 | L5[WIO] Q2 M2 C8 - L4[IO] M2 P16 C8 Q8X - L3[] Q1 M3Y C3Y - L2[I] Q1 - L1[W] C3 - L0[O] M8 
[  4] Utilization = 0.67 | pJ/MACC =   45.912 | L5[WIO] Q4 M4 C12 - L4[IO] M2 P16 C4 M2X Q4X - L3[] Q1 C6Y - L2[I] Q1 - L1[W] C2 - L0[O] M6 
[  5] Utilization = 0.89 | pJ/MACC =   14.527 | L5[WIO] Q2 M3 C36 - L4[IO] M4 P16 Q8X - L3[] Q1 M4Y C2Y - L2[I] Q1 - L1[W] C8 - L0[O] M2 
[  2] Utilization = 1.00 | pJ/MACC =   20.406 | L5[WIO] Q16 C96 - L4[IO] M2 P16 M8X - L3[] Q1 M3Y C3Y - L2[I] Q1 - L1[W] C2 - L0[O] M2 
[  4] Utilization = 0.67 | pJ/MACC =   24.065 | L5[WIO] Q4 M8 C64 - L4[IO] P16 M2X Q4X - L3[] Q1 M2Y C3Y - L2[I] Q1 - L1[W] C3 - L0[O] M3 
[  5] Utilization = 1.00 | pJ/MACC =  141.512 | L5[WIO] Q16 C96 - L4[IO] M2 P16 C2 M8X - L3[] Q1 M3Y C3Y - L2[I] Q1 - L1[W] Q1 - L0[O] M2 
[  4] Utilization = 0.67 | pJ/MACC =   13.424 | L5[WIO] Q8 M2 C24 - L4[IO] P16 M4X Q2X - L3[] Q1 M2Y C3Y - L2[I] Q1 - L1[W] C8 - L0[O] M6 
[  1] Utilization = 0.89 | pJ/MACC =   43.243 | L5[WIO] Q4 M2 C3 - L4[IO] M6 P16 C16 M2X Q4X - L3[] Q1 M4Y C2Y - L2[I] Q1 - L1[W] C6 - L0[O] Q1 
[  7] Utilization = 0.89 | pJ/MACC =   28.929 | L5[WIO] Q2 M4 C8 - L4[IO] P16 C9 Q8X - L3[] Q1 M4Y C2Y - L2[I] Q1 - L1[W] C4 - L0[O] M6 
[  6] Utilization = 0.89 | pJ/MACC =   25.029 | L5[WIO] Q2 C6 - L4[IO] M8 P16 C24 Q8X - L3[] Q1 M4Y C2Y - L2[I] Q1 - L1[W] C2 - L0[O] M3 
[  0] Utilization = 0.89 | pJ/MACC =   25.029 | L5[WIO] Q2 C6 - L4[IO] M8 P16 C16 Q8X - L3[] Q1 M4Y C2Y - L2[I] Q1 - L1[W] C3 - L0[O] M3 
[  1] Utilization = 0.89 | pJ/MACC =   40.683 | L5[WIO] Q4 M4 - L4[IO] M2 P16 C8 M2X Q4X - L3[] Q1 C8Y - L2[I] Q1 - L1[W] C9 - L0[O] M6 
[  4] Utilization = 1.00 | pJ/MACC =   18.910 | L5[WIO] Q8 M4 C32 - L4[IO] M3 P16 M4X Q2X - L3[] Q1 C9Y - L2[I] Q1 - L1[W] C2 - L0[O] M2 
[  6] Utilization = 1.00 | pJ/MACC =   31.088 | L5[WIO] Q2 C32 - L4[IO] M32 P16 C6 Q8X - L3[] Q1 M3Y C3Y - L2[I] Q1 - L1[W] Q1 - L0[O] Q1 
[  1] Utilization = 0.89 | pJ/MACC =   26.281 | L5[WIO] Q2 C3 - L4[IO] M16 P16 C8 Q8X - L3[] Q1 M2Y C4Y - L2[I] Q1 - L1[W] C6 - L0[O] M3 
[  7] Utilization = 1.00 | pJ/MACC =   46.850 | L5[WIO] Q4 M3 C4 - L4[IO] M8 P16 C16 M2X Q4X - L3[] Q1 C9Y - L2[I] Q1 - L1[W] Q1 - L0[O] M2 
[  0] Utilization = 0.89 | pJ/MACC =   15.207 | L5[WIO] Q8 C72 - L4[IO] M3 P16 M4X Q2X - L3[] Q1 C8Y - L2[I] Q1 - L1[W] Q1 - L0[O] M8 
[  1] Utilization = 0.89 | pJ/MACC =   12.523 | L5[WIO] Q4 C48 - L4[IO] M8 P16 M2X Q4X - L3[] Q1 M2Y C4Y - L2[I] Q1 - L1[W] C3 - L0[O] M3 
[  1] Utilization = 0.89 | pJ/MACC =   12.190 | L5[WIO] Q4 M3 C9 - L4[IO] P16 M2X Q4X - L3[] Q1 M2Y C4Y - L2[I] Q1 - L1[W] C16 - L0[O] M8 
[  1] Utilization = 1.00 | pJ/MACC =   25.653 | L5[WIO] Q2 M2 C4 - L4[IO] M2 P16 C24 Q8X - L3[] Q1 M3Y C3Y - L2[I] Q1 - L1[W] C2 - L0[O] M8 
[  4] Utilization = 1.00 | pJ/MACC =   12.582 | L5[WIO] Q4 M2 C24 - L4[IO] M4 P16 M2X Q4X - L3[] Q1 M3Y C3Y - L2[I] Q1 - L1[W] C8 - L0[O] M2 
[  5] Utilization = 1.00 | pJ/MACC =   77.491 | L5[WIO] Q8 M4 C2 - L4[IO] M2 P16 C48 M4X Q2X - L3[] Q1 M3Y C3Y - L2[I] Q1 - L1[W] C2 - L0[O] Q1 
[  0] Utilization = 1.00 | pJ/MACC =   14.665 | L5[WIO] Q8 C48 - L4[IO] M8 P16 M4X Q2X - L3[] Q1 M3Y C3Y - L2[I] Q1 - L1[W] C4 - L0[O] Q1 
[  6] Utilization = 1.00 | pJ/MACC =   28.098 | L5[WIO] Q2 C32 - L4[IO] M16 P16 C6 Q8X - L3[] Q1 M3Y C3Y - L2[I] Q1 - L1[W] Q1 - L0[O] M2 
[  5] Utilization = 1.00 | pJ/MACC =   49.191 | L5[WIO] Q2 M16 C6 - L4[IO] P16 C8 Q8X - L3[] Q1 M3Y C3Y - L2[I] Q1 - L1[W] C4 - L0[O] M2 
[  7] Utilization = 1.00 | pJ/MACC =   25.775 | L5[WIO] Q2 M2 C6 - L4[IO] M2 P16 C4 Q8X - L3[] Q1 M3Y C3Y - L2[I] Q1 - L1[W] C8 - L0[O] M8 
[  5] Utilization = 1.00 | pJ/MACC =   19.293 | L5[WIO] Q16 M3 C16 - L4[IO] M2 P16 M8X - L3[] Q1 C9Y - L2[I] Q1 - L1[W] C4 - L0[O] M2 
[  2] Utilization = 1.00 | pJ/MACC =   15.514 | L5[WIO] Q2 M2 C16 - L4[IO] M16 P16 Q8X - L3[] Q1 M3Y C3Y - L2[I] Q1 - L1[W] C12 - L0[O] Q1 
[  7] Utilization = 1.00 | pJ/MACC =   24.012 | L5[WIO] Q2 C8 - L4[IO] M2 P16 C2 Q8X - L3[] Q1 M3Y C3Y - L2[I] Q1 - L1[W] C12 - L0[O] M16 
[  6] Utilization = 1.00 | pJ/MACC =   25.876 | L5[WIO] Q2 M2 C2 - L4[IO] M3 P16 C4 Q8X - L3[] Q1 C9Y - L2[I] Q1 - L1[W] C8 - L0[O] M16 
[  3] STATEMENT: 1000 suboptimal mappings found since the last upgrade, terminating search.
[  0] STATEMENT: 1000 suboptimal mappings found since the last upgrade, terminating search.
[  1] STATEMENT: 1000 suboptimal mappings found since the last upgrade, terminating search.
[  4] STATEMENT: 1000 suboptimal mappings found since the last upgrade, terminating search.
[  5] Utilization = 1.00 | pJ/MACC =   15.269 | L5[WIO] Q16 C16 - L4[IO] P16 M8X - L3[] Q1 C9Y - L2[I] Q1 - L1[W] C4 - L0[O] M12 
[  2] STATEMENT: 1000 suboptimal mappings found since the last upgrade, terminating search.
[  7] STATEMENT: 1000 suboptimal mappings found since the last upgrade, terminating search.
[  6] STATEMENT: 1000 suboptimal mappings found since the last upgrade, terminating search.
[  5] STATEMENT: 1000 suboptimal mappings found since the last upgrade, terminating search.
