[  0] Utilization = 0.08 | pJ/MACC =   29.161 | L5[WIO] Q8 M9 C8 - L4[IO] M8 P8 - L3[] Q1 C6Y - L2[I] Q1 - L1[W] C2 - L0[O] M8 
[  2] Utilization = 0.01 | pJ/MACC =  142.083 | L5[WIO] Q8 M9 C8 - L4[IO] M8 P8 C2 - L3[] Q1 - L2[I] Q1 - L1[W] C6 - L0[O] M8 
[  6] Utilization = 0.01 | pJ/MACC =  142.083 | L5[WIO] Q8 M9 C8 - L4[IO] M8 P8 C3 - L3[] Q1 - L2[I] Q1 - L1[W] C4 - L0[O] M8 
[  4] Utilization = 0.04 | pJ/MACC =  142.127 | L5[WIO] Q8 M9 C8 - L4[IO] M8 P8 C2 - L3[] Q1 C3Y - L2[I] Q1 - L1[W] C2 - L0[O] M8 
[  3] Utilization = 0.03 | pJ/MACC =  142.105 | L5[WIO] Q8 M9 C8 - L4[IO] M8 P8 C2 - L3[] Q1 C2Y - L2[I] Q1 - L1[W] C3 - L0[O] M8 
[  7] Utilization = 0.03 | pJ/MACC =  142.105 | L5[WIO] Q8 M9 C8 - L4[IO] M8 P8 C3 - L3[] Q1 C2Y - L2[I] Q1 - L1[W] C2 - L0[O] M8 
[  5] Utilization = 0.08 | pJ/MACC =  142.193 | L5[WIO] Q8 M9 C8 - L4[IO] M8 P8 C2 - L3[] Q1 C6Y - L2[I] Q1 - L1[W] Q1 - L0[O] M8 
[  1] Utilization = 0.04 | pJ/MACC =  143.649 | L5[WIO] Q8 M3 C6 - L4[IO] M64 P8 C2 - L3[] Q1 M3Y - L2[I] Q1 - L1[W] C8 - L0[O] Q1 
[  0] Utilization = 0.25 | pJ/MACC =   31.449 | L5[WIO] Q8 M3 C8 - L4[IO] M64 P8 M3X - L3[] Q1 C6Y - L2[I] Q1 - L1[W] C2 - L0[O] Q1 
[  2] Utilization = 0.04 | pJ/MACC =  144.371 | L5[WIO] Q8 M3 C8 - L4[IO] M64 P8 C2 M3X - L3[] Q1 - L2[I] Q1 - L1[W] C6 - L0[O] Q1 
[  6] Utilization = 0.04 | pJ/MACC =  144.371 | L5[WIO] Q8 M3 C8 - L4[IO] M64 P8 C3 M3X - L3[] Q1 - L2[I] Q1 - L1[W] C4 - L0[O] Q1 
[  4] Utilization = 0.12 | pJ/MACC =  144.415 | L5[WIO] Q8 M3 C8 - L4[IO] M64 P8 C2 M3X - L3[] Q1 C3Y - L2[I] Q1 - L1[W] C2 - L0[O] Q1 
[  3] Utilization = 0.08 | pJ/MACC =  144.393 | L5[WIO] Q8 M3 C8 - L4[IO] M64 P8 C2 M3X - L3[] Q1 C2Y - L2[I] Q1 - L1[W] C3 - L0[O] Q1 
[  7] Utilization = 0.08 | pJ/MACC =  144.393 | L5[WIO] Q8 M3 C8 - L4[IO] M64 P8 C3 M3X - L3[] Q1 C2Y - L2[I] Q1 - L1[W] C2 - L0[O] Q1 
[  2] Utilization = 0.08 | pJ/MACC =  143.665 | L5[WIO] Q8 M3 C6 - L4[IO] M64 P8 C2 - L3[] Q1 M3Y C2Y - L2[I] Q1 - L1[W] C4 - L0[O] Q1 
[  0] Utilization = 0.44 | pJ/MACC =   39.927 | L5[WIO] Q2 M18 - L4[IO] P8 C48 Q4X - L3[] Q1 M4Y C2Y - L2[I] Q1 - L1[W] Q1 - L0[O] M8 
[  5] Utilization = 0.25 | pJ/MACC =  144.482 | L5[WIO] Q8 M3 C8 - L4[IO] M64 P8 C2 M3X - L3[] Q1 C6Y - L2[I] Q1 - L1[W] Q1 - L0[O] Q1 
[  1] Utilization = 0.08 | pJ/MACC =  139.469 | L5[WIO] Q8 M4 C2 - L4[IO] M24 P8 C6 M3X - L3[] Q1 C2Y - L2[I] Q1 - L1[W] C4 - L0[O] M2 
[  6] Utilization = 0.08 | pJ/MACC =  143.665 | L5[WIO] Q8 M3 C6 - L4[IO] M64 P8 C4 - L3[] Q1 M3Y C2Y - L2[I] Q1 - L1[W] C2 - L0[O] Q1 
[  0] Utilization = 0.50 | pJ/MACC =   15.323 | L5[WIO] Q4 M32 - L4[IO] P8 M3X Q2X - L3[] Q1 C6Y - L2[I] Q1 - L1[W] C16 - L0[O] M6 
[  7] Utilization = 0.08 | pJ/MACC =  139.469 | L5[WIO] Q8 M4 C2 - L4[IO] M24 P8 C8 M3X - L3[] Q1 C2Y - L2[I] Q1 - L1[W] C3 - L0[O] M2 
[  1] Utilization = 0.11 | pJ/MACC =   45.847 | L5[WIO] Q2 M8 C2 - L4[IO] M18 P8 C4 Q4X - L3[] Q1 C2Y - L2[I] Q1 - L1[W] C6 - L0[O] M4 
[  0] Utilization = 0.89 | pJ/MACC =   27.766 | L5[WIO] Q2 M48 C12 - L4[IO] P8 M2X Q4X - L3[] Q1 M2Y C4Y - L2[I] Q1 - L1[W] C2 - L0[O] M3 
[  7] Utilization = 0.11 | pJ/MACC =   45.847 | L5[WIO] Q2 M8 C2 - L4[IO] M18 P8 C24 Q4X - L3[] Q1 C2Y - L2[I] Q1 - L1[W] Q1 - L0[O] M4 
[  6] Utilization = 0.17 | pJ/MACC =  136.112 | L5[WIO] Q8 M2 C2 - L4[IO] M2 P8 C24 M2X - L3[] Q1 M6Y - L2[I] Q1 - L1[W] C2 - L0[O] M12 
[  7] Utilization = 0.22 | pJ/MACC =   39.927 | L5[WIO] Q2 M18 - L4[IO] P8 C32 Q4X - L3[] Q1 M4Y - L2[I] Q1 - L1[W] C3 - L0[O] M8 
[  6] Utilization = 0.22 | pJ/MACC =   77.171 | L5[WIO] Q4 M16 - L4[IO] M12 P8 C3 Q2X - L3[] Q1 C8Y - L2[I] Q1 - L1[W] C4 - L0[O] M3 
[  2] Utilization = 0.44 | pJ/MACC =   74.305 | L5[WIO] Q4 M6 C2 - L4[IO] M6 P8 C48 M4X Q2X - L3[] Q1 M4Y - L2[I] Q1 - L1[W] Q1 - L0[O] Q1 
[  1] Utilization = 0.22 | pJ/MACC =   46.039 | L5[WIO] Q2 M3 C16 - L4[IO] M8 P8 C3 M2X Q4X - L3[] Q1 M2Y - L2[I] Q1 - L1[W] C2 - L0[O] M6 
[  3] Utilization = 0.44 | pJ/MACC =   74.305 | L5[WIO] Q4 M6 C2 - L4[IO] M6 P8 C3 M4X Q2X - L3[] Q1 M4Y - L2[I] Q1 - L1[W] C16 - L0[O] Q1 
[  6] Utilization = 0.44 | pJ/MACC =   56.729 | L5[WIO] Q2 M48 C12 - L4[IO] P8 C4 M2X Q4X - L3[] Q1 M2Y C2Y - L2[I] Q1 - L1[W] Q1 - L0[O] M3 
[  4] Utilization = 0.89 | pJ/MACC =   74.308 | L5[WIO] Q4 M6 C2 - L4[IO] M6 P8 C3 M4X Q2X - L3[] Q1 M4Y C2Y - L2[I] Q1 - L1[W] C8 - L0[O] Q1 
[  1] Utilization = 0.44 | pJ/MACC =   29.114 | L5[WIO] M18 C2 - L4[IO] M2 P8 C6 Q8X - L3[] Q1 M2Y C2Y - L2[I] Q1 - L1[W] C4 - L0[O] M8 
[  5] Utilization = 0.44 | pJ/MACC =   14.139 | L5[WIO] Q2 M3 C8 - L4[IO] M8 P8 M2X Q4X - L3[] Q1 M2Y C2Y - L2[I] Q1 - L1[W] C6 - L0[O] M6 
[  6] Utilization = 0.89 | pJ/MACC =   40.918 | L5[WIO] Q2 M4 C2 - L4[IO] M3 P8 C8 M2X Q4X - L3[] Q1 M8Y - L2[I] Q1 - L1[W] C6 - L0[O] M3 
[  5] Utilization = 0.67 | pJ/MACC =   29.117 | L5[WIO] M18 C2 - L4[IO] M2 P8 C16 Q8X - L3[] Q1 M2Y C3Y - L2[I] Q1 - L1[W] Q1 - L0[O] M8 
[  7] Utilization = 0.89 | pJ/MACC =   14.183 | L5[WIO] Q2 M3 C8 - L4[IO] M8 P8 M2X Q4X - L3[] Q1 M2Y C4Y - L2[I] Q1 - L1[W] C3 - L0[O] M6 
[  2] Utilization = 0.44 | pJ/MACC =   39.927 | L5[WIO] Q2 M18 - L4[IO] P8 C3 Q4X - L3[] Q1 M4Y C2Y - L2[I] Q1 - L1[W] C16 - L0[O] M8 
[  4] Utilization = 0.89 | pJ/MACC =   56.799 | L5[WIO] Q2 M48 C12 - L4[IO] P8 C2 M2X Q4X - L3[] Q1 M2Y C4Y - L2[I] Q1 - L1[W] Q1 - L0[O] M3 
[  2] Utilization = 0.67 | pJ/MACC =   15.323 | L5[WIO] Q4 M32 - L4[IO] P8 M3X Q2X - L3[] Q1 C8Y - L2[I] Q1 - L1[W] C12 - L0[O] M6 
[  3] Utilization = 0.44 | pJ/MACC =   56.729 | L5[WIO] Q2 M48 C12 - L4[IO] P8 C2 M2X Q4X - L3[] Q1 M2Y C2Y - L2[I] Q1 - L1[W] C2 - L0[O] M3 
[  4] Utilization = 0.89 | pJ/MACC =   40.918 | L5[WIO] Q2 M4 C2 - L4[IO] M3 P8 C16 M2X Q4X - L3[] Q1 M8Y - L2[I] Q1 - L1[W] C3 - L0[O] M3 
[  1] Utilization = 0.44 | pJ/MACC =   12.127 | L5[WIO] Q2 M3 C3 - L4[IO] M6 P8 M2X Q4X - L3[] Q1 M2Y C2Y - L2[I] Q1 - L1[W] C16 - L0[O] M8 
[  3] Utilization = 0.67 | pJ/MACC =   71.800 | L5[WIO] Q4 C2 - L4[IO] M2 P8 C3 M3X Q2X - L3[] Q1 M8Y - L2[I] Q1 - L1[W] C16 - L0[O] M12 
[  1] Utilization = 0.89 | pJ/MACC =  140.481 | L5[WIO] Q8 M12 C4 - L4[IO] M3 P8 C3 M8X - L3[] Q1 C8Y - L2[I] Q1 - L1[W] Q1 - L0[O] M2 
[  3] Utilization = 0.89 | pJ/MACC =   12.140 | L5[WIO] Q2 M3 C3 - L4[IO] M6 P8 M2X Q4X - L3[] Q1 M2Y C4Y - L2[I] Q1 - L1[W] C8 - L0[O] M8 
[  2] Utilization = 0.89 | pJ/MACC =   29.120 | L5[WIO] M18 C2 - L4[IO] M2 P8 C6 Q8X - L3[] Q1 M2Y C4Y - L2[I] Q1 - L1[W] C2 - L0[O] M8 
[  6] Utilization = 1.00 | pJ/MACC =   23.250 | L5[WIO] Q4 M2 C24 - L4[IO] M4 P8 M4X Q2X - L3[] Q1 M9Y - L2[I] Q1 - L1[W] C4 - L0[O] M2 
[  0] Utilization = 0.89 | pJ/MACC =   13.444 | L5[WIO] Q2 M6 C2 - L4[IO] M8 P8 M2X Q4X - L3[] Q1 C8Y - L2[I] Q1 - L1[W] C6 - L0[O] M6 
[  4] Utilization = 1.00 | pJ/MACC =   73.058 | L5[WIO] Q4 M2 C4 - L4[IO] M4 P8 C12 M4X Q2X - L3[] Q1 M9Y - L2[I] Q1 - L1[W] C2 - L0[O] M2 
[  5] Utilization = 0.89 | pJ/MACC =   40.606 | L5[WIO] Q2 M2 C3 - L4[IO] M4 P8 C4 M2X Q4X - L3[] Q1 M4Y C2Y - L2[I] Q1 - L1[W] C4 - L0[O] M9 
[  2] Utilization = 1.00 | pJ/MACC =   73.058 | L5[WIO] Q4 M2 C4 - L4[IO] M4 P8 C8 M4X Q2X - L3[] Q1 M9Y - L2[I] Q1 - L1[W] C3 - L0[O] M2 
[  1] Utilization = 0.89 | pJ/MACC =   43.906 | L5[WIO] Q2 M72 - L4[IO] M2 P8 C2 M2X Q4X - L3[] Q1 M2Y C4Y - L2[I] Q1 - L1[W] C12 - L0[O] Q1 
[  5] Utilization = 0.89 | pJ/MACC =   26.121 | L5[WIO] M24 C32 - L4[IO] P8 Q8X - L3[] Q1 M8Y - L2[I] Q1 - L1[W] C3 - L0[O] M3 
[  7] Utilization = 0.89 | pJ/MACC =   13.993 | L5[WIO] Q2 M3 C8 - L4[IO] M6 P8 M2X Q4X - L3[] Q1 M2Y C4Y - L2[I] Q1 - L1[W] C3 - L0[O] M8 
[  5] Utilization = 1.00 | pJ/MACC =   43.230 | L5[WIO] Q2 M8 C6 - L4[IO] P8 C4 M2X Q4X - L3[] Q1 M9Y - L2[I] Q1 - L1[W] C4 - L0[O] M4 
[  1] Utilization = 1.00 | pJ/MACC =   43.230 | L5[WIO] Q2 M8 C6 - L4[IO] P8 C2 M2X Q4X - L3[] Q1 M9Y - L2[I] Q1 - L1[W] C8 - L0[O] M4 
[  0] Utilization = 1.00 | pJ/MACC =  136.326 | L5[WIO] Q8 M3 - L4[IO] M8 P8 C32 M8X - L3[] Q1 M3Y C3Y - L2[I] Q1 - L1[W] Q1 - L0[O] Q1 
[  0] Utilization = 1.00 | pJ/MACC =   40.916 | L5[WIO] Q2 M6 - L4[IO] M8 P8 C32 M2X Q4X - L3[] Q1 M3Y C3Y - L2[I] Q1 - L1[W] Q1 - L0[O] M2 
[  6] Utilization = 1.00 | pJ/MACC =   13.660 | L5[WIO] M8 C8 - L4[IO] M4 P8 Q8X - L3[] Q1 M3Y C3Y - L2[I] Q1 - L1[W] C4 - L0[O] M6 
[  0] Utilization = 1.00 | pJ/MACC =   31.632 | L5[WIO] M8 C16 - L4[IO] M4 P8 C2 Q8X - L3[] Q1 M3Y C3Y - L2[I] Q1 - L1[W] Q1 - L0[O] M6 
[  3] Utilization = 1.00 | pJ/MACC =  136.326 | L5[WIO] Q8 M3 - L4[IO] M8 P8 C4 M8X - L3[] Q1 M3Y C3Y - L2[I] Q1 - L1[W] C8 - L0[O] Q1 
[  3] Utilization = 1.00 | pJ/MACC =   40.916 | L5[WIO] Q2 M6 - L4[IO] M8 P8 C4 M2X Q4X - L3[] Q1 M3Y C3Y - L2[I] Q1 - L1[W] C8 - L0[O] M2 
[  2] Utilization = 1.00 | pJ/MACC =   12.574 | L5[WIO] Q2 M4 C4 - L4[IO] M3 P8 M2X Q4X - L3[] Q1 M3Y C3Y - L2[I] Q1 - L1[W] C8 - L0[O] M8 
[  1] Utilization = 1.00 | pJ/MACC =   28.912 | L5[WIO] C16 - L4[IO] M4 P8 C3 Q8X - L3[] Q1 M9Y - L2[I] Q1 - L1[W] C2 - L0[O] M16 
[  3] Utilization = 1.00 | pJ/MACC =   24.746 | L5[WIO] M4 C2 - L4[IO] M2 P8 C3 Q8X - L3[] Q1 M9Y - L2[I] Q1 - L1[W] C16 - L0[O] M8 
[  4] Utilization = 1.00 | pJ/MACC =   24.975 | L5[WIO] M2 C2 - L4[IO] M16 P8 C2 Q8X - L3[] Q1 M3Y C3Y - L2[I] Q1 - L1[W] C8 - L0[O] M6 
[  5] Utilization = 1.00 | pJ/MACC =   31.095 | L5[WIO] Q8 M12 C16 - L4[IO] P8 M8X - L3[] Q1 M3Y C3Y - L2[I] Q1 - L1[W] C2 - L0[O] M2 
[  5] Utilization = 1.00 | pJ/MACC =   21.016 | L5[WIO] Q4 M4 C16 - L4[IO] M3 P8 M4X Q2X - L3[] Q1 M3Y C3Y - L2[I] Q1 - L1[W] C2 - L0[O] M4 
[  4] Utilization = 1.00 | pJ/MACC =   10.990 | L5[WIO] C8 - L4[IO] M4 P8 Q8X - L3[] Q1 M9Y - L2[I] Q1 - L1[W] C12 - L0[O] M16 
[  1] Utilization = 1.00 | pJ/MACC =   27.469 | L5[WIO] M8 C6 - L4[IO] M2 P8 C8 Q8X - L3[] Q1 M9Y - L2[I] Q1 - L1[W] C2 - L0[O] M4 
[  7] Utilization = 1.00 | pJ/MACC =   45.632 | L5[WIO] Q2 M2 C16 - L4[IO] M8 P8 C2 M2X Q4X - L3[] Q1 M9Y - L2[I] Q1 - L1[W] C3 - L0[O] M2 
[  3] Utilization = 1.00 | pJ/MACC =   10.441 | L5[WIO] M2 C2 - L4[IO] M24 P8 Q8X - L3[] Q1 M3Y C3Y - L2[I] Q1 - L1[W] C16 - L0[O] M4 
[  0] Utilization = 1.00 | pJ/MACC =   27.469 | L5[WIO] M8 C6 - L4[IO] M2 P8 C16 Q8X - L3[] Q1 M9Y - L2[I] Q1 - L1[W] Q1 - L0[O] M4 
[  1] Utilization = 1.00 | pJ/MACC =   23.899 | L5[WIO] M8 - L4[IO] M2 P8 C24 Q8X - L3[] Q1 M9Y - L2[I] Q1 - L1[W] C4 - L0[O] M4 
[  7] Utilization = 1.00 | pJ/MACC =   31.081 | L5[WIO] M8 C16 - L4[IO] M2 P8 C2 Q8X - L3[] Q1 M9Y - L2[I] Q1 - L1[W] C3 - L0[O] M4 
[  0] Utilization = 1.00 | pJ/MACC =   23.732 | L5[WIO] M6 - L4[IO] M2 P8 C32 Q8X - L3[] Q1 M3Y C3Y - L2[I] Q1 - L1[W] Q1 - L0[O] M16 
[  7] Utilization = 1.00 | pJ/MACC =   26.349 | L5[WIO] M3 - L4[IO] M32 P8 C8 Q8X - L3[] Q1 M3Y C3Y - L2[I] Q1 - L1[W] C4 - L0[O] M2 
[  7] Utilization = 1.00 | pJ/MACC =   24.854 | L5[WIO] M2 - L4[IO] M24 P8 C8 Q8X - L3[] Q1 M3Y C3Y - L2[I] Q1 - L1[W] C4 - L0[O] M4 
[  1] Utilization = 1.00 | pJ/MACC =   23.629 | L5[WIO] M8 - L4[IO] P8 C16 Q8X - L3[] Q1 M9Y - L2[I] Q1 - L1[W] C6 - L0[O] M8 
[  6] STATEMENT: 1000 suboptimal mappings found since the last upgrade, terminating search.
[  5] STATEMENT: 1000 suboptimal mappings found since the last upgrade, terminating search.
[  2] STATEMENT: 1000 suboptimal mappings found since the last upgrade, terminating search.
[  4] STATEMENT: 1000 suboptimal mappings found since the last upgrade, terminating search.
[  7] Utilization = 1.00 | pJ/MACC =   23.629 | L5[WIO] M2 - L4[IO] M4 P8 C48 Q8X - L3[] Q1 M9Y - L2[I] Q1 - L1[W] C2 - L0[O] M8 
[  3] STATEMENT: 1000 suboptimal mappings found since the last upgrade, terminating search.
[  0] STATEMENT: 1000 suboptimal mappings found since the last upgrade, terminating search.
[  1] STATEMENT: 1000 suboptimal mappings found since the last upgrade, terminating search.
[  7] STATEMENT: 1000 suboptimal mappings found since the last upgrade, terminating search.
