[  4] Utilization = 0.03 | pJ/MACC =   36.670 | L5[WIO] Q32 C40 - L4[IO] M2 P32 M2X - L3[] Q1 - L2[I] Q1 - L1[W] C2 - L0[O] M5 
[  1] Utilization = 0.03 | pJ/MACC =  144.982 | L5[WIO] Q32 C2 - L4[IO] M2 P32 C10 M2X - L3[] Q1 - L2[I] Q1 - L1[W] C4 - L0[O] M5 
[  5] Utilization = 0.06 | pJ/MACC =   36.817 | L5[WIO] Q32 C40 - L4[IO] M2 P32 M2X - L3[] Q1 C2Y - L2[I] Q1 - L1[W] Q1 - L0[O] M5 
[  6] Utilization = 0.44 | pJ/MACC =   31.906 | L5[WIO] Q4 M20 - L4[IO] P32 Q8X - L3[] Q1 C5Y - L2[I] Q1 - L1[W] C16 - L0[O] Q1 
[  3] Utilization = 0.56 | pJ/MACC =   18.490 | L5[WIO] Q16 C5 - L4[IO] P32 M4X Q2X - L3[] Q1 M5Y - L2[I] Q1 - L1[W] C16 - L0[O] Q1 
[  4] Utilization = 0.22 | pJ/MACC =   18.305 | L5[WIO] Q16 C5 - L4[IO] P32 M2X Q2X - L3[] Q1 M2Y C2Y - L2[I] Q1 - L1[W] C8 - L0[O] M5 
[  5] Utilization = 0.56 | pJ/MACC =   32.116 | L5[WIO] Q4 C2 - L4[IO] P32 C10 Q8X - L3[] Q1 M5Y - L2[I] Q1 - L1[W] C4 - L0[O] M4 
[  5] Utilization = 0.56 | pJ/MACC =   23.446 | L5[WIO] Q4 C20 - L4[IO] P32 Q8X - L3[] Q1 M5Y - L2[I] Q1 - L1[W] C4 - L0[O] M4 
[  1] Utilization = 0.44 | pJ/MACC =   25.037 | L5[WIO] Q8 M2 C4 - L4[IO] P32 M2X Q4X - L3[] Q1 C4Y - L2[I] Q1 - L1[W] C5 - L0[O] M5 
[  0] Utilization = 0.56 | pJ/MACC =   88.277 | L5[WIO] Q16 C20 - L4[IO] P32 C2 M4X Q2X - L3[] Q1 M5Y - L2[I] Q1 - L1[W] C2 - L0[O] Q1 
[  4] Utilization = 0.89 | pJ/MACC =   16.987 | L5[WIO] Q16 C2 - L4[IO] P32 M4X Q2X - L3[] Q1 C8Y - L2[I] Q1 - L1[W] C5 - L0[O] M5 
[  2] Utilization = 0.56 | pJ/MACC =   88.277 | L5[WIO] Q16 C20 - L4[IO] P32 C4 M4X Q2X - L3[] Q1 M5Y - L2[I] Q1 - L1[W] Q1 - L0[O] Q1 
[  0] Utilization = 0.56 | pJ/MACC =   33.002 | L5[WIO] Q4 C4 - L4[IO] P32 C5 Q8X - L3[] Q1 M5Y - L2[I] Q1 - L1[W] C4 - L0[O] M4 
[  1] Utilization = 0.44 | pJ/MACC =   16.972 | L5[WIO] Q16 C2 - L4[IO] P32 M4X Q2X - L3[] Q1 C4Y - L2[I] Q1 - L1[W] C10 - L0[O] M5 
[  7] Utilization = 0.56 | pJ/MACC =   57.192 | L5[WIO] Q8 M2 C4 - L4[IO] P32 C2 M2X Q4X - L3[] Q1 C5Y - L2[I] Q1 - L1[W] C2 - L0[O] M5 
[  3] Utilization = 0.56 | pJ/MACC =   16.976 | L5[WIO] Q16 C2 - L4[IO] P32 M4X Q2X - L3[] Q1 C5Y - L2[I] Q1 - L1[W] C8 - L0[O] M5 
[  6] Utilization = 0.89 | pJ/MACC =   34.296 | L5[WIO] Q4 - L4[IO] M4 P32 C5 Q8X - L3[] Q1 C8Y - L2[I] Q1 - L1[W] C2 - L0[O] M5 
[  0] Utilization = 0.89 | pJ/MACC =   43.906 | L5[WIO] Q4 M2 C10 - L4[IO] P32 C2 Q8X - L3[] Q1 M2Y C4Y - L2[I] Q1 - L1[W] Q1 - L0[O] M5 
[  1] Utilization = 0.89 | pJ/MACC =   48.539 | L5[WIO] Q8 - L4[IO] M2 P32 C2 M2X Q4X - L3[] Q1 C8Y - L2[I] Q1 - L1[W] C5 - L0[O] M5 
[  2] Utilization = 0.56 | pJ/MACC =   27.236 | L5[WIO] Q4 M2 C10 - L4[IO] P32 Q8X - L3[] Q1 M5Y - L2[I] Q1 - L1[W] C8 - L0[O] M2 
[  5] Utilization = 0.56 | pJ/MACC =   19.697 | L5[WIO] Q8 C8 - L4[IO] M2 P32 M2X Q4X - L3[] Q1 M5Y - L2[I] Q1 - L1[W] C10 - L0[O] Q1 
[  5] Utilization = 0.89 | pJ/MACC =   43.862 | L5[WIO] Q4 C20 - L4[IO] M5 P32 C2 Q8X - L3[] Q1 M4Y C2Y - L2[I] Q1 - L1[W] Q1 - L0[O] Q1 
[  2] Utilization = 0.56 | pJ/MACC =   23.241 | L5[WIO] Q8 C16 - L4[IO] M2 P32 M2X Q4X - L3[] Q1 M5Y - L2[I] Q1 - L1[W] C5 - L0[O] Q1 
[  2] Utilization = 0.56 | pJ/MACC =   17.653 | L5[WIO] Q4 M4 - L4[IO] P32 Q8X - L3[] Q1 C5Y - L2[I] Q1 - L1[W] C16 - L0[O] M5 
[  0] Utilization = 0.89 | pJ/MACC =   36.715 | L5[WIO] Q4 C4 - L4[IO] M5 P32 C10 Q8X - L3[] Q1 M4Y C2Y - L2[I] Q1 - L1[W] Q1 - L0[O] Q1 
[  3] Utilization = 0.87 | pJ/MACC =   69.334 | L5[WIO] Q4 M5 C2 - L4[IO] M2 P32 C10 Q8X - L3[] Q1 M2Y C4Y - L2[I] Q1 - L1[W] Q1 - L0[O] Q1 
[  2] Utilization = 0.89 | pJ/MACC =   27.219 | L5[WIO] Q4 C20 - L4[IO] M5 P32 Q8X - L3[] Q1 M4Y C2Y - L2[I] Q1 - L1[W] C2 - L0[O] Q1 
[  7] Utilization = 0.56 | pJ/MACC =   48.740 | L5[WIO] Q8 - L4[IO] M2 P32 C20 M2X Q4X - L3[] Q1 M5Y - L2[I] Q1 - L1[W] C4 - L0[O] Q1 
[  0] Utilization = 0.89 | pJ/MACC =   16.340 | L5[WIO] Q4 C2 - L4[IO] M2 P32 Q8X - L3[] Q1 C8Y - L2[I] Q1 - L1[W] C5 - L0[O] M10 
[  5] Utilization = 0.89 | pJ/MACC =   39.641 | L5[WIO] Q4 M5 - L4[IO] M2 P32 C2 Q8X - L3[] Q1 C8Y - L2[I] Q1 - L1[W] C5 - L0[O] M2 
[  7] Utilization = 0.81 | pJ/MACC =   25.501 | L5[WIO] Q8 C5 - L4[IO] M10 P32 M2X Q4X - L3[] Q1 C8Y - L2[I] Q1 - L1[W] C2 - L0[O] Q1 
[  7] Utilization = 0.89 | pJ/MACC =   51.865 | L5[WIO] Q4 M5 C10 - L4[IO] P32 Q8X - L3[] Q1 M4Y C2Y - L2[I] Q1 - L1[W] C4 - L0[O] Q1 
[  3] Utilization = 0.89 | pJ/MACC =   31.636 | L5[WIO] Q4 - L4[IO] P32 C10 Q8X - L3[] Q1 M2Y C4Y - L2[I] Q1 - L1[W] C2 - L0[O] M10 
[  1] Utilization = 0.89 | pJ/MACC =   15.447 | L5[WIO] Q4 C2 - L4[IO] P32 Q8X - L3[] Q1 M2Y C4Y - L2[I] Q1 - L1[W] C10 - L0[O] M10 
[  5] Utilization = 0.89 | pJ/MACC =   19.204 | L5[WIO] Q4 C10 - L4[IO] P32 Q8X - L3[] Q1 C8Y - L2[I] Q1 - L1[W] Q1 - L0[O] M20 
[  7] Utilization = 0.89 | pJ/MACC =   39.766 | L5[WIO] Q4 M10 - L4[IO] P32 C4 Q8X - L3[] Q1 M2Y C4Y - L2[I] Q1 - L1[W] C5 - L0[O] Q1 
[  6] Utilization = 0.89 | pJ/MACC =   32.514 | L5[WIO] Q4 M2 - L4[IO] P32 C5 Q8X - L3[] Q1 C8Y - L2[I] Q1 - L1[W] C2 - L0[O] M10 
[  7] Utilization = 0.89 | pJ/MACC =   19.530 | L5[WIO] Q4 C5 - L4[IO] M4 P32 Q8X - L3[] Q1 C8Y - L2[I] Q1 - L1[W] C2 - L0[O] M5 
[  0] Utilization = 0.89 | pJ/MACC =   14.578 | L5[WIO] Q4 - L4[IO] P32 Q8X - L3[] Q1 C8Y - L2[I] Q1 - L1[W] C10 - L0[O] M20 
[  6] Utilization = 0.89 | pJ/MACC =   31.661 | L5[WIO] Q4 - L4[IO] P32 C8 Q8X - L3[] Q1 M4Y C2Y - L2[I] Q1 - L1[W] C5 - L0[O] M5 
[  3] Utilization = 0.89 | pJ/MACC =   23.623 | L5[WIO] Q4 C20 - L4[IO] P32 Q8X - L3[] Q1 M2Y C4Y - L2[I] Q1 - L1[W] Q1 - L0[O] M10 
[  3] Utilization = 0.89 | pJ/MACC =   18.274 | L5[WIO] Q8 C5 - L4[IO] M2 P32 M2X Q4X - L3[] Q1 C8Y - L2[I] Q1 - L1[W] C2 - L0[O] M5 
[  4] Utilization = 0.89 | pJ/MACC =   15.450 | L5[WIO] Q4 C2 - L4[IO] P32 Q8X - L3[] Q1 C8Y - L2[I] Q1 - L1[W] C5 - L0[O] M20 
[  5] Utilization = 0.89 | pJ/MACC =   19.061 | L5[WIO] Q4 C2 - L4[IO] M5 P32 Q8X - L3[] Q1 M2Y C4Y - L2[I] Q1 - L1[W] C10 - L0[O] M2 
[  2] Utilization = 0.89 | pJ/MACC =   18.145 | L5[WIO] Q4 C8 - L4[IO] P32 Q8X - L3[] Q1 M4Y C2Y - L2[I] Q1 - L1[W] C5 - L0[O] M5 
[  1] STATEMENT: 1000 suboptimal mappings found since the last upgrade, terminating search.
[  5] Utilization = 0.89 | pJ/MACC =   15.972 | L5[WIO] Q8 C2 - L4[IO] P32 M2X Q4X - L3[] Q1 M2Y C4Y - L2[I] Q1 - L1[W] C10 - L0[O] M5 
[  7] STATEMENT: 1000 suboptimal mappings found since the last upgrade, terminating search.
[  3] Utilization = 0.89 | pJ/MACC =   17.370 | L5[WIO] Q8 C5 - L4[IO] P32 M2X Q4X - L3[] Q1 C8Y - L2[I] Q1 - L1[W] C2 - L0[O] M10 
[  0] STATEMENT: 1000 suboptimal mappings found since the last upgrade, terminating search.
[  6] STATEMENT: 1000 suboptimal mappings found since the last upgrade, terminating search.
[  4] STATEMENT: 1000 suboptimal mappings found since the last upgrade, terminating search.
[  2] STATEMENT: 1000 suboptimal mappings found since the last upgrade, terminating search.
[  5] STATEMENT: 1000 suboptimal mappings found since the last upgrade, terminating search.
[  3] STATEMENT: 1000 suboptimal mappings found since the last upgrade, terminating search.
