[  3] Utilization = 0.44 | pJ/MACC =   72.203 | L5[WIO] C2 P4 M36 - L4[IO] P2 Q4 Q8X - L3[] Q1 M8Y - L2[I] C8 - L1[W] P4 - L0[O] M3 
[  2] Utilization = 0.45 | pJ/MACC =   60.975 | L5[WIO] M36 P4 - L4[IO] P2 Q4 C2 Q8X - L3[] Q1 M8Y - L2[I] C8 - L1[W] P4 - L0[O] M3 
[  0] Utilization = 0.47 | pJ/MACC =   54.580 | L5[WIO] P4 M18 - L4[IO] P2 Q4 C2 M2 Q8X - L3[] Q1 M8Y - L2[I] C8 - L1[W] P4 - L0[O] M3 
[  4] Utilization = 0.45 | pJ/MACC =   60.975 | L5[WIO] P2 M36 Q2 - L4[IO] P4 Q2 C2 Q8X - L3[] Q1 M8Y - L2[I] C8 - L1[W] P4 - L0[O] M3 
[  5] Utilization = 0.43 | pJ/MACC =   78.150 | L5[WIO] Q2 M36 C2 P2 - L4[IO] P4 Q2 Q8X - L3[] Q1 M8Y - L2[I] C8 - L1[W] P4 - L0[O] M3 
[  1] Utilization = 0.46 | pJ/MACC =   57.468 | L5[WIO] M18 P4 C2 - L4[IO] P2 Q4 M2 Q8X - L3[] Q1 M8Y - L2[I] C8 - L1[W] P4 - L0[O] M3 
[  6] Utilization = 0.47 | pJ/MACC =   54.430 | L5[WIO] P4 M12 - L4[IO] P2 Q4 C2 M3 Q8X - L3[] Q1 M8Y - L2[I] C8 - L1[W] P4 - L0[O] M3 
[  7] Utilization = 0.46 | pJ/MACC =   56.299 | L5[WIO] M12 P4 C2 - L4[IO] P2 Q4 M3 Q8X - L3[] Q1 M8Y - L2[I] C8 - L1[W] P4 - L0[O] M3 
[  3] Utilization = 0.45 | pJ/MACC =   60.975 | L5[WIO] P4 M36 C2 - L4[IO] Q4 P2 Q8X - L3[] Q1 M8Y - L2[I] C8 - L1[W] P4 - L0[O] M3 
[  2] Utilization = 0.47 | pJ/MACC =   55.028 | L5[WIO] P4 M36 - L4[IO] Q4 P2 C2 Q8X - L3[] Q1 M8Y - L2[I] C8 - L1[W] P4 - L0[O] M3 
[  4] Utilization = 0.47 | pJ/MACC =   55.028 | L5[WIO] P2 Q2 M36 - L4[IO] P4 Q2 C2 Q8X - L3[] Q1 M8Y - L2[I] C8 - L1[W] P4 - L0[O] M3 
[  5] Utilization = 0.45 | pJ/MACC =   60.975 | L5[WIO] M36 Q2 P2 C2 - L4[IO] P4 Q2 Q8X - L3[] Q1 M8Y - L2[I] C8 - L1[W] P4 - L0[O] M3 
[  3] Utilization = 1.00 | pJ/MACC =   42.716 | L5[WIO] C2 P32 M12 - L4[IO] Q2 M3 Q8X - L3[] Q1 M8Y - L2[I] C8 - L1[W] Q1 - L0[O] Q2 M3 
[  3] Utilization = 1.00 | pJ/MACC =   27.409 | L5[WIO] M12 P32 C2 - L4[IO] Q2 M3 Q8X - L3[] Q1 M8Y - L2[I] C8 - L1[W] Q1 - L0[O] Q2 M3 
[  2] Utilization = 1.00 | pJ/MACC =   25.642 | L5[WIO] M12 P32 - L4[IO] Q2 M3 C2 Q8X - L3[] Q1 M8Y - L2[I] C8 - L1[W] Q1 - L0[O] Q2 M3 
[  2] Utilization = 1.00 | pJ/MACC =   25.540 | L5[WIO] P32 M12 - L4[IO] Q2 C2 M3 Q8X - L3[] Q1 M8Y - L2[I] C8 - L1[W] Q1 - L0[O] Q2 M3 
[  2] Utilization = 1.00 | pJ/MACC =   23.773 | L5[WIO] P32 M12 - L4[IO] M3 Q2 C2 Q8X - L3[] Q1 M8Y - L2[I] C8 - L1[W] Q1 - L0[O] Q2 M3 
[  6] Utilization = 1.00 | pJ/MACC =   23.773 | L5[WIO] P32 M6 - L4[IO] M6 Q2 C2 Q8X - L3[] Q1 M8Y - L2[I] C8 - L1[W] Q1 - L0[O] Q2 M3 
[  1] Utilization = 1.00 | pJ/MACC =   27.497 | L5[WIO] P32 M9 C2 - L4[IO] M4 Q2 Q8X - L3[] Q1 M8Y - L2[I] C8 - L1[W] Q1 - L0[O] Q2 M3 
[  0] Utilization = 1.00 | pJ/MACC =   23.773 | L5[WIO] P32 M9 - L4[IO] M4 Q2 C2 Q8X - L3[] Q1 M8Y - L2[I] C8 - L1[W] Q1 - L0[O] Q2 M3 
[  7] Utilization = 1.00 | pJ/MACC =   26.987 | L5[WIO] P32 M6 C2 - L4[IO] M6 Q2 Q8X - L3[] Q1 M8Y - L2[I] C8 - L1[W] Q1 - L0[O] Q2 M3 
[  5] Utilization = 0.47 | pJ/MACC =   55.715 | L5[WIO] P4 M9 C2 - L4[IO] P2 Q4 M4 Q8X - L3[] Q1 M8Y - L2[I] C8 - L1[W] P4 - L0[O] M3 
[  4] Utilization = 0.47 | pJ/MACC =   54.356 | L5[WIO] P4 M9 - L4[IO] P2 C2 Q4 M4 Q8X - L3[] Q1 M8Y - L2[I] C8 - L1[W] P4 - L0[O] M3 
[  1] Utilization = 1.00 | pJ/MACC =   26.825 | L5[WIO] P32 M9 C2 - L4[IO] Q2 M4 Q8X - L3[] Q1 M8Y - L2[I] C8 - L1[W] Q1 - L0[O] Q2 M3 
[  6] Utilization = 1.00 | pJ/MACC =   19.718 | L5[WIO] M2 P32 - L4[IO] M18 C2 Q8X - L3[] Q1 M8Y - L2[I] C8 - L1[W] Q1 - L0[O] Q4 M3 
[  7] Utilization = 1.00 | pJ/MACC =   26.241 | L5[WIO] P32 M6 C2 - L4[IO] Q2 M6 Q8X - L3[] Q1 M8Y - L2[I] C8 - L1[W] Q1 - L0[O] Q2 M3 
[  6] Utilization = 1.00 | pJ/MACC =   19.549 | L5[WIO] P32 M2 - L4[IO] M18 C2 Q8X - L3[] Q1 M8Y - L2[I] C8 - L1[W] Q1 - L0[O] Q4 M3 
[  7] Utilization = 1.00 | pJ/MACC =   21.237 | L5[WIO] P32 M2 C2 - L4[IO] M18 Q8X - L3[] Q1 M8Y - L2[I] C8 - L1[W] Q1 - L0[O] Q4 M3 
[  5] Utilization = 1.00 | pJ/MACC =   26.648 | L5[WIO] M4 P32 C2 - L4[IO] M9 Q2 Q8X - L3[] Q1 M8Y - L2[I] C8 - L1[W] Q1 - L0[O] Q2 M3 
[  4] Utilization = 1.00 | pJ/MACC =   26.648 | L5[WIO] M4 P32 - L4[IO] C2 M9 Q2 Q8X - L3[] Q1 M8Y - L2[I] C8 - L1[W] Q1 - L0[O] Q2 M3 
[  4] Utilization = 1.00 | pJ/MACC =   26.138 | L5[WIO] P32 M4 - L4[IO] M9 C2 Q2 Q8X - L3[] Q1 M8Y - L2[I] C8 - L1[W] Q1 - L0[O] Q2 M3 
[  4] Utilization = 1.00 | pJ/MACC =   25.341 | L5[WIO] P32 M4 - L4[IO] C2 Q2 M9 Q8X - L3[] Q1 M8Y - L2[I] C8 - L1[W] Q1 - L0[O] Q2 M3 
[  4] Utilization = 1.00 | pJ/MACC =   24.282 | L5[WIO] M4 P32 - L4[IO] Q2 M9 C2 Q8X - L3[] Q1 M8Y - L2[I] C8 - L1[W] Q1 - L0[O] Q2 M3 
[  4] Utilization = 1.00 | pJ/MACC =   23.773 | L5[WIO] P32 M4 - L4[IO] M9 Q2 C2 Q8X - L3[] Q1 M8Y - L2[I] C8 - L1[W] Q1 - L0[O] Q2 M3 
[  5] Utilization = 1.00 | pJ/MACC =   21.043 | L5[WIO] P32 C2 - L4[IO] M36 Q8X - L3[] Q1 M8Y - L2[I] C8 - L1[W] Q1 - L0[O] Q4 M3 
[  4] Utilization = 1.00 | pJ/MACC =   21.043 | L5[WIO] P32 - L4[IO] C2 M36 Q8X - L3[] Q1 M8Y - L2[I] C8 - L1[W] Q1 - L0[O] Q4 M3 
[  2] Utilization = 1.00 | pJ/MACC =   21.466 | L5[WIO] P32 M18 - L4[IO] C2 M2 Q8X - L3[] Q1 M8Y - L2[I] C8 - L1[W] Q1 - L0[O] Q4 M3 
[  3] Utilization = 1.00 | pJ/MACC =   24.354 | L5[WIO] M18 P32 C2 - L4[IO] M2 Q8X - L3[] Q1 M8Y - L2[I] C8 - L1[W] Q1 - L0[O] Q4 M3 
[  2] Utilization = 1.00 | pJ/MACC =   19.549 | L5[WIO] P32 M18 - L4[IO] M2 C2 Q8X - L3[] Q1 M8Y - L2[I] C8 - L1[W] Q1 - L0[O] Q4 M3 
[  0] Utilization = 1.00 | pJ/MACC =   23.185 | L5[WIO] M12 P32 - L4[IO] C2 M3 Q8X - L3[] Q1 M8Y - L2[I] C8 - L1[W] Q1 - L0[O] Q4 M3 
[  0] Utilization = 1.00 | pJ/MACC =   19.549 | L5[WIO] P32 M12 - L4[IO] M3 C2 Q8X - L3[] Q1 M8Y - L2[I] C8 - L1[W] Q1 - L0[O] Q4 M3 
[  1] Utilization = 1.00 | pJ/MACC =   23.185 | L5[WIO] M12 P32 C2 - L4[IO] M3 Q8X - L3[] Q1 M8Y - L2[I] C8 - L1[W] Q1 - L0[O] Q4 M3 
[  4] Utilization = 1.00 | pJ/MACC =   19.549 | L5[WIO] P32 M36 - L4[IO] C2 Q8X - L3[] Q1 M8Y - L2[I] C8 - L1[W] Q1 - L0[O] Q4 M3 
[  1] Utilization = 1.00 | pJ/MACC =   21.432 | L5[WIO] M3 P32 C2 - L4[IO] M12 Q8X - L3[] Q1 M8Y - L2[I] C8 - L1[W] Q1 - L0[O] Q4 M3 
[  3] Utilization = 1.00 | pJ/MACC =   21.627 | L5[WIO] P32 M4 C2 - L4[IO] M9 Q8X - L3[] Q1 M8Y - L2[I] C8 - L1[W] Q1 - L0[O] Q4 M3 
[  3] Utilization = 1.00 | pJ/MACC =   21.237 | L5[WIO] M2 P8 C2 - L4[IO] P4 M18 Q8X - L3[] Q1 M8Y - L2[I] C8 - L1[W] Q1 - L0[O] Q4 M3 
[  5] STATEMENT: 1000 suboptimal mappings found since the last upgrade, terminating search.
[  0] STATEMENT: 1000 suboptimal mappings found since the last upgrade, terminating search.
[  7] STATEMENT: 1000 suboptimal mappings found since the last upgrade, terminating search.
[  6] STATEMENT: 1000 suboptimal mappings found since the last upgrade, terminating search.
[  4] STATEMENT: 1000 suboptimal mappings found since the last upgrade, terminating search.
[  2] STATEMENT: 1000 suboptimal mappings found since the last upgrade, terminating search.
[  1] STATEMENT: 1000 suboptimal mappings found since the last upgrade, terminating search.
[  3] Utilization = 1.00 | pJ/MACC =   21.043 | L5[WIO] P16 C2 - L4[IO] P2 M36 Q8X - L3[] Q1 M8Y - L2[I] C8 - L1[W] Q1 - L0[O] Q4 M3 
[  3] STATEMENT: 1000 suboptimal mappings found since the last upgrade, terminating search.
