[  2] Utilization = 0.11 | pJ/MACC =   91.631 | L5[WIO] Q8 P2 M2 C2 - L4[IO] M20 C7 M2X P2X - L3[] Q1 M2Y - L2[I] C2 - L1[W] P2 - L0[O] M2 
[  2] Utilization = 0.12 | pJ/MACC =   91.481 | L5[WIO] M2 C2 P2 Q8 - L4[IO] C7 M20 M2X P2X - L3[] Q1 M2Y - L2[I] C2 - L1[W] P2 - L0[O] M2 
[  4] Utilization = 0.12 | pJ/MACC =  205.465 | L5[WIO] P2 Q8 C14 M2 - L4[IO] M20 M2X P2X - L3[] Q1 M2Y - L2[I] C2 - L1[W] P2 - L0[O] M2 
[  5] Utilization = 0.25 | pJ/MACC =  191.365 | L5[WIO] P2 C14 M2 Q8 - L4[IO] M20 M2X C2X P2X - L3[] Q1 M2Y - L2[I] Q1 - L1[W] P2 - L0[O] M2 
[  3] Utilization = 0.22 | pJ/MACC =   84.192 | L5[WIO] P2 M2 C2 Q8 - L4[IO] M20 C7 M2X C2X P2X - L3[] Q1 M2Y - L2[I] Q1 - L1[W] P2 - L0[O] M2 
[  1] Utilization = 0.11 | pJ/MACC =  101.388 | L5[WIO] C2 P2 M2 Q8 - L4[IO] M20 C14 M2X P2X - L3[] Q1 M2Y - L2[I] Q1 - L1[W] P2 - L0[O] M2 
[  7] Utilization = 0.10 | pJ/MACC =  733.469 | L5[WIO] M40 P2 Q2 C4 - L4[IO] M4 P4X - L3[] Q1 M2Y Q4Y - L2[I] C7 - L1[W] Q1 - L0[O] Q1 
[  6] Utilization = 0.12 | pJ/MACC =  208.561 | L5[WIO] M2 Q8 C14 P2 - L4[IO] C2 M20 M2X P2X - L3[] Q1 M2Y - L2[I] Q1 - L1[W] P2 - L0[O] M2 
[  1] Utilization = 0.11 | pJ/MACC =   98.552 | L5[WIO] P2 C2 Q8 M2 - L4[IO] M20 C14 M2X P2X - L3[] Q1 M2Y - L2[I] Q1 - L1[W] P2 - L0[O] M2 
[  4] Utilization = 0.12 | pJ/MACC =   81.724 | L5[WIO] P2 M2 Q8 C14 - L4[IO] M20 M2X P2X - L3[] Q1 M2Y - L2[I] C2 - L1[W] P2 - L0[O] M2 
[  3] Utilization = 0.22 | pJ/MACC =   74.435 | L5[WIO] Q8 P2 M2 C2 - L4[IO] M20 C7 M2X C2X P2X - L3[] Q1 M2Y - L2[I] Q1 - L1[W] P2 - L0[O] M2 
[  6] Utilization = 0.12 | pJ/MACC =  205.726 | L5[WIO] C14 P2 Q8 M2 - L4[IO] C2 M20 M2X P2X - L3[] Q1 M2Y - L2[I] Q1 - L1[W] P2 - L0[O] M2 
[  5] Utilization = 0.25 | pJ/MACC =  188.269 | L5[WIO] C14 P2 Q8 M2 - L4[IO] M20 M2X C2X P2X - L3[] Q1 M2Y - L2[I] Q1 - L1[W] P2 - L0[O] M2 
[  1] Utilization = 0.12 | pJ/MACC =   88.645 | L5[WIO] C2 Q8 P2 M2 - L4[IO] C14 M20 M2X P2X - L3[] Q1 M2Y - L2[I] Q1 - L1[W] P2 - L0[O] M2 
[  3] Utilization = 0.25 | pJ/MACC =   64.528 | L5[WIO] M2 Q8 P2 C2 - L4[IO] C7 M20 M2X C2X P2X - L3[] Q1 M2Y - L2[I] Q1 - L1[W] P2 - L0[O] M2 
[  7] Utilization = 0.50 | pJ/MACC =   69.361 | L5[WIO] C4 Q2 P2 M40 - L4[IO] M4 P4X - L3[] Q1 M2Y Q4Y - L2[I] C7 - L1[W] Q1 - L0[O] Q1 
[  1] Utilization = 0.12 | pJ/MACC =   81.724 | L5[WIO] P2 Q8 M2 C2 - L4[IO] C14 M20 M2X P2X - L3[] Q1 M2Y - L2[I] Q1 - L1[W] P2 - L0[O] M2 
[  2] Utilization = 0.12 | pJ/MACC =   88.645 | L5[WIO] C2 P2 Q8 M2 - L4[IO] C7 M20 M2X P2X - L3[] Q1 M2Y - L2[I] C2 - L1[W] P2 - L0[O] M2 
[  5] Utilization = 0.25 | pJ/MACC =   64.528 | L5[WIO] M2 Q8 P2 C14 - L4[IO] M20 M2X C2X P2X - L3[] Q1 M2Y - L2[I] Q1 - L1[W] P2 - L0[O] M2 
[  6] Utilization = 0.12 | pJ/MACC =   81.724 | L5[WIO] Q8 M2 P2 C14 - L4[IO] C2 M20 M2X P2X - L3[] Q1 M2Y - L2[I] Q1 - L1[W] P2 - L0[O] M2 
[  4] Utilization = 0.25 | pJ/MACC =  131.467 | L5[WIO] P2 M4 Q2 C14 - L4[IO] Q2 M20 M4X P2X - L3[] Q1 Q2Y - L2[I] C2 - L1[W] P2 - L0[O] Q1 
[  2] Utilization = 0.12 | pJ/MACC =   81.724 | L5[WIO] M2 Q8 P2 C2 - L4[IO] C7 M20 M2X P2X - L3[] Q1 M2Y - L2[I] C2 - L1[W] P2 - L0[O] M2 
[  1] Utilization = 0.25 | pJ/MACC =  131.467 | L5[WIO] P2 M4 Q2 C2 - L4[IO] C14 Q2 M20 M4X P2X - L3[] Q1 Q2Y - L2[I] Q1 - L1[W] P2 - L0[O] Q1 
[  6] Utilization = 0.25 | pJ/MACC =  258.304 | L5[WIO] M4 Q2 C14 P2 - L4[IO] Q2 C2 M20 M4X P2X - L3[] Q1 Q2Y - L2[I] Q1 - L1[W] P2 - L0[O] Q1 
[  5] Utilization = 0.45 | pJ/MACC =  179.399 | L5[WIO] Q2 P2 C14 M40 - L4[IO] M4 C2X P4X - L3[] Q1 M2Y Q4Y - L2[I] Q1 - L1[W] Q1 - L0[O] Q1 
[  0] Utilization = 0.35 | pJ/MACC =   79.684 | L5[WIO] C4 M8 - L4[IO] M4 P8 Q2 C7X - L3[] Q1 M5Y - L2[I] Q2 - L1[W] Q1 - L0[O] Q2 M2 
[  1] Utilization = 0.25 | pJ/MACC =   88.054 | L5[WIO] P2 Q2 C2 M4 - L4[IO] C14 Q2 M20 M4X P2X - L3[] Q1 Q2Y - L2[I] Q1 - L1[W] P2 - L0[O] Q1 
[  0] Utilization = 0.55 | pJ/MACC =  101.045 | L5[WIO] C4 M8 - L4[IO] Q2 P8 M4 C7X - L3[] Q1 M5Y - L2[I] Q2 - L1[W] Q1 - L0[O] Q2 M2 
[  2] Utilization = 0.25 | pJ/MACC =  141.223 | L5[WIO] M4 P2 C2 Q2 - L4[IO] Q2 C7 M20 M4X P2X - L3[] Q1 Q2Y - L2[I] C2 - L1[W] P2 - L0[O] Q1 
[  3] Utilization = 0.93 | pJ/MACC =   56.259 | L5[WIO] P2 Q2 C2 M40 - L4[IO] M4 C7 C2X P4X - L3[] Q1 M2Y Q4Y - L2[I] Q1 - L1[W] Q1 - L0[O] Q1 
[  2] Utilization = 0.25 | pJ/MACC =  131.467 | L5[WIO] Q2 P2 M4 C2 - L4[IO] C7 Q2 M20 M4X P2X - L3[] Q1 Q2Y - L2[I] C2 - L1[W] P2 - L0[O] Q1 
[  4] Utilization = 0.45 | pJ/MACC =  179.289 | L5[WIO] Q2 P2 C14 M40 - L4[IO] M4 P4X - L3[] Q1 M2Y Q4Y - L2[I] C2 - L1[W] Q1 - L0[O] Q1 
[  6] Utilization = 0.25 | pJ/MACC =  131.467 | L5[WIO] M4 P2 Q2 C14 - L4[IO] Q2 C2 M20 M4X P2X - L3[] Q1 Q2Y - L2[I] Q1 - L1[W] P2 - L0[O] Q1 
[  1] Utilization = 0.42 | pJ/MACC =   81.692 | L5[WIO] C2 Q2 P2 M40 - L4[IO] C14 M4 P4X - L3[] Q1 M2Y Q4Y - L2[I] Q1 - L1[W] Q1 - L0[O] Q1 
[  1] Utilization = 0.50 | pJ/MACC =   56.251 | L5[WIO] Q2 P2 C2 M40 - L4[IO] M4 C14 P4X - L3[] Q1 M2Y Q4Y - L2[I] Q1 - L1[W] Q1 - L0[O] Q1 
[  6] Utilization = 0.31 | pJ/MACC =  198.773 | L5[WIO] C14 Q2 P2 M40 - L4[IO] C2 M4 P4X - L3[] Q1 M2Y Q4Y - L2[I] Q1 - L1[W] Q1 - L0[O] Q1 
[  2] Utilization = 0.25 | pJ/MACC =   88.054 | L5[WIO] P2 C2 Q2 M4 - L4[IO] C7 Q2 M20 M4X P2X - L3[] Q1 Q2Y - L2[I] C2 - L1[W] P2 - L0[O] Q1 
[  6] Utilization = 0.45 | pJ/MACC =  188.165 | L5[WIO] P2 C14 Q2 M40 - L4[IO] M4 C2 P4X - L3[] Q1 M2Y Q4Y - L2[I] Q1 - L1[W] Q1 - L0[O] Q1 
[  6] Utilization = 0.88 | pJ/MACC =   45.626 | L5[WIO] Q4 - L4[IO] Q2 M5 C4 P4 C7X - L3[] Q1 M8Y - L2[I] Q1 - L1[W] P2 - L0[O] M8 
[  6] Utilization = 0.88 | pJ/MACC =   37.570 | L5[WIO] Q4 - L4[IO] M5 C4 Q2 P4 C7X - L3[] Q1 M8Y - L2[I] Q1 - L1[W] P2 - L0[O] M8 
[  4] Utilization = 0.56 | pJ/MACC =   94.539 | L5[WIO] M4 Q4 P2 C14 - L4[IO] M5 M2X P4X - L3[] Q1 M8Y - L2[I] C2 - L1[W] Q1 - L0[O] Q2 
[  2] Utilization = 0.50 | pJ/MACC =   56.251 | L5[WIO] C2 P2 Q2 M40 - L4[IO] M4 C7 P4X - L3[] Q1 M2Y Q4Y - L2[I] C2 - L1[W] Q1 - L0[O] Q1 
[  0] Utilization = 1.00 | pJ/MACC =   46.116 | L5[WIO] P2 Q2 M8 - L4[IO] P2 C7 M2X C2X P2X - L3[] Q1 M4Y Q2Y - L2[I] C2 - L1[W] Q1 - L0[O] Q2 M5 
[  5] Utilization = 0.50 | pJ/MACC =   70.959 | L5[WIO] M2 P2 C14 - L4[IO] Q4 P4 M2X C2X - L3[] Q1 M8Y - L2[I] Q2 - L1[W] Q1 - L0[O] M10 
[  2] Utilization = 0.88 | pJ/MACC =   93.962 | L5[WIO] Q4 - L4[IO] C2 Q2 M5 P4 C7X - L3[] Q1 M8Y - L2[I] C2 - L1[W] P2 - L0[O] M8 
[  2] Utilization = 0.88 | pJ/MACC =   92.843 | L5[WIO] Q4 - L4[IO] Q2 P4 C2 M5 C7X - L3[] Q1 M8Y - L2[I] C2 - L1[W] P2 - L0[O] M8 
[  4] Utilization = 0.76 | pJ/MACC =  120.512 | L5[WIO] C7 M20 - L4[IO] Q2 P4 M4 C4X P2X - L3[] Q1 M4Y Q2Y - L2[I] Q1 - L1[W] Q1 - L0[O] Q2 
[  1] Utilization = 0.50 | pJ/MACC =   55.841 | L5[WIO] P8 - L4[IO] M8 Q2 C7 M2X C4X - L3[] Q1 M4Y - L2[I] Q4 - L1[W] Q1 - L0[O] M5 
[  1] Utilization = 0.50 | pJ/MACC =   39.729 | L5[WIO] P8 - L4[IO] C7 M8 Q2 M2X C4X - L3[] Q1 M4Y - L2[I] Q4 - L1[W] Q1 - L0[O] M5 
[  7] Utilization = 0.51 | pJ/MACC =  195.287 | L5[WIO] M8 Q4 C4 - L4[IO] P8 M2 M5X - L3[] Q1 M4Y Q2Y - L2[I] C7 - L1[W] Q1 - L0[O] Q1 
[  7] Utilization = 0.62 | pJ/MACC =  122.728 | L5[WIO] C4 Q4 M8 - L4[IO] P8 M2 M5X - L3[] Q1 M4Y Q2Y - L2[I] C7 - L1[W] Q1 - L0[O] Q1 
[  5] Utilization = 0.72 | pJ/MACC =   51.493 | L5[WIO] C14 - L4[IO] M40 M2X C2X P2X - L3[] Q1 Q8Y - L2[I] Q1 - L1[W] P4 - L0[O] M4 
[  4] Utilization = 0.78 | pJ/MACC =  129.207 | L5[WIO] C7 Q2 M5 - L4[IO] P8 M2 M2X C4X - L3[] Q1 M2Y Q4Y - L2[I] Q1 - L1[W] Q1 - L0[O] M8 
[  4] Utilization = 0.78 | pJ/MACC =  100.712 | L5[WIO] Q2 C7 M5 - L4[IO] M2 P8 M2X C4X - L3[] Q1 M2Y Q4Y - L2[I] Q1 - L1[W] Q1 - L0[O] M8 
[  1] Utilization = 0.62 | pJ/MACC =  101.341 | L5[WIO] C2 Q4 M8 - L4[IO] P8 M2 C14 M5X - L3[] Q1 M4Y Q2Y - L2[I] Q1 - L1[W] Q1 - L0[O] Q1 
[  6] Utilization = 0.88 | pJ/MACC =   33.223 | L5[WIO] Q8 M5 - L4[IO] C4 P8 C7X - L3[] Q1 M8Y - L2[I] Q1 - L1[W] Q1 - L0[O] M8 
[  2] Utilization = 0.88 | pJ/MACC =   62.113 | L5[WIO] P2 Q2 M4 - L4[IO] P4 M8 C2 C7X - L3[] Q1 M2Y Q4Y - L2[I] C2 - L1[W] Q1 - L0[O] M5 
[  2] Utilization = 0.88 | pJ/MACC =   61.836 | L5[WIO] Q2 P2 M4 - L4[IO] C2 P4 M8 C7X - L3[] Q1 M2Y Q4Y - L2[I] C2 - L1[W] Q1 - L0[O] M5 
[  7] Utilization = 1.00 | pJ/MACC =   67.842 | L5[WIO] Q2 C4 M2 - L4[IO] M16 P8X - L3[] Q1 M2Y Q4Y - L2[I] C7 - L1[W] Q1 - L0[O] M5 
[  4] Utilization = 0.83 | pJ/MACC =  101.273 | L5[WIO] Q4 C7 M10 - L4[IO] P4 C4X P2X - L3[] Q1 M8Y - L2[I] Q1 - L1[W] Q1 - L0[O] Q2 M4 
[  0] Utilization = 1.00 | pJ/MACC =   42.082 | L5[WIO] P4 M4 - L4[IO] M40 C7 M2X C2X P2X - L3[] Q1 Q8Y - L2[I] C2 - L1[W] Q1 - L0[O] Q1 
[  0] Utilization = 1.00 | pJ/MACC =   40.841 | L5[WIO] P4 M4 - L4[IO] C7 M40 M2X C2X P2X - L3[] Q1 Q8Y - L2[I] C2 - L1[W] Q1 - L0[O] Q1 
[  2] Utilization = 1.00 | pJ/MACC =   47.587 | L5[WIO] C2 Q2 M2 - L4[IO] M16 C7 P8X - L3[] Q1 M2Y Q4Y - L2[I] C2 - L1[W] Q1 - L0[O] M5 
[  4] Utilization = 1.00 | pJ/MACC =   90.393 | L5[WIO] Q4 M20 - L4[IO] P8 M2X C4X - L3[] Q1 M4Y Q2Y - L2[I] C7 - L1[W] Q1 - L0[O] M2 
[  1] Utilization = 1.00 | pJ/MACC =   58.034 | L5[WIO] Q2 M2 C2 - L4[IO] M16 C14 P8X - L3[] Q1 M2Y Q4Y - L2[I] Q1 - L1[W] Q1 - L0[O] M5 
[  1] Utilization = 1.00 | pJ/MACC =   47.587 | L5[WIO] Q2 C2 M2 - L4[IO] M16 C14 P8X - L3[] Q1 M2Y Q4Y - L2[I] Q1 - L1[W] Q1 - L0[O] M5 
[  7] Utilization = 1.00 | pJ/MACC =   61.738 | L5[WIO] P2 Q2 M5 - L4[IO] P4 M4 C2 M8X - L3[] Q1 M2Y Q4Y - L2[I] C14 - L1[W] Q1 - L0[O] Q1 
[  4] Utilization = 1.00 | pJ/MACC =   44.207 | L5[WIO] P4 C2 M4 - L4[IO] M40 M2X C2X P2X - L3[] Q1 Q8Y - L2[I] C7 - L1[W] Q1 - L0[O] Q1 
[  1] Utilization = 1.00 | pJ/MACC =   45.349 | L5[WIO] P2 Q2 - L4[IO] M8 C7 P4 M2X C4X - L3[] Q1 M4Y Q2Y - L2[I] Q1 - L1[W] Q1 - L0[O] Q2 M5 
[  5] Utilization = 0.74 | pJ/MACC =  110.975 | L5[WIO] Q2 C7 - L4[IO] C2 P8 Q2 M5 M8X - L3[] Q1 M8Y - L2[I] C2 - L1[W] Q1 - L0[O] Q2 
[  4] Utilization = 1.00 | pJ/MACC =   42.876 | L5[WIO] C7 - L4[IO] M32 C4X P2X - L3[] Q1 Q8Y - L2[I] Q1 - L1[W] P4 - L0[O] M10 
[  1] Utilization = 1.00 | pJ/MACC =   41.150 | L5[WIO] Q2 P4 M2 - L4[IO] M16 C7 C4X P2X - L3[] Q1 M2Y Q4Y - L2[I] Q1 - L1[W] Q1 - L0[O] M5 
[  3] STATEMENT: 2000 suboptimal mappings found since the last upgrade, terminating search.
[  6] Utilization = 1.00 | pJ/MACC =   61.738 | L5[WIO] Q2 P2 M5 - L4[IO] M4 P4 C28 M8X - L3[] Q1 M2Y Q4Y - L2[I] Q1 - L1[W] Q1 - L0[O] Q1 
[  7] Utilization = 1.00 | pJ/MACC =   58.049 | L5[WIO] P2 C2 M2 - L4[IO] P4 M2 C2 M8X - L3[] Q1 Q8Y - L2[I] C7 - L1[W] Q1 - L0[O] M10 
[  2] STATEMENT: 2000 suboptimal mappings found since the last upgrade, terminating search.
[  5] Utilization = 0.76 | pJ/MACC =  115.904 | L5[WIO] C7 M5 - L4[IO] P4 Q2 C2 M4X P2X - L3[] Q1 M2Y Q4Y - L2[I] C2 - L1[W] Q1 - L0[O] M8 
[  7] Utilization = 1.00 | pJ/MACC =   48.542 | L5[WIO] P2 C7 - L4[IO] P2 M40 C4 M4X P2X - L3[] Q1 Q8Y - L2[I] Q1 - L1[W] Q1 - L0[O] M2 
[  5] Utilization = 0.79 | pJ/MACC =   73.393 | L5[WIO] P4 C14 - L4[IO] Q2 P2 M5 M4X C2X - L3[] Q1 M2Y Q4Y - L2[I] Q1 - L1[W] Q1 - L0[O] M8 
[  5] Utilization = 0.79 | pJ/MACC =   57.193 | L5[WIO] P4 C14 - L4[IO] Q2 M5 P2 M4X C2X - L3[] Q1 M2Y Q4Y - L2[I] Q1 - L1[W] Q1 - L0[O] M8 
[  5] Utilization = 0.79 | pJ/MACC =   48.969 | L5[WIO] P4 C14 - L4[IO] M5 Q2 P2 M4X C2X - L3[] Q1 M2Y Q4Y - L2[I] Q1 - L1[W] Q1 - L0[O] M8 
[  5] Utilization = 1.00 | pJ/MACC =   48.542 | L5[WIO] P2 C7 - L4[IO] P2 M40 C2 M4X P2X - L3[] Q1 Q8Y - L2[I] C2 - L1[W] Q1 - L0[O] M2 
[  0] Utilization = 1.00 | pJ/MACC =   40.666 | L5[WIO] P4 Q2 - L4[IO] C2 M16 M2X C2X P2X - L3[] Q1 M2Y Q4Y - L2[I] C7 - L1[W] Q1 - L0[O] M5 
[  0] Utilization = 1.00 | pJ/MACC =   40.291 | L5[WIO] P4 Q2 - L4[IO] M16 C2 M2X C2X P2X - L3[] Q1 M2Y Q4Y - L2[I] C7 - L1[W] Q1 - L0[O] M5 
[  4] STATEMENT: 2000 suboptimal mappings found since the last upgrade, terminating search.
[  7] Utilization = 1.00 | pJ/MACC =   48.354 | L5[WIO] Q2 M5 - L4[IO] P2 C2 Q2 M2X P4X - L3[] Q1 M4Y Q2Y - L2[I] C14 - L1[W] Q1 - L0[O] M8 
[  7] Utilization = 1.00 | pJ/MACC =   47.118 | L5[WIO] Q2 M5 - L4[IO] P2 Q2 C2 M2X P4X - L3[] Q1 M4Y Q2Y - L2[I] C14 - L1[W] Q1 - L0[O] M8 
[  7] Utilization = 1.00 | pJ/MACC =   38.572 | L5[WIO] P2 C4 - L4[IO] M32 M2X P4X - L3[] Q1 Q8Y - L2[I] C7 - L1[W] Q1 - L0[O] M5 
[  1] STATEMENT: 2000 suboptimal mappings found since the last upgrade, terminating search.
[  6] STATEMENT: 2000 suboptimal mappings found since the last upgrade, terminating search.
[  7] STATEMENT: 2000 suboptimal mappings found since the last upgrade, terminating search.
[  0] STATEMENT: 2000 suboptimal mappings found since the last upgrade, terminating search.
[  5] STATEMENT: 2000 suboptimal mappings found since the last upgrade, terminating search.
