[  6] Utilization = 1.00 | pJ/MACC =   30.219 | L5[WIO] P8 M6 - L4[IO] P2 M10 M2X Q4X - L3[] Q1 M8Y - L2[I] Q1 - L1[W] R3 S3 - L0[O] Q4 
[  1] Utilization = 0.45 | pJ/MACC =   56.893 | L5[WIO] P8 M6 - L4[IO] P2 M2X Q4X - L3[] Q1 M8Y - L2[I] Q1 - L1[W] R3 S3 M10 - L0[O] Q4 
[  7] Utilization = 0.45 | pJ/MACC =   57.085 | L5[WIO] P8 - L4[IO] M15 Q4 P2 M2X Q4X - L3[] Q1 M8Y - L2[I] Q1 - L1[W] R3 S3 M2 - L0[O] M2 
[  0] Utilization = 0.45 | pJ/MACC =   56.893 | L5[WIO] P8 M6 - L4[IO] P2 M2X Q4X - L3[] Q1 M8Y - L2[I] Q1 - L1[W] R3 S3 M5 - L0[O] Q4 M2 
[  4] Utilization = 1.00 | pJ/MACC =   30.219 | L5[WIO] P8 M6 - L4[IO] P2 M5 M2X Q4X - L3[] Q1 M8Y - L2[I] Q1 - L1[W] R3 S3 - L0[O] Q4 M2 
[  5] Utilization = 0.45 | pJ/MACC =   60.986 | L5[WIO] P8 M6 - L4[IO] P2 M5 M2X Q4X - L3[] Q1 M8Y - L2[I] Q1 - L1[W] R3 S3 M2 - L0[O] Q4 
[  3] Utilization = 0.45 | pJ/MACC =   60.986 | L5[WIO] P8 M6 - L4[IO] P2 M2 M2X Q4X - L3[] Q1 M8Y - L2[I] Q1 - L1[W] R3 S3 M5 - L0[O] Q4 
[  2] Utilization = 0.45 | pJ/MACC =   57.007 | L5[WIO] P8 - L4[IO] M10 Q4 P2 M2X Q4X - L3[] Q1 M8Y - L2[I] Q1 - L1[W] R3 S3 M3 - L0[O] M2 
[  1] Utilization = 0.45 | pJ/MACC =   53.384 | L5[WIO] M6 P8 - L4[IO] P2 M2X Q4X - L3[] Q1 M8Y - L2[I] Q1 - L1[W] R3 S3 M10 - L0[O] Q4 
[  6] Utilization = 1.00 | pJ/MACC =   26.639 | L5[WIO] M6 P8 - L4[IO] M10 P2 M2X Q4X - L3[] Q1 M8Y - L2[I] Q1 - L1[W] R3 S3 - L0[O] Q4 
[  0] Utilization = 0.45 | pJ/MACC =   53.384 | L5[WIO] M6 P8 - L4[IO] P2 M2X Q4X - L3[] Q1 M8Y - L2[I] Q1 - L1[W] R3 S3 M5 - L0[O] Q4 M2 
[  4] Utilization = 1.00 | pJ/MACC =   26.404 | L5[WIO] M6 P8 - L4[IO] M5 P2 M2X Q4X - L3[] Q1 M8Y - L2[I] Q1 - L1[W] R3 S3 - L0[O] Q4 M2 
[  5] Utilization = 0.45 | pJ/MACC =   57.171 | L5[WIO] M6 P8 - L4[IO] M5 P2 M2X Q4X - L3[] Q1 M8Y - L2[I] Q1 - L1[W] R3 S3 M2 - L0[O] Q4 
[  3] Utilization = 0.45 | pJ/MACC =   57.030 | L5[WIO] M6 P8 - L4[IO] M2 P2 M2X Q4X - L3[] Q1 M8Y - L2[I] Q1 - L1[W] R3 S3 M5 - L0[O] Q4 
[  0] Utilization = 1.00 | pJ/MACC =   54.883 | L5[WIO] P8 - L4[IO] Q4 P2 M10 M2X Q4X - L3[] Q1 M8Y - L2[I] Q1 - L1[W] R3 S3 - L0[O] M6 
[  0] Utilization = 1.00 | pJ/MACC =   26.318 | L5[WIO] P8 - L4[IO] M10 P2 Q4 M2X Q4X - L3[] Q1 M8Y - L2[I] Q1 - L1[W] S3 R3 - L0[O] M6 
[  6] Utilization = 1.00 | pJ/MACC =   26.318 | L5[WIO] P8 - L4[IO] M15 Q4 P2 M2X Q4X - L3[] Q1 M8Y - L2[I] Q1 - L1[W] S3 R3 - L0[O] M4 
[  0] Utilization = 1.00 | pJ/MACC =   26.240 | L5[WIO] P8 - L4[IO] M10 Q4 P2 M2X Q4X - L3[] Q1 M8Y - L2[I] Q1 - L1[W] S3 R3 - L0[O] M6 
[  4] Utilization = 1.00 | pJ/MACC =   26.271 | L5[WIO] P8 - L4[IO] M12 Q4 P2 M2X Q4X - L3[] Q1 M8Y - L2[I] Q1 - L1[W] S3 R3 - L0[O] M5 
[  5] Utilization = 0.45 | pJ/MACC =   57.038 | L5[WIO] P8 - L4[IO] M12 Q4 P2 M2X Q4X - L3[] Q1 M8Y - L2[I] Q1 - L1[W] S3 R3 M5 - L0[O] Q1 
[  3] Utilization = 0.45 | pJ/MACC =   57.007 | L5[WIO] P8 - L4[IO] M10 Q4 P2 M2X Q4X - L3[] Q1 M8Y - L2[I] Q1 - L1[W] S3 R3 M6 - L0[O] Q1 
[  1] Utilization = 0.45 | pJ/MACC =   53.281 | L5[WIO] M5 - L4[IO] Q2 P4 M2X Q4X - L3[] Q1 M8Y - L2[I] Q1 - L1[W] S3 R3 M12 P4 - L0[O] Q2 
[  2] Utilization = 0.45 | pJ/MACC =   53.310 | L5[WIO] M5 - L4[IO] M2 Q2 P4 M2X Q4X - L3[] Q1 M8Y - L2[I] Q1 - L1[W] S3 R3 P4 - L0[O] Q2 M6 
[  7] Utilization = 0.45 | pJ/MACC =   53.340 | L5[WIO] M5 - L4[IO] M3 Q2 P4 M2X Q4X - L3[] Q1 M8Y - L2[I] Q1 - L1[W] S3 R3 M2 P4 - L0[O] Q2 M2 
[  5] Utilization = 0.45 | pJ/MACC =   53.310 | L5[WIO] M5 - L4[IO] M2 Q2 P4 M2X Q4X - L3[] Q1 M8Y - L2[I] Q1 - L1[W] S3 R3 M6 P4 - L0[O] Q2 
[  1] Utilization = 1.00 | pJ/MACC =   26.439 | L5[WIO] P4 M5 Q2 - L4[IO] M4 Q2 P4 M2X Q4X - L3[] Q1 M8Y - L2[I] Q1 - L1[W] S3 R3 - L0[O] M3 
[  3] Utilization = 0.45 | pJ/MACC =   53.310 | L5[WIO] M5 - L4[IO] M2 Q2 P4 M2X Q4X - L3[] Q1 M8Y - L2[I] Q1 - L1[W] S3 R3 M2 P4 - L0[O] Q2 M3 
[  1] Utilization = 1.00 | pJ/MACC =   26.321 | L5[WIO] Q2 P4 M5 - L4[IO] M4 Q2 P4 M2X Q4X - L3[] Q1 M8Y - L2[I] Q1 - L1[W] S3 R3 - L0[O] M3 
[  6] Utilization = 1.00 | pJ/MACC =   23.087 | L5[WIO] Q2 M5 - L4[IO] M3 P16 M2X Q4X - L3[] Q1 M8Y - L2[I] Q1 - L1[W] R3 S3 - L0[O] Q2 M4 
[  2] Utilization = 1.00 | pJ/MACC =   38.446 | L5[WIO] Q2 M5 - L4[IO] P16 M2 M2X Q4X - L3[] Q1 M8Y - L2[I] Q1 - L1[W] R3 S3 - L0[O] Q2 M6 
[  2] Utilization = 1.00 | pJ/MACC =   23.143 | L5[WIO] M5 Q2 - L4[IO] M2 P16 M2X Q4X - L3[] Q1 M8Y - L2[I] Q1 - L1[W] S3 R3 - L0[O] Q2 M6 
[  6] Utilization = 1.00 | pJ/MACC =   22.775 | L5[WIO] M6 P4 Q2 - L4[IO] P4 Q2 M2X Q4X - L3[] Q1 M8Y - L2[I] Q1 - L1[W] R3 S3 - L0[O] M10 
[  2] Utilization = 1.00 | pJ/MACC =   23.058 | L5[WIO] Q2 M5 - L4[IO] M2 P16 M2X Q4X - L3[] Q1 M8Y - L2[I] Q1 - L1[W] R3 S3 - L0[O] Q2 M6 
[  6] Utilization = 1.00 | pJ/MACC =   22.676 | L5[WIO] M6 Q2 P4 - L4[IO] Q2 P4 M2X Q4X - L3[] Q1 M8Y - L2[I] Q1 - L1[W] R3 S3 - L0[O] M10 
[  5] Utilization = 1.00 | pJ/MACC =   27.616 | L5[WIO] M5 P4 Q2 - L4[IO] M12 P4 Q2 M2X Q4X - L3[] Q1 M8Y - L2[I] Q1 - L1[W] R3 S3 - L0[O] Q1 
[  5] Utilization = 1.00 | pJ/MACC =   26.910 | L5[WIO] M5 P4 Q2 - L4[IO] M12 Q2 P4 M2X Q4X - L3[] Q1 M8Y - L2[I] Q1 - L1[W] R3 S3 - L0[O] Q1 
[  5] Utilization = 1.00 | pJ/MACC =   26.791 | L5[WIO] Q2 P4 M5 - L4[IO] M12 Q2 P4 M2X Q4X - L3[] Q1 M8Y - L2[I] Q1 - L1[W] R3 S3 - L0[O] Q1 
[  3] Utilization = 1.00 | pJ/MACC =   26.910 | L5[WIO] M5 P4 Q2 - L4[IO] M6 P4 Q2 M2X Q4X - L3[] Q1 M8Y - L2[I] Q1 - L1[W] R3 S3 - L0[O] M2 
[  3] Utilization = 1.00 | pJ/MACC =   26.557 | L5[WIO] M5 P4 Q2 - L4[IO] M6 Q2 P4 M2X Q4X - L3[] Q1 M8Y - L2[I] Q1 - L1[W] R3 S3 - L0[O] M2 
[  3] Utilization = 1.00 | pJ/MACC =   26.438 | L5[WIO] Q2 P4 M5 - L4[IO] M6 Q2 P4 M2X Q4X - L3[] Q1 M8Y - L2[I] Q1 - L1[W] R3 S3 - L0[O] M2 
[  7] Utilization = 1.00 | pJ/MACC =   22.912 | L5[WIO] M10 Q2 - L4[IO] P16 Q2 M2X Q4X - L3[] Q1 M8Y - L2[I] Q1 - L1[W] R3 S3 - L0[O] M6 
[  7] Utilization = 1.00 | pJ/MACC =   22.765 | L5[WIO] M10 Q2 - L4[IO] Q2 P16 M2X Q4X - L3[] Q1 M8Y - L2[I] Q1 - L1[W] R3 S3 - L0[O] M6 
[  4] Utilization = 1.00 | pJ/MACC =   23.370 | L5[WIO] M6 Q2 - L4[IO] M5 Q2 P16 M2X Q4X - L3[] Q1 M8Y - L2[I] Q1 - L1[W] S3 R3 - L0[O] M2 
[  4] Utilization = 1.00 | pJ/MACC =   23.264 | L5[WIO] Q2 M6 - L4[IO] M5 Q2 P16 M2X Q4X - L3[] Q1 M8Y - L2[I] Q1 - L1[W] R3 S3 - L0[O] M2 
[  5] Utilization = 1.00 | pJ/MACC =   24.176 | L5[WIO] P2 Q2 M3 - L4[IO] M5 Q2 P8 M2X Q4X - L3[] Q1 M8Y - L2[I] Q1 - L1[W] R3 S3 - L0[O] M4 
[  3] Utilization = 1.00 | pJ/MACC =   24.147 | L5[WIO] P2 Q2 M3 - L4[IO] M4 Q2 P8 M2X Q4X - L3[] Q1 M8Y - L2[I] Q1 - L1[W] R3 S3 - L0[O] M5 
[  0] Utilization = 1.00 | pJ/MACC =   24.223 | L5[WIO] P2 M3 - L4[IO] Q2 M10 P8 M2X Q4X - L3[] Q1 M8Y - L2[I] Q1 - L1[W] R3 S3 - L0[O] Q2 M2 
[  0] Utilization = 1.00 | pJ/MACC =   23.195 | L5[WIO] P2 M3 - L4[IO] M10 Q2 P8 M2X Q4X - L3[] Q1 M8Y - L2[I] Q1 - L1[W] R3 S3 - L0[O] Q2 M2 
[  3] Utilization = 1.00 | pJ/MACC =   22.906 | L5[WIO] M15 Q2 P8 - L4[IO] P2 M2X Q4X - L3[] Q1 M8Y - L2[I] Q1 - L1[W] R3 S3 - L0[O] Q2 M4 
[  0] Utilization = 1.00 | pJ/MACC =   22.818 | L5[WIO] M12 Q2 P8 - L4[IO] P2 M2X Q4X - L3[] Q1 M8Y - L2[I] Q1 - L1[W] R3 S3 - L0[O] Q2 M5 
[  1] Utilization = 1.00 | pJ/MACC =   24.470 | L5[WIO] M60 P2 Q2 - L4[IO] Q2 P8 M2X Q4X - L3[] Q1 M8Y - L2[I] Q1 - L1[W] S3 R3 - L0[O] Q1 
[  1] Utilization = 1.00 | pJ/MACC =   24.093 | L5[WIO] M60 P4 - L4[IO] P4 M2X Q4X - L3[] Q1 M8Y - L2[I] Q1 - L1[W] S3 R3 - L0[O] Q4 
[  5] Utilization = 1.00 | pJ/MACC =   23.879 | L5[WIO] M30 Q2 P2 - L4[IO] P8 Q2 M2X Q4X - L3[] Q1 M8Y - L2[I] Q1 - L1[W] R3 S3 - L0[O] M2 
[  5] Utilization = 1.00 | pJ/MACC =   23.467 | L5[WIO] M30 P2 Q2 - L4[IO] Q2 P8 M2X Q4X - L3[] Q1 M8Y - L2[I] Q1 - L1[W] R3 S3 - L0[O] M2 
[  2] Utilization = 1.00 | pJ/MACC =   23.007 | L5[WIO] M20 P4 - L4[IO] P4 M2X Q4X - L3[] Q1 M8Y - L2[I] Q1 - L1[W] R3 S3 - L0[O] Q4 M3 
[  5] Utilization = 1.00 | pJ/MACC =   23.278 | L5[WIO] M30 P4 - L4[IO] P4 M2X Q4X - L3[] Q1 M8Y - L2[I] Q1 - L1[W] R3 S3 - L0[O] Q4 M2 
[  1] Utilization = 1.00 | pJ/MACC =   23.940 | L5[WIO] P2 M60 - L4[IO] P8 Q2 M2X Q4X - L3[] Q1 M8Y - L2[I] Q1 - L1[W] S3 R3 - L0[O] Q2 
[  1] Utilization = 1.00 | pJ/MACC =   23.391 | L5[WIO] P2 M60 - L4[IO] Q2 P8 M2X Q4X - L3[] Q1 M8Y - L2[I] Q1 - L1[W] S3 R3 - L0[O] Q2 
[  6] STATEMENT: 300 suboptimal mappings found since the last upgrade, terminating search.
[  5] Utilization = 1.00 | pJ/MACC =   23.195 | L5[WIO] P2 M30 - L4[IO] Q2 P8 M2X Q4X - L3[] Q1 M8Y - L2[I] Q1 - L1[W] S3 R3 - L0[O] Q2 M2 
[  7] STATEMENT: 300 suboptimal mappings found since the last upgrade, terminating search.
[  0] STATEMENT: 300 suboptimal mappings found since the last upgrade, terminating search.
[  4] STATEMENT: 300 suboptimal mappings found since the last upgrade, terminating search.
[  3] STATEMENT: 300 suboptimal mappings found since the last upgrade, terminating search.
[  2] STATEMENT: 300 suboptimal mappings found since the last upgrade, terminating search.
[  1] STATEMENT: 300 suboptimal mappings found since the last upgrade, terminating search.
[  5] STATEMENT: 300 suboptimal mappings found since the last upgrade, terminating search.
