[  4] Utilization = 0.07 | pJ/MACC =   20.521 | L5[WIO] Q16 M12 - L4[IO] P16 - L3[] Q1 S5Y - L2[I] Q1 - L1[W] R5 - L0[O] M6 
[  7] Utilization = 0.56 | pJ/MACC =   12.872 | L5[WIO] Q2 - L4[IO] M6 P16 Q8X - L3[] Q1 S5Y - L2[I] Q1 - L1[W] R5 - L0[O] M12 
[  3] Utilization = 0.07 | pJ/MACC =   27.017 | L5[WIO] Q16 M6 - L4[IO] M12 P16 - L3[] Q1 S5Y - L2[I] Q1 - L1[W] R5 - L0[O] Q1 
[  1] Utilization = 0.56 | pJ/MACC =   14.171 | L5[WIO] Q2 - L4[IO] M18 P16 Q8X - L3[] Q1 S5Y - L2[I] Q1 - L1[W] R5 - L0[O] M4 
[  0] Utilization = 0.14 | pJ/MACC =   20.539 | L5[WIO] Q16 M12 - L4[IO] P16 M2X - L3[] Q1 S5Y - L2[I] Q1 - L1[W] R5 - L0[O] M3 
[  6] Utilization = 0.14 | pJ/MACC =   16.088 | L5[WIO] Q8 M4 - L4[IO] M2 P16 Q2X - L3[] Q1 S5Y - L2[I] Q1 - L1[W] R5 - L0[O] M9 
[  2] Utilization = 0.14 | pJ/MACC =   23.174 | L5[WIO] Q16 M6 - L4[IO] M6 P16 M2X - L3[] Q1 S5Y - L2[I] Q1 - L1[W] R5 - L0[O] Q1 
[  5] Utilization = 0.28 | pJ/MACC =   14.196 | L5[WIO] Q4 M3 - L4[IO] M3 P16 Q4X - L3[] Q1 S5Y - L2[I] Q1 - L1[W] R5 - L0[O] M8 
[  4] Utilization = 0.14 | pJ/MACC =   17.171 | L5[WIO] Q8 M18 - L4[IO] P16 Q2X - L3[] Q1 S5Y - L2[I] Q1 - L1[W] R5 - L0[O] M4 
[  4] Utilization = 0.21 | pJ/MACC =   19.890 | L5[WIO] Q16 - L4[IO] M6 P16 M3X - L3[] Q1 S5Y - L2[I] Q1 - L1[W] R5 - L0[O] M4 
[  0] Utilization = 0.56 | pJ/MACC =   20.017 | L5[WIO] Q2 M12 - L4[IO] M6 P16 Q8X - L3[] Q1 S5Y - L2[I] Q1 - L1[W] R5 - L0[O] Q1 
[  1] Utilization = 0.56 | pJ/MACC =   12.872 | L5[WIO] Q2 M3 - L4[IO] M2 P16 Q8X - L3[] Q1 S5Y - L2[I] Q1 - L1[W] R5 - L0[O] M12 
[  2] Utilization = 0.42 | pJ/MACC =   16.112 | L5[WIO] Q8 - L4[IO] M8 P16 M3X Q2X - L3[] Q1 S5Y - L2[I] Q1 - L1[W] R5 - L0[O] M3 
[  6] Utilization = 0.56 | pJ/MACC =   12.547 | L5[WIO] Q2 - L4[IO] M3 P16 Q8X - L3[] Q1 S5Y - L2[I] Q1 - L1[W] R5 - L0[O] M24 
[  5] Utilization = 0.42 | pJ/MACC =   15.667 | L5[WIO] Q8 - L4[IO] M4 P16 M3X Q2X - L3[] Q1 S5Y - L2[I] Q1 - L1[W] R5 - L0[O] M6 
[  3] Utilization = 0.56 | pJ/MACC =   14.539 | L5[WIO] Q4 M2 - L4[IO] M6 P16 M2X Q4X - L3[] Q1 S5Y - L2[I] Q1 - L1[W] R5 - L0[O] M3 
[  4] Utilization = 0.28 | pJ/MACC =   16.210 | L5[WIO] Q8 M3 - L4[IO] M3 P16 M2X Q2X - L3[] Q1 S5Y - L2[I] Q1 - L1[W] R5 - L0[O] M4 
[  2] Utilization = 0.56 | pJ/MACC =   19.579 | L5[WIO] Q16 M3 - L4[IO] P16 M8X - L3[] Q1 S5Y - L2[I] Q1 - L1[W] R5 - L0[O] M3 
[  2] Utilization = 0.56 | pJ/MACC =   15.448 | L5[WIO] Q8 - L4[IO] M2 P16 M4X Q2X - L3[] Q1 S5Y - L2[I] Q1 - L1[W] R5 - L0[O] M9 
[  5] Utilization = 0.56 | pJ/MACC =   19.579 | L5[WIO] Q16 - L4[IO] M3 P16 M8X - L3[] Q1 S5Y - L2[I] Q1 - L1[W] R5 - L0[O] M3 
[  4] Utilization = 0.56 | pJ/MACC =   20.292 | L5[WIO] Q16 - L4[IO] M9 P16 M8X - L3[] Q1 S5Y - L2[I] Q1 - L1[W] R5 - L0[O] Q1 
[  4] Utilization = 0.56 | pJ/MACC =   13.088 | L5[WIO] Q2 M2 - L4[IO] M4 P16 Q8X - L3[] Q1 S5Y - L2[I] Q1 - L1[W] R5 - L0[O] M9 
[  3] Utilization = 0.56 | pJ/MACC =   12.547 | L5[WIO] Q2 M3 - L4[IO] P16 Q8X - L3[] Q1 S5Y - L2[I] Q1 - L1[W] R5 - L0[O] M24 
[  5] Utilization = 0.56 | pJ/MACC =   16.119 | L5[WIO] Q2 M12 - L4[IO] M3 P16 Q8X - L3[] Q1 S5Y - L2[I] Q1 - L1[W] R5 - L0[O] M2 
[  2] Utilization = 0.56 | pJ/MACC =   13.442 | L5[WIO] Q4 - L4[IO] M2 P16 M2X Q4X - L3[] Q1 S5Y - L2[I] Q1 - L1[W] R5 - L0[O] M18 
[  0] Utilization = 0.56 | pJ/MACC =   13.551 | L5[WIO] Q4 - L4[IO] M3 P16 M2X Q4X - L3[] Q1 S5Y - L2[I] Q1 - L1[W] R5 - L0[O] M12 
[  2] Utilization = 0.56 | pJ/MACC =   12.872 | L5[WIO] Q2 M2 - L4[IO] M3 P16 Q8X - L3[] Q1 S5Y - L2[I] Q1 - L1[W] R5 - L0[O] M12 
[  7] Utilization = 0.56 | pJ/MACC =   12.655 | L5[WIO] Q2 M2 - L4[IO] M2 P16 Q8X - L3[] Q1 S5Y - L2[I] Q1 - L1[W] R5 - L0[O] M18 
[  0] Utilization = 0.56 | pJ/MACC =   13.196 | L5[WIO] Q2 - L4[IO] M9 P16 Q8X - L3[] Q1 S5Y - L2[I] Q1 - L1[W] R5 - L0[O] M8 
[  5] Utilization = 0.56 | pJ/MACC =   13.551 | L5[WIO] Q4 M3 - L4[IO] P16 M2X Q4X - L3[] Q1 S5Y - L2[I] Q1 - L1[W] R5 - L0[O] M12 
[  2] Utilization = 0.56 | pJ/MACC =   11.772 | L5[WIO] Q16 - L4[IO] P16 M8X - L3[] Q1 S5Y - L2[I] Q1 - L1[W] R5 - L0[O] M9 
[  5] Utilization = 0.56 | pJ/MACC =   13.521 | L5[WIO] Q2 M2 - L4[IO] M6 P16 Q8X - L3[] Q1 S5Y - L2[I] Q1 - L1[W] R5 - L0[O] M6 
[  1] Utilization = 0.56 | pJ/MACC =   11.770 | L5[WIO] Q8 - L4[IO] P16 M4X Q2X - L3[] Q1 S5Y - L2[I] Q1 - L1[W] R5 - L0[O] M18 
[  4] STATEMENT: 300 suboptimal mappings found since the last upgrade, terminating search.
[  3] STATEMENT: 300 suboptimal mappings found since the last upgrade, terminating search.
[  6] STATEMENT: 300 suboptimal mappings found since the last upgrade, terminating search.
[  0] STATEMENT: 300 suboptimal mappings found since the last upgrade, terminating search.
[  2] STATEMENT: 300 suboptimal mappings found since the last upgrade, terminating search.
[  7] STATEMENT: 300 suboptimal mappings found since the last upgrade, terminating search.
[  5] STATEMENT: 300 suboptimal mappings found since the last upgrade, terminating search.
[  1] STATEMENT: 300 suboptimal mappings found since the last upgrade, terminating search.
