[  4] Utilization = 1.00 | pJ/MACC =   14.694 | L5[WIO] P8 - L4[IO] M12 Q4 P2 M2X Q4X - L3[] Q1 M8Y - L2[I] Q1 - L1[W] R5 S5 - L0[O] M5 
[  6] Utilization = 1.00 | pJ/MACC =   14.736 | L5[WIO] P8 - L4[IO] M15 Q4 P2 M2X Q4X - L3[] Q1 M8Y - L2[I] Q1 - L1[W] R5 S5 - L0[O] M4 
[  5] Utilization = 0.48 | pJ/MACC =   47.922 | L5[WIO] P8 - L4[IO] M12 Q4 P2 M2X Q4X - L3[] Q1 M8Y - L2[I] Q1 - L1[W] R5 S5 M5 - L0[O] Q1 
[  7] Utilization = 0.48 | pJ/MACC =   47.964 | L5[WIO] P8 - L4[IO] M15 Q4 P2 M2X Q4X - L3[] Q1 M8Y - L2[I] Q1 - L1[W] R5 S5 M2 - L0[O] M2 
[  3] Utilization = 1.00 | pJ/MACC =   27.543 | L5[WIO] Q2 M5 P4 - L4[IO] P4 M6 Q2 M2X Q4X - L3[] Q1 M8Y - L2[I] Q1 - L1[W] S5 R5 - L0[O] M2 
[  1] Utilization = 1.00 | pJ/MACC =   27.331 | L5[WIO] Q2 M5 P4 - L4[IO] P4 M4 Q2 M2X Q4X - L3[] Q1 M8Y - L2[I] Q1 - L1[W] S5 R5 - L0[O] M3 
[  0] Utilization = 0.48 | pJ/MACC =   60.453 | L5[WIO] Q2 M5 P4 - L4[IO] P4 M3 Q2 M2X Q4X - L3[] Q1 M8Y - L2[I] Q1 - L1[W] S5 R5 M4 - L0[O] Q1 
[  2] Utilization = 0.48 | pJ/MACC =   60.559 | L5[WIO] Q2 M5 P4 - L4[IO] P4 M4 Q2 M2X Q4X - L3[] Q1 M8Y - L2[I] Q1 - L1[W] S5 R5 M3 - L0[O] Q1 
[  3] Utilization = 1.00 | pJ/MACC =   15.207 | L5[WIO] Q2 M5 P4 - L4[IO] M6 P4 Q2 M2X Q4X - L3[] Q1 M8Y - L2[I] Q1 - L1[W] R5 S5 - L0[O] M2 
[  1] Utilization = 1.00 | pJ/MACC =   14.995 | L5[WIO] Q2 M5 P4 - L4[IO] M4 P4 Q2 M2X Q4X - L3[] Q1 M8Y - L2[I] Q1 - L1[W] R5 S5 - L0[O] M3 
[  6] Utilization = 1.00 | pJ/MACC =   11.493 | L5[WIO] Q2 M5 - L4[IO] M3 P16 M2X Q4X - L3[] Q1 M8Y - L2[I] Q1 - L1[W] S5 R5 - L0[O] Q2 M4 
[  2] Utilization = 0.48 | pJ/MACC =   48.223 | L5[WIO] Q2 M5 P4 - L4[IO] M4 P4 Q2 M2X Q4X - L3[] Q1 M8Y - L2[I] Q1 - L1[W] R5 S5 M3 - L0[O] Q1 
[  3] Utilization = 1.00 | pJ/MACC =   14.873 | L5[WIO] P4 M5 Q2 - L4[IO] M6 Q2 P4 M2X Q4X - L3[] Q1 M8Y - L2[I] Q1 - L1[W] R5 S5 - L0[O] M2 
[  1] Utilization = 1.00 | pJ/MACC =   14.779 | L5[WIO] P4 M5 Q2 - L4[IO] M4 Q2 P4 M2X Q4X - L3[] Q1 M8Y - L2[I] Q1 - L1[W] R5 S5 - L0[O] M3 
[  0] Utilization = 0.48 | pJ/MACC =   48.117 | L5[WIO] Q2 M5 P4 - L4[IO] M3 P4 Q2 M2X Q4X - L3[] Q1 M8Y - L2[I] Q1 - L1[W] R5 S5 M4 - L0[O] Q1 
[  7] Utilization = 0.48 | pJ/MACC =   44.721 | L5[WIO] Q2 M5 - L4[IO] M3 P16 M2X Q4X - L3[] Q1 M8Y - L2[I] Q1 - L1[W] S5 R5 M2 - L0[O] Q2 M2 
[  5] Utilization = 1.00 | pJ/MACC =   15.137 | L5[WIO] Q2 M5 P4 - L4[IO] M12 Q2 P4 M2X Q4X - L3[] Q1 M8Y - L2[I] Q1 - L1[W] S5 R5 - L0[O] Q1 
[  2] Utilization = 0.48 | pJ/MACC =   48.007 | L5[WIO] P4 M5 Q2 - L4[IO] M4 Q2 P4 M2X Q4X - L3[] Q1 M8Y - L2[I] Q1 - L1[W] R5 S5 M3 - L0[O] Q1 
[  0] Utilization = 0.48 | pJ/MACC =   47.960 | L5[WIO] P4 M5 Q2 - L4[IO] M3 Q2 P4 M2X Q4X - L3[] Q1 M8Y - L2[I] Q1 - L1[W] R5 S5 M4 - L0[O] Q1 
[  3] Utilization = 1.00 | pJ/MACC =   14.854 | L5[WIO] Q2 M5 P4 - L4[IO] M6 Q2 P4 M2X Q4X - L3[] Q1 M8Y - L2[I] Q1 - L1[W] S5 R5 - L0[O] M2 
[  1] Utilization = 1.00 | pJ/MACC =   14.760 | L5[WIO] Q2 M5 P4 - L4[IO] M4 Q2 P4 M2X Q4X - L3[] Q1 M8Y - L2[I] Q1 - L1[W] S5 R5 - L0[O] M3 
[  5] Utilization = 1.00 | pJ/MACC =   15.091 | L5[WIO] Q2 P4 M5 - L4[IO] M12 Q2 P4 M2X Q4X - L3[] Q1 M8Y - L2[I] Q1 - L1[W] S5 R5 - L0[O] Q1 
[  2] Utilization = 0.48 | pJ/MACC =   47.988 | L5[WIO] Q2 M5 P4 - L4[IO] M4 Q2 P4 M2X Q4X - L3[] Q1 M8Y - L2[I] Q1 - L1[W] S5 R5 M3 - L0[O] Q1 
[  0] Utilization = 0.48 | pJ/MACC =   47.941 | L5[WIO] Q2 M5 P4 - L4[IO] M3 Q2 P4 M2X Q4X - L3[] Q1 M8Y - L2[I] Q1 - L1[W] S5 R5 M4 - L0[O] Q1 
[  2] Utilization = 1.00 | pJ/MACC =   43.344 | L5[WIO] Q2 M6 - L4[IO] Q2 P16 M2 M2X Q4X - L3[] Q1 M8Y - L2[I] Q1 - L1[W] S5 R5 - L0[O] M5 
[  0] Utilization = 1.00 | pJ/MACC =   19.079 | L5[WIO] M3 P2 - L4[IO] P8 M10 Q2 M2X Q4X - L3[] Q1 M8Y - L2[I] Q1 - L1[W] S5 R5 - L0[O] Q2 M2 
[  2] Utilization = 1.00 | pJ/MACC =   27.115 | L5[WIO] Q2 M6 - L4[IO] P16 M2 Q2 M2X Q4X - L3[] Q1 M8Y - L2[I] Q1 - L1[W] R5 S5 - L0[O] M5 
[  3] Utilization = 1.00 | pJ/MACC =   12.747 | L5[WIO] Q2 M3 P2 - L4[IO] M4 P8 Q2 M2X Q4X - L3[] Q1 M8Y - L2[I] Q1 - L1[W] R5 S5 - L0[O] M5 
[  2] Utilization = 1.00 | pJ/MACC =   11.742 | L5[WIO] M6 Q2 - L4[IO] M2 P16 Q2 M2X Q4X - L3[] Q1 M8Y - L2[I] Q1 - L1[W] R5 S5 - L0[O] M5 
[  0] Utilization = 1.00 | pJ/MACC =   11.883 | L5[WIO] M3 P2 - L4[IO] M10 P8 Q2 M2X Q4X - L3[] Q1 M8Y - L2[I] Q1 - L1[W] R5 S5 - L0[O] Q2 M2 
[  4] Utilization = 1.00 | pJ/MACC =   12.123 | L5[WIO] M6 Q2 - L4[IO] M5 P16 Q2 M2X Q4X - L3[] Q1 M8Y - L2[I] Q1 - L1[W] R5 S5 - L0[O] M2 
[  2] Utilization = 1.00 | pJ/MACC =   11.511 | L5[WIO] Q2 M6 - L4[IO] M2 Q2 P16 M2X Q4X - L3[] Q1 M8Y - L2[I] Q1 - L1[W] S5 R5 - L0[O] M5 
[  0] Utilization = 1.00 | pJ/MACC =   11.586 | L5[WIO] M3 P2 - L4[IO] M10 Q2 P8 M2X Q4X - L3[] Q1 M8Y - L2[I] Q1 - L1[W] R5 S5 - L0[O] Q2 M2 
[  4] Utilization = 1.00 | pJ/MACC =   11.664 | L5[WIO] M6 Q2 - L4[IO] M5 Q2 P16 M2X Q4X - L3[] Q1 M8Y - L2[I] Q1 - L1[W] R5 S5 - L0[O] M2 
[  3] Utilization = 1.00 | pJ/MACC =   12.555 | L5[WIO] Q2 P2 M3 - L4[IO] M4 Q2 P8 M2X Q4X - L3[] Q1 M8Y - L2[I] Q1 - L1[W] S5 R5 - L0[O] M5 
[  1] Utilization = 1.00 | pJ/MACC =   13.741 | L5[WIO] Q2 P2 M60 - L4[IO] P8 Q2 M2X Q4X - L3[] Q1 M8Y - L2[I] Q1 - L1[W] S5 R5 - L0[O] Q1 
[  1] Utilization = 1.00 | pJ/MACC =   12.894 | L5[WIO] Q2 P2 M60 - L4[IO] Q2 P8 M2X Q4X - L3[] Q1 M8Y - L2[I] Q1 - L1[W] S5 R5 - L0[O] Q1 
[  1] Utilization = 1.00 | pJ/MACC =   12.021 | L5[WIO] M60 P2 Q2 - L4[IO] Q2 P8 M2X Q4X - L3[] Q1 M8Y - L2[I] Q1 - L1[W] R5 S5 - L0[O] Q1 
[  4] Utilization = 1.00 | pJ/MACC =   11.617 | L5[WIO] Q2 M6 - L4[IO] M5 Q2 P16 M2X Q4X - L3[] Q1 M8Y - L2[I] Q1 - L1[W] R5 S5 - L0[O] M2 
[  0] Utilization = 1.00 | pJ/MACC =   11.568 | L5[WIO] P2 M3 - L4[IO] M10 Q2 P8 M2X Q4X - L3[] Q1 M8Y - L2[I] Q1 - L1[W] R5 S5 - L0[O] Q2 M2 
[  5] Utilization = 1.00 | pJ/MACC =   12.811 | L5[WIO] M3 Q2 P2 - L4[IO] M5 P8 Q2 M2X Q4X - L3[] Q1 M8Y - L2[I] Q1 - L1[W] S5 R5 - L0[O] M4 
[  5] Utilization = 1.00 | pJ/MACC =   12.599 | L5[WIO] M3 P2 Q2 - L4[IO] M5 Q2 P8 M2X Q4X - L3[] Q1 M8Y - L2[I] Q1 - L1[W] R5 S5 - L0[O] M4 
[  5] Utilization = 1.00 | pJ/MACC =   12.576 | L5[WIO] P2 Q2 M3 - L4[IO] M5 Q2 P8 M2X Q4X - L3[] Q1 M8Y - L2[I] Q1 - L1[W] R5 S5 - L0[O] M4 
[  3] Utilization = 1.00 | pJ/MACC =   11.384 | L5[WIO] M15 P8 Q2 - L4[IO] P2 M2X Q4X - L3[] Q1 M8Y - L2[I] Q1 - L1[W] R5 S5 - L0[O] Q2 M4 
[  3] Utilization = 1.00 | pJ/MACC =   11.140 | L5[WIO] M15 Q2 P8 - L4[IO] P2 M2X Q4X - L3[] Q1 M8Y - L2[I] Q1 - L1[W] S5 R5 - L0[O] Q2 M4 
[  0] Utilization = 1.00 | pJ/MACC =   11.291 | L5[WIO] M12 P8 Q2 - L4[IO] P2 M2X Q4X - L3[] Q1 M8Y - L2[I] Q1 - L1[W] R5 S5 - L0[O] Q2 M5 
[  7] Utilization = 1.00 | pJ/MACC =   11.491 | L5[WIO] P2 M4 - L4[IO] M3 Q2 P8 M2X Q4X - L3[] Q1 M8Y - L2[I] Q1 - L1[W] R5 S5 - L0[O] Q2 M5 
[  0] Utilization = 1.00 | pJ/MACC =   11.096 | L5[WIO] M12 Q2 P8 - L4[IO] P2 M2X Q4X - L3[] Q1 M8Y - L2[I] Q1 - L1[W] S5 R5 - L0[O] Q2 M5 
[  2] Utilization = 1.00 | pJ/MACC =   11.285 | L5[WIO] M20 Q2 P2 - L4[IO] Q2 P8 M2X Q4X - L3[] Q1 M8Y - L2[I] Q1 - L1[W] S5 R5 - L0[O] M3 
[  5] Utilization = 1.00 | pJ/MACC =   11.469 | L5[WIO] M30 P2 Q2 - L4[IO] Q2 P8 M2X Q4X - L3[] Q1 M8Y - L2[I] Q1 - L1[W] R5 S5 - L0[O] M2 
[  1] Utilization = 1.00 | pJ/MACC =   11.738 | L5[WIO] M60 P2 - L4[IO] Q2 P8 M2X Q4X - L3[] Q1 M8Y - L2[I] Q1 - L1[W] R5 S5 - L0[O] Q2 
[  1] Utilization = 1.00 | pJ/MACC =   11.695 | L5[WIO] P2 M60 - L4[IO] Q2 P8 M2X Q4X - L3[] Q1 M8Y - L2[I] Q1 - L1[W] R5 S5 - L0[O] Q2 
[  5] Utilization = 1.00 | pJ/MACC =   11.328 | L5[WIO] M30 P2 - L4[IO] Q2 P8 M2X Q4X - L3[] Q1 M8Y - L2[I] Q1 - L1[W] S5 R5 - L0[O] Q2 M2 
[  2] Utilization = 1.00 | pJ/MACC =   11.191 | L5[WIO] M20 P2 - L4[IO] Q2 P8 M2X Q4X - L3[] Q1 M8Y - L2[I] Q1 - L1[W] S5 R5 - L0[O] Q2 M3 
[  6] STATEMENT: 300 suboptimal mappings found since the last upgrade, terminating search.
[  3] STATEMENT: 300 suboptimal mappings found since the last upgrade, terminating search.
[  4] STATEMENT: 300 suboptimal mappings found since the last upgrade, terminating search.
[  7] STATEMENT: 300 suboptimal mappings found since the last upgrade, terminating search.
[  0] STATEMENT: 300 suboptimal mappings found since the last upgrade, terminating search.
[  1] STATEMENT: 300 suboptimal mappings found since the last upgrade, terminating search.
[  2] STATEMENT: 300 suboptimal mappings found since the last upgrade, terminating search.
[  5] STATEMENT: 300 suboptimal mappings found since the last upgrade, terminating search.
