[  4] Utilization = 0.03 | pJ/MACC =  148.623 | L5[WIO] Q32 C3 - L4[IO] M16 P32 C8 M2X - L3[] Q1 - L2[I] Q1 - L1[W] C6 - L0[O] Q1 
[  3] Utilization = 0.06 | pJ/MACC =  148.627 | L5[WIO] Q32 C3 - L4[IO] M16 P32 C24 M2X - L3[] Q1 C2Y - L2[I] Q1 - L1[W] Q1 - L0[O] Q1 
[  2] Utilization = 0.03 | pJ/MACC =  148.623 | L5[WIO] Q32 C3 - L4[IO] M16 P32 C24 M2X - L3[] Q1 - L2[I] Q1 - L1[W] C2 - L0[O] Q1 
[  5] Utilization = 0.06 | pJ/MACC =  148.627 | L5[WIO] Q32 C3 - L4[IO] M16 P32 C8 M2X - L3[] Q1 C2Y - L2[I] Q1 - L1[W] C3 - L0[O] Q1 
[  0] Utilization = 0.11 | pJ/MACC =  148.636 | L5[WIO] Q32 C3 - L4[IO] M16 P32 C6 M2X - L3[] Q1 C4Y - L2[I] Q1 - L1[W] C2 - L0[O] Q1 
[  7] Utilization = 0.17 | pJ/MACC =  148.644 | L5[WIO] Q32 C3 - L4[IO] M16 P32 C8 M2X - L3[] Q1 C6Y - L2[I] Q1 - L1[W] Q1 - L0[O] Q1 
[  1] Utilization = 0.22 | pJ/MACC =  148.652 | L5[WIO] Q32 C3 - L4[IO] M16 P32 C6 M2X - L3[] Q1 C8Y - L2[I] Q1 - L1[W] Q1 - L0[O] Q1 
[  6] Utilization = 0.08 | pJ/MACC =  148.631 | L5[WIO] Q32 C3 - L4[IO] M16 P32 C8 M2X - L3[] Q1 C3Y - L2[I] Q1 - L1[W] C2 - L0[O] Q1 
[  3] Utilization = 0.11 | pJ/MACC =   50.642 | L5[WIO] Q8 M2 C4 - L4[IO] M2 P32 C4 M2X Q4X - L3[] Q1 - L2[I] Q1 - L1[W] C9 - L0[O] M4 
[  2] Utilization = 0.22 | pJ/MACC =   76.422 | L5[WIO] Q16 C4 - L4[IO] P32 C9 M4X Q2X - L3[] Q1 C2Y - L2[I] Q1 - L1[W] C2 - L0[O] M8 
[  3] Utilization = 0.44 | pJ/MACC =   76.434 | L5[WIO] Q16 C4 - L4[IO] P32 C9 M4X Q2X - L3[] Q1 C4Y - L2[I] Q1 - L1[W] Q1 - L0[O] M8 
[  6] Utilization = 0.11 | pJ/MACC =   50.642 | L5[WIO] Q8 M2 C4 - L4[IO] M2 P32 C36 M2X Q4X - L3[] Q1 - L2[I] Q1 - L1[W] Q1 - L0[O] M4 
[  6] Utilization = 0.11 | pJ/MACC =   21.146 | L5[WIO] Q16 C36 - L4[IO] P32 M4X Q2X - L3[] Q1 - L2[I] Q1 - L1[W] C4 - L0[O] M8 
[  4] Utilization = 0.33 | pJ/MACC =   50.655 | L5[WIO] Q8 M2 C4 - L4[IO] M2 P32 C4 M2X Q4X - L3[] Q1 C3Y - L2[I] Q1 - L1[W] C3 - L0[O] M4 
[  7] Utilization = 0.22 | pJ/MACC =   21.220 | L5[WIO] Q16 C36 - L4[IO] P32 M4X Q2X - L3[] Q1 C2Y - L2[I] Q1 - L1[W] C2 - L0[O] M8 
[  5] Utilization = 1.00 | pJ/MACC =   50.693 | L5[WIO] Q8 M2 C4 - L4[IO] M2 P32 C4 M2X Q4X - L3[] Q1 C9Y - L2[I] Q1 - L1[W] Q1 - L0[O] M4 
[  0] Utilization = 0.44 | pJ/MACC =   50.661 | L5[WIO] Q8 M2 C4 - L4[IO] M2 P32 C3 M2X Q4X - L3[] Q1 C4Y - L2[I] Q1 - L1[W] C3 - L0[O] M4 
[  4] Utilization = 0.89 | pJ/MACC =   28.320 | L5[WIO] Q4 - L4[IO] M2 P32 C48 Q8X - L3[] Q1 M8Y - L2[I] Q1 - L1[W] C3 - L0[O] M2 
[  2] Utilization = 0.22 | pJ/MACC =   50.152 | L5[WIO] Q8 M2 C2 - L4[IO] M2 P32 C9 Q4X - L3[] Q1 M2Y C2Y - L2[I] Q1 - L1[W] C4 - L0[O] M4 
[  3] Utilization = 0.44 | pJ/MACC =   50.157 | L5[WIO] Q8 M2 C2 - L4[IO] M2 P32 C9 Q4X - L3[] Q1 M2Y C4Y - L2[I] Q1 - L1[W] C2 - L0[O] M4 
[  2] Utilization = 0.25 | pJ/MACC =  111.656 | L5[WIO] Q16 M8 C2 - L4[IO] P32 C4 Q2X - L3[] Q1 C9Y - L2[I] Q1 - L1[W] C2 - L0[O] M4 
[  7] Utilization = 0.67 | pJ/MACC =   17.920 | L5[WIO] Q16 M2 C2 - L4[IO] P32 M4X Q2X - L3[] Q1 C6Y - L2[I] Q1 - L1[W] C12 - L0[O] M4 
[  1] Utilization = 0.67 | pJ/MACC =   50.674 | L5[WIO] Q8 M2 C4 - L4[IO] M2 P32 C3 M2X Q4X - L3[] Q1 C6Y - L2[I] Q1 - L1[W] C2 - L0[O] M4 
[  3] Utilization = 0.89 | pJ/MACC =   29.324 | L5[WIO] Q4 M2 - L4[IO] M2 P32 C18 Q8X - L3[] Q1 C8Y - L2[I] Q1 - L1[W] Q1 - L0[O] M8 
[  0] Utilization = 0.44 | pJ/MACC =   50.157 | L5[WIO] Q8 M2 C2 - L4[IO] M2 P32 C18 Q4X - L3[] Q1 M2Y C4Y - L2[I] Q1 - L1[W] Q1 - L0[O] M4 
[  6] Utilization = 0.22 | pJ/MACC =   50.152 | L5[WIO] Q8 M2 C2 - L4[IO] M2 P32 C12 Q4X - L3[] Q1 M2Y C2Y - L2[I] Q1 - L1[W] C3 - L0[O] M4 
[  2] Utilization = 0.44 | pJ/MACC =   44.226 | L5[WIO] Q8 M2 - L4[IO] P32 C18 Q4X - L3[] Q1 M2Y C4Y - L2[I] Q1 - L1[W] C2 - L0[O] M8 
[  6] Utilization = 0.44 | pJ/MACC =   44.226 | L5[WIO] Q8 M2 - L4[IO] P32 C9 Q4X - L3[] Q1 M2Y C4Y - L2[I] Q1 - L1[W] C4 - L0[O] M8 
[  2] Utilization = 0.44 | pJ/MACC =   29.324 | L5[WIO] Q4 M2 - L4[IO] M2 P32 C18 Q8X - L3[] Q1 C4Y - L2[I] Q1 - L1[W] C2 - L0[O] M8 
[  6] Utilization = 0.44 | pJ/MACC =   29.324 | L5[WIO] Q4 M2 - L4[IO] M2 P32 C9 Q8X - L3[] Q1 C4Y - L2[I] Q1 - L1[W] C4 - L0[O] M8 
[  0] Utilization = 0.44 | pJ/MACC =   47.614 | L5[WIO] Q8 M8 - L4[IO] P32 C18 M2X Q4X - L3[] Q1 C4Y - L2[I] Q1 - L1[W] C2 - L0[O] M2 
[  1] Utilization = 0.89 | pJ/MACC =   47.614 | L5[WIO] Q8 M8 - L4[IO] P32 C18 M2X Q4X - L3[] Q1 C8Y - L2[I] Q1 - L1[W] Q1 - L0[O] M2 
[  7] Utilization = 0.89 | pJ/MACC =   29.324 | L5[WIO] Q4 M2 - L4[IO] M2 P32 C9 Q8X - L3[] Q1 C8Y - L2[I] Q1 - L1[W] C2 - L0[O] M8 
[  6] Utilization = 0.89 | pJ/MACC =   29.666 | L5[WIO] Q4 C2 - L4[IO] M4 P32 C4 Q8X - L3[] Q1 M4Y C2Y - L2[I] Q1 - L1[W] C9 - L0[O] M2 
[  0] Utilization = 0.67 | pJ/MACC =   22.745 | L5[WIO] Q32 M2 C8 - L4[IO] M2 P32 M8X - L3[] Q1 C6Y - L2[I] Q1 - L1[W] C3 - L0[O] Q1 
[  2] Utilization = 1.00 | pJ/MACC =   22.789 | L5[WIO] Q32 M2 C8 - L4[IO] M2 P32 M8X - L3[] Q1 C9Y - L2[I] Q1 - L1[W] C2 - L0[O] Q1 
[  3] Utilization = 1.00 | pJ/MACC =   21.738 | L5[WIO] Q32 M2 C4 - L4[IO] M2 P32 M8X - L3[] Q1 C9Y - L2[I] Q1 - L1[W] C4 - L0[O] Q1 
[  0] Utilization = 0.89 | pJ/MACC =   45.765 | L5[WIO] Q4 M4 C3 - L4[IO] M2 P32 C12 Q8X - L3[] Q1 M2Y C4Y - L2[I] Q1 - L1[W] Q1 - L0[O] M2 
[  6] Utilization = 1.00 | pJ/MACC =   52.426 | L5[WIO] Q8 M2 C2 - L4[IO] M4 P32 C2 M2X Q4X - L3[] Q1 C9Y - L2[I] Q1 - L1[W] C4 - L0[O] M2 
[  1] Utilization = 0.89 | pJ/MACC =   15.860 | L5[WIO] Q4 C18 - L4[IO] M2 P32 Q8X - L3[] Q1 M8Y - L2[I] Q1 - L1[W] C8 - L0[O] M2 
[  7] Utilization = 0.89 | pJ/MACC =   15.699 | L5[WIO] Q32 C3 - L4[IO] M2 P32 M8X - L3[] Q1 C8Y - L2[I] Q1 - L1[W] C6 - L0[O] M2 
[  0] Utilization = 1.00 | pJ/MACC =   36.363 | L5[WIO] Q4 M2 C2 - L4[IO] M4 P32 C2 Q8X - L3[] Q1 C9Y - L2[I] Q1 - L1[W] C4 - L0[O] M4 
[  1] Utilization = 0.89 | pJ/MACC =   11.775 | L5[WIO] Q4 C4 - L4[IO] P32 Q8X - L3[] Q1 M2Y C4Y - L2[I] Q1 - L1[W] C9 - L0[O] M16 
[  0] Utilization = 1.00 | pJ/MACC =   13.114 | L5[WIO] Q16 - L4[IO] M2 P32 M4X Q2X - L3[] Q1 C9Y - L2[I] Q1 - L1[W] C16 - L0[O] M4 
[  5] Utilization = 1.00 | pJ/MACC =   45.355 | L5[WIO] Q8 M2 - L4[IO] M2 P32 C4 M2X Q4X - L3[] Q1 C9Y - L2[I] Q1 - L1[W] C4 - L0[O] M4 
[  1] Utilization = 1.00 | pJ/MACC =   83.807 | L5[WIO] Q16 M2 C8 - L4[IO] M2 P32 C2 M4X Q2X - L3[] Q1 C9Y - L2[I] Q1 - L1[W] Q1 - L0[O] M2 
[  1] Utilization = 1.00 | pJ/MACC =   13.323 | L5[WIO] Q16 C4 - L4[IO] P32 M4X Q2X - L3[] Q1 C9Y - L2[I] Q1 - L1[W] C4 - L0[O] M8 
[  6] Utilization = 1.00 | pJ/MACC =   20.059 | L5[WIO] Q4 M2 C16 - L4[IO] P32 Q8X - L3[] Q1 C9Y - L2[I] Q1 - L1[W] Q1 - L0[O] M16 
[  2] Utilization = 1.00 | pJ/MACC =   16.596 | L5[WIO] Q16 - L4[IO] M8 P32 M4X Q2X - L3[] Q1 C9Y - L2[I] Q1 - L1[W] C16 - L0[O] Q1 
[  7] Utilization = 1.00 | pJ/MACC =   75.677 | L5[WIO] Q16 - L4[IO] P32 C8 M4X Q2X - L3[] Q1 C9Y - L2[I] Q1 - L1[W] C2 - L0[O] M8 
[  4] Utilization = 1.00 | pJ/MACC =   15.510 | L5[WIO] Q4 C16 - L4[IO] M2 P32 Q8X - L3[] Q1 C9Y - L2[I] Q1 - L1[W] Q1 - L0[O] M16 
[  6] Utilization = 1.00 | pJ/MACC =   17.956 | L5[WIO] Q4 M2 C8 - L4[IO] P32 Q8X - L3[] Q1 C9Y - L2[I] Q1 - L1[W] C2 - L0[O] M16 
[  4] Utilization = 1.00 | pJ/MACC =   15.471 | L5[WIO] Q8 M2 - L4[IO] M4 P32 M2X Q4X - L3[] Q1 C9Y - L2[I] Q1 - L1[W] C16 - L0[O] M2 
[  7] Utilization = 1.00 | pJ/MACC =   45.015 | L5[WIO] Q8 C4 - L4[IO] M2 P32 C4 M2X Q4X - L3[] Q1 C9Y - L2[I] Q1 - L1[W] Q1 - L0[O] M8 
[  5] Utilization = 1.00 | pJ/MACC =   29.343 | L5[WIO] Q4 M4 C4 - L4[IO] M2 P32 Q8X - L3[] Q1 C9Y - L2[I] Q1 - L1[W] C4 - L0[O] M4 
[  4] Utilization = 1.00 | pJ/MACC =   14.908 | L5[WIO] Q4 M8 - L4[IO] P32 Q8X - L3[] Q1 C9Y - L2[I] Q1 - L1[W] C16 - L0[O] M4 
[  5] Utilization = 1.00 | pJ/MACC =   12.944 | L5[WIO] Q4 C2 - L4[IO] M4 P32 Q8X - L3[] Q1 C9Y - L2[I] Q1 - L1[W] C8 - L0[O] M8 
[  6] Utilization = 1.00 | pJ/MACC =   16.026 | L5[WIO] Q8 C16 - L4[IO] M2 P32 M2X Q4X - L3[] Q1 C9Y - L2[I] Q1 - L1[W] Q1 - L0[O] M8 
[  7] Utilization = 1.00 | pJ/MACC =   28.473 | L5[WIO] Q4 C2 - L4[IO] M2 P32 C8 Q8X - L3[] Q1 C9Y - L2[I] Q1 - L1[W] Q1 - L0[O] M16 
[  4] Utilization = 1.00 | pJ/MACC =   12.681 | L5[WIO] Q4 M4 - L4[IO] P32 Q8X - L3[] Q1 C9Y - L2[I] Q1 - L1[W] C16 - L0[O] M8 
[  3] STATEMENT: 1000 suboptimal mappings found since the last upgrade, terminating search.
[  7] Utilization = 1.00 | pJ/MACC =   28.210 | L5[WIO] Q4 M2 - L4[IO] P32 C4 Q8X - L3[] Q1 C9Y - L2[I] Q1 - L1[W] C4 - L0[O] M16 
[  0] STATEMENT: 1000 suboptimal mappings found since the last upgrade, terminating search.
[  1] STATEMENT: 1000 suboptimal mappings found since the last upgrade, terminating search.
[  2] STATEMENT: 1000 suboptimal mappings found since the last upgrade, terminating search.
[  7] Utilization = 1.00 | pJ/MACC =   12.871 | L5[WIO] Q8 C4 - L4[IO] M2 P32 M2X Q4X - L3[] Q1 C9Y - L2[I] Q1 - L1[W] C4 - L0[O] M8 
[  5] STATEMENT: 1000 suboptimal mappings found since the last upgrade, terminating search.
[  6] STATEMENT: 1000 suboptimal mappings found since the last upgrade, terminating search.
[  7] Utilization = 1.00 | pJ/MACC =   12.307 | L5[WIO] Q8 C4 - L4[IO] P32 M2X Q4X - L3[] Q1 C9Y - L2[I] Q1 - L1[W] C4 - L0[O] M16 
[  4] STATEMENT: 1000 suboptimal mappings found since the last upgrade, terminating search.
[  7] STATEMENT: 1000 suboptimal mappings found since the last upgrade, terminating search.
