[  3] Utilization = 0.04 | pJ/MACC =   39.376 | L5[WIO] Q8 M9 - L4[IO] M8 P8 - L3[] Q1 S3Y - L2[I] Q1 - L1[W] R3 - L0[O] M8 
[  4] Utilization = 0.08 | pJ/MACC =   39.389 | L5[WIO] Q8 M9 - L4[IO] M8 P8 - L3[] Q1 M2Y S3Y - L2[I] Q1 - L1[W] R3 - L0[O] M4 
[  3] Utilization = 0.08 | pJ/MACC =   31.679 | L5[WIO] Q4 M96 - L4[IO] P8 Q2X - L3[] Q1 S3Y - L2[I] Q1 - L1[W] R3 - L0[O] M6 
[  6] Utilization = 0.08 | pJ/MACC =   38.929 | L5[WIO] Q8 M3 - L4[IO] M12 P8 M2X - L3[] Q1 S3Y - L2[I] Q1 - L1[W] R3 - L0[O] M8 
[  0] Utilization = 0.33 | pJ/MACC =   38.968 | L5[WIO] Q8 M9 - L4[IO] M4 P8 M8X - L3[] Q1 S3Y - L2[I] Q1 - L1[W] R3 - L0[O] M2 
[  7] Utilization = 0.08 | pJ/MACC =   39.389 | L5[WIO] Q8 M9 - L4[IO] M8 P8 M2X - L3[] Q1 S3Y - L2[I] Q1 - L1[W] R3 - L0[O] M4 
[  5] Utilization = 0.25 | pJ/MACC =   31.714 | L5[WIO] Q4 M96 - L4[IO] P8 Q2X - L3[] Q1 M3Y S3Y - L2[I] Q1 - L1[W] R3 - L0[O] M2 
[  4] Utilization = 0.17 | pJ/MACC =   31.696 | L5[WIO] Q4 M96 - L4[IO] P8 Q2X - L3[] Q1 M2Y S3Y - L2[I] Q1 - L1[W] R3 - L0[O] M3 
[  1] Utilization = 0.67 | pJ/MACC =   39.020 | L5[WIO] Q8 M9 - L4[IO] M4 P8 M8X - L3[] Q1 M2Y S3Y - L2[I] Q1 - L1[W] R3 - L0[O] Q1 
[  7] Utilization = 0.17 | pJ/MACC =   31.696 | L5[WIO] Q4 M96 - L4[IO] P8 M2X Q2X - L3[] Q1 S3Y - L2[I] Q1 - L1[W] R3 - L0[O] M3 
[  5] Utilization = 0.33 | pJ/MACC =   28.311 | L5[WIO] Q2 M8 - L4[IO] M18 P8 Q4X - L3[] Q1 M2Y S3Y - L2[I] Q1 - L1[W] R3 - L0[O] M2 
[  3] Utilization = 0.33 | pJ/MACC =   30.942 | L5[WIO] Q4 M6 - L4[IO] M6 P8 M4X Q2X - L3[] Q1 S3Y - L2[I] Q1 - L1[W] R3 - L0[O] M4 
[  6] Utilization = 0.25 | pJ/MACC =   38.522 | L5[WIO] Q8 M2 - L4[IO] M2 P8 M2X - L3[] Q1 M3Y S3Y - L2[I] Q1 - L1[W] R3 - L0[O] M24 
[  0] Utilization = 0.33 | pJ/MACC =   31.734 | L5[WIO] M576 - L4[IO] P8 Q8X - L3[] Q1 S3Y - L2[I] Q1 - L1[W] R3 - L0[O] Q1 
[  2] Utilization = 0.33 | pJ/MACC =   32.363 | L5[WIO] Q4 M6 - L4[IO] M24 P8 M4X Q2X - L3[] Q1 S3Y - L2[I] Q1 - L1[W] R3 - L0[O] Q1 
[  6] Utilization = 0.33 | pJ/MACC =   25.376 | L5[WIO] M24 - L4[IO] M3 P8 Q8X - L3[] Q1 S3Y - L2[I] Q1 - L1[W] R3 - L0[O] M8 
[  4] Utilization = 0.67 | pJ/MACC =   30.968 | L5[WIO] Q4 M6 - L4[IO] M6 P8 M4X Q2X - L3[] Q1 M2Y S3Y - L2[I] Q1 - L1[W] R3 - L0[O] M2 
[  0] Utilization = 0.33 | pJ/MACC =   30.942 | L5[WIO] Q4 M6 - L4[IO] M6 P8 M2X Q2X - L3[] Q1 M2Y S3Y - L2[I] Q1 - L1[W] R3 - L0[O] M4 
[  6] Utilization = 0.67 | pJ/MACC =   28.153 | L5[WIO] M144 - L4[IO] M2 P8 Q8X - L3[] Q1 M2Y S3Y - L2[I] Q1 - L1[W] R3 - L0[O] Q1 
[  5] Utilization = 0.67 | pJ/MACC =   39.020 | L5[WIO] Q8 M2 - L4[IO] M18 P8 M8X - L3[] Q1 M2Y S3Y - L2[I] Q1 - L1[W] R3 - L0[O] Q1 
[  3] Utilization = 1.00 | pJ/MACC =   30.643 | L5[WIO] Q4 M2 - L4[IO] M6 P8 M4X Q2X - L3[] Q1 M3Y S3Y - L2[I] Q1 - L1[W] R3 - L0[O] M4 
[  0] Utilization = 0.50 | pJ/MACC =   30.901 | L5[WIO] Q4 M4 - L4[IO] M8 P8 M2X Q2X - L3[] Q1 M3Y S3Y - L2[I] Q1 - L1[W] R3 - L0[O] M3 
[  2] Utilization = 1.00 | pJ/MACC =   38.871 | L5[WIO] Q8 M3 - L4[IO] M8 P8 M8X - L3[] Q1 M3Y S3Y - L2[I] Q1 - L1[W] R3 - L0[O] Q1 
[  7] Utilization = 0.50 | pJ/MACC =   26.572 | L5[WIO] Q2 M2 - L4[IO] M4 P8 Q4X - L3[] Q1 M3Y S3Y - L2[I] Q1 - L1[W] R3 - L0[O] M24 
[  4] Utilization = 0.75 | pJ/MACC =   30.918 | L5[WIO] Q4 M4 - L4[IO] M8 P8 M3X Q2X - L3[] Q1 M3Y S3Y - L2[I] Q1 - L1[W] R3 - L0[O] M2 
[  0] Utilization = 0.50 | pJ/MACC =   26.779 | L5[WIO] Q2 M3 - L4[IO] M8 P8 Q4X - L3[] Q1 M3Y S3Y - L2[I] Q1 - L1[W] R3 - L0[O] M8 
[  6] Utilization = 0.75 | pJ/MACC =   31.368 | L5[WIO] Q4 M4 - L4[IO] M16 P8 M3X Q2X - L3[] Q1 M3Y S3Y - L2[I] Q1 - L1[W] R3 - L0[O] Q1 
[  0] Utilization = 0.67 | pJ/MACC =   26.311 | L5[WIO] M144 - L4[IO] P8 Q8X - L3[] Q1 M2Y S3Y - L2[I] Q1 - L1[W] R3 - L0[O] M2 
[  5] Utilization = 0.67 | pJ/MACC =   26.705 | L5[WIO] Q2 M3 - L4[IO] M6 P8 M2X Q4X - L3[] Q1 M2Y S3Y - L2[I] Q1 - L1[W] R3 - L0[O] M8 
[  7] Utilization = 0.67 | pJ/MACC =   25.389 | L5[WIO] M24 - L4[IO] M3 P8 Q8X - L3[] Q1 M2Y S3Y - L2[I] Q1 - L1[W] R3 - L0[O] M4 
[  3] Utilization = 1.00 | pJ/MACC =   27.117 | L5[WIO] Q2 M48 - L4[IO] P8 M2X Q4X - L3[] Q1 M3Y S3Y - L2[I] Q1 - L1[W] R3 - L0[O] M2 
[  4] Utilization = 0.75 | pJ/MACC =   30.581 | L5[WIO] Q4 M4 - L4[IO] M2 P8 M3X Q2X - L3[] Q1 M3Y S3Y - L2[I] Q1 - L1[W] R3 - L0[O] M8 
[  5] Utilization = 0.67 | pJ/MACC =   24.673 | L5[WIO] M4 - L4[IO] M4 P8 Q8X - L3[] Q1 M2Y S3Y - L2[I] Q1 - L1[W] R3 - L0[O] M18 
[  6] Utilization = 1.00 | pJ/MACC =   24.676 | L5[WIO] M4 - L4[IO] M4 P8 Q8X - L3[] Q1 M3Y S3Y - L2[I] Q1 - L1[W] R3 - L0[O] M12 
[  1] Utilization = 0.67 | pJ/MACC =   28.153 | L5[WIO] M16 - L4[IO] M18 P8 Q8X - L3[] Q1 M2Y S3Y - L2[I] Q1 - L1[W] R3 - L0[O] Q1 
[  1] Utilization = 1.00 | pJ/MACC =   38.502 | L5[WIO] Q8 - L4[IO] M2 P8 M8X - L3[] Q1 M3Y S3Y - L2[I] Q1 - L1[W] R3 - L0[O] M12 
[  0] Utilization = 0.67 | pJ/MACC =   24.877 | L5[WIO] M4 - L4[IO] M8 P8 Q8X - L3[] Q1 M2Y S3Y - L2[I] Q1 - L1[W] R3 - L0[O] M9 
[  7] Utilization = 1.00 | pJ/MACC =   24.624 | L5[WIO] M3 - L4[IO] M4 P8 Q8X - L3[] Q1 M3Y S3Y - L2[I] Q1 - L1[W] R3 - L0[O] M16 
[  1] Utilization = 1.00 | pJ/MACC =   24.883 | L5[WIO] M4 - L4[IO] M8 P8 Q8X - L3[] Q1 M3Y S3Y - L2[I] Q1 - L1[W] R3 - L0[O] M6 
[  4] Utilization = 1.00 | pJ/MACC =   27.117 | L5[WIO] Q2 M6 - L4[IO] M8 P8 M2X Q4X - L3[] Q1 M3Y S3Y - L2[I] Q1 - L1[W] R3 - L0[O] M2 
[  5] Utilization = 1.00 | pJ/MACC =   25.091 | L5[WIO] M4 - L4[IO] M12 P8 Q8X - L3[] Q1 M3Y S3Y - L2[I] Q1 - L1[W] R3 - L0[O] M4 
[  0] Utilization = 0.75 | pJ/MACC =   30.524 | L5[WIO] Q4 - L4[IO] M4 P8 M3X Q2X - L3[] Q1 M3Y S3Y - L2[I] Q1 - L1[W] R3 - L0[O] M16 
[  2] Utilization = 1.00 | pJ/MACC =   30.585 | L5[WIO] Q4 M2 - L4[IO] M4 P8 M4X Q2X - L3[] Q1 M3Y S3Y - L2[I] Q1 - L1[W] R3 - L0[O] M6 
[  4] Utilization = 1.00 | pJ/MACC =   24.779 | L5[WIO] M3 - L4[IO] M8 P8 Q8X - L3[] Q1 M3Y S3Y - L2[I] Q1 - L1[W] R3 - L0[O] M8 
[  0] Utilization = 1.00 | pJ/MACC =   30.702 | L5[WIO] Q4 - L4[IO] M16 P8 M4X Q2X - L3[] Q1 M3Y S3Y - L2[I] Q1 - L1[W] R3 - L0[O] M3 
[  3] Utilization = 1.00 | pJ/MACC =   26.576 | L5[WIO] Q2 M2 - L4[IO] M4 P8 M2X Q4X - L3[] Q1 M3Y S3Y - L2[I] Q1 - L1[W] R3 - L0[O] M12 
[  0] Utilization = 1.00 | pJ/MACC =   26.960 | L5[WIO] M24 - L4[IO] M8 P8 Q8X - L3[] Q1 M3Y S3Y - L2[I] Q1 - L1[W] R3 - L0[O] Q1 
[  1] Utilization = 1.00 | pJ/MACC =   24.779 | L5[WIO] M2 - L4[IO] M12 P8 Q8X - L3[] Q1 M3Y S3Y - L2[I] Q1 - L1[W] R3 - L0[O] M8 
[  0] Utilization = 1.00 | pJ/MACC =   24.779 | L5[WIO] M24 - L4[IO] P8 Q8X - L3[] Q1 M3Y S3Y - L2[I] Q1 - L1[W] R3 - L0[O] M8 
[  3] Utilization = 1.00 | pJ/MACC =   24.779 | L5[WIO] M8 - L4[IO] M3 P8 Q8X - L3[] Q1 M3Y S3Y - L2[I] Q1 - L1[W] R3 - L0[O] M8 
[  4] Utilization = 1.00 | pJ/MACC =   24.356 | L5[WIO] Q8 - L4[IO] P8 M8X - L3[] Q1 M3Y S3Y - L2[I] Q1 - L1[W] R3 - L0[O] M24 
[  2] Utilization = 1.00 | pJ/MACC =   24.624 | L5[WIO] M2 - L4[IO] M6 P8 Q8X - L3[] Q1 M3Y S3Y - L2[I] Q1 - L1[W] R3 - L0[O] M16 
[  3] Utilization = 1.00 | pJ/MACC =   24.572 | L5[WIO] M2 - L4[IO] M4 P8 Q8X - L3[] Q1 M3Y S3Y - L2[I] Q1 - L1[W] R3 - L0[O] M24 
[  5] Utilization = 1.00 | pJ/MACC =   24.572 | L5[WIO] M4 - L4[IO] M2 P8 Q8X - L3[] Q1 M3Y S3Y - L2[I] Q1 - L1[W] R3 - L0[O] M24 
[  6] STATEMENT: 300 suboptimal mappings found since the last upgrade, terminating search.
[  7] STATEMENT: 300 suboptimal mappings found since the last upgrade, terminating search.
[  1] STATEMENT: 300 suboptimal mappings found since the last upgrade, terminating search.
[  4] STATEMENT: 300 suboptimal mappings found since the last upgrade, terminating search.
[  0] STATEMENT: 300 suboptimal mappings found since the last upgrade, terminating search.
[  2] STATEMENT: 300 suboptimal mappings found since the last upgrade, terminating search.
[  3] STATEMENT: 300 suboptimal mappings found since the last upgrade, terminating search.
[  5] STATEMENT: 300 suboptimal mappings found since the last upgrade, terminating search.
