[  1] Utilization = 0.89 | pJ/MACC =   13.614 | L5[WIO] Q16 C2 - L4[IO] M4 P32 M4X Q2X - L3[] Q1 M2Y C4Y - L2[I] Q1 - L1[W] C4 - L0[O] M6 
[  7] Utilization = 0.22 | pJ/MACC =   76.729 | L5[WIO] Q16 C2 - L4[IO] M4 P32 C16 M4X Q2X - L3[] Q1 M2Y - L2[I] Q1 - L1[W] Q1 - L0[O] M6 
[  4] Utilization = 0.44 | pJ/MACC =   76.738 | L5[WIO] Q16 C2 - L4[IO] M4 P32 C2 M4X Q2X - L3[] Q1 M2Y C2Y - L2[I] Q1 - L1[W] C4 - L0[O] M6 
[  3] Utilization = 0.22 | pJ/MACC =   76.729 | L5[WIO] Q16 C2 - L4[IO] M4 P32 C2 M4X Q2X - L3[] Q1 M2Y - L2[I] Q1 - L1[W] C8 - L0[O] M6 
[  6] Utilization = 0.44 | pJ/MACC =   31.285 | L5[WIO] Q8 M3 C16 - L4[IO] M8 P32 M2X Q4X - L3[] Q1 M2Y C2Y - L2[I] Q1 - L1[W] Q1 - L0[O] M2 
[  0] Utilization = 0.22 | pJ/MACC =   48.115 | L5[WIO] Q8 M3 C2 - L4[IO] M8 P32 C4 M2X Q4X - L3[] Q1 M2Y - L2[I] Q1 - L1[W] C4 - L0[O] M2 
[  7] Utilization = 0.22 | pJ/MACC =   63.287 | L5[WIO] Q8 M3 C16 - L4[IO] M8 P32 C2 M2X Q4X - L3[] Q1 M2Y - L2[I] Q1 - L1[W] Q1 - L0[O] M2 
[  4] Utilization = 0.44 | pJ/MACC =   48.125 | L5[WIO] Q8 M3 C2 - L4[IO] M8 P32 C8 M2X Q4X - L3[] Q1 M2Y C2Y - L2[I] Q1 - L1[W] Q1 - L0[O] M2 
[  5] Utilization = 0.89 | pJ/MACC =   76.757 | L5[WIO] Q16 C2 - L4[IO] M4 P32 C2 M4X Q2X - L3[] Q1 M2Y C4Y - L2[I] Q1 - L1[W] C2 - L0[O] M6 
[  3] Utilization = 0.22 | pJ/MACC =   48.115 | L5[WIO] Q8 M3 C2 - L4[IO] M8 P32 C8 M2X Q4X - L3[] Q1 M2Y - L2[I] Q1 - L1[W] C2 - L0[O] M2 
[  2] Utilization = 0.89 | pJ/MACC =   48.144 | L5[WIO] Q8 M3 C2 - L4[IO] M8 P32 C4 M2X Q4X - L3[] Q1 M2Y C4Y - L2[I] Q1 - L1[W] Q1 - L0[O] M2 
[  0] Utilization = 0.44 | pJ/MACC =   81.435 | L5[WIO] Q16 M6 C2 - L4[IO] M2 P32 C4 M4X Q2X - L3[] Q1 M4Y - L2[I] Q1 - L1[W] C4 - L0[O] Q1 
[  0] Utilization = 0.44 | pJ/MACC =   55.047 | L5[WIO] Q8 M12 C2 - L4[IO] M2 P32 C4 Q4X - L3[] Q1 M8Y - L2[I] Q1 - L1[W] C4 - L0[O] Q1 
[  3] Utilization = 0.44 | pJ/MACC =   81.435 | L5[WIO] Q16 M6 C2 - L4[IO] M2 P32 C8 M4X Q2X - L3[] Q1 M4Y - L2[I] Q1 - L1[W] C2 - L0[O] Q1 
[  7] Utilization = 0.44 | pJ/MACC =   96.607 | L5[WIO] Q16 M6 C16 - L4[IO] M2 P32 C2 M4X Q2X - L3[] Q1 M4Y - L2[I] Q1 - L1[W] Q1 - L0[O] Q1 
[  4] Utilization = 0.89 | pJ/MACC =   81.445 | L5[WIO] Q16 M6 C2 - L4[IO] M2 P32 C8 M4X Q2X - L3[] Q1 M4Y C2Y - L2[I] Q1 - L1[W] Q1 - L0[O] Q1 
[  6] Utilization = 0.79 | pJ/MACC =   33.605 | L5[WIO] Q16 M6 C16 - L4[IO] M2 P32 M4X Q2X - L3[] Q1 M4Y C2Y - L2[I] Q1 - L1[W] Q1 - L0[O] Q1 
[  7] Utilization = 0.44 | pJ/MACC =   70.218 | L5[WIO] Q8 M12 C16 - L4[IO] M2 P32 C2 Q4X - L3[] Q1 M8Y - L2[I] Q1 - L1[W] Q1 - L0[O] Q1 
[  3] Utilization = 0.44 | pJ/MACC =   55.047 | L5[WIO] Q8 M12 C2 - L4[IO] M2 P32 C8 Q4X - L3[] Q1 M8Y - L2[I] Q1 - L1[W] C2 - L0[O] Q1 
[  2] Utilization = 0.89 | pJ/MACC =   11.902 | L5[WIO] Q8 M2 - L4[IO] M4 P32 M2X Q4X - L3[] Q1 M4Y C2Y - L2[I] Q1 - L1[W] C16 - L0[O] M3 
[  0] Utilization = 0.89 | pJ/MACC =   30.441 | L5[WIO] Q4 M3 C2 - L4[IO] M2 P32 C4 Q8X - L3[] Q1 M8Y - L2[I] Q1 - L1[W] C4 - L0[O] M4 
[  7] Utilization = 0.44 | pJ/MACC =   44.045 | L5[WIO] Q8 M2 - L4[IO] M4 P32 C2 M2X Q4X - L3[] Q1 M4Y - L2[I] Q1 - L1[W] C16 - L0[O] M3 
[  5] Utilization = 0.89 | pJ/MACC =   75.908 | L5[WIO] Q16 M6 - L4[IO] P32 C16 M4X Q2X - L3[] Q1 M4Y C2Y - L2[I] Q1 - L1[W] Q1 - L0[O] M2 
[  3] Utilization = 0.89 | pJ/MACC =   30.441 | L5[WIO] Q4 M3 C2 - L4[IO] M2 P32 C8 Q8X - L3[] Q1 M8Y - L2[I] Q1 - L1[W] C2 - L0[O] M4 
[  7] Utilization = 0.81 | pJ/MACC =   45.613 | L5[WIO] Q4 M3 C16 - L4[IO] M2 P32 C2 Q8X - L3[] Q1 M8Y - L2[I] Q1 - L1[W] Q1 - L0[O] M4 
[  6] Utilization = 0.89 | pJ/MACC =   55.565 | L5[WIO] Q8 M4 C8 - L4[IO] M6 P32 C2 M2X Q4X - L3[] Q1 M4Y C2Y - L2[I] Q1 - L1[W] Q1 - L0[O] Q1 
[  3] Utilization = 0.89 | pJ/MACC =   23.422 | L5[WIO] Q8 M4 C8 - L4[IO] M6 P32 M2X Q4X - L3[] Q1 M4Y C2Y - L2[I] Q1 - L1[W] C2 - L0[O] Q1 
[  4] Utilization = 0.89 | pJ/MACC =   44.003 | L5[WIO] Q8 M2 - L4[IO] M4 P32 C8 M2X Q4X - L3[] Q1 M2Y C4Y - L2[I] Q1 - L1[W] Q1 - L0[O] M6 
[  7] Utilization = 0.89 | pJ/MACC =   75.908 | L5[WIO] Q16 M6 - L4[IO] P32 C4 M4X Q2X - L3[] Q1 M4Y C2Y - L2[I] Q1 - L1[W] C4 - L0[O] M2 
[  1] Utilization = 0.89 | pJ/MACC =   12.972 | L5[WIO] Q8 C2 - L4[IO] M8 P32 M2X Q4X - L3[] Q1 M2Y C4Y - L2[I] Q1 - L1[W] C4 - L0[O] M6 
[  4] Utilization = 0.89 | pJ/MACC =   15.650 | L5[WIO] Q8 M24 - L4[IO] M2 P32 M2X Q4X - L3[] Q1 M2Y C4Y - L2[I] Q1 - L1[W] C8 - L0[O] Q1 
[  6] Utilization = 0.89 | pJ/MACC =   54.743 | L5[WIO] Q4 M32 C2 - L4[IO] P32 C2 Q8X - L3[] Q1 C8Y - L2[I] Q1 - L1[W] Q1 - L0[O] M6 
[  5] Utilization = 0.89 | pJ/MACC =   45.115 | L5[WIO] Q8 C2 - L4[IO] M8 P32 C2 M2X Q4X - L3[] Q1 M2Y C4Y - L2[I] Q1 - L1[W] C2 - L0[O] M6 
[  5] Utilization = 0.89 | pJ/MACC =   36.387 | L5[WIO] Q4 M2 C8 - L4[IO] M4 P32 C2 Q8X - L3[] Q1 M8Y - L2[I] Q1 - L1[W] C2 - L0[O] M3 
[  6] Utilization = 0.89 | pJ/MACC =   44.571 | L5[WIO] Q8 M12 - L4[IO] P32 C32 M2X Q4X - L3[] Q1 M8Y - L2[I] Q1 - L1[W] Q1 - L0[O] Q1 
[  5] Utilization = 0.89 | pJ/MACC =   14.402 | L5[WIO] Q32 - L4[IO] M3 P32 M8X - L3[] Q1 C8Y - L2[I] Q1 - L1[W] C4 - L0[O] M8 
[  6] Utilization = 0.89 | pJ/MACC =   27.845 | L5[WIO] Q4 M6 - L4[IO] P32 C32 Q8X - L3[] Q1 M8Y - L2[I] Q1 - L1[W] Q1 - L0[O] M4 
[  0] Utilization = 0.89 | pJ/MACC =   14.653 | L5[WIO] Q4 C4 - L4[IO] M8 P32 Q8X - L3[] Q1 M8Y - L2[I] Q1 - L1[W] C8 - L0[O] M3 
[  7] Utilization = 0.89 | pJ/MACC =   36.387 | L5[WIO] Q4 M2 C8 - L4[IO] M4 P32 C4 Q8X - L3[] Q1 M8Y - L2[I] Q1 - L1[W] Q1 - L0[O] M3 
[  7] Utilization = 0.89 | pJ/MACC =   17.639 | L5[WIO] Q16 M6 C2 - L4[IO] P32 M4X Q2X - L3[] Q1 M4Y C2Y - L2[I] Q1 - L1[W] C8 - L0[O] M2 
[  7] Utilization = 0.89 | pJ/MACC =   15.327 | L5[WIO] Q32 C2 - L4[IO] P32 M8X - L3[] Q1 M4Y C2Y - L2[I] Q1 - L1[W] C8 - L0[O] M6 
[  4] Utilization = 0.89 | pJ/MACC =   11.155 | L5[WIO] Q4 M6 - L4[IO] P32 Q8X - L3[] Q1 M2Y C4Y - L2[I] Q1 - L1[W] C8 - L0[O] M16 
[  7] Utilization = 0.89 | pJ/MACC =   12.495 | L5[WIO] Q8 C2 - L4[IO] M3 P32 M2X Q4X - L3[] Q1 M4Y C2Y - L2[I] Q1 - L1[W] C8 - L0[O] M8 
[  3] Utilization = 0.89 | pJ/MACC =   16.617 | L5[WIO] Q8 M3 C4 - L4[IO] M2 P32 M2X Q4X - L3[] Q1 C8Y - L2[I] Q1 - L1[W] Q1 - L0[O] M16 
[  3] Utilization = 0.89 | pJ/MACC =   15.836 | L5[WIO] Q16 C4 - L4[IO] M3 P32 M4X Q2X - L3[] Q1 C8Y - L2[I] Q1 - L1[W] Q1 - L0[O] M16 
[  5] Utilization = 0.89 | pJ/MACC =   13.509 | L5[WIO] Q4 M4 - L4[IO] M8 P32 Q8X - L3[] Q1 C8Y - L2[I] Q1 - L1[W] C4 - L0[O] M6 
[  6] Utilization = 0.89 | pJ/MACC =   12.849 | L5[WIO] Q8 C2 - L4[IO] M6 P32 M2X Q4X - L3[] Q1 M8Y - L2[I] Q1 - L1[W] C16 - L0[O] M2 
[  5] Utilization = 0.89 | pJ/MACC =   12.576 | L5[WIO] Q8 M2 - L4[IO] M8 P32 M2X Q4X - L3[] Q1 C8Y - L2[I] Q1 - L1[W] C4 - L0[O] M6 
[  2] Utilization = 0.89 | pJ/MACC =   11.502 | L5[WIO] Q8 M4 - L4[IO] P32 M2X Q4X - L3[] Q1 M4Y C2Y - L2[I] Q1 - L1[W] C16 - L0[O] M6 
[  5] Utilization = 0.89 | pJ/MACC =   12.208 | L5[WIO] Q8 M2 - L4[IO] M6 P32 M2X Q4X - L3[] Q1 C8Y - L2[I] Q1 - L1[W] C4 - L0[O] M8 
[  5] Utilization = 0.89 | pJ/MACC =   11.692 | L5[WIO] Q4 M12 - L4[IO] P32 Q8X - L3[] Q1 C8Y - L2[I] Q1 - L1[W] C4 - L0[O] M16 
[  0] STATEMENT: 1000 suboptimal mappings found since the last upgrade, terminating search.
[  7] STATEMENT: 1000 suboptimal mappings found since the last upgrade, terminating search.
[  1] STATEMENT: 1000 suboptimal mappings found since the last upgrade, terminating search.
[  5] Utilization = 0.89 | pJ/MACC =   11.655 | L5[WIO] Q8 - L4[IO] M6 P32 M2X Q4X - L3[] Q1 C8Y - L2[I] Q1 - L1[W] C4 - L0[O] M16 
[  4] STATEMENT: 1000 suboptimal mappings found since the last upgrade, terminating search.
[  3] Utilization = 0.89 | pJ/MACC =   15.289 | L5[WIO] Q8 C4 - L4[IO] M8 P32 M2X Q4X - L3[] Q1 C8Y - L2[I] Q1 - L1[W] Q1 - L0[O] M12 
[  6] STATEMENT: 1000 suboptimal mappings found since the last upgrade, terminating search.
[  3] Utilization = 0.89 | pJ/MACC =   14.920 | L5[WIO] Q8 C4 - L4[IO] M4 P32 M2X Q4X - L3[] Q1 C8Y - L2[I] Q1 - L1[W] Q1 - L0[O] M24 
[  2] STATEMENT: 1000 suboptimal mappings found since the last upgrade, terminating search.
[  5] STATEMENT: 1000 suboptimal mappings found since the last upgrade, terminating search.
[  3] STATEMENT: 1000 suboptimal mappings found since the last upgrade, terminating search.
