[  0] Utilization = 0.45 | pJ/MACC =   54.930 | L5[WIO] M9 Q8 P2 - L4[IO] Q1 M8X - L3[] Q1 M8Y - L2[I] Q1 - L1[W] R3 S3 P4 - L0[O] M6 
[  3] Utilization = 0.45 | pJ/MACC =   54.930 | L5[WIO] M9 Q8 P2 - L4[IO] Q1 M8X - L3[] Q1 M8Y - L2[I] Q1 - L1[W] R3 S3 M6 P4 - L0[O] Q1 
[  1] Utilization = 0.45 | pJ/MACC =   54.930 | L5[WIO] M9 Q8 P2 - L4[IO] Q1 M8X - L3[] Q1 M8Y - L2[I] Q1 - L1[W] R3 S3 M2 P4 - L0[O] M3 
[  2] Utilization = 0.45 | pJ/MACC =   54.930 | L5[WIO] M9 Q8 P2 - L4[IO] Q1 M8X - L3[] Q1 M8Y - L2[I] Q1 - L1[W] R3 S3 M3 P4 - L0[O] M2 
[  4] Utilization = 0.45 | pJ/MACC =   85.140 | L5[WIO] M9 Q8 P2 - L4[IO] M2 M8X - L3[] Q1 M8Y - L2[I] Q1 - L1[W] R3 S3 P4 - L0[O] M3 
[  0] Utilization = 0.45 | pJ/MACC =   54.830 | L5[WIO] M9 P2 Q8 - L4[IO] Q1 M8X - L3[] Q1 M8Y - L2[I] Q1 - L1[W] S3 R3 P4 - L0[O] M6 
[  5] Utilization = 0.45 | pJ/MACC =   85.140 | L5[WIO] M9 Q8 P2 - L4[IO] M2 M8X - L3[] Q1 M8Y - L2[I] Q1 - L1[W] R3 S3 M3 P4 - L0[O] Q1 
[  6] Utilization = 0.45 | pJ/MACC =   84.956 | L5[WIO] Q2 P2 M3 - L4[IO] Q4 M2 M8X - L3[] Q1 M8Y - L2[I] Q1 - L1[W] R3 S3 P4 - L0[O] M9 
[  4] Utilization = 0.45 | pJ/MACC =   84.963 | L5[WIO] Q8 P2 M9 - L4[IO] M2 M8X - L3[] Q1 M8Y - L2[I] Q1 - L1[W] S3 R3 P4 - L0[O] M3 
[  3] Utilization = 0.45 | pJ/MACC =   54.830 | L5[WIO] M9 P2 Q8 - L4[IO] Q1 M8X - L3[] Q1 M8Y - L2[I] Q1 - L1[W] S3 R3 M6 P4 - L0[O] Q1 
[  1] Utilization = 0.45 | pJ/MACC =   54.830 | L5[WIO] M9 P2 Q8 - L4[IO] Q1 M8X - L3[] Q1 M8Y - L2[I] Q1 - L1[W] S3 R3 M2 P4 - L0[O] M3 
[  2] Utilization = 0.45 | pJ/MACC =   54.830 | L5[WIO] M9 P2 Q8 - L4[IO] Q1 M8X - L3[] Q1 M8Y - L2[I] Q1 - L1[W] S3 R3 M3 P4 - L0[O] M2 
[  7] Utilization = 0.45 | pJ/MACC =   84.956 | L5[WIO] Q2 P2 M3 - L4[IO] Q4 M2 M8X - L3[] Q1 M8Y - L2[I] Q1 - L1[W] R3 S3 M3 P4 - L0[O] M3 
[  5] Utilization = 0.45 | pJ/MACC =   84.963 | L5[WIO] Q8 P2 M9 - L4[IO] M2 M8X - L3[] Q1 M8Y - L2[I] Q1 - L1[W] S3 R3 M3 P4 - L0[O] Q1 
[  6] Utilization = 0.45 | pJ/MACC =   60.798 | L5[WIO] P2 Q2 M3 - L4[IO] M2 Q4 M8X - L3[] Q1 M8Y - L2[I] Q1 - L1[W] R3 S3 P4 - L0[O] M9 
[  7] Utilization = 0.45 | pJ/MACC =   60.798 | L5[WIO] P2 Q2 M3 - L4[IO] M2 Q4 M8X - L3[] Q1 M8Y - L2[I] Q1 - L1[W] R3 S3 M3 P4 - L0[O] M3 
[  0] Utilization = 1.00 | pJ/MACC =   24.093 | L5[WIO] M9 P2 Q2 - L4[IO] P4 Q2 M8X - L3[] Q1 M8Y - L2[I] Q1 - L1[W] R3 S3 - L0[O] Q2 M6 
[  3] Utilization = 0.45 | pJ/MACC =   54.780 | L5[WIO] M9 - L4[IO] P8 Q2 M8X - L3[] Q1 M8Y - L2[I] Q1 - L1[W] S3 R3 M6 - L0[O] Q4 
[  1] Utilization = 0.45 | pJ/MACC =   54.780 | L5[WIO] M9 - L4[IO] P8 Q2 M8X - L3[] Q1 M8Y - L2[I] Q1 - L1[W] S3 R3 M2 - L0[O] Q4 M3 
[  2] Utilization = 0.45 | pJ/MACC =   54.780 | L5[WIO] M9 - L4[IO] P8 Q2 M8X - L3[] Q1 M8Y - L2[I] Q1 - L1[W] S3 R3 M3 - L0[O] Q4 M2 
[  4] Utilization = 1.00 | pJ/MACC =   24.013 | L5[WIO] M9 - L4[IO] M2 Q2 P8 M8X - L3[] Q1 M8Y - L2[I] Q1 - L1[W] S3 R3 - L0[O] Q4 M3 
[  1] Utilization = 1.00 | pJ/MACC =   38.071 | L5[WIO] P8 M3 - L4[IO] M18 M8X - L3[] Q1 M8Y - L2[I] Q1 - L1[W] R3 S3 - L0[O] Q8 
[  5] Utilization = 0.45 | pJ/MACC =   54.780 | L5[WIO] M9 - L4[IO] M2 Q2 P8 M8X - L3[] Q1 M8Y - L2[I] Q1 - L1[W] S3 R3 M3 - L0[O] Q4 
[  6] Utilization = 1.00 | pJ/MACC =   54.202 | L5[WIO] M9 - L4[IO] Q2 P8 M3 M8X - L3[] Q1 M8Y - L2[I] Q1 - L1[W] R3 S3 - L0[O] Q4 M2 
[  6] Utilization = 1.00 | pJ/MACC =   24.034 | L5[WIO] M9 - L4[IO] M3 Q2 P8 M8X - L3[] Q1 M8Y - L2[I] Q1 - L1[W] S3 R3 - L0[O] Q4 M2 
[  3] Utilization = 1.00 | pJ/MACC =   54.635 | L5[WIO] P2 M18 Q2 - L4[IO] P4 M3 Q2 M8X - L3[] Q1 M8Y - L2[I] Q1 - L1[W] R3 S3 - L0[O] Q2 
[  3] Utilization = 1.00 | pJ/MACC =   30.467 | L5[WIO] M18 P2 Q2 - L4[IO] M3 P4 Q2 M8X - L3[] Q1 M8Y - L2[I] Q1 - L1[W] R3 S3 - L0[O] Q2 
[  3] Utilization = 1.00 | pJ/MACC =   30.365 | L5[WIO] Q2 M18 P2 - L4[IO] M3 Q2 P4 M8X - L3[] Q1 M8Y - L2[I] Q1 - L1[W] S3 R3 - L0[O] Q2 
[  1] Utilization = 1.00 | pJ/MACC =   30.116 | L5[WIO] Q2 P2 M18 - L4[IO] P4 Q2 M8X - L3[] Q1 M8Y - L2[I] Q1 - L1[W] R3 S3 - L0[O] Q2 M3 
[  1] Utilization = 1.00 | pJ/MACC =   30.082 | L5[WIO] P2 Q2 M18 - L4[IO] Q2 P4 M8X - L3[] Q1 M8Y - L2[I] Q1 - L1[W] S3 R3 - L0[O] Q2 M3 
[  7] Utilization = 0.45 | pJ/MACC =   54.801 | L5[WIO] M9 - L4[IO] M3 Q2 P8 M8X - L3[] Q1 M8Y - L2[I] Q1 - L1[W] S3 R3 M2 - L0[O] Q4 
[  1] Utilization = 1.00 | pJ/MACC =   24.189 | L5[WIO] M18 Q2 P2 - L4[IO] Q2 P4 M8X - L3[] Q1 M8Y - L2[I] Q1 - L1[W] R3 S3 - L0[O] Q2 M3 
[  7] Utilization = 1.00 | pJ/MACC =   38.071 | L5[WIO] P8 M6 - L4[IO] M9 M8X - L3[] Q1 M8Y - L2[I] Q1 - L1[W] R3 S3 - L0[O] Q8 
[  1] Utilization = 1.00 | pJ/MACC =   24.137 | L5[WIO] M18 Q2 - L4[IO] P8 M8X - L3[] Q1 M8Y - L2[I] Q1 - L1[W] R3 S3 - L0[O] Q4 M3 
[  3] Utilization = 1.00 | pJ/MACC =   26.235 | L5[WIO] M18 Q2 - L4[IO] M3 P8 M8X - L3[] Q1 M8Y - L2[I] Q1 - L1[W] R3 S3 - L0[O] Q4 
[  2] Utilization = 1.00 | pJ/MACC =   38.097 | L5[WIO] Q8 M6 - L4[IO] P8 M8X - L3[] Q1 M8Y - L2[I] Q1 - L1[W] R3 S3 - L0[O] M9 
[  2] Utilization = 1.00 | pJ/MACC =   24.036 | L5[WIO] M6 Q8 - L4[IO] P8 M8X - L3[] Q1 M8Y - L2[I] Q1 - L1[W] R3 S3 - L0[O] M9 
[  3] Utilization = 1.00 | pJ/MACC =   26.111 | L5[WIO] Q2 M18 - L4[IO] M3 P8 M8X - L3[] Q1 M8Y - L2[I] Q1 - L1[W] S3 R3 - L0[O] Q4 
[  7] Utilization = 1.00 | pJ/MACC =   26.754 | L5[WIO] Q2 M54 P2 - L4[IO] P4 Q2 M8X - L3[] Q1 M8Y - L2[I] Q1 - L1[W] R3 S3 - L0[O] Q2 
[  7] Utilization = 1.00 | pJ/MACC =   24.639 | L5[WIO] M54 P2 Q2 - L4[IO] Q2 P4 M8X - L3[] Q1 M8Y - L2[I] Q1 - L1[W] R3 S3 - L0[O] Q2 
[  5] Utilization = 1.00 | pJ/MACC =  150.876 | L5[WIO] Q8 M6 - L4[IO] P8 M3 M8X - L3[] Q1 M8Y - L2[I] Q1 - L1[W] S3 R3 - L0[O] M3 
[  5] Utilization = 1.00 | pJ/MACC =   38.153 | L5[WIO] Q8 M6 - L4[IO] M3 P8 M8X - L3[] Q1 M8Y - L2[I] Q1 - L1[W] S3 R3 - L0[O] M3 
[  7] Utilization = 1.00 | pJ/MACC =   24.484 | L5[WIO] M54 Q2 - L4[IO] P8 M8X - L3[] Q1 M8Y - L2[I] Q1 - L1[W] R3 S3 - L0[O] Q4 
[  1] Utilization = 1.00 | pJ/MACC =   24.027 | L5[WIO] M18 - L4[IO] Q4 P8 M8X - L3[] Q1 M8Y - L2[I] Q1 - L1[W] R3 S3 - L0[O] Q2 M3 
[  5] Utilization = 1.00 | pJ/MACC =   26.042 | L5[WIO] M3 Q2 - L4[IO] M6 P8 M8X - L3[] Q1 M8Y - L2[I] Q1 - L1[W] R3 S3 - L0[O] Q4 M3 
[  7] Utilization = 1.00 | pJ/MACC =   24.224 | L5[WIO] M54 - L4[IO] P8 Q4 M8X - L3[] Q1 M8Y - L2[I] Q1 - L1[W] S3 R3 - L0[O] Q2 
[  7] Utilization = 1.00 | pJ/MACC =   24.140 | L5[WIO] M54 - L4[IO] Q4 P8 M8X - L3[] Q1 M8Y - L2[I] Q1 - L1[W] S3 R3 - L0[O] Q2 
[  3] Utilization = 1.00 | pJ/MACC =   24.224 | L5[WIO] M18 - L4[IO] M3 P8 Q4 M8X - L3[] Q1 M8Y - L2[I] Q1 - L1[W] S3 R3 - L0[O] Q2 
[  3] Utilization = 1.00 | pJ/MACC =   24.140 | L5[WIO] M18 - L4[IO] M3 Q4 P8 M8X - L3[] Q1 M8Y - L2[I] Q1 - L1[W] S3 R3 - L0[O] Q2 
[  1] STATEMENT: 400 suboptimal mappings found since the last upgrade, terminating search.
[  0] STATEMENT: 400 suboptimal mappings found since the last upgrade, terminating search.
[  6] STATEMENT: 400 suboptimal mappings found since the last upgrade, terminating search.
[  4] STATEMENT: 400 suboptimal mappings found since the last upgrade, terminating search.
[  2] STATEMENT: 400 suboptimal mappings found since the last upgrade, terminating search.
[  5] Utilization = 1.00 | pJ/MACC =   24.027 | L5[WIO] M6 - L4[IO] M3 Q4 P8 M8X - L3[] Q1 M8Y - L2[I] Q1 - L1[W] S3 R3 - L0[O] Q2 M3 
[  7] STATEMENT: 400 suboptimal mappings found since the last upgrade, terminating search.
[  3] STATEMENT: 400 suboptimal mappings found since the last upgrade, terminating search.
[  5] STATEMENT: 400 suboptimal mappings found since the last upgrade, terminating search.
