[  5] Utilization = 1.00 | pJ/MACC =   30.596 | L5[WIO] P32 M3 - L4[IO] Q2 M6 M2X Q4X - L3[] Q1 M8Y - L2[I] Q1 - L1[W] R3 S3 - L0[O] Q4 M3 
[  0] Utilization = 0.45 | pJ/MACC =   64.236 | L5[WIO] P32 M3 - L4[IO] Q2 M2 M2X Q4X - L3[] Q1 M8Y - L2[I] Q1 - L1[W] R3 S3 M9 - L0[O] Q4 
[  7] Utilization = 1.00 | pJ/MACC =   30.596 | L5[WIO] P32 M3 - L4[IO] Q2 M9 M2X Q4X - L3[] Q1 M8Y - L2[I] Q1 - L1[W] R3 S3 - L0[O] Q4 M2 
[  6] Utilization = 0.45 | pJ/MACC =   64.236 | L5[WIO] P32 M3 - L4[IO] Q2 M6 M2X Q4X - L3[] Q1 M8Y - L2[I] Q1 - L1[W] R3 S3 M3 - L0[O] Q4 
[  4] Utilization = 0.45 | pJ/MACC =   64.236 | L5[WIO] P32 M3 - L4[IO] Q2 M3 M2X Q4X - L3[] Q1 M8Y - L2[I] Q1 - L1[W] R3 S3 M6 - L0[O] Q4 
[  2] Utilization = 0.45 | pJ/MACC =   64.236 | L5[WIO] P32 M3 - L4[IO] Q2 M3 M2X Q4X - L3[] Q1 M8Y - L2[I] Q1 - L1[W] R3 S3 M2 - L0[O] Q4 M3 
[  3] Utilization = 0.45 | pJ/MACC =   64.236 | L5[WIO] P32 M3 - L4[IO] Q2 M3 M2X Q4X - L3[] Q1 M8Y - L2[I] Q1 - L1[W] R3 S3 M3 - L0[O] Q4 M2 
[  5] Utilization = 1.00 | pJ/MACC =   26.737 | L5[WIO] M3 P32 - L4[IO] M6 Q2 M2X Q4X - L3[] Q1 M8Y - L2[I] Q1 - L1[W] R3 S3 - L0[O] Q4 M3 
[  0] Utilization = 0.45 | pJ/MACC =   60.208 | L5[WIO] M3 P32 - L4[IO] M2 Q2 M2X Q4X - L3[] Q1 M8Y - L2[I] Q1 - L1[W] R3 S3 M9 - L0[O] Q4 
[  7] Utilization = 1.00 | pJ/MACC =   26.863 | L5[WIO] M3 P32 - L4[IO] M9 Q2 M2X Q4X - L3[] Q1 M8Y - L2[I] Q1 - L1[W] R3 S3 - L0[O] Q4 M2 
[  4] Utilization = 0.45 | pJ/MACC =   60.250 | L5[WIO] M3 P32 - L4[IO] M3 Q2 M2X Q4X - L3[] Q1 M8Y - L2[I] Q1 - L1[W] R3 S3 M6 - L0[O] Q4 
[  6] Utilization = 0.45 | pJ/MACC =   60.377 | L5[WIO] M3 P32 - L4[IO] M6 Q2 M2X Q4X - L3[] Q1 M8Y - L2[I] Q1 - L1[W] R3 S3 M3 - L0[O] Q4 
[  1] Utilization = 0.45 | pJ/MACC =   64.217 | L5[WIO] Q4 P2 M3 - L4[IO] P8 M3 M2X Q4X - L3[] Q1 M8Y - L2[I] Q1 - L1[W] R3 S3 P2 - L0[O] Q2 M6 
[  2] Utilization = 0.45 | pJ/MACC =   60.250 | L5[WIO] M3 P32 - L4[IO] M3 Q2 M2X Q4X - L3[] Q1 M8Y - L2[I] Q1 - L1[W] R3 S3 M2 - L0[O] Q4 M3 
[  3] Utilization = 0.45 | pJ/MACC =   60.250 | L5[WIO] M3 P32 - L4[IO] M3 Q2 M2X Q4X - L3[] Q1 M8Y - L2[I] Q1 - L1[W] R3 S3 M3 - L0[O] Q4 M2 
[  1] Utilization = 0.45 | pJ/MACC =   57.062 | L5[WIO] P2 Q4 M3 - L4[IO] M3 P8 M2X Q4X - L3[] Q1 M8Y - L2[I] Q1 - L1[W] R3 S3 P2 - L0[O] Q2 M6 
[  6] Utilization = 0.45 | pJ/MACC =   57.170 | L5[WIO] P2 M3 Q4 - L4[IO] M6 P8 M2X Q4X - L3[] Q1 M8Y - L2[I] Q1 - L1[W] S3 R3 M3 P2 - L0[O] Q2 
[  4] Utilization = 0.45 | pJ/MACC =   57.107 | L5[WIO] P2 M3 Q4 - L4[IO] M3 P8 M2X Q4X - L3[] Q1 M8Y - L2[I] Q1 - L1[W] S3 R3 M6 P2 - L0[O] Q2 
[  0] Utilization = 0.45 | pJ/MACC =   57.086 | L5[WIO] P2 M3 Q4 - L4[IO] M2 P8 M2X Q4X - L3[] Q1 M8Y - L2[I] Q1 - L1[W] S3 R3 M9 P2 - L0[O] Q2 
[  2] Utilization = 0.45 | pJ/MACC =   57.107 | L5[WIO] P2 M3 Q4 - L4[IO] M3 P8 M2X Q4X - L3[] Q1 M8Y - L2[I] Q1 - L1[W] S3 R3 M2 P2 - L0[O] Q2 M3 
[  3] Utilization = 0.45 | pJ/MACC =   57.107 | L5[WIO] P2 M3 Q4 - L4[IO] M3 P8 M2X Q4X - L3[] Q1 M8Y - L2[I] Q1 - L1[W] S3 R3 M3 P2 - L0[O] Q2 M2 
[  6] Utilization = 0.45 | pJ/MACC =   57.125 | L5[WIO] P2 Q4 M3 - L4[IO] M6 P8 M2X Q4X - L3[] Q1 M8Y - L2[I] Q1 - L1[W] R3 S3 M3 P2 - L0[O] Q2 
[  4] Utilization = 0.45 | pJ/MACC =   57.062 | L5[WIO] P2 Q4 M3 - L4[IO] M3 P8 M2X Q4X - L3[] Q1 M8Y - L2[I] Q1 - L1[W] R3 S3 M6 P2 - L0[O] Q2 
[  0] Utilization = 0.45 | pJ/MACC =   57.041 | L5[WIO] P2 Q4 M3 - L4[IO] M2 P8 M2X Q4X - L3[] Q1 M8Y - L2[I] Q1 - L1[W] R3 S3 M9 P2 - L0[O] Q2 
[  2] Utilization = 0.45 | pJ/MACC =   57.062 | L5[WIO] P2 Q4 M3 - L4[IO] M3 P8 M2X Q4X - L3[] Q1 M8Y - L2[I] Q1 - L1[W] R3 S3 M2 P2 - L0[O] Q2 M3 
[  3] Utilization = 0.45 | pJ/MACC =   57.062 | L5[WIO] P2 Q4 M3 - L4[IO] M3 P8 M2X Q4X - L3[] Q1 M8Y - L2[I] Q1 - L1[W] R3 S3 M3 P2 - L0[O] Q2 M2 
[  6] Utilization = 1.00 | pJ/MACC =   31.240 | L5[WIO] M9 Q2 P32 - L4[IO] M3 Q2 M2X Q4X - L3[] Q1 M8Y - L2[I] Q1 - L1[W] R3 S3 - L0[O] Q2 M2 
[  6] Utilization = 1.00 | pJ/MACC =   31.097 | L5[WIO] P32 Q2 M9 - L4[IO] M3 Q2 M2X Q4X - L3[] Q1 M8Y - L2[I] Q1 - L1[W] R3 S3 - L0[O] Q2 M2 
[  0] Utilization = 1.00 | pJ/MACC =   30.724 | L5[WIO] Q2 P32 M9 - L4[IO] Q2 M2X Q4X - L3[] Q1 M8Y - L2[I] Q1 - L1[W] S3 R3 - L0[O] Q2 M6 
[  4] Utilization = 1.00 | pJ/MACC =   39.128 | L5[WIO] M9 Q2 P32 - L4[IO] Q2 M2 M2X Q4X - L3[] Q1 M8Y - L2[I] Q1 - L1[W] S3 R3 - L0[O] Q2 M3 
[  0] Utilization = 1.00 | pJ/MACC =   27.131 | L5[WIO] P32 M9 Q2 - L4[IO] Q2 M2X Q4X - L3[] Q1 M8Y - L2[I] Q1 - L1[W] R3 S3 - L0[O] Q2 M6 
[  0] Utilization = 1.00 | pJ/MACC =   22.809 | L5[WIO] M9 Q2 P32 - L4[IO] Q2 M2X Q4X - L3[] Q1 M8Y - L2[I] Q1 - L1[W] S3 R3 - L0[O] Q2 M6 
[  4] Utilization = 1.00 | pJ/MACC =   38.948 | L5[WIO] Q2 P32 M9 - L4[IO] Q2 M2 M2X Q4X - L3[] Q1 M8Y - L2[I] Q1 - L1[W] R3 S3 - L0[O] Q2 M3 
[  4] Utilization = 1.00 | pJ/MACC =   30.929 | L5[WIO] P32 Q2 M9 - L4[IO] M2 Q2 M2X Q4X - L3[] Q1 M8Y - L2[I] Q1 - L1[W] S3 R3 - L0[O] Q2 M3 
[  1] Utilization = 0.45 | pJ/MACC =   56.455 | L5[WIO] M54 - L4[IO] Q4 P16 M2X Q4X - L3[] Q1 M8Y - L2[I] Q1 - L1[W] S3 R3 P2 - L0[O] Q2 
[  4] Utilization = 1.00 | pJ/MACC =   30.892 | L5[WIO] Q2 P32 M9 - L4[IO] M2 Q2 M2X Q4X - L3[] Q1 M8Y - L2[I] Q1 - L1[W] R3 S3 - L0[O] Q2 M3 
[  6] Utilization = 1.00 | pJ/MACC =   31.060 | L5[WIO] Q2 P32 M9 - L4[IO] M3 Q2 M2X Q4X - L3[] Q1 M8Y - L2[I] Q1 - L1[W] R3 S3 - L0[O] Q2 M2 
[  3] Utilization = 0.45 | pJ/MACC =   56.322 | L5[WIO] M18 - L4[IO] P16 Q4 M2X Q4X - L3[] Q1 M8Y - L2[I] Q1 - L1[W] S3 R3 M3 P2 - L0[O] Q2 
[  3] Utilization = 0.45 | pJ/MACC =   56.217 | L5[WIO] M18 - L4[IO] Q4 P16 M2X Q4X - L3[] Q1 M8Y - L2[I] Q1 - L1[W] S3 R3 M3 P2 - L0[O] Q2 
[  2] Utilization = 0.45 | pJ/MACC =   56.322 | L5[WIO] M18 - L4[IO] P16 Q4 M2X Q4X - L3[] Q1 M8Y - L2[I] Q1 - L1[W] S3 R3 P2 - L0[O] Q2 M3 
[  2] Utilization = 0.45 | pJ/MACC =   56.217 | L5[WIO] M18 - L4[IO] Q4 P16 M2X Q4X - L3[] Q1 M8Y - L2[I] Q1 - L1[W] S3 R3 P2 - L0[O] Q2 M3 
[  1] Utilization = 1.00 | pJ/MACC =   55.245 | L5[WIO] Q8 P32 - L4[IO] M54 M2X Q4X - L3[] Q1 M8Y - L2[I] Q1 - L1[W] R3 S3 - L0[O] Q1 
[  1] Utilization = 1.00 | pJ/MACC =   39.034 | L5[WIO] Q4 P2 M3 - L4[IO] P16 M3 Q2 M2X Q4X - L3[] Q1 M8Y - L2[I] Q1 - L1[W] S3 R3 - L0[O] M6 
[  1] Utilization = 1.00 | pJ/MACC =   24.535 | L5[WIO] M3 Q4 P2 - L4[IO] Q2 M3 P16 M2X Q4X - L3[] Q1 M8Y - L2[I] Q1 - L1[W] S3 R3 - L0[O] M6 
[  1] Utilization = 1.00 | pJ/MACC =   23.456 | L5[WIO] Q4 P2 M3 - L4[IO] M3 Q2 P16 M2X Q4X - L3[] Q1 M8Y - L2[I] Q1 - L1[W] R3 S3 - L0[O] M6 
[  1] Utilization = 1.00 | pJ/MACC =   22.824 | L5[WIO] P2 M54 - L4[IO] P16 M2X Q4X - L3[] Q1 M8Y - L2[I] Q1 - L1[W] R3 S3 - L0[O] Q8 
[  5] Utilization = 1.00 | pJ/MACC =   24.579 | L5[WIO] Q4 P2 M3 - L4[IO] Q2 M6 P16 M2X Q4X - L3[] Q1 M8Y - L2[I] Q1 - L1[W] R3 S3 - L0[O] M3 
[  5] Utilization = 1.00 | pJ/MACC =   23.551 | L5[WIO] Q4 P2 M3 - L4[IO] M6 Q2 P16 M2X Q4X - L3[] Q1 M8Y - L2[I] Q1 - L1[W] R3 S3 - L0[O] M3 
[  4] Utilization = 1.00 | pJ/MACC =   26.513 | L5[WIO] P2 M18 - L4[IO] P16 M3 M2X Q4X - L3[] Q1 M8Y - L2[I] Q1 - L1[W] R3 S3 - L0[O] Q8 
[  4] Utilization = 1.00 | pJ/MACC =   23.186 | L5[WIO] M18 P2 - L4[IO] M3 P16 M2X Q4X - L3[] Q1 M8Y - L2[I] Q1 - L1[W] S3 R3 - L0[O] Q8 
[  4] Utilization = 1.00 | pJ/MACC =   22.824 | L5[WIO] P2 M18 - L4[IO] M3 P16 M2X Q4X - L3[] Q1 M8Y - L2[I] Q1 - L1[W] R3 S3 - L0[O] Q8 
[  2] Utilization = 1.00 | pJ/MACC =   55.293 | L5[WIO] P32 Q8 - L4[IO] M18 M2X Q4X - L3[] Q1 M8Y - L2[I] Q1 - L1[W] R3 S3 - L0[O] M3 
[  0] Utilization = 1.00 | pJ/MACC =   22.755 | L5[WIO] P2 M9 - L4[IO] P16 Q4 M2X Q4X - L3[] Q1 M8Y - L2[I] Q1 - L1[W] S3 R3 - L0[O] Q2 M6 
[  0] Utilization = 1.00 | pJ/MACC =   22.692 | L5[WIO] M9 P2 - L4[IO] Q4 P16 M2X Q4X - L3[] Q1 M8Y - L2[I] Q1 - L1[W] S3 R3 - L0[O] Q2 M6 
[  7] Utilization = 1.00 | pJ/MACC =   24.724 | L5[WIO] Q4 M3 P2 - L4[IO] Q2 M9 P16 M2X Q4X - L3[] Q1 M8Y - L2[I] Q1 - L1[W] R3 S3 - L0[O] M2 
[  7] Utilization = 1.00 | pJ/MACC =   23.643 | L5[WIO] P2 Q4 M3 - L4[IO] M9 Q2 P16 M2X Q4X - L3[] Q1 M8Y - L2[I] Q1 - L1[W] R3 S3 - L0[O] M2 
[  7] Utilization = 1.00 | pJ/MACC =   23.378 | L5[WIO] M27 P2 - L4[IO] M2 P16 M2X Q4X - L3[] Q1 M8Y - L2[I] Q1 - L1[W] S3 R3 - L0[O] Q8 
[  7] Utilization = 1.00 | pJ/MACC =   22.824 | L5[WIO] P2 M27 - L4[IO] M2 P16 M2X Q4X - L3[] Q1 M8Y - L2[I] Q1 - L1[W] R3 S3 - L0[O] Q8 
[  4] Utilization = 1.00 | pJ/MACC =   22.713 | L5[WIO] P2 M9 - L4[IO] M2 Q4 P16 M2X Q4X - L3[] Q1 M8Y - L2[I] Q1 - L1[W] R3 S3 - L0[O] Q2 M3 
[  2] Utilization = 1.00 | pJ/MACC =   24.498 | L5[WIO] P16 M6 - L4[IO] Q8 P2 M2X Q4X - L3[] Q1 M8Y - L2[I] Q1 - L1[W] R3 S3 - L0[O] M9 
[  2] Utilization = 1.00 | pJ/MACC =   22.677 | L5[WIO] M6 P16 - L4[IO] Q8 P2 M2X Q4X - L3[] Q1 M8Y - L2[I] Q1 - L1[W] R3 S3 - L0[O] M9 
[  6] Utilization = 1.00 | pJ/MACC =   27.117 | L5[WIO] M9 P2 - L4[IO] P16 M3 Q4 M2X Q4X - L3[] Q1 M8Y - L2[I] Q1 - L1[W] S3 R3 - L0[O] Q2 M2 
[  6] Utilization = 1.00 | pJ/MACC =   23.092 | L5[WIO] P2 M9 - L4[IO] M3 P16 Q4 M2X Q4X - L3[] Q1 M8Y - L2[I] Q1 - L1[W] S3 R3 - L0[O] Q2 M2 
[  6] Utilization = 1.00 | pJ/MACC =   22.776 | L5[WIO] P2 M9 - L4[IO] M3 Q4 P16 M2X Q4X - L3[] Q1 M8Y - L2[I] Q1 - L1[W] R3 S3 - L0[O] Q2 M2 
[  5] Utilization = 1.00 | pJ/MACC =   23.391 | L5[WIO] M27 P16 - L4[IO] P2 Q2 M2X Q4X - L3[] Q1 M8Y - L2[I] Q1 - L1[W] R3 S3 - L0[O] Q4 M2 
[  5] Utilization = 1.00 | pJ/MACC =   23.265 | L5[WIO] M27 P16 - L4[IO] Q2 P2 M2X Q4X - L3[] Q1 M8Y - L2[I] Q1 - L1[W] R3 S3 - L0[O] Q4 M2 
[  1] STATEMENT: 300 suboptimal mappings found since the last upgrade, terminating search.
[  3] STATEMENT: 300 suboptimal mappings found since the last upgrade, terminating search.
[  4] STATEMENT: 300 suboptimal mappings found since the last upgrade, terminating search.
[  0] STATEMENT: 300 suboptimal mappings found since the last upgrade, terminating search.
[  7] STATEMENT: 300 suboptimal mappings found since the last upgrade, terminating search.
[  2] STATEMENT: 300 suboptimal mappings found since the last upgrade, terminating search.
[  5] Utilization = 1.00 | pJ/MACC =   23.236 | L5[WIO] M27 Q2 P8 - L4[IO] P4 M2X Q4X - L3[] Q1 M8Y - L2[I] Q1 - L1[W] S3 R3 - L0[O] Q4 M2 
[  5] Utilization = 1.00 | pJ/MACC =   23.155 | L5[WIO] M27 P2 - L4[IO] Q2 P16 M2X Q4X - L3[] Q1 M8Y - L2[I] Q1 - L1[W] R3 S3 - L0[O] Q4 M2 
[  5] Utilization = 1.00 | pJ/MACC =   22.729 | L5[WIO] P2 M27 - L4[IO] Q2 P16 M2X Q4X - L3[] Q1 M8Y - L2[I] Q1 - L1[W] S3 R3 - L0[O] Q4 M2 
[  6] STATEMENT: 300 suboptimal mappings found since the last upgrade, terminating search.
[  5] STATEMENT: 300 suboptimal mappings found since the last upgrade, terminating search.
