[  2] Utilization = 0.33 | pJ/MACC =   31.717 | L5[WIO] M64 - L4[IO] M15 P8 Q8X - L3[] Q1 S3Y - L2[I] Q1 - L1[W] R3 - L0[O] Q1 
[  4] Utilization = 0.21 | pJ/MACC =   38.643 | L5[WIO] Q8 M12 - L4[IO] M2 P8 M5X - L3[] Q1 S3Y - L2[I] Q1 - L1[W] R3 - L0[O] M8 
[  6] Utilization = 0.17 | pJ/MACC =   30.635 | L5[WIO] Q4 M8 - L4[IO] M3 P8 Q2X - L3[] Q1 M2Y S3Y - L2[I] Q1 - L1[W] R3 - L0[O] M20 
[  5] Utilization = 0.42 | pJ/MACC =   38.656 | L5[WIO] Q8 M12 - L4[IO] M2 P8 M5X - L3[] Q1 M2Y S3Y - L2[I] Q1 - L1[W] R3 - L0[O] M4 
[  1] Utilization = 0.33 | pJ/MACC =   38.650 | L5[WIO] Q8 M12 - L4[IO] M2 P8 M4X - L3[] Q1 M2Y S3Y - L2[I] Q1 - L1[W] R3 - L0[O] M5 
[  0] Utilization = 0.17 | pJ/MACC =   38.640 | L5[WIO] Q8 M12 - L4[IO] M2 P8 M4X - L3[] Q1 S3Y - L2[I] Q1 - L1[W] R3 - L0[O] M10 
[  6] Utilization = 0.33 | pJ/MACC =   26.873 | L5[WIO] M2 - L4[IO] M160 P8 Q8X - L3[] Q1 S3Y - L2[I] Q1 - L1[W] R3 - L0[O] M3 
[  5] Utilization = 1.00 | pJ/MACC =   24.575 | L5[WIO] M16 - L4[IO] P8 Q8X - L3[] Q1 M3Y S3Y - L2[I] Q1 - L1[W] R3 - L0[O] M20 
[  7] Utilization = 1.00 | pJ/MACC =   26.942 | L5[WIO] M2 - L4[IO] M160 P8 Q8X - L3[] Q1 M3Y S3Y - L2[I] Q1 - L1[W] R3 - L0[O] Q1 
[  1] Utilization = 0.33 | pJ/MACC =   26.696 | L5[WIO] Q2 M8 - L4[IO] M4 P8 M2X Q4X - L3[] Q1 S3Y - L2[I] Q1 - L1[W] R3 - L0[O] M15 
[  0] Utilization = 1.00 | pJ/MACC =   26.942 | L5[WIO] M64 - L4[IO] M5 P8 Q8X - L3[] Q1 M3Y S3Y - L2[I] Q1 - L1[W] R3 - L0[O] Q1 
[  3] Utilization = 0.67 | pJ/MACC =   30.617 | L5[WIO] Q4 M2 - L4[IO] M10 P8 M4X Q2X - L3[] Q1 M2Y S3Y - L2[I] Q1 - L1[W] R3 - L0[O] M6 
[  2] Utilization = 1.00 | pJ/MACC =   26.710 | L5[WIO] Q2 M8 - L4[IO] M4 P8 M2X Q4X - L3[] Q1 M3Y S3Y - L2[I] Q1 - L1[W] R3 - L0[O] M5 
[  3] Utilization = 0.67 | pJ/MACC =   24.696 | L5[WIO] M32 - L4[IO] P8 Q8X - L3[] Q1 M2Y S3Y - L2[I] Q1 - L1[W] R3 - L0[O] M15 
[  6] Utilization = 0.50 | pJ/MACC =   31.100 | L5[WIO] Q4 M20 - L4[IO] M4 P8 M2X Q2X - L3[] Q1 M3Y S3Y - L2[I] Q1 - L1[W] R3 - L0[O] M2 
[  4] Utilization = 1.00 | pJ/MACC =   30.626 | L5[WIO] Q4 M2 - L4[IO] M10 P8 M4X Q2X - L3[] Q1 M3Y S3Y - L2[I] Q1 - L1[W] R3 - L0[O] M4 
[  1] Utilization = 0.67 | pJ/MACC =   38.561 | L5[WIO] Q8 M3 - L4[IO] M4 P8 M8X - L3[] Q1 M2Y S3Y - L2[I] Q1 - L1[W] R3 - L0[O] M5 
[  4] Utilization = 1.00 | pJ/MACC =   24.700 | L5[WIO] M32 - L4[IO] P8 Q8X - L3[] Q1 M3Y S3Y - L2[I] Q1 - L1[W] R3 - L0[O] M10 
[  6] Utilization = 0.67 | pJ/MACC =   30.950 | L5[WIO] Q4 M5 - L4[IO] M12 P8 M4X Q2X - L3[] Q1 M2Y S3Y - L2[I] Q1 - L1[W] R3 - L0[O] M2 
[  3] Utilization = 1.00 | pJ/MACC =   27.749 | L5[WIO] Q2 M16 - L4[IO] M10 P8 M2X Q4X - L3[] Q1 M3Y S3Y - L2[I] Q1 - L1[W] R3 - L0[O] Q1 
[  1] Utilization = 0.67 | pJ/MACC =   25.065 | L5[WIO] M4 - L4[IO] M20 P8 Q8X - L3[] Q1 M2Y S3Y - L2[I] Q1 - L1[W] R3 - L0[O] M6 
[  2] Utilization = 1.00 | pJ/MACC =   25.073 | L5[WIO] M4 - L4[IO] M20 P8 Q8X - L3[] Q1 M3Y S3Y - L2[I] Q1 - L1[W] R3 - L0[O] M4 
[  6] Utilization = 1.00 | pJ/MACC =   26.710 | L5[WIO] Q2 M2 - L4[IO] M16 P8 M2X Q4X - L3[] Q1 M3Y S3Y - L2[I] Q1 - L1[W] R3 - L0[O] M5 
[  1] Utilization = 1.00 | pJ/MACC =   26.942 | L5[WIO] M80 - L4[IO] M4 P8 Q8X - L3[] Q1 M3Y S3Y - L2[I] Q1 - L1[W] R3 - L0[O] Q1 
[  6] Utilization = 1.00 | pJ/MACC =   25.696 | L5[WIO] M20 - L4[IO] M8 P8 Q8X - L3[] Q1 M3Y S3Y - L2[I] Q1 - L1[W] R3 - L0[O] M2 
[  7] Utilization = 1.00 | pJ/MACC =   24.762 | L5[WIO] M5 - L4[IO] M8 P8 Q8X - L3[] Q1 M3Y S3Y - L2[I] Q1 - L1[W] R3 - L0[O] M8 
[  3] Utilization = 1.00 | pJ/MACC =   24.700 | L5[WIO] M16 - L4[IO] M2 P8 Q8X - L3[] Q1 M3Y S3Y - L2[I] Q1 - L1[W] R3 - L0[O] M10 
[  1] Utilization = 1.00 | pJ/MACC =   25.073 | L5[WIO] M2 - L4[IO] M40 P8 Q8X - L3[] Q1 M3Y S3Y - L2[I] Q1 - L1[W] R3 - L0[O] M4 
[  1] Utilization = 1.00 | pJ/MACC =   24.762 | L5[WIO] M4 - L4[IO] M10 P8 Q8X - L3[] Q1 M3Y S3Y - L2[I] Q1 - L1[W] R3 - L0[O] M8 
[  0] Utilization = 1.00 | pJ/MACC =   25.696 | L5[WIO] M4 - L4[IO] M40 P8 Q8X - L3[] Q1 M3Y S3Y - L2[I] Q1 - L1[W] R3 - L0[O] M2 
[  2] Utilization = 1.00 | pJ/MACC =   24.949 | L5[WIO] M4 - L4[IO] M16 P8 Q8X - L3[] Q1 M3Y S3Y - L2[I] Q1 - L1[W] R3 - L0[O] M5 
[  0] Utilization = 1.00 | pJ/MACC =   24.762 | L5[WIO] M2 - L4[IO] M20 P8 Q8X - L3[] Q1 M3Y S3Y - L2[I] Q1 - L1[W] R3 - L0[O] M8 
[  0] Utilization = 1.00 | pJ/MACC =   24.606 | L5[WIO] M20 - L4[IO] P8 Q8X - L3[] Q1 M3Y S3Y - L2[I] Q1 - L1[W] R3 - L0[O] M16 
[  5] STATEMENT: 300 suboptimal mappings found since the last upgrade, terminating search.
[  4] STATEMENT: 300 suboptimal mappings found since the last upgrade, terminating search.
[  6] STATEMENT: 300 suboptimal mappings found since the last upgrade, terminating search.
[  7] STATEMENT: 300 suboptimal mappings found since the last upgrade, terminating search.
[  2] Utilization = 1.00 | pJ/MACC =   24.762 | L5[WIO] M8 - L4[IO] M5 P8 Q8X - L3[] Q1 M3Y S3Y - L2[I] Q1 - L1[W] R3 - L0[O] M8 
[  3] STATEMENT: 300 suboptimal mappings found since the last upgrade, terminating search.
[  1] STATEMENT: 300 suboptimal mappings found since the last upgrade, terminating search.
[  0] STATEMENT: 300 suboptimal mappings found since the last upgrade, terminating search.
[  2] STATEMENT: 300 suboptimal mappings found since the last upgrade, terminating search.
