[  2] Utilization = 0.06 | pJ/MACC =   26.495 | L5[WIO] Q32 C5 - L4[IO] M5 P32 M2X - L3[] Q1 M2Y - L2[I] Q1 - L1[W] C4 - L0[O] M4 
[  3] Utilization = 0.11 | pJ/MACC =   26.556 | L5[WIO] Q32 C5 - L4[IO] M5 P32 M2X - L3[] Q1 M2Y C2Y - L2[I] Q1 - L1[W] C2 - L0[O] M4 
[  5] Utilization = 0.06 | pJ/MACC =  151.639 | L5[WIO] Q32 C5 - L4[IO] M5 P32 C2 M2X - L3[] Q1 M2Y - L2[I] Q1 - L1[W] C2 - L0[O] M4 
[  4] Utilization = 0.22 | pJ/MACC =   26.677 | L5[WIO] Q32 C5 - L4[IO] M5 P32 M2X - L3[] Q1 M2Y C4Y - L2[I] Q1 - L1[W] Q1 - L0[O] M4 
[  7] Utilization = 0.06 | pJ/MACC =  151.639 | L5[WIO] Q32 C5 - L4[IO] M5 P32 C4 M2X - L3[] Q1 M2Y - L2[I] Q1 - L1[W] Q1 - L0[O] M4 
[  1] Utilization = 0.06 | pJ/MACC =  149.867 | L5[WIO] Q32 C4 - L4[IO] M5 P32 C5 M2X - L3[] Q1 M2Y - L2[I] Q1 - L1[W] Q1 - L0[O] M4 
[  6] Utilization = 0.11 | pJ/MACC =  151.699 | L5[WIO] Q32 C5 - L4[IO] M5 P32 C2 M2X - L3[] Q1 M2Y C2Y - L2[I] Q1 - L1[W] Q1 - L0[O] M4 
[  0] Utilization = 0.28 | pJ/MACC =   26.127 | L5[WIO] Q8 M2 C4 - L4[IO] M8 P32 Q4X - L3[] Q1 C5Y - L2[I] Q1 - L1[W] Q1 - L0[O] M5 
[  5] Utilization = 0.06 | pJ/MACC =   59.861 | L5[WIO] Q8 M2 C5 - L4[IO] M8 P32 C2 Q4X - L3[] Q1 - L2[I] Q1 - L1[W] C2 - L0[O] M5 
[  2] Utilization = 0.11 | pJ/MACC =   26.413 | L5[WIO] Q8 M2 C5 - L4[IO] M5 P32 Q4X - L3[] Q1 M2Y - L2[I] Q1 - L1[W] C4 - L0[O] M4 
[  7] Utilization = 0.06 | pJ/MACC =   59.861 | L5[WIO] Q8 M2 C5 - L4[IO] M8 P32 C4 Q4X - L3[] Q1 - L2[I] Q1 - L1[W] Q1 - L0[O] M5 
[  1] Utilization = 0.06 | pJ/MACC =   58.089 | L5[WIO] Q8 M2 C4 - L4[IO] M8 P32 C5 Q4X - L3[] Q1 - L2[I] Q1 - L1[W] Q1 - L0[O] M5 
[  2] Utilization = 0.22 | pJ/MACC =   50.400 | L5[WIO] Q16 C20 - L4[IO] M2 P32 M2X Q2X - L3[] Q1 M4Y - L2[I] Q1 - L1[W] Q1 - L0[O] M5 
[  6] Utilization = 0.11 | pJ/MACC =   59.921 | L5[WIO] Q8 M2 C5 - L4[IO] M8 P32 C2 Q4X - L3[] Q1 C2Y - L2[I] Q1 - L1[W] Q1 - L0[O] M5 
[  3] Utilization = 0.22 | pJ/MACC =   79.881 | L5[WIO] Q16 - L4[IO] M2 P32 C10 M4X Q2X - L3[] Q1 M2Y - L2[I] Q1 - L1[W] C2 - L0[O] M5 
[  5] Utilization = 0.22 | pJ/MACC =   79.881 | L5[WIO] Q16 - L4[IO] M2 P32 C4 M4X Q2X - L3[] Q1 M2Y - L2[I] Q1 - L1[W] C5 - L0[O] M5 
[  0] Utilization = 0.44 | pJ/MACC =   79.881 | L5[WIO] Q16 - L4[IO] M2 P32 C2 M4X Q2X - L3[] Q1 M2Y C2Y - L2[I] Q1 - L1[W] C5 - L0[O] M5 
[  4] Utilization = 0.44 | pJ/MACC =   79.881 | L5[WIO] Q16 - L4[IO] M2 P32 C10 M4X Q2X - L3[] Q1 M2Y C2Y - L2[I] Q1 - L1[W] Q1 - L0[O] M5 
[  3] Utilization = 0.22 | pJ/MACC =   26.473 | L5[WIO] Q8 M2 C5 - L4[IO] M5 P32 Q4X - L3[] Q1 M2Y C2Y - L2[I] Q1 - L1[W] C2 - L0[O] M4 
[  7] Utilization = 0.22 | pJ/MACC =   79.881 | L5[WIO] Q16 - L4[IO] M2 P32 C5 M4X Q2X - L3[] Q1 M2Y - L2[I] Q1 - L1[W] C4 - L0[O] M5 
[  3] Utilization = 0.22 | pJ/MACC =   18.509 | L5[WIO] Q16 C2 - L4[IO] M2 P32 M2X Q2X - L3[] Q1 M4Y - L2[I] Q1 - L1[W] C10 - L0[O] M5 
[  4] Utilization = 0.44 | pJ/MACC =   26.594 | L5[WIO] Q8 M2 C5 - L4[IO] M5 P32 Q4X - L3[] Q1 M2Y C4Y - L2[I] Q1 - L1[W] Q1 - L0[O] M4 
[  6] Utilization = 0.22 | pJ/MACC =   58.616 | L5[WIO] Q8 M2 C5 - L4[IO] M5 P32 C2 Q4X - L3[] Q1 M2Y C2Y - L2[I] Q1 - L1[W] Q1 - L0[O] M4 
[  2] Utilization = 0.22 | pJ/MACC =   44.016 | L5[WIO] Q4 M2 C2 - L4[IO] M20 P32 C5 Q8X - L3[] Q1 M2Y - L2[I] Q1 - L1[W] C2 - L0[O] Q1 
[  1] Utilization = 0.11 | pJ/MACC =   56.784 | L5[WIO] Q8 M2 C4 - L4[IO] M5 P32 C5 Q4X - L3[] Q1 M2Y - L2[I] Q1 - L1[W] Q1 - L0[O] M4 
[  5] Utilization = 0.44 | pJ/MACC =   41.683 | L5[WIO] Q4 M2 C10 - L4[IO] M20 P32 Q8X - L3[] Q1 M2Y C2Y - L2[I] Q1 - L1[W] Q1 - L0[O] Q1 
[  2] Utilization = 0.56 | pJ/MACC =  145.838 | L5[WIO] Q32 M10 - L4[IO] P32 C2 M8X - L3[] Q1 C5Y - L2[I] Q1 - L1[W] C2 - L0[O] Q1 
[  4] Utilization = 0.44 | pJ/MACC =   18.524 | L5[WIO] Q16 C2 - L4[IO] M2 P32 M2X Q2X - L3[] Q1 M4Y C2Y - L2[I] Q1 - L1[W] C5 - L0[O] M5 
[  1] Utilization = 0.22 | pJ/MACC =   44.016 | L5[WIO] Q4 M2 C2 - L4[IO] M20 P32 C10 Q8X - L3[] Q1 M2Y - L2[I] Q1 - L1[W] Q1 - L0[O] Q1 
[  6] Utilization = 0.22 | pJ/MACC =   58.190 | L5[WIO] Q4 M2 C10 - L4[IO] M20 P32 C2 Q8X - L3[] Q1 M2Y - L2[I] Q1 - L1[W] Q1 - L0[O] Q1 
[  3] Utilization = 0.44 | pJ/MACC =   44.032 | L5[WIO] Q4 M2 C2 - L4[IO] M20 P32 C5 Q8X - L3[] Q1 M2Y C2Y - L2[I] Q1 - L1[W] Q1 - L0[O] Q1 
[  6] Utilization = 0.56 | pJ/MACC =  145.838 | L5[WIO] Q32 M10 - L4[IO] P32 C4 M8X - L3[] Q1 C5Y - L2[I] Q1 - L1[W] Q1 - L0[O] Q1 
[  1] Utilization = 0.44 | pJ/MACC =   53.930 | L5[WIO] Q8 C4 - L4[IO] M5 P32 C5 Q4X - L3[] Q1 M8Y - L2[I] Q1 - L1[W] Q1 - L0[O] M2 
[  7] Utilization = 0.22 | pJ/MACC =   30.917 | L5[WIO] Q4 M2 C4 - L4[IO] M20 P32 Q8X - L3[] Q1 M2Y - L2[I] Q1 - L1[W] C5 - L0[O] Q1 
[  4] Utilization = 0.44 | pJ/MACC =   17.507 | L5[WIO] Q8 M10 - L4[IO] P32 Q4X - L3[] Q1 M2Y C4Y - L2[I] Q1 - L1[W] C5 - L0[O] M4 
[  0] Utilization = 0.56 | pJ/MACC =   51.495 | L5[WIO] Q8 M2 C2 - L4[IO] P32 C2 M2X Q4X - L3[] Q1 C5Y - L2[I] Q1 - L1[W] Q1 - L0[O] M20 
[  7] Utilization = 0.44 | pJ/MACC =   55.701 | L5[WIO] Q8 C5 - L4[IO] M5 P32 C4 Q4X - L3[] Q1 M8Y - L2[I] Q1 - L1[W] Q1 - L0[O] M2 
[  4] Utilization = 0.89 | pJ/MACC =   17.569 | L5[WIO] Q8 - L4[IO] M10 P32 M2X Q4X - L3[] Q1 M2Y C4Y - L2[I] Q1 - L1[W] C5 - L0[O] M2 
[  5] Utilization = 0.56 | pJ/MACC =   23.657 | L5[WIO] Q4 M2 - L4[IO] M20 P32 Q8X - L3[] Q1 C5Y - L2[I] Q1 - L1[W] C4 - L0[O] M2 
[  1] Utilization = 0.89 | pJ/MACC =   79.881 | L5[WIO] Q16 - L4[IO] M2 P32 C5 M4X Q2X - L3[] Q1 M2Y C4Y - L2[I] Q1 - L1[W] Q1 - L0[O] M5 
[  0] Utilization = 0.89 | pJ/MACC =   36.034 | L5[WIO] Q4 M2 - L4[IO] M10 P32 C5 Q8X - L3[] Q1 M4Y C2Y - L2[I] Q1 - L1[W] C2 - L0[O] Q1 
[  3] Utilization = 0.44 | pJ/MACC =   22.982 | L5[WIO] Q4 M2 C2 - L4[IO] M10 P32 Q8X - L3[] Q1 M4Y - L2[I] Q1 - L1[W] C10 - L0[O] Q1 
[  3] Utilization = 0.56 | pJ/MACC =   33.273 | L5[WIO] Q4 - L4[IO] M8 P32 C10 Q8X - L3[] Q1 M5Y - L2[I] Q1 - L1[W] C2 - L0[O] M2 
[  6] Utilization = 0.56 | pJ/MACC =   31.862 | L5[WIO] Q4 M2 - L4[IO] P32 C20 Q8X - L3[] Q1 M5Y - L2[I] Q1 - L1[W] Q1 - L0[O] M8 
[  5] Utilization = 0.79 | pJ/MACC =   33.678 | L5[WIO] Q16 C10 - L4[IO] M5 P32 M4X Q2X - L3[] Q1 M4Y C2Y - L2[I] Q1 - L1[W] Q1 - L0[O] Q1 
[  6] Utilization = 0.89 | pJ/MACC =   47.661 | L5[WIO] Q8 - L4[IO] P32 C20 M2X Q4X - L3[] Q1 M8Y - L2[I] Q1 - L1[W] Q1 - L0[O] M5 
[  7] Utilization = 0.44 | pJ/MACC =   39.625 | L5[WIO] Q4 M2 C2 - L4[IO] M10 P32 C2 Q8X - L3[] Q1 M4Y - L2[I] Q1 - L1[W] C5 - L0[O] Q1 
[  7] Utilization = 0.56 | pJ/MACC =   31.862 | L5[WIO] Q4 M2 - L4[IO] P32 C2 Q8X - L3[] Q1 M5Y - L2[I] Q1 - L1[W] C10 - L0[O] M8 
[  1] Utilization = 0.89 | pJ/MACC =   52.034 | L5[WIO] Q8 M2 - L4[IO] M10 P32 C5 M2X Q4X - L3[] Q1 M2Y C4Y - L2[I] Q1 - L1[W] Q1 - L0[O] Q1 
[  7] Utilization = 0.89 | pJ/MACC =   47.661 | L5[WIO] Q8 - L4[IO] P32 C2 M2X Q4X - L3[] Q1 M8Y - L2[I] Q1 - L1[W] C10 - L0[O] M5 
[  2] Utilization = 0.56 | pJ/MACC =   51.908 | L5[WIO] Q8 M20 - L4[IO] P32 C2 M2X Q4X - L3[] Q1 C5Y - L2[I] Q1 - L1[W] C2 - L0[O] M2 
[  3] Utilization = 0.89 | pJ/MACC =   82.527 | L5[WIO] Q16 C2 - L4[IO] M5 P32 C5 M4X Q2X - L3[] Q1 M4Y C2Y - L2[I] Q1 - L1[W] Q1 - L0[O] Q1 
[  2] Utilization = 0.56 | pJ/MACC =   36.454 | L5[WIO] Q4 M8 C5 - L4[IO] P32 Q8X - L3[] Q1 M5Y - L2[I] Q1 - L1[W] C4 - L0[O] M2 
[  5] Utilization = 0.79 | pJ/MACC =   32.553 | L5[WIO] Q8 C10 - L4[IO] M5 P32 M2X Q4X - L3[] Q1 M4Y C2Y - L2[I] Q1 - L1[W] Q1 - L0[O] M2 
[  0] Utilization = 0.89 | pJ/MACC =   33.712 | L5[WIO] Q4 - L4[IO] M10 P32 C5 Q8X - L3[] Q1 M4Y C2Y - L2[I] Q1 - L1[W] C2 - L0[O] M2 
[  2] Utilization = 0.56 | pJ/MACC =   34.104 | L5[WIO] Q4 C2 - L4[IO] M4 P32 C5 Q8X - L3[] Q1 M5Y - L2[I] Q1 - L1[W] C2 - L0[O] M4 
[  5] Utilization = 0.89 | pJ/MACC =   48.203 | L5[WIO] Q4 M5 C5 - L4[IO] M2 P32 C2 Q8X - L3[] Q1 M8Y - L2[I] Q1 - L1[W] C2 - L0[O] Q1 
[  2] Utilization = 0.56 | pJ/MACC =   18.813 | L5[WIO] Q32 - L4[IO] M2 P32 M5X - L3[] Q1 M4Y C2Y - L2[I] Q1 - L1[W] C10 - L0[O] M2 
[  1] Utilization = 0.89 | pJ/MACC =   46.431 | L5[WIO] Q4 M5 C4 - L4[IO] M2 P32 C5 Q8X - L3[] Q1 M8Y - L2[I] Q1 - L1[W] Q1 - L0[O] Q1 
[  2] Utilization = 0.89 | pJ/MACC =   31.560 | L5[WIO] Q4 M5 C5 - L4[IO] M2 P32 Q8X - L3[] Q1 M8Y - L2[I] Q1 - L1[W] C4 - L0[O] Q1 
[  3] Utilization = 0.89 | pJ/MACC =   50.401 | L5[WIO] Q8 C2 - L4[IO] M5 P32 C5 M2X Q4X - L3[] Q1 M4Y C2Y - L2[I] Q1 - L1[W] Q1 - L0[O] M2 
[  1] Utilization = 0.89 | pJ/MACC =   35.908 | L5[WIO] Q4 M10 - L4[IO] M2 P32 C5 Q8X - L3[] Q1 M2Y C4Y - L2[I] Q1 - L1[W] Q1 - L0[O] M2 
[  0] Utilization = 0.89 | pJ/MACC =   32.320 | L5[WIO] Q4 M2 - L4[IO] M2 P32 C5 Q8X - L3[] Q1 M4Y C2Y - L2[I] Q1 - L1[W] C2 - L0[O] M5 
[  4] Utilization = 0.89 | pJ/MACC =   17.524 | L5[WIO] Q8 C2 - L4[IO] M2 P32 M2X Q4X - L3[] Q1 M4Y C2Y - L2[I] Q1 - L1[W] C5 - L0[O] M5 
[  5] Utilization = 0.89 | pJ/MACC =   47.661 | L5[WIO] Q8 - L4[IO] P32 C4 M2X Q4X - L3[] Q1 M8Y - L2[I] Q1 - L1[W] C5 - L0[O] M5 
[  0] Utilization = 0.89 | pJ/MACC =   31.623 | L5[WIO] Q4 - L4[IO] P32 C5 Q8X - L3[] Q1 M4Y C2Y - L2[I] Q1 - L1[W] C2 - L0[O] M20 
[  3] Utilization = 0.89 | pJ/MACC =   47.661 | L5[WIO] Q8 - L4[IO] P32 C10 M2X Q4X - L3[] Q1 M8Y - L2[I] Q1 - L1[W] C2 - L0[O] M5 
[  4] Utilization = 0.89 | pJ/MACC =   16.767 | L5[WIO] Q4 C2 - L4[IO] P32 Q8X - L3[] Q1 M4Y C2Y - L2[I] Q1 - L1[W] C5 - L0[O] M20 
[  2] Utilization = 0.89 | pJ/MACC =   17.695 | L5[WIO] Q8 M5 - L4[IO] M2 P32 M2X Q4X - L3[] Q1 M4Y C2Y - L2[I] Q1 - L1[W] C10 - L0[O] Q1 
[  5] Utilization = 0.89 | pJ/MACC =   40.925 | L5[WIO] Q4 C5 - L4[IO] M10 P32 C2 Q8X - L3[] Q1 M8Y - L2[I] Q1 - L1[W] C2 - L0[O] Q1 
[  4] Utilization = 0.89 | pJ/MACC =   16.555 | L5[WIO] Q4 M2 - L4[IO] M4 P32 Q8X - L3[] Q1 M2Y C4Y - L2[I] Q1 - L1[W] C5 - L0[O] M5 
[  3] Utilization = 0.89 | pJ/MACC =   26.662 | L5[WIO] Q8 M2 C5 - L4[IO] M5 P32 M2X Q4X - L3[] Q1 M4Y C2Y - L2[I] Q1 - L1[W] C2 - L0[O] Q1 
[  6] Utilization = 0.89 | pJ/MACC =   46.977 | L5[WIO] Q4 M5 C5 - L4[IO] P32 C2 Q8X - L3[] Q1 M4Y C2Y - L2[I] Q1 - L1[W] Q1 - L0[O] M4 
[  1] Utilization = 0.89 | pJ/MACC =   35.610 | L5[WIO] Q4 C2 - L4[IO] M10 P32 C10 Q8X - L3[] Q1 M8Y - L2[I] Q1 - L1[W] Q1 - L0[O] Q1 
[  5] Utilization = 0.89 | pJ/MACC =   32.615 | L5[WIO] Q4 - L4[IO] M5 P32 C4 Q8X - L3[] Q1 M8Y - L2[I] Q1 - L1[W] C5 - L0[O] M2 
[  3] Utilization = 0.89 | pJ/MACC =   24.216 | L5[WIO] Q4 C5 - L4[IO] M10 P32 Q8X - L3[] Q1 M4Y C2Y - L2[I] Q1 - L1[W] C2 - L0[O] M2 
[  1] Utilization = 0.89 | pJ/MACC =   33.198 | L5[WIO] Q4 M2 - L4[IO] M4 P32 C5 Q8X - L3[] Q1 M2Y C4Y - L2[I] Q1 - L1[W] Q1 - L0[O] M5 
[  7] Utilization = 0.89 | pJ/MACC =   40.925 | L5[WIO] Q4 C5 - L4[IO] M10 P32 C4 Q8X - L3[] Q1 M8Y - L2[I] Q1 - L1[W] Q1 - L0[O] Q1 
[  2] Utilization = 0.89 | pJ/MACC =   15.909 | L5[WIO] Q4 M5 - L4[IO] P32 Q8X - L3[] Q1 M4Y C2Y - L2[I] Q1 - L1[W] C10 - L0[O] M4 
[  3] Utilization = 0.89 | pJ/MACC =   17.290 | L5[WIO] Q8 C2 - L4[IO] P32 M2X Q4X - L3[] Q1 M8Y - L2[I] Q1 - L1[W] C10 - L0[O] M5 
[  6] Utilization = 0.89 | pJ/MACC =   40.860 | L5[WIO] Q4 C5 - L4[IO] M10 P32 C2 Q8X - L3[] Q1 M4Y C2Y - L2[I] Q1 - L1[W] Q1 - L0[O] M2 
[  7] Utilization = 0.89 | pJ/MACC =   21.912 | L5[WIO] Q8 C4 - L4[IO] M5 P32 M2X Q4X - L3[] Q1 M8Y - L2[I] Q1 - L1[W] C5 - L0[O] Q1 
[  4] Utilization = 0.89 | pJ/MACC =   15.200 | L5[WIO] Q4 - L4[IO] M2 P32 Q8X - L3[] Q1 M2Y C4Y - L2[I] Q1 - L1[W] C5 - L0[O] M20 
[  2] Utilization = 0.89 | pJ/MACC =   15.677 | L5[WIO] Q4 - L4[IO] M4 P32 Q8X - L3[] Q1 M4Y C2Y - L2[I] Q1 - L1[W] C10 - L0[O] M5 
[  1] Utilization = 0.89 | pJ/MACC =   32.295 | L5[WIO] Q4 M4 - L4[IO] P32 C5 Q8X - L3[] Q1 M2Y C4Y - L2[I] Q1 - L1[W] Q1 - L0[O] M10 
[  6] Utilization = 0.89 | pJ/MACC =   33.838 | L5[WIO] Q4 - L4[IO] M10 P32 C20 Q8X - L3[] Q1 M8Y - L2[I] Q1 - L1[W] Q1 - L0[O] Q1 
[  6] Utilization = 0.89 | pJ/MACC =   31.636 | L5[WIO] Q4 - L4[IO] P32 C20 Q8X - L3[] Q1 M8Y - L2[I] Q1 - L1[W] Q1 - L0[O] M10 
[  4] Utilization = 0.89 | pJ/MACC =   14.573 | L5[WIO] Q8 - L4[IO] P32 M2X Q4X - L3[] Q1 M2Y C4Y - L2[I] Q1 - L1[W] C5 - L0[O] M20 
[  3] Utilization = 0.89 | pJ/MACC =   16.764 | L5[WIO] Q4 C2 - L4[IO] P32 Q8X - L3[] Q1 M8Y - L2[I] Q1 - L1[W] C10 - L0[O] M10 
[  5] STATEMENT: 1000 suboptimal mappings found since the last upgrade, terminating search.
[  1] Utilization = 0.89 | pJ/MACC =   31.843 | L5[WIO] Q4 - L4[IO] M2 P32 C5 Q8X - L3[] Q1 M2Y C4Y - L2[I] Q1 - L1[W] Q1 - L0[O] M20 
[  7] STATEMENT: 1000 suboptimal mappings found since the last upgrade, terminating search.
[  0] STATEMENT: 1000 suboptimal mappings found since the last upgrade, terminating search.
[  2] STATEMENT: 1000 suboptimal mappings found since the last upgrade, terminating search.
[  4] STATEMENT: 1000 suboptimal mappings found since the last upgrade, terminating search.
[  3] STATEMENT: 1000 suboptimal mappings found since the last upgrade, terminating search.
[  6] STATEMENT: 1000 suboptimal mappings found since the last upgrade, terminating search.
[  1] STATEMENT: 1000 suboptimal mappings found since the last upgrade, terminating search.
