[  7] Utilization = 0.45 | pJ/MACC =   55.191 | L5[WIO] M37 - L4[IO] Q8 P4 M8X - L3[] Q1 M8Y - L2[I] Q1 - L1[W] R3 S3 P2 - L0[O] Q1 
[  3] Utilization = 0.45 | pJ/MACC =   55.191 | L5[WIO] M37 - L4[IO] Q8 P2 M8X - L3[] Q1 M8Y - L2[I] Q1 - L1[W] R3 S3 P4 - L0[O] Q1 
[  2] Utilization = 1.00 | pJ/MACC =  150.891 | L5[WIO] Q2 P8 - L4[IO] Q4 M37 M8X - L3[] Q1 M8Y - L2[I] Q1 - L1[W] R3 S3 - L0[O] Q1 
[  6] Utilization = 0.45 | pJ/MACC =   84.982 | L5[WIO] Q2 P2 - L4[IO] Q4 M37 M8X - L3[] Q1 M8Y - L2[I] Q1 - L1[W] R3 S3 P4 - L0[O] Q1 
[  7] Utilization = 0.45 | pJ/MACC =   55.120 | L5[WIO] M37 - L4[IO] P4 Q8 M8X - L3[] Q1 M8Y - L2[I] Q1 - L1[W] R3 S3 P2 - L0[O] Q1 
[  3] Utilization = 0.45 | pJ/MACC =   55.084 | L5[WIO] M37 - L4[IO] P2 Q8 M8X - L3[] Q1 M8Y - L2[I] Q1 - L1[W] R3 S3 P4 - L0[O] Q1 
[  2] Utilization = 1.00 | pJ/MACC =   54.672 | L5[WIO] P8 Q2 - L4[IO] M37 Q4 M8X - L3[] Q1 M8Y - L2[I] Q1 - L1[W] R3 S3 - L0[O] Q1 
[  6] Utilization = 0.45 | pJ/MACC =   61.146 | L5[WIO] P2 Q2 - L4[IO] M37 Q4 M8X - L3[] Q1 M8Y - L2[I] Q1 - L1[W] R3 S3 P4 - L0[O] Q1 
[  3] Utilization = 1.00 | pJ/MACC =   26.026 | L5[WIO] M37 P8 Q2 - L4[IO] Q4 M8X - L3[] Q1 M8Y - L2[I] Q1 - L1[W] S3 R3 - L0[O] Q1 
[  3] Utilization = 1.00 | pJ/MACC =   25.624 | L5[WIO] M37 Q2 P8 - L4[IO] Q4 M8X - L3[] Q1 M8Y - L2[I] Q1 - L1[W] S3 R3 - L0[O] Q1 
[  6] Utilization = 1.00 | pJ/MACC =   86.443 | L5[WIO] Q2 P2 - L4[IO] P4 Q2 M37 M8X - L3[] Q1 M8Y - L2[I] Q1 - L1[W] S3 R3 - L0[O] Q2 
[  6] Utilization = 1.00 | pJ/MACC =   30.418 | L5[WIO] Q2 P2 - L4[IO] M37 Q2 P4 M8X - L3[] Q1 M8Y - L2[I] Q1 - L1[W] S3 R3 - L0[O] Q2 
[  7] Utilization = 1.00 | pJ/MACC =   24.317 | L5[WIO] M37 - L4[IO] Q2 P8 M8X - L3[] Q1 M8Y - L2[I] Q1 - L1[W] R3 S3 - L0[O] Q4 
[  4] STATEMENT: 10000 invalid mappings (6667 fanout, 3333 capacity) found since the last valid mapping, terminating search.
[  5] STATEMENT: 10000 invalid mappings (6667 fanout, 3333 capacity) found since the last valid mapping, terminating search.
[  0] STATEMENT: 10000 invalid mappings (6667 fanout, 3333 capacity) found since the last valid mapping, terminating search.
[  1] STATEMENT: 10000 invalid mappings (6667 fanout, 3333 capacity) found since the last valid mapping, terminating search.
[  2] Utilization = 1.00 | pJ/MACC =   54.216 | L5[WIO] P8 - L4[IO] Q2 M37 M8X - L3[] Q1 M8Y - L2[I] Q1 - L1[W] R3 S3 - L0[O] Q4 
[  3] Utilization = 1.00 | pJ/MACC =   25.532 | L5[WIO] M37 P8 - L4[IO] Q2 M8X - L3[] Q1 M8Y - L2[I] Q1 - L1[W] R3 S3 - L0[O] Q4 
[  2] Utilization = 1.00 | pJ/MACC =   38.522 | L5[WIO] P8 - L4[IO] M37 Q4 M8X - L3[] Q1 M8Y - L2[I] Q1 - L1[W] R3 S3 - L0[O] Q2 
[  6] STATEMENT: 400 suboptimal mappings found since the last upgrade, terminating search.
[  7] STATEMENT: 400 suboptimal mappings found since the last upgrade, terminating search.
[  3] Utilization = 1.00 | pJ/MACC =   25.491 | L5[WIO] M37 Q2 P8 - L4[IO] Q1 M8X - L3[] Q1 M8Y - L2[I] Q1 - L1[W] R3 S3 - L0[O] Q4 
[  2] STATEMENT: 400 suboptimal mappings found since the last upgrade, terminating search.
[  3] STATEMENT: 400 suboptimal mappings found since the last upgrade, terminating search.
