[  2] Utilization = 0.07 | pJ/MACC =   19.467 | L5[WIO] Q16 M15 - L4[IO] P16 - L3[] Q1 S5Y - L2[I] Q1 - L1[W] R5 - L0[O] M8 
[  1] Utilization = 0.07 | pJ/MACC =   23.364 | L5[WIO] Q16 M8 - L4[IO] M15 P16 - L3[] Q1 S5Y - L2[I] Q1 - L1[W] R5 - L0[O] Q1 
[  6] Utilization = 0.14 | pJ/MACC =   19.474 | L5[WIO] Q16 M15 - L4[IO] P16 M2X - L3[] Q1 S5Y - L2[I] Q1 - L1[W] R5 - L0[O] M4 
[  3] Utilization = 0.56 | pJ/MACC =   13.395 | L5[WIO] Q2 M40 - L4[IO] P16 Q8X - L3[] Q1 S5Y - L2[I] Q1 - L1[W] R5 - L0[O] M3 
[  0] Utilization = 0.28 | pJ/MACC =   15.286 | L5[WIO] Q8 M5 - L4[IO] M2 P16 M2X Q2X - L3[] Q1 S5Y - L2[I] Q1 - L1[W] R5 - L0[O] M6 
[  5] Utilization = 0.56 | pJ/MACC =   14.987 | L5[WIO] Q8 M2 - L4[IO] P16 M4X Q2X - L3[] Q1 S5Y - L2[I] Q1 - L1[W] R5 - L0[O] M15 
[  2] Utilization = 0.56 | pJ/MACC =   12.801 | L5[WIO] Q2 M3 - L4[IO] M8 P16 Q8X - L3[] Q1 S5Y - L2[I] Q1 - L1[W] R5 - L0[O] M5 
[  6] Utilization = 0.56 | pJ/MACC =   16.364 | L5[WIO] Q2 M40 - L4[IO] M3 P16 Q8X - L3[] Q1 S5Y - L2[I] Q1 - L1[W] R5 - L0[O] Q1 
[  4] Utilization = 0.42 | pJ/MACC =   15.291 | L5[WIO] Q8 M5 - L4[IO] M2 P16 M3X Q2X - L3[] Q1 S5Y - L2[I] Q1 - L1[W] R5 - L0[O] M4 
[  7] Utilization = 0.42 | pJ/MACC =   14.986 | L5[WIO] Q8 M2 - L4[IO] P16 M3X Q2X - L3[] Q1 S5Y - L2[I] Q1 - L1[W] R5 - L0[O] M20 
[  1] Utilization = 0.28 | pJ/MACC =   14.395 | L5[WIO] Q4 M40 - L4[IO] P16 Q4X - L3[] Q1 S5Y - L2[I] Q1 - L1[W] R5 - L0[O] M3 
[  5] Utilization = 0.56 | pJ/MACC =   13.023 | L5[WIO] Q2 M3 - L4[IO] M10 P16 Q8X - L3[] Q1 S5Y - L2[I] Q1 - L1[W] R5 - L0[O] M4 
[  7] Utilization = 0.56 | pJ/MACC =   14.137 | L5[WIO] Q2 M3 - L4[IO] M20 P16 Q8X - L3[] Q1 S5Y - L2[I] Q1 - L1[W] R5 - L0[O] M2 
[  1] Utilization = 0.56 | pJ/MACC =   15.103 | L5[WIO] Q8 - L4[IO] M5 P16 M4X Q2X - L3[] Q1 S5Y - L2[I] Q1 - L1[W] R5 - L0[O] M6 
[  3] Utilization = 0.56 | pJ/MACC =   13.362 | L5[WIO] Q4 M2 - L4[IO] M6 P16 M2X Q4X - L3[] Q1 S5Y - L2[I] Q1 - L1[W] R5 - L0[O] M5 
[  0] Utilization = 0.35 | pJ/MACC =   19.380 | L5[WIO] Q16 - L4[IO] M12 P16 M5X - L3[] Q1 S5Y - L2[I] Q1 - L1[W] R5 - L0[O] M2 
[  0] Utilization = 0.56 | pJ/MACC =   14.039 | L5[WIO] Q4 M15 - L4[IO] M2 P16 M2X Q4X - L3[] Q1 S5Y - L2[I] Q1 - L1[W] R5 - L0[O] M2 
[  1] Utilization = 0.56 | pJ/MACC =   12.355 | L5[WIO] Q2 M2 - L4[IO] M6 P16 Q8X - L3[] Q1 S5Y - L2[I] Q1 - L1[W] R5 - L0[O] M10 
[  3] Utilization = 0.56 | pJ/MACC =   12.652 | L5[WIO] Q2 M10 - L4[IO] M2 P16 Q8X - L3[] Q1 S5Y - L2[I] Q1 - L1[W] R5 - L0[O] M6 
[  3] Utilization = 0.56 | pJ/MACC =   12.281 | L5[WIO] Q2 - L4[IO] M10 P16 Q8X - L3[] Q1 S5Y - L2[I] Q1 - L1[W] R5 - L0[O] M12 
[  4] Utilization = 0.56 | pJ/MACC =   15.168 | L5[WIO] Q4 M2 - L4[IO] M30 P16 M2X Q4X - L3[] Q1 S5Y - L2[I] Q1 - L1[W] R5 - L0[O] Q1 
[  6] Utilization = 0.56 | pJ/MACC =   14.137 | L5[WIO] Q2 M5 - L4[IO] M12 P16 Q8X - L3[] Q1 S5Y - L2[I] Q1 - L1[W] R5 - L0[O] M2 
[  6] Utilization = 0.56 | pJ/MACC =   13.395 | L5[WIO] Q2 M20 - L4[IO] M2 P16 Q8X - L3[] Q1 S5Y - L2[I] Q1 - L1[W] R5 - L0[O] M3 
[  0] Utilization = 0.56 | pJ/MACC =   12.207 | L5[WIO] Q2 - L4[IO] M8 P16 Q8X - L3[] Q1 S5Y - L2[I] Q1 - L1[W] R5 - L0[O] M15 
[  2] Utilization = 0.56 | pJ/MACC =   12.207 | L5[WIO] Q2 M4 - L4[IO] M2 P16 Q8X - L3[] Q1 S5Y - L2[I] Q1 - L1[W] R5 - L0[O] M15 
[  1] Utilization = 0.56 | pJ/MACC =   12.281 | L5[WIO] Q2 M10 - L4[IO] P16 Q8X - L3[] Q1 S5Y - L2[I] Q1 - L1[W] R5 - L0[O] M12 
[  7] Utilization = 0.56 | pJ/MACC =   13.286 | L5[WIO] Q4 - L4[IO] M10 P16 M2X Q4X - L3[] Q1 S5Y - L2[I] Q1 - L1[W] R5 - L0[O] M6 
[  4] Utilization = 0.56 | pJ/MACC =   14.137 | L5[WIO] Q2 M2 - L4[IO] M30 P16 Q8X - L3[] Q1 S5Y - L2[I] Q1 - L1[W] R5 - L0[O] M2 
[  7] Utilization = 0.56 | pJ/MACC =   12.281 | L5[WIO] Q2 M2 - L4[IO] M5 P16 Q8X - L3[] Q1 S5Y - L2[I] Q1 - L1[W] R5 - L0[O] M12 
[  5] Utilization = 0.56 | pJ/MACC =   12.133 | L5[WIO] Q2 - L4[IO] M6 P16 Q8X - L3[] Q1 S5Y - L2[I] Q1 - L1[W] R5 - L0[O] M20 
[  6] Utilization = 0.56 | pJ/MACC =   13.023 | L5[WIO] Q2 - L4[IO] M30 P16 Q8X - L3[] Q1 S5Y - L2[I] Q1 - L1[W] R5 - L0[O] M4 
[  1] Utilization = 0.56 | pJ/MACC =   12.133 | L5[WIO] Q2 M3 - L4[IO] M2 P16 Q8X - L3[] Q1 S5Y - L2[I] Q1 - L1[W] R5 - L0[O] M20 
[  6] Utilization = 0.56 | pJ/MACC =   12.801 | L5[WIO] Q2 M4 - L4[IO] M6 P16 Q8X - L3[] Q1 S5Y - L2[I] Q1 - L1[W] R5 - L0[O] M5 
[  4] Utilization = 0.56 | pJ/MACC =   13.395 | L5[WIO] Q2 M4 - L4[IO] M10 P16 Q8X - L3[] Q1 S5Y - L2[I] Q1 - L1[W] R5 - L0[O] M3 
[  1] Utilization = 0.56 | pJ/MACC =   12.095 | L5[WIO] Q2 M5 - L4[IO] P16 Q8X - L3[] Q1 S5Y - L2[I] Q1 - L1[W] R5 - L0[O] M24 
[  3] Utilization = 0.56 | pJ/MACC =   12.207 | L5[WIO] Q2 M2 - L4[IO] M4 P16 Q8X - L3[] Q1 S5Y - L2[I] Q1 - L1[W] R5 - L0[O] M15 
[  4] Utilization = 0.56 | pJ/MACC =   12.355 | L5[WIO] Q2 M3 - L4[IO] M4 P16 Q8X - L3[] Q1 S5Y - L2[I] Q1 - L1[W] R5 - L0[O] M10 
[  3] Utilization = 0.56 | pJ/MACC =   11.381 | L5[WIO] Q16 - L4[IO] P16 M8X - L3[] Q1 S5Y - L2[I] Q1 - L1[W] R5 - L0[O] M15 
[  4] Utilization = 0.56 | pJ/MACC =   12.095 | L5[WIO] Q2 - L4[IO] M5 P16 Q8X - L3[] Q1 S5Y - L2[I] Q1 - L1[W] R5 - L0[O] M24 
[  0] STATEMENT: 300 suboptimal mappings found since the last upgrade, terminating search.
[  1] STATEMENT: 300 suboptimal mappings found since the last upgrade, terminating search.
[  2] STATEMENT: 300 suboptimal mappings found since the last upgrade, terminating search.
[  6] STATEMENT: 300 suboptimal mappings found since the last upgrade, terminating search.
[  5] STATEMENT: 300 suboptimal mappings found since the last upgrade, terminating search.
[  7] STATEMENT: 300 suboptimal mappings found since the last upgrade, terminating search.
[  3] STATEMENT: 300 suboptimal mappings found since the last upgrade, terminating search.
[  4] STATEMENT: 300 suboptimal mappings found since the last upgrade, terminating search.
