[  2] Utilization = 1.00 | pJ/MACC =   38.089 | L5[WIO] P32 Q4 - L4[IO] M37 M8X - L3[] Q1 M8Y - L2[I] Q1 - L1[W] S3 R3 - L0[O] Q8 
[  3] Utilization = 1.00 | pJ/MACC =   24.099 | L5[WIO] Q4 P4 M37 - L4[IO] Q2 P8 M8X - L3[] Q1 M8Y - L2[I] Q1 - L1[W] R3 S3 - L0[O] Q4 
[  6] Utilization = 0.45 | pJ/MACC =   84.959 | L5[WIO] P16 Q8 - L4[IO] Q2 M37 M8X - L3[] Q1 M8Y - L2[I] Q1 - L1[W] R3 S3 P2 - L0[O] Q2 
[  7] Utilization = 0.45 | pJ/MACC =   53.295 | L5[WIO] M37 Q2 P16 - L4[IO] Q16 M8X - L3[] Q1 M8Y - L2[I] Q1 - L1[W] R3 S3 P2 - L0[O] Q1 
[  6] Utilization = 0.45 | pJ/MACC =   69.041 | L5[WIO] Q8 P16 - L4[IO] M37 Q2 M8X - L3[] Q1 M8Y - L2[I] Q1 - L1[W] S3 R3 P2 - L0[O] Q2 
[  7] Utilization = 0.45 | pJ/MACC =   56.904 | L5[WIO] Q2 P16 M37 - L4[IO] Q16 M8X - L3[] Q1 M8Y - L2[I] Q1 - L1[W] S3 R3 P2 - L0[O] Q1 
[  3] Utilization = 1.00 | pJ/MACC =   22.663 | L5[WIO] M37 P4 Q4 - L4[IO] P8 Q2 M8X - L3[] Q1 M8Y - L2[I] Q1 - L1[W] S3 R3 - L0[O] Q4 
[  3] Utilization = 1.00 | pJ/MACC =   22.537 | L5[WIO] M37 Q4 P4 - L4[IO] Q2 P8 M8X - L3[] Q1 M8Y - L2[I] Q1 - L1[W] R3 S3 - L0[O] Q4 
[  6] Utilization = 0.45 | pJ/MACC =   68.847 | L5[WIO] Q16 P4 - L4[IO] Q2 M37 M8X - L3[] Q1 M8Y - L2[I] Q1 - L1[W] S3 R3 P8 - L0[O] Q1 
[  6] Utilization = 0.45 | pJ/MACC =   60.948 | L5[WIO] P4 Q16 - L4[IO] M37 Q2 M8X - L3[] Q1 M8Y - L2[I] Q1 - L1[W] S3 R3 P8 - L0[O] Q1 
[  7] Utilization = 1.00 | pJ/MACC =   22.575 | L5[WIO] M37 P16 - L4[IO] P2 Q4 M8X - L3[] Q1 M8Y - L2[I] Q1 - L1[W] S3 R3 - L0[O] Q8 
[  7] Utilization = 1.00 | pJ/MACC =   22.529 | L5[WIO] M37 P16 - L4[IO] Q4 P2 M8X - L3[] Q1 M8Y - L2[I] Q1 - L1[W] S3 R3 - L0[O] Q8 
[  6] Utilization = 1.00 | pJ/MACC =   86.817 | L5[WIO] Q16 P32 - L4[IO] M37 Q2 M8X - L3[] Q1 M8Y - L2[I] Q1 - L1[W] S3 R3 - L0[O] Q1 
[  7] Utilization = 1.00 | pJ/MACC =   22.299 | L5[WIO] Q2 M37 - L4[IO] Q2 P32 M8X - L3[] Q1 M8Y - L2[I] Q1 - L1[W] S3 R3 - L0[O] Q8 
[  6] Utilization = 1.00 | pJ/MACC =   54.491 | L5[WIO] P16 Q8 - L4[IO] P2 M37 Q4 M8X - L3[] Q1 M8Y - L2[I] Q1 - L1[W] S3 R3 - L0[O] Q1 
[  6] Utilization = 1.00 | pJ/MACC =   38.477 | L5[WIO] Q8 P16 - L4[IO] M37 Q4 P2 M8X - L3[] Q1 M8Y - L2[I] Q1 - L1[W] R3 S3 - L0[O] Q1 
[  6] Utilization = 1.00 | pJ/MACC =   38.379 | L5[WIO] P16 Q8 - L4[IO] M37 P2 Q4 M8X - L3[] Q1 M8Y - L2[I] Q1 - L1[W] S3 R3 - L0[O] Q1 
[  3] Utilization = 1.00 | pJ/MACC =   22.500 | L5[WIO] M37 Q4 P32 - L4[IO] Q1 M8X - L3[] Q1 M8Y - L2[I] Q1 - L1[W] R3 S3 - L0[O] Q8 
[  4] STATEMENT: 10000 invalid mappings (6667 fanout, 3333 capacity) found since the last valid mapping, terminating search.
[  0] STATEMENT: 10000 invalid mappings (6667 fanout, 3333 capacity) found since the last valid mapping, terminating search.
[  1] STATEMENT: 10000 invalid mappings (6667 fanout, 3333 capacity) found since the last valid mapping, terminating search.
[  5] STATEMENT: 10000 invalid mappings (6667 fanout, 3333 capacity) found since the last valid mapping, terminating search.
[  2] Utilization = 1.00 | pJ/MACC =   30.168 | L5[WIO] Q8 P8 - L4[IO] M37 P4 M8X - L3[] Q1 M8Y - L2[I] Q1 - L1[W] R3 S3 - L0[O] Q4 
[  6] Utilization = 1.00 | pJ/MACC =   38.272 | L5[WIO] Q8 P16 - L4[IO] M37 P2 M8X - L3[] Q1 M8Y - L2[I] Q1 - L1[W] S3 R3 - L0[O] Q4 
[  6] Utilization = 1.00 | pJ/MACC =   30.255 | L5[WIO] Q32 P2 - L4[IO] M37 P16 M8X - L3[] Q1 M8Y - L2[I] Q1 - L1[W] S3 R3 - L0[O] Q1 
[  3] Utilization = 1.00 | pJ/MACC =   22.352 | L5[WIO] Q2 M37 - L4[IO] Q8 P32 M8X - L3[] Q1 M8Y - L2[I] Q1 - L1[W] R3 S3 - L0[O] Q2 
[  6] Utilization = 1.00 | pJ/MACC =   30.219 | L5[WIO] Q8 P8 - L4[IO] M37 Q2 P4 M8X - L3[] Q1 M8Y - L2[I] Q1 - L1[W] R3 S3 - L0[O] Q2 
[  6] Utilization = 1.00 | pJ/MACC =   30.181 | L5[WIO] Q4 P16 - L4[IO] M37 P2 M8X - L3[] Q1 M8Y - L2[I] Q1 - L1[W] R3 S3 - L0[O] Q8 
[  2] STATEMENT: 400 suboptimal mappings found since the last upgrade, terminating search.
[  7] STATEMENT: 400 suboptimal mappings found since the last upgrade, terminating search.
[  3] STATEMENT: 400 suboptimal mappings found since the last upgrade, terminating search.
[  6] STATEMENT: 400 suboptimal mappings found since the last upgrade, terminating search.
