[  5] Utilization = 0.44 | pJ/MACC =   30.591 | L5[WIO] Q2 M2 - L4[IO] M5 P16 C5 Q8X - L3[] Q1 M2Y C2Y - L2[I] Q1 - L1[W] C16 - L0[O] M2 
[  2] Utilization = 0.44 | pJ/MACC =   30.591 | L5[WIO] Q2 M2 - L4[IO] M5 P16 C40 Q8X - L3[] Q1 M2Y C2Y - L2[I] Q1 - L1[W] C2 - L0[O] M2 
[  1] Utilization = 0.22 | pJ/MACC =   30.591 | L5[WIO] Q2 M2 - L4[IO] M5 P16 C40 Q8X - L3[] Q1 M2Y - L2[I] Q1 - L1[W] C4 - L0[O] M2 
[  3] Utilization = 0.89 | pJ/MACC =   30.591 | L5[WIO] Q2 M2 - L4[IO] M5 P16 C40 Q8X - L3[] Q1 M2Y C4Y - L2[I] Q1 - L1[W] Q1 - L0[O] M2 
[  4] Utilization = 0.22 | pJ/MACC =   76.618 | L5[WIO] Q8 C2 - L4[IO] M5 P16 C4 Q2X - L3[] Q1 M4Y C2Y - L2[I] Q1 - L1[W] C10 - L0[O] M2 
[  6] Utilization = 0.89 | pJ/MACC =   30.591 | L5[WIO] Q2 M2 - L4[IO] M5 P16 C5 Q8X - L3[] Q1 M2Y C4Y - L2[I] Q1 - L1[W] C8 - L0[O] M2 
[  0] Utilization = 0.44 | pJ/MACC =   38.970 | L5[WIO] Q2 M2 C2 - L4[IO] M10 P16 C10 Q8X - L3[] Q1 M2Y C2Y - L2[I] Q1 - L1[W] C4 - L0[O] Q1 
[  4] Utilization = 0.56 | pJ/MACC =  155.306 | L5[WIO] Q16 M5 C2 - L4[IO] P16 C16 M8X - L3[] Q1 C5Y - L2[I] Q1 - L1[W] Q1 - L0[O] Q1 
[  7] Utilization = 0.22 | pJ/MACC =   54.563 | L5[WIO] Q4 M2 C20 - L4[IO] M5 P16 C8 Q4X - L3[] Q1 M4Y - L2[I] Q1 - L1[W] Q1 - L0[O] Q1 
[  2] Utilization = 0.89 | pJ/MACC =  155.312 | L5[WIO] Q16 M5 C2 - L4[IO] P16 C10 M8X - L3[] Q1 C8Y - L2[I] Q1 - L1[W] Q1 - L0[O] Q1 
[  0] Utilization = 0.44 | pJ/MACC =   15.174 | L5[WIO] Q2 C20 - L4[IO] M2 P16 Q8X - L3[] Q1 C4Y - L2[I] Q1 - L1[W] C2 - L0[O] M20 
[  1] Utilization = 0.88 | pJ/MACC =   38.974 | L5[WIO] Q2 M2 C2 - L4[IO] M10 P16 C10 Q8X - L3[] Q1 M2Y C4Y - L2[I] Q1 - L1[W] C2 - L0[O] Q1 
[  7] Utilization = 0.22 | pJ/MACC =   18.736 | L5[WIO] Q8 C16 - L4[IO] M5 P16 M4X Q2X - L3[] Q1 M2Y - L2[I] Q1 - L1[W] C10 - L0[O] Q1 
[  5] Utilization = 0.56 | pJ/MACC =   51.108 | L5[WIO] Q4 M2 - L4[IO] M10 P16 C4 M2X Q4X - L3[] Q1 C5Y - L2[I] Q1 - L1[W] C8 - L0[O] Q1 
[  4] Utilization = 0.89 | pJ/MACC =   26.977 | L5[WIO] Q2 M2 - L4[IO] P16 C20 Q8X - L3[] Q1 M2Y C4Y - L2[I] Q1 - L1[W] C2 - L0[O] M10 
[  0] Utilization = 0.56 | pJ/MACC =   27.833 | L5[WIO] Q16 C40 - L4[IO] M4 P16 M5X - L3[] Q1 M2Y C4Y - L2[I] Q1 - L1[W] Q1 - L0[O] Q1 
[  5] Utilization = 0.56 | pJ/MACC =   23.921 | L5[WIO] Q4 M4 C2 - L4[IO] P16 M2X Q4X - L3[] Q1 C5Y - L2[I] Q1 - L1[W] C16 - L0[O] M5 
[  7] Utilization = 0.44 | pJ/MACC =   26.977 | L5[WIO] Q2 M2 - L4[IO] P16 C10 Q8X - L3[] Q1 M2Y C2Y - L2[I] Q1 - L1[W] C8 - L0[O] M10 
[  1] Utilization = 0.89 | pJ/MACC =   15.317 | L5[WIO] Q2 C20 - L4[IO] M2 P16 Q8X - L3[] Q1 C8Y - L2[I] Q1 - L1[W] Q1 - L0[O] M20 
[  6] Utilization = 0.89 | pJ/MACC =   23.926 | L5[WIO] Q4 M4 C2 - L4[IO] P16 M2X Q4X - L3[] Q1 C8Y - L2[I] Q1 - L1[W] C10 - L0[O] M5 
[  0] Utilization = 0.80 | pJ/MACC =   64.137 | L5[WIO] Q4 M4 C10 - L4[IO] M5 P16 C2 M2X Q4X - L3[] Q1 C8Y - L2[I] Q1 - L1[W] Q1 - L0[O] Q1 
[  5] Utilization = 0.89 | pJ/MACC =   34.982 | L5[WIO] Q2 M5 - L4[IO] M4 P16 C20 Q8X - L3[] Q1 C8Y - L2[I] Q1 - L1[W] Q1 - L0[O] M2 
[  5] Utilization = 0.89 | pJ/MACC =   19.143 | L5[WIO] Q2 M2 C5 - L4[IO] M5 P16 Q8X - L3[] Q1 M4Y C2Y - L2[I] Q1 - L1[W] C16 - L0[O] Q1 
[  6] Utilization = 0.89 | pJ/MACC =   19.649 | L5[WIO] Q16 C2 - L4[IO] M5 P16 M8X - L3[] Q1 C8Y - L2[I] Q1 - L1[W] C10 - L0[O] Q1 
[  0] Utilization = 0.89 | pJ/MACC =   40.885 | L5[WIO] Q2 M4 C10 - L4[IO] P16 C2 Q8X - L3[] Q1 C8Y - L2[I] Q1 - L1[W] Q1 - L0[O] M10 
[  2] Utilization = 0.89 | pJ/MACC =   43.066 | L5[WIO] Q2 M2 C40 - L4[IO] M5 P16 C2 Q8X - L3[] Q1 M4Y C2Y - L2[I] Q1 - L1[W] Q1 - L0[O] Q1 
[  0] Utilization = 0.89 | pJ/MACC =   27.896 | L5[WIO] Q2 C5 - L4[IO] M2 P16 C16 Q8X - L3[] Q1 M4Y C2Y - L2[I] Q1 - L1[W] Q1 - L0[O] M5 
[  0] Utilization = 0.89 | pJ/MACC =   18.549 | L5[WIO] Q8 C5 - L4[IO] M10 P16 M4X Q2X - L3[] Q1 C8Y - L2[I] Q1 - L1[W] C4 - L0[O] Q1 
[  0] Utilization = 0.89 | pJ/MACC =   16.327 | L5[WIO] Q2 M2 C5 - L4[IO] M2 P16 Q8X - L3[] Q1 C8Y - L2[I] Q1 - L1[W] C4 - L0[O] M10 
[  2] Utilization = 0.89 | pJ/MACC =   27.226 | L5[WIO] Q2 C2 - L4[IO] M2 P16 C40 Q8X - L3[] Q1 M4Y C2Y - L2[I] Q1 - L1[W] Q1 - L0[O] M5 
[  5] Utilization = 0.89 | pJ/MACC =   12.459 | L5[WIO] Q2 C8 - L4[IO] M2 P16 Q8X - L3[] Q1 M4Y C2Y - L2[I] Q1 - L1[W] C10 - L0[O] M5 
[  6] Utilization = 0.89 | pJ/MACC =   13.461 | L5[WIO] Q4 C2 - L4[IO] M5 P16 M2X Q4X - L3[] Q1 C8Y - L2[I] Q1 - L1[W] C10 - L0[O] M4 
[  7] Utilization = 0.56 | pJ/MACC =   45.898 | L5[WIO] Q4 C16 - L4[IO] P16 C10 M2X Q4X - L3[] Q1 M5Y - L2[I] Q1 - L1[W] Q1 - L0[O] M4 
[  3] Utilization = 0.89 | pJ/MACC =   27.881 | L5[WIO] Q2 M2 - L4[IO] M2 P16 C4 Q8X - L3[] Q1 M2Y C4Y - L2[I] Q1 - L1[W] C10 - L0[O] M5 
[  7] Utilization = 0.86 | pJ/MACC =  104.361 | L5[WIO] Q2 M20 C2 - L4[IO] P16 C2 Q8X - L3[] Q1 C8Y - L2[I] Q1 - L1[W] C5 - L0[O] M2 
[  7] Utilization = 0.89 | pJ/MACC =   43.963 | L5[WIO] Q2 M5 C5 - L4[IO] P16 C4 Q8X - L3[] Q1 M8Y - L2[I] Q1 - L1[W] C8 - L0[O] Q1 
[  6] Utilization = 0.89 | pJ/MACC =   11.984 | L5[WIO] Q2 C2 - L4[IO] M4 P16 Q8X - L3[] Q1 C8Y - L2[I] Q1 - L1[W] C10 - L0[O] M10 
[  7] Utilization = 0.89 | pJ/MACC =   20.167 | L5[WIO] Q4 C40 - L4[IO] P16 M2X Q4X - L3[] Q1 M4Y C2Y - L2[I] Q1 - L1[W] C2 - L0[O] M5 
[  0] Utilization = 0.89 | pJ/MACC =   12.450 | L5[WIO] Q2 C10 - L4[IO] P16 Q8X - L3[] Q1 M8Y - L2[I] Q1 - L1[W] C16 - L0[O] M5 
[  2] Utilization = 0.89 | pJ/MACC =   26.538 | L5[WIO] Q2 - L4[IO] P16 C40 Q8X - L3[] Q1 M4Y C2Y - L2[I] Q1 - L1[W] C2 - L0[O] M10 
[  2] Utilization = 0.89 | pJ/MACC =   18.805 | L5[WIO] Q2 M2 C4 - L4[IO] M5 P16 Q8X - L3[] Q1 M2Y C4Y - L2[I] Q1 - L1[W] C10 - L0[O] M2 
[  3] Utilization = 0.89 | pJ/MACC =   27.227 | L5[WIO] Q2 C4 - L4[IO] P16 C5 Q8X - L3[] Q1 M8Y - L2[I] Q1 - L1[W] C8 - L0[O] M5 
[  3] Utilization = 0.89 | pJ/MACC =   23.361 | L5[WIO] Q8 M2 C10 - L4[IO] M5 P16 M4X Q2X - L3[] Q1 C8Y - L2[I] Q1 - L1[W] C2 - L0[O] Q1 
[  6] Utilization = 0.89 | pJ/MACC =   11.093 | L5[WIO] Q2 C2 - L4[IO] M2 P16 Q8X - L3[] Q1 C8Y - L2[I] Q1 - L1[W] C10 - L0[O] M20 
[  3] Utilization = 0.89 | pJ/MACC =   18.526 | L5[WIO] Q4 M2 C10 - L4[IO] M2 P16 M2X Q4X - L3[] Q1 C8Y - L2[I] Q1 - L1[W] C2 - L0[O] M5 
[  7] Utilization = 0.89 | pJ/MACC =   13.779 | L5[WIO] Q2 C16 - L4[IO] P16 Q8X - L3[] Q1 M8Y - L2[I] Q1 - L1[W] C10 - L0[O] M5 
[  2] Utilization = 0.89 | pJ/MACC =   13.970 | L5[WIO] Q4 C4 - L4[IO] M5 P16 M2X Q4X - L3[] Q1 M2Y C4Y - L2[I] Q1 - L1[W] C10 - L0[O] M2 
[  2] Utilization = 0.89 | pJ/MACC =   12.113 | L5[WIO] Q4 C4 - L4[IO] P16 M2X Q4X - L3[] Q1 M2Y C4Y - L2[I] Q1 - L1[W] C10 - L0[O] M10 
[  1] STATEMENT: 1000 suboptimal mappings found since the last upgrade, terminating search.
[  4] Utilization = 0.89 | pJ/MACC =   26.785 | L5[WIO] Q2 C2 - L4[IO] P16 C20 Q8X - L3[] Q1 M8Y - L2[I] Q1 - L1[W] C4 - L0[O] M5 
[  3] Utilization = 0.89 | pJ/MACC =   17.597 | L5[WIO] Q4 C10 - L4[IO] M10 P16 M2X Q4X - L3[] Q1 C8Y - L2[I] Q1 - L1[W] C2 - L0[O] M2 
[  5] STATEMENT: 1000 suboptimal mappings found since the last upgrade, terminating search.
[  4] Utilization = 0.89 | pJ/MACC =   26.538 | L5[WIO] Q2 - L4[IO] P16 C16 Q8X - L3[] Q1 M4Y C2Y - L2[I] Q1 - L1[W] C5 - L0[O] M10 
[  0] STATEMENT: 1000 suboptimal mappings found since the last upgrade, terminating search.
[  3] Utilization = 0.89 | pJ/MACC =   12.970 | L5[WIO] Q2 C10 - L4[IO] M2 P16 Q8X - L3[] Q1 C8Y - L2[I] Q1 - L1[W] C2 - L0[O] M20 
[  6] STATEMENT: 1000 suboptimal mappings found since the last upgrade, terminating search.
[  7] STATEMENT: 1000 suboptimal mappings found since the last upgrade, terminating search.
[  2] STATEMENT: 1000 suboptimal mappings found since the last upgrade, terminating search.
[  4] STATEMENT: 1000 suboptimal mappings found since the last upgrade, terminating search.
[  3] STATEMENT: 1000 suboptimal mappings found since the last upgrade, terminating search.
