[  7] Utilization = 1.00 | pJ/MACC =   24.448 | L5[WIO] P4 M37 - L4[IO] Q16 P4 M8X - L3[] Q1 M8Y - L2[I] Q1 - L1[W] R3 S3 - L0[O] Q1 
[  2] Utilization = 1.00 | pJ/MACC =  150.895 | L5[WIO] Q8 P16 - L4[IO] Q2 M37 M8X - L3[] Q1 M8Y - L2[I] Q1 - L1[W] R3 S3 - L0[O] Q1 
[  3] Utilization = 0.45 | pJ/MACC =   55.214 | L5[WIO] P4 M37 - L4[IO] Q16 P2 M8X - L3[] Q1 M8Y - L2[I] Q1 - L1[W] R3 S3 P2 - L0[O] Q1 
[  2] Utilization = 1.00 | pJ/MACC =   86.943 | L5[WIO] P16 Q8 - L4[IO] M37 Q2 M8X - L3[] Q1 M8Y - L2[I] Q1 - L1[W] R3 S3 - L0[O] Q1 
[  7] Utilization = 1.00 | pJ/MACC =   23.943 | L5[WIO] M37 P4 - L4[IO] P4 Q16 M8X - L3[] Q1 M8Y - L2[I] Q1 - L1[W] R3 S3 - L0[O] Q1 
[  6] Utilization = 1.00 | pJ/MACC =   54.660 | L5[WIO] P4 Q4 - L4[IO] P4 M37 Q2 M8X - L3[] Q1 M8Y - L2[I] Q1 - L1[W] R3 S3 - L0[O] Q2 
[  6] Utilization = 1.00 | pJ/MACC =   30.416 | L5[WIO] P4 Q4 - L4[IO] M37 Q2 P4 M8X - L3[] Q1 M8Y - L2[I] Q1 - L1[W] S3 R3 - L0[O] Q2 
[  3] Utilization = 1.00 | pJ/MACC =   31.982 | L5[WIO] P16 M37 Q8 - L4[IO] Q2 M8X - L3[] Q1 M8Y - L2[I] Q1 - L1[W] R3 S3 - L0[O] Q1 
[  2] Utilization = 1.00 | pJ/MACC =   30.465 | L5[WIO] Q2 P8 - L4[IO] M37 P2 Q2 M8X - L3[] Q1 M8Y - L2[I] Q1 - L1[W] S3 R3 - L0[O] Q4 
[  3] Utilization = 1.00 | pJ/MACC =   24.258 | L5[WIO] M37 Q8 P16 - L4[IO] Q2 M8X - L3[] Q1 M8Y - L2[I] Q1 - L1[W] S3 R3 - L0[O] Q1 
[  2] Utilization = 1.00 | pJ/MACC =   30.415 | L5[WIO] Q2 P8 - L4[IO] M37 Q2 P2 M8X - L3[] Q1 M8Y - L2[I] Q1 - L1[W] R3 S3 - L0[O] Q4 
[  7] Utilization = 1.00 | pJ/MACC =   23.899 | L5[WIO] M37 Q2 P4 - L4[IO] Q2 P4 M8X - L3[] Q1 M8Y - L2[I] Q1 - L1[W] S3 R3 - L0[O] Q4 
[  3] Utilization = 1.00 | pJ/MACC =   23.937 | L5[WIO] M37 Q2 P8 - L4[IO] Q2 P2 M8X - L3[] Q1 M8Y - L2[I] Q1 - L1[W] R3 S3 - L0[O] Q4 
[  4] STATEMENT: 10000 invalid mappings (6667 fanout, 3333 capacity) found since the last valid mapping, terminating search.
[  0] STATEMENT: 10000 invalid mappings (6667 fanout, 3333 capacity) found since the last valid mapping, terminating search.
[  5] STATEMENT: 10000 invalid mappings (6667 fanout, 3333 capacity) found since the last valid mapping, terminating search.
[  1] STATEMENT: 10000 invalid mappings (6667 fanout, 3333 capacity) found since the last valid mapping, terminating search.
[  7] Utilization = 1.00 | pJ/MACC =   23.873 | L5[WIO] M37 Q8 - L4[IO] P16 M8X - L3[] Q1 M8Y - L2[I] Q1 - L1[W] R3 S3 - L0[O] Q2 
[  3] Utilization = 1.00 | pJ/MACC =   23.867 | L5[WIO] M37 P4 - L4[IO] Q4 P4 M8X - L3[] Q1 M8Y - L2[I] Q1 - L1[W] S3 R3 - L0[O] Q4 
[  7] Utilization = 1.00 | pJ/MACC =   22.899 | L5[WIO] M37 - L4[IO] P16 Q4 M8X - L3[] Q1 M8Y - L2[I] Q1 - L1[W] R3 S3 - L0[O] Q4 
[  7] Utilization = 1.00 | pJ/MACC =   22.795 | L5[WIO] M37 - L4[IO] Q4 P16 M8X - L3[] Q1 M8Y - L2[I] Q1 - L1[W] S3 R3 - L0[O] Q4 
[  3] Utilization = 1.00 | pJ/MACC =   22.899 | L5[WIO] M37 - L4[IO] Q16 P16 M8X - L3[] Q1 M8Y - L2[I] Q1 - L1[W] S3 R3 - L0[O] Q1 
[  6] STATEMENT: 400 suboptimal mappings found since the last upgrade, terminating search.
[  2] STATEMENT: 400 suboptimal mappings found since the last upgrade, terminating search.
[  7] STATEMENT: 400 suboptimal mappings found since the last upgrade, terminating search.
[  3] STATEMENT: 400 suboptimal mappings found since the last upgrade, terminating search.
