    _                _                      
   / \   ___ ___ ___| | ___ _ __ __ _ _   _ 
  / _ \ / __/ __/ _ \ |/ _ \ '__/ _` | | | |
 / ___ \ (_| (_|  __/ |  __/ | | (_| | |_| |
/_/   \_\___\___\___|_|\___|_|  \__, |\__, |
                                |___/ |___/ 

Info: generating outputs according to the following specified output flags... 
 Please use the -f flag to update the preference (default to all output files) 
{'ERT': 1, 'ERT_summary': 1, 'ART': 1, 'ART_summary': 1, 'energy_estimation': 1, 'flattened_arch': 1}
Warn: Cannot recognize the top key "mapper" in file ./fusion/dw_mapper/mapper.yaml 
Warn: Cannot recognize the top key "problem" in file ./fusion/DW1/prob/prob.yaml 
Warn: Cannot recognize the top key "architecture_constraints" in file ./fusion/DW1/constraints/constraints.yaml 
Info: Parsing file ./../../../../../accelerator/fusion/predictions/arch.yaml for architecture info 
Info: Parsing file ./../../../../../accelerator/fusion/predictions/components/smartbuffer_RF.yaml for compound_components info 
Info: Parsing file ./../../../../../accelerator/fusion/predictions/components/smartbuffer_SRAM.yaml for compound_components info 
Info: config file located: /home/mohamadol/.config/accelergy/accelergy_config.yaml 
config file content: 
 {'estimator_plug_ins': ['/home/mohamadol/.local/share/accelergy/estimation_plug_ins'], 'primitive_components': ['/home/mohamadol/.local/share/accelergy/primitive_component_libs'], 'table_plug_ins': {'roots': ['/home/mohamadol/.local/share/accelergy/estimation_plug_ins/accelergy-table-based-plug-ins/set_of_table_templates']}, 'version': 0.3}
Info: primitive component file parsed:  /home/mohamadol/.local/share/accelergy/primitive_component_libs/primitive_component.lib.yaml 
Info: primitive component file parsed:  /home/mohamadol/.local/share/accelergy/primitive_component_libs/pim_primitive_component.lib.yaml 
Info: primitive component file parsed:  /home/mohamadol/.local/share/accelergy/primitive_component_libs/gem5_primitives.lib.yaml 
Info: estimator plug-in identified by:  /home/mohamadol/.local/share/accelergy/estimation_plug_ins/accelergy-cacti-plug-in/cacti.estimator.yaml 
Info: estimator plug-in identified by:  /home/mohamadol/.local/share/accelergy/estimation_plug_ins/dummy_tables/dummy.estimator.yaml 
Info: estimator plug-in identified by:  /home/mohamadol/.local/share/accelergy/estimation_plug_ins/accelergy-aladdin-plug-in/aladdin.estimator.yaml 
Info: estimator plug-in identified by:  /home/mohamadol/.local/share/accelergy/estimation_plug_ins/accelergy-table-based-plug-ins/table.estimator.yaml 
table-based-plug-ins Identifies a set of tables named:  test_tables
Info: CACTI plug-in... Querying CACTI for request:
 {'class_name': 'SRAM', 'attributes': OrderedDict([('technology', '45nm'), ('width', 16), ('depth', 128), ('n_rdwr_ports', 2), ('n_banks', 1), ('n_rd_ports', 0), ('n_wr_ports', 0), ('latency', '5ns')]), 'action_name': 'write', 'arguments': {'data_delta': 0, 'address_delta': 0}}
Info: CACTI plug-in... Querying CACTI for request:
 {'class_name': 'SRAM', 'attributes': OrderedDict([('technology', '45nm'), ('width', 64), ('depth', 12800), ('n_rdwr_ports', 2), ('n_banks', 25), ('n_rd_ports', 0), ('n_wr_ports', 0), ('latency', '5ns')]), 'action_name': 'write', 'arguments': {'data_delta': 0, 'address_delta': 0}}
WARN: Cacti-plug-in... n_banks attribute is not a power of 2: 25
corrected "n_banks":  32
Warn: No action counts are specified as yaml input 
Info: flattened architecture is saved to: ./fusion/DW1/output/timeloop-mapper.flattened_architecture.yaml 
Info: energy reference table is saved to: ./fusion/DW1/output/timeloop-mapper.ERT.yaml 
Info: energy reference table summary is saved to: ./fusion/DW1/output/timeloop-mapper.ERT_summary.yaml 
Warn: no runtime energy estimations are generated... not generating energy_estimation.yaml 
Info: area reference table is saved to: ./fusion/DW1/output/timeloop-mapper.ART.yaml 
Info: area reference table summary is saved to: ./fusion/DW1/output/timeloop-mapper.ART_summary.yaml 
