[  7] Utilization = 0.17 | pJ/MACC =   30.912 | L5[WIO] Q16 M15 - L4[IO] M2 P16 M4X - L3[] Q1 S3Y - L2[I] Q1 - L1[W] R3 - L0[O] M4 
[  1] Utilization = 0.33 | pJ/MACC =   24.647 | L5[WIO] Q4 - L4[IO] M12 P16 Q4X - L3[] Q1 M2Y S3Y - L2[I] Q1 - L1[W] R3 - L0[O] M20 
[  5] Utilization = 0.25 | pJ/MACC =   26.620 | L5[WIO] Q8 M2 - L4[IO] M5 P16 M3X Q2X - L3[] Q1 S3Y - L2[I] Q1 - L1[W] R3 - L0[O] M16 
[  0] Utilization = 0.33 | pJ/MACC =   30.936 | L5[WIO] Q16 M15 - L4[IO] M2 P16 M4X - L3[] Q1 M2Y S3Y - L2[I] Q1 - L1[W] R3 - L0[O] M2 
[  7] Utilization = 0.33 | pJ/MACC =   26.171 | L5[WIO] Q4 - L4[IO] M120 P16 M2X Q4X - L3[] Q1 S3Y - L2[I] Q1 - L1[W] R3 - L0[O] M2 
[  1] Utilization = 0.33 | pJ/MACC =   24.591 | L5[WIO] Q2 M4 - L4[IO] M20 P16 Q8X - L3[] Q1 S3Y - L2[I] Q1 - L1[W] R3 - L0[O] M6 
[  2] Utilization = 0.33 | pJ/MACC =   26.622 | L5[WIO] Q8 M2 - L4[IO] M5 P16 M4X Q2X - L3[] Q1 S3Y - L2[I] Q1 - L1[W] R3 - L0[O] M12 
[  6] Utilization = 0.50 | pJ/MACC =   26.626 | L5[WIO] Q8 M2 - L4[IO] M5 P16 M3X Q2X - L3[] Q1 M2Y S3Y - L2[I] Q1 - L1[W] R3 - L0[O] M8 
[  0] Utilization = 0.67 | pJ/MACC =   26.218 | L5[WIO] Q4 - L4[IO] M120 P16 M2X Q4X - L3[] Q1 M2Y S3Y - L2[I] Q1 - L1[W] R3 - L0[O] Q1 
[  1] Utilization = 0.67 | pJ/MACC =   30.511 | L5[WIO] Q16 M2 - L4[IO] P16 M8X - L3[] Q1 M2Y S3Y - L2[I] Q1 - L1[W] R3 - L0[O] M15 
[  5] Utilization = 0.67 | pJ/MACC =   24.606 | L5[WIO] Q2 M16 - L4[IO] M5 P16 Q8X - L3[] Q1 M2Y S3Y - L2[I] Q1 - L1[W] R3 - L0[O] M3 
[  3] Utilization = 0.67 | pJ/MACC =   26.630 | L5[WIO] Q8 M2 - L4[IO] M5 P16 M4X Q2X - L3[] Q1 M2Y S3Y - L2[I] Q1 - L1[W] R3 - L0[O] M6 
[  2] Utilization = 0.67 | pJ/MACC =   24.606 | L5[WIO] Q2 M4 - L4[IO] M20 P16 Q8X - L3[] Q1 M2Y S3Y - L2[I] Q1 - L1[W] R3 - L0[O] M3 
[  6] Utilization = 1.00 | pJ/MACC =   24.622 | L5[WIO] Q2 M16 - L4[IO] M5 P16 Q8X - L3[] Q1 M3Y S3Y - L2[I] Q1 - L1[W] R3 - L0[O] M2 
[  4] Utilization = 1.00 | pJ/MACC =   26.638 | L5[WIO] Q8 M2 - L4[IO] M5 P16 M4X Q2X - L3[] Q1 M3Y S3Y - L2[I] Q1 - L1[W] R3 - L0[O] M4 
[  7] Utilization = 1.00 | pJ/MACC =   23.620 | L5[WIO] Q2 M2 - L4[IO] M5 P16 Q8X - L3[] Q1 M3Y S3Y - L2[I] Q1 - L1[W] R3 - L0[O] M16 
[  2] Utilization = 1.00 | pJ/MACC =   30.514 | L5[WIO] Q16 M2 - L4[IO] P16 M8X - L3[] Q1 M3Y S3Y - L2[I] Q1 - L1[W] R3 - L0[O] M10 
[  3] Utilization = 1.00 | pJ/MACC =   24.622 | L5[WIO] Q2 M4 - L4[IO] M20 P16 Q8X - L3[] Q1 M3Y S3Y - L2[I] Q1 - L1[W] R3 - L0[O] M2 
[  0] Utilization = 0.67 | pJ/MACC =   24.912 | L5[WIO] Q4 M3 - L4[IO] M10 P16 M2X Q4X - L3[] Q1 M2Y S3Y - L2[I] Q1 - L1[W] R3 - L0[O] M4 
[  1] Utilization = 0.67 | pJ/MACC =   24.825 | L5[WIO] Q4 M6 - L4[IO] M4 P16 M2X Q4X - L3[] Q1 M2Y S3Y - L2[I] Q1 - L1[W] R3 - L0[O] M5 
[  0] Utilization = 0.67 | pJ/MACC =   24.593 | L5[WIO] Q4 M4 - L4[IO] M2 P16 M2X Q4X - L3[] Q1 M2Y S3Y - L2[I] Q1 - L1[W] R3 - L0[O] M15 
[  1] Utilization = 1.00 | pJ/MACC =   24.596 | L5[WIO] Q4 M4 - L4[IO] M2 P16 M2X Q4X - L3[] Q1 M3Y S3Y - L2[I] Q1 - L1[W] R3 - L0[O] M10 
[  0] Utilization = 1.00 | pJ/MACC =   25.669 | L5[WIO] Q4 M2 - L4[IO] M40 P16 M2X Q4X - L3[] Q1 M3Y S3Y - L2[I] Q1 - L1[W] R3 - L0[O] Q1 
[  4] Utilization = 1.00 | pJ/MACC =   24.716 | L5[WIO] Q4 M16 - L4[IO] P16 M2X Q4X - L3[] Q1 M3Y S3Y - L2[I] Q1 - L1[W] R3 - L0[O] M5 
[  1] Utilization = 1.00 | pJ/MACC =   23.592 | L5[WIO] Q2 M4 - L4[IO] M2 P16 Q8X - L3[] Q1 M3Y S3Y - L2[I] Q1 - L1[W] R3 - L0[O] M20 
[  2] Utilization = 1.00 | pJ/MACC =   24.775 | L5[WIO] Q4 M2 - L4[IO] M10 P16 M2X Q4X - L3[] Q1 M3Y S3Y - L2[I] Q1 - L1[W] R3 - L0[O] M4 
[  3] Utilization = 1.00 | pJ/MACC =   23.935 | L5[WIO] Q2 M16 - L4[IO] M2 P16 Q8X - L3[] Q1 M3Y S3Y - L2[I] Q1 - L1[W] R3 - L0[O] M5 
[  2] Utilization = 1.00 | pJ/MACC =   24.622 | L5[WIO] Q2 M5 - L4[IO] M16 P16 Q8X - L3[] Q1 M3Y S3Y - L2[I] Q1 - L1[W] R3 - L0[O] M2 
[  5] Utilization = 1.00 | pJ/MACC =   23.706 | L5[WIO] Q2 M4 - L4[IO] M4 P16 Q8X - L3[] Q1 M3Y S3Y - L2[I] Q1 - L1[W] R3 - L0[O] M10 
[  0] Utilization = 1.00 | pJ/MACC =   23.935 | L5[WIO] Q2 M2 - L4[IO] M16 P16 Q8X - L3[] Q1 M3Y S3Y - L2[I] Q1 - L1[W] R3 - L0[O] M5 
[  2] Utilization = 1.00 | pJ/MACC =   23.763 | L5[WIO] Q2 M5 - L4[IO] M4 P16 Q8X - L3[] Q1 M3Y S3Y - L2[I] Q1 - L1[W] R3 - L0[O] M8 
[  4] Utilization = 1.00 | pJ/MACC =   24.537 | L5[WIO] Q4 - L4[IO] M4 P16 M2X Q4X - L3[] Q1 M3Y S3Y - L2[I] Q1 - L1[W] R3 - L0[O] M20 
[  4] Utilization = 1.00 | pJ/MACC =   24.050 | L5[WIO] Q2 M2 - L4[IO] M20 P16 Q8X - L3[] Q1 M3Y S3Y - L2[I] Q1 - L1[W] R3 - L0[O] M4 
[  5] Utilization = 1.00 | pJ/MACC =   23.620 | L5[WIO] Q2 M10 - L4[IO] P16 Q8X - L3[] Q1 M3Y S3Y - L2[I] Q1 - L1[W] R3 - L0[O] M16 
[  7] STATEMENT: 300 suboptimal mappings found since the last upgrade, terminating search.
[  4] Utilization = 1.00 | pJ/MACC =   22.926 | L5[WIO] Q16 - L4[IO] P16 M8X - L3[] Q1 M3Y S3Y - L2[I] Q1 - L1[W] R3 - L0[O] M20 
[  3] STATEMENT: 300 suboptimal mappings found since the last upgrade, terminating search.
[  6] Utilization = 1.00 | pJ/MACC =   23.592 | L5[WIO] Q2 M2 - L4[IO] M4 P16 Q8X - L3[] Q1 M3Y S3Y - L2[I] Q1 - L1[W] R3 - L0[O] M20 
[  1] STATEMENT: 300 suboptimal mappings found since the last upgrade, terminating search.
[  0] STATEMENT: 300 suboptimal mappings found since the last upgrade, terminating search.
[  2] STATEMENT: 300 suboptimal mappings found since the last upgrade, terminating search.
[  5] STATEMENT: 300 suboptimal mappings found since the last upgrade, terminating search.
[  6] STATEMENT: 300 suboptimal mappings found since the last upgrade, terminating search.
[  4] STATEMENT: 300 suboptimal mappings found since the last upgrade, terminating search.
